#
# There is insufficient memory for the Java Runtime Environment to continue.
# Native memory allocation (malloc) failed to allocate 1976320 bytes for Chunk::new
# Possible reasons:
#   The system is out of physical RAM or swap space
#   The process is running with CompressedOops enabled, and the Java Heap may be blocking the growth of the native heap
# Possible solutions:
#   Reduce memory load on the system
#   Increase physical memory or swap space
#   Check if swap backing store is full
#   Decrease Java heap size (-Xmx/-Xms)
#   Decrease number of Java threads
#   Decrease Java thread stack sizes (-Xss)
#   Set larger code cache with -XX:ReservedCodeCacheSize=
#   JVM is running with Unscaled Compressed Oops mode in which the Java heap is
#     placed in the first 4GB address space. The Java Heap base address is the
#     maximum limit for the native heap growth. Please use -XX:HeapBaseMinAddress
#     to set the Java Heap base and to place the Java Heap above 4GB virtual address.
# This output file may be truncated or incomplete.
#
#  Out of Memory Error (arena.cpp:189), pid=1784, tid=1940
#
# JRE version: OpenJDK Runtime Environment (17.0.6) (build 17.0.6+0-b2043.56-10027231)
# Java VM: OpenJDK 64-Bit Server VM (17.0.6+0-b2043.56-10027231, mixed mode, tiered, compressed oops, compressed class ptrs, g1 gc, windows-amd64)
# No core dump will be written. Minidumps are not enabled by default on client versions of Windows
#

---------------  S U M M A R Y ------------

Command Line: org.jetbrains.kotlin.cli.jvm.K2JVMCompiler @C:\Users\Thoriso Tumelo\AndroidStudioProjects\Mvula-Trust-Application\app\build\20231103_9772620156088504517.compiler.options

Host: Intel(R) Core(TM) i3-8100T CPU @ 3.10GHz, 4 cores, 7G,  Windows 10 , 64 bit Build 19041 (10.0.19041.3031)
Time: Fri Nov  3 17:53:11 2023 South Africa Standard Time elapsed time: 5.074700 seconds (0d 0h 0m 5s)

---------------  T H R E A D  ---------------

Current thread (0x000001ce79483d50):  JavaThread "C2 CompilerThread0" daemon [_thread_in_native, id=1940, stack(0x0000008045600000,0x0000008045700000)]


Current CompileTask:
C2:   5074 5028   !   4       jdk.internal.loader.BuiltinClassLoader::findClassOnClassPathOrNull (64 bytes)

Stack: [0x0000008045600000,0x0000008045700000]
Native frames: (J=compiled Java code, j=interpreted, Vv=VM code, C=native code)
V  [jvm.dll+0x683c9a]
V  [jvm.dll+0x8427a4]
V  [jvm.dll+0x843f9e]
V  [jvm.dll+0x844603]
V  [jvm.dll+0x249b75]
V  [jvm.dll+0xabcac]
V  [jvm.dll+0xac27c]
V  [jvm.dll+0x368857]
V  [jvm.dll+0x332f31]
V  [jvm.dll+0x3323da]
V  [jvm.dll+0x21c201]
V  [jvm.dll+0x21b621]
V  [jvm.dll+0x1a4fdd]
V  [jvm.dll+0x22b098]
V  [jvm.dll+0x229159]
V  [jvm.dll+0x7f81ec]
V  [jvm.dll+0x7f274a]
V  [jvm.dll+0x682ad5]
C  [ucrtbase.dll+0x21bb2]
C  [KERNEL32.DLL+0x17614]
C  [ntdll.dll+0x526f1]


---------------  P R O C E S S  ---------------

Threads class SMR info:
_java_thread_list=0x000001ce795e4ad0, length=13, elements={
0x000001ce6e3bfe70, 0x000001ce79408670, 0x000001ce79408ef0, 0x000001ce79457520,
0x000001ce79457ef0, 0x000001ce794709e0, 0x000001ce7946fb70, 0x000001ce79483d50,
0x000001ce7948e280, 0x000001ce7948e790, 0x000001ce7946f6a0, 0x000001ce79470eb0,
0x000001ce795f03b0
}

Java Threads: ( => current thread )
  0x000001ce6e3bfe70 JavaThread "main" [_thread_in_vm, id=11448, stack(0x0000008044900000,0x0000008044a00000)]
  0x000001ce79408670 JavaThread "Reference Handler" daemon [_thread_blocked, id=5676, stack(0x0000008045000000,0x0000008045100000)]
  0x000001ce79408ef0 JavaThread "Finalizer" daemon [_thread_blocked, id=8800, stack(0x0000008045100000,0x0000008045200000)]
  0x000001ce79457520 JavaThread "Signal Dispatcher" daemon [_thread_blocked, id=11656, stack(0x0000008045200000,0x0000008045300000)]
  0x000001ce79457ef0 JavaThread "Attach Listener" daemon [_thread_blocked, id=7688, stack(0x0000008045300000,0x0000008045400000)]
  0x000001ce794709e0 JavaThread "Service Thread" daemon [_thread_blocked, id=1736, stack(0x0000008045400000,0x0000008045500000)]
  0x000001ce7946fb70 JavaThread "Monitor Deflation Thread" daemon [_thread_blocked, id=5356, stack(0x0000008045500000,0x0000008045600000)]
=>0x000001ce79483d50 JavaThread "C2 CompilerThread0" daemon [_thread_in_native, id=1940, stack(0x0000008045600000,0x0000008045700000)]
  0x000001ce7948e280 JavaThread "C1 CompilerThread0" daemon [_thread_blocked, id=1324, stack(0x0000008045700000,0x0000008045800000)]
  0x000001ce7948e790 JavaThread "Sweeper thread" daemon [_thread_blocked, id=7360, stack(0x0000008045800000,0x0000008045900000)]
  0x000001ce7946f6a0 JavaThread "Notification Thread" daemon [_thread_blocked, id=1220, stack(0x0000008045900000,0x0000008045a00000)]
  0x000001ce79470eb0 JavaThread "Common-Cleaner" daemon [_thread_blocked, id=12180, stack(0x0000008045b00000,0x0000008045c00000)]
  0x000001ce795f03b0 JavaThread "C2 CompilerThread1" daemon [_thread_in_native, id=6428, stack(0x0000008045c00000,0x0000008045d00000)]

Other Threads:
  0x000001ce7886e950 VMThread "VM Thread" [stack: 0x0000008044f00000,0x0000008045000000] [id=8284]
  0x000001ce6e479f90 WatcherThread [stack: 0x0000008045a00000,0x0000008045b00000] [id=11140]
  0x000001ce6e41d190 GCTaskThread "GC Thread#0" [stack: 0x0000008044a00000,0x0000008044b00000] [id=8756]
  0x000001ce79ae3b20 GCTaskThread "GC Thread#1" [stack: 0x0000008045d00000,0x0000008045e00000] [id=10484]
  0x000001ce79ac9bf0 GCTaskThread "GC Thread#2" [stack: 0x0000008045e00000,0x0000008045f00000] [id=1924]
  0x000001ce79b02ad0 GCTaskThread "GC Thread#3" [stack: 0x0000008045f00000,0x0000008046000000] [id=7352]
  0x000001ce6e46c7b0 ConcurrentGCThread "G1 Main Marker" [stack: 0x0000008044b00000,0x0000008044c00000] [id=8804]
  0x000001ce6e46d0c0 ConcurrentGCThread "G1 Conc#0" [stack: 0x0000008044c00000,0x0000008044d00000] [id=5916]
  0x000001ce6e48ea20 ConcurrentGCThread "G1 Refine#0" [stack: 0x0000008044d00000,0x0000008044e00000] [id=3224]
  0x000001ce7dec4dc0 ConcurrentGCThread "G1 Refine#1" [stack: 0x0000008046000000,0x0000008046100000] [id=6284]
  0x000001ce7dec50a0 ConcurrentGCThread "G1 Refine#2" [stack: 0x0000008046100000,0x0000008046200000] [id=5272]
  0x000001ce786c8150 ConcurrentGCThread "G1 Service" [stack: 0x0000008044e00000,0x0000008044f00000] [id=10000]

Threads with active compile tasks:
C2 CompilerThread0     5112 5028   !   4       jdk.internal.loader.BuiltinClassLoader::findClassOnClassPathOrNull (64 bytes)
C2 CompilerThread1     5112 5109       4       jdk.internal.loader.URLClassPath::getResource (74 bytes)

VM state: not at safepoint (normal execution)

VM Mutex/Monitor currently owned by a thread: None

Heap address: 0x0000000082600000, size: 2010 MB, Compressed Oops mode: 32-bit

CDS archive(s) not mapped
Compressed class space mapped at: 0x0000000100000000-0x0000000140000000, reserved size: 1073741824
Narrow klass base: 0x0000000000000000, Narrow klass shift: 3, Narrow klass range: 0x140000000

GC Precious Log:
 CPUs: 4 total, 4 available
 Memory: 8035M
 Large Page Support: Disabled
 NUMA Support: Disabled
 Compressed Oops: Enabled (32-bit)
 Heap Region Size: 1M
 Heap Min Capacity: 8M
 Heap Initial Capacity: 126M
 Heap Max Capacity: 2010M
 Pre-touch: Disabled
 Parallel Workers: 4
 Concurrent Workers: 1
 Concurrent Refinement Workers: 4
 Periodic GC: Disabled

Heap:
 garbage-first heap   total 88064K, used 46080K [0x0000000082600000, 0x0000000100000000)
  region size 1024K, 9 young (9216K), 4 survivors (4096K)
 Metaspace       used 54900K, committed 55168K, reserved 1097728K
  class space    used 6529K, committed 6656K, reserved 1048576K

Heap Regions: E=young(eden), S=young(survivor), O=old, HS=humongous(starts), HC=humongous(continues), CS=collection set, F=free, OA=open archive, CA=closed archive, TAMS=top-at-mark-start (previous, next)
|   0|0x0000000082600000, 0x0000000082700000, 0x0000000082700000|100%|HS|  |TAMS 0x0000000082700000, 0x0000000082600000| Complete 
|   1|0x0000000082700000, 0x0000000082800000, 0x0000000082800000|100%|HC|  |TAMS 0x0000000082800000, 0x0000000082700000| Complete 
|   2|0x0000000082800000, 0x0000000082900000, 0x0000000082900000|100%|HC|  |TAMS 0x0000000082900000, 0x0000000082800000| Complete 
|   3|0x0000000082900000, 0x0000000082a00000, 0x0000000082a00000|100%|HC|  |TAMS 0x0000000082a00000, 0x0000000082900000| Complete 
|   4|0x0000000082a00000, 0x0000000082b00000, 0x0000000082b00000|100%| O|  |TAMS 0x0000000082b00000, 0x0000000082a00000| Untracked 
|   5|0x0000000082b00000, 0x0000000082c00000, 0x0000000082c00000|100%| O|  |TAMS 0x0000000082c00000, 0x0000000082b00000| Untracked 
|   6|0x0000000082c00000, 0x0000000082d00000, 0x0000000082d00000|100%| O|  |TAMS 0x0000000082d00000, 0x0000000082c00000| Untracked 
|   7|0x0000000082d00000, 0x0000000082e00000, 0x0000000082e00000|100%|HS|  |TAMS 0x0000000082e00000, 0x0000000082d00000| Complete 
|   8|0x0000000082e00000, 0x0000000082f00000, 0x0000000082f00000|100%|HC|  |TAMS 0x0000000082f00000, 0x0000000082e00000| Complete 
|   9|0x0000000082f00000, 0x0000000083000000, 0x0000000083000000|100%|HC|  |TAMS 0x0000000083000000, 0x0000000082f00000| Complete 
|  10|0x0000000083000000, 0x0000000083100000, 0x0000000083100000|100%|HC|  |TAMS 0x0000000083100000, 0x0000000083000000| Complete 
|  11|0x0000000083100000, 0x0000000083200000, 0x0000000083200000|100%| O|  |TAMS 0x0000000083200000, 0x0000000083100000| Untracked 
|  12|0x0000000083200000, 0x0000000083300000, 0x0000000083300000|100%| O|  |TAMS 0x0000000083300000, 0x0000000083200000| Untracked 
|  13|0x0000000083300000, 0x0000000083400000, 0x0000000083400000|100%| O|  |TAMS 0x0000000083400000, 0x0000000083300000| Untracked 
|  14|0x0000000083400000, 0x0000000083500000, 0x0000000083500000|100%| O|  |TAMS 0x0000000083500000, 0x0000000083400000| Untracked 
|  15|0x0000000083500000, 0x0000000083600000, 0x0000000083600000|100%| O|  |TAMS 0x0000000083600000, 0x0000000083500000| Untracked 
|  16|0x0000000083600000, 0x0000000083700000, 0x0000000083700000|100%| O|  |TAMS 0x0000000083700000, 0x0000000083600000| Untracked 
|  17|0x0000000083700000, 0x0000000083800000, 0x0000000083800000|100%| O|  |TAMS 0x0000000083800000, 0x0000000083700000| Untracked 
|  18|0x0000000083800000, 0x0000000083900000, 0x0000000083900000|100%| O|  |TAMS 0x0000000083900000, 0x0000000083800000| Untracked 
|  19|0x0000000083900000, 0x0000000083a00000, 0x0000000083a00000|100%| O|  |TAMS 0x0000000083a00000, 0x0000000083900000| Untracked 
|  20|0x0000000083a00000, 0x0000000083b00000, 0x0000000083b00000|100%| O|  |TAMS 0x0000000083b00000, 0x0000000083a00000| Untracked 
|  21|0x0000000083b00000, 0x0000000083c00000, 0x0000000083c00000|100%| O|  |TAMS 0x0000000083c00000, 0x0000000083b00000| Untracked 
|  22|0x0000000083c00000, 0x0000000083d00000, 0x0000000083d00000|100%| O|  |TAMS 0x0000000083d00000, 0x0000000083c00000| Untracked 
|  23|0x0000000083d00000, 0x0000000083e00000, 0x0000000083e00000|100%| O|  |TAMS 0x0000000083e00000, 0x0000000083d00000| Untracked 
|  24|0x0000000083e00000, 0x0000000083f00000, 0x0000000083f00000|100%| O|  |TAMS 0x0000000083f00000, 0x0000000083e00000| Untracked 
|  25|0x0000000083f00000, 0x0000000084000000, 0x0000000084000000|100%| O|  |TAMS 0x0000000084000000, 0x0000000083f00000| Untracked 
|  26|0x0000000084000000, 0x0000000084100000, 0x0000000084100000|100%|HS|  |TAMS 0x0000000084100000, 0x0000000084000000| Complete 
|  27|0x0000000084100000, 0x0000000084200000, 0x0000000084200000|100%|HC|  |TAMS 0x0000000084200000, 0x0000000084100000| Complete 
|  28|0x0000000084200000, 0x0000000084300000, 0x0000000084300000|100%| O|  |TAMS 0x0000000084200000, 0x0000000084200000| Untracked 
|  29|0x0000000084300000, 0x0000000084400000, 0x0000000084400000|100%| O|  |TAMS 0x0000000084400000, 0x0000000084300000| Untracked 
|  30|0x0000000084400000, 0x0000000084500000, 0x0000000084500000|100%| O|  |TAMS 0x0000000084500000, 0x0000000084400000| Untracked 
|  31|0x0000000084500000, 0x0000000084600000, 0x0000000084600000|100%| O|  |TAMS 0x0000000084600000, 0x0000000084500000| Untracked 
|  32|0x0000000084600000, 0x0000000084700000, 0x0000000084700000|100%| O|  |TAMS 0x0000000084694600, 0x0000000084600000| Untracked 
|  33|0x0000000084700000, 0x0000000084800000, 0x0000000084800000|100%| O|  |TAMS 0x0000000084700000, 0x0000000084700000| Untracked 
|  34|0x0000000084800000, 0x0000000084900000, 0x0000000084900000|100%| O|  |TAMS 0x0000000084800000, 0x0000000084800000| Untracked 
|  35|0x0000000084900000, 0x0000000084a00000, 0x0000000084a00000|100%| O|  |TAMS 0x0000000084900000, 0x0000000084900000| Untracked 
|  36|0x0000000084a00000, 0x0000000084b00000, 0x0000000084b00000|100%| O|  |TAMS 0x0000000084a00000, 0x0000000084a00000| Untracked 
|  37|0x0000000084b00000, 0x0000000084b00000, 0x0000000084c00000|  0%| F|  |TAMS 0x0000000084b00000, 0x0000000084b00000| Untracked 
|  38|0x0000000084c00000, 0x0000000084c00000, 0x0000000084d00000|  0%| F|  |TAMS 0x0000000084c00000, 0x0000000084c00000| Untracked 
|  39|0x0000000084d00000, 0x0000000084d00000, 0x0000000084e00000|  0%| F|  |TAMS 0x0000000084d00000, 0x0000000084d00000| Untracked 
|  40|0x0000000084e00000, 0x0000000084e00000, 0x0000000084f00000|  0%| F|  |TAMS 0x0000000084e00000, 0x0000000084e00000| Untracked 
|  41|0x0000000084f00000, 0x0000000084f00000, 0x0000000085000000|  0%| F|  |TAMS 0x0000000084f00000, 0x0000000084f00000| Untracked 
|  42|0x0000000085000000, 0x0000000085000000, 0x0000000085100000|  0%| F|  |TAMS 0x0000000085000000, 0x0000000085000000| Untracked 
|  43|0x0000000085100000, 0x0000000085100000, 0x0000000085200000|  0%| F|  |TAMS 0x0000000085100000, 0x0000000085100000| Untracked 
|  44|0x0000000085200000, 0x0000000085200000, 0x0000000085300000|  0%| F|  |TAMS 0x0000000085200000, 0x0000000085200000| Untracked 
|  45|0x0000000085300000, 0x0000000085300000, 0x0000000085400000|  0%| F|  |TAMS 0x0000000085300000, 0x0000000085300000| Untracked 
|  46|0x0000000085400000, 0x0000000085400000, 0x0000000085500000|  0%| F|  |TAMS 0x0000000085400000, 0x0000000085400000| Untracked 
|  47|0x0000000085500000, 0x0000000085500000, 0x0000000085600000|  0%| F|  |TAMS 0x0000000085500000, 0x0000000085500000| Untracked 
|  48|0x0000000085600000, 0x0000000085600000, 0x0000000085700000|  0%| F|  |TAMS 0x0000000085600000, 0x0000000085600000| Untracked 
|  49|0x0000000085700000, 0x0000000085700000, 0x0000000085800000|  0%| F|  |TAMS 0x0000000085700000, 0x0000000085700000| Untracked 
|  50|0x0000000085800000, 0x0000000085800000, 0x0000000085900000|  0%| F|  |TAMS 0x0000000085800000, 0x0000000085800000| Untracked 
|  51|0x0000000085900000, 0x0000000085900000, 0x0000000085a00000|  0%| F|  |TAMS 0x0000000085900000, 0x0000000085900000| Untracked 
|  52|0x0000000085a00000, 0x0000000085a00000, 0x0000000085b00000|  0%| F|  |TAMS 0x0000000085a00000, 0x0000000085a00000| Untracked 
|  53|0x0000000085b00000, 0x0000000085b00000, 0x0000000085c00000|  0%| F|  |TAMS 0x0000000085b00000, 0x0000000085b00000| Untracked 
|  54|0x0000000085c00000, 0x0000000085d00000, 0x0000000085d00000|100%| S|CS|TAMS 0x0000000085c00000, 0x0000000085c00000| Complete 
|  55|0x0000000085d00000, 0x0000000085e00000, 0x0000000085e00000|100%| S|CS|TAMS 0x0000000085d00000, 0x0000000085d00000| Complete 
|  56|0x0000000085e00000, 0x0000000085f00000, 0x0000000085f00000|100%| S|CS|TAMS 0x0000000085e00000, 0x0000000085e00000| Complete 
|  57|0x0000000085f00000, 0x0000000086000000, 0x0000000086000000|100%| S|CS|TAMS 0x0000000085f00000, 0x0000000085f00000| Complete 
|  58|0x0000000086000000, 0x0000000086000000, 0x0000000086100000|  0%| F|  |TAMS 0x0000000086000000, 0x0000000086000000| Untracked 
|  59|0x0000000086100000, 0x0000000086100000, 0x0000000086200000|  0%| F|  |TAMS 0x0000000086100000, 0x0000000086100000| Untracked 
|  60|0x0000000086200000, 0x0000000086200000, 0x0000000086300000|  0%| F|  |TAMS 0x0000000086200000, 0x0000000086200000| Untracked 
|  61|0x0000000086300000, 0x0000000086300000, 0x0000000086400000|  0%| F|  |TAMS 0x0000000086300000, 0x0000000086300000| Untracked 
|  62|0x0000000086400000, 0x0000000086400000, 0x0000000086500000|  0%| F|  |TAMS 0x0000000086400000, 0x0000000086400000| Untracked 
|  63|0x0000000086500000, 0x0000000086500000, 0x0000000086600000|  0%| F|  |TAMS 0x0000000086500000, 0x0000000086500000| Untracked 
|  64|0x0000000086600000, 0x0000000086600000, 0x0000000086700000|  0%| F|  |TAMS 0x0000000086600000, 0x0000000086600000| Untracked 
|  65|0x0000000086700000, 0x0000000086700000, 0x0000000086800000|  0%| F|  |TAMS 0x0000000086700000, 0x0000000086700000| Untracked 
|  66|0x0000000086800000, 0x0000000086800000, 0x0000000086900000|  0%| F|  |TAMS 0x0000000086800000, 0x0000000086800000| Untracked 
|  67|0x0000000086900000, 0x0000000086900000, 0x0000000086a00000|  0%| F|  |TAMS 0x0000000086900000, 0x0000000086900000| Untracked 
|  68|0x0000000086a00000, 0x0000000086a00000, 0x0000000086b00000|  0%| F|  |TAMS 0x0000000086a00000, 0x0000000086a00000| Untracked 
|  69|0x0000000086b00000, 0x0000000086b00000, 0x0000000086c00000|  0%| F|  |TAMS 0x0000000086b00000, 0x0000000086b00000| Untracked 
|  70|0x0000000086c00000, 0x0000000086c00000, 0x0000000086d00000|  0%| F|  |TAMS 0x0000000086c00000, 0x0000000086c00000| Untracked 
|  71|0x0000000086d00000, 0x0000000086d00000, 0x0000000086e00000|  0%| F|  |TAMS 0x0000000086d00000, 0x0000000086d00000| Untracked 
|  72|0x0000000086e00000, 0x0000000086e00000, 0x0000000086f00000|  0%| F|  |TAMS 0x0000000086e00000, 0x0000000086e00000| Untracked 
|  73|0x0000000086f00000, 0x0000000086f00000, 0x0000000087000000|  0%| F|  |TAMS 0x0000000086f00000, 0x0000000086f00000| Untracked 
|  74|0x0000000087000000, 0x0000000087000000, 0x0000000087100000|  0%| F|  |TAMS 0x0000000087000000, 0x0000000087000000| Untracked 
|  75|0x0000000087100000, 0x0000000087100000, 0x0000000087200000|  0%| F|  |TAMS 0x0000000087100000, 0x0000000087100000| Untracked 
|  76|0x0000000087200000, 0x0000000087200000, 0x0000000087300000|  0%| F|  |TAMS 0x0000000087200000, 0x0000000087200000| Untracked 
|  77|0x0000000087300000, 0x0000000087300000, 0x0000000087400000|  0%| F|  |TAMS 0x0000000087300000, 0x0000000087300000| Untracked 
|  78|0x0000000087400000, 0x0000000087400000, 0x0000000087500000|  0%| F|  |TAMS 0x0000000087400000, 0x0000000087400000| Untracked 
|  79|0x0000000087500000, 0x0000000087500000, 0x0000000087600000|  0%| F|  |TAMS 0x0000000087500000, 0x0000000087500000| Untracked 
|  93|0x0000000088300000, 0x0000000088300000, 0x0000000088400000|  0%| F|  |TAMS 0x0000000088300000, 0x0000000088300000| Untracked 
|  94|0x0000000088400000, 0x0000000088500000, 0x0000000088500000|100%| E|  |TAMS 0x0000000088400000, 0x0000000088400000| Complete 
|  95|0x0000000088500000, 0x0000000088600000, 0x0000000088600000|100%| E|CS|TAMS 0x0000000088500000, 0x0000000088500000| Complete 
|  96|0x0000000088600000, 0x0000000088700000, 0x0000000088700000|100%| E|CS|TAMS 0x0000000088600000, 0x0000000088600000| Complete 
|  97|0x0000000088700000, 0x0000000088800000, 0x0000000088800000|100%| E|CS|TAMS 0x0000000088700000, 0x0000000088700000| Complete 
| 125|0x000000008a300000, 0x000000008a400000, 0x000000008a400000|100%| E|CS|TAMS 0x000000008a300000, 0x000000008a300000| Complete 

Card table byte_map: [0x000001ce71c80000,0x000001ce72070000] _byte_map_base: 0x000001ce7186d000

Marking Bits (Prev, Next): (CMBitMap*) 0x000001ce6e41d6e0, (CMBitMap*) 0x000001ce6e41d6a0
 Prev Bits: [0x000001ce743d0000, 0x000001ce76338000)
 Next Bits: [0x000001ce72460000, 0x000001ce743c8000)

Polling page: 0x000001ce6c210000

Metaspace:

Usage:
  Non-class:     47.25 MB used.
      Class:      6.38 MB used.
       Both:     53.63 MB used.

Virtual space:
  Non-class space:       48.00 MB reserved,      47.44 MB ( 99%) committed,  6 nodes.
      Class space:        1.00 GB reserved,       6.50 MB ( <1%) committed,  1 nodes.
             Both:        1.05 GB reserved,      53.94 MB (  5%) committed. 

Chunk freelists:
   Non-Class:  112.00 KB
       Class:  1.44 MB
        Both:  1.55 MB

MaxMetaspaceSize: unlimited
CompressedClassSpaceSize: 1.00 GB
Initial GC threshold: 21.00 MB
Current GC threshold: 81.81 MB
CDS: off
MetaspaceReclaimPolicy: balanced
 - commit_granule_bytes: 65536.
 - commit_granule_words: 8192.
 - virtual_space_node_default_size: 1048576.
 - enlarge_chunks_in_place: 1.
 - new_chunks_are_fully_committed: 0.
 - uncommit_free_chunks: 1.
 - use_allocation_guard: 0.
 - handle_deallocations: 1.


Internal statistics:

num_allocs_failed_limit: 6.
num_arena_births: 250.
num_arena_deaths: 0.
num_vsnodes_births: 7.
num_vsnodes_deaths: 0.
num_space_committed: 861.
num_space_uncommitted: 0.
num_chunks_returned_to_freelist: 6.
num_chunks_taken_from_freelist: 1862.
num_chunk_merges: 6.
num_chunk_splits: 1500.
num_chunks_enlarged: 1312.
num_purges: 0.
num_inconsistent_stats: 0.

CodeHeap 'non-profiled nmethods': size=120000Kb used=2570Kb max_used=2570Kb free=117429Kb
 bounds [0x000001ce07ad0000, 0x000001ce07d60000, 0x000001ce0f000000]
CodeHeap 'profiled nmethods': size=120000Kb used=10358Kb max_used=10358Kb free=109641Kb
 bounds [0x000001ce00000000, 0x000001ce00a20000, 0x000001ce07530000]
CodeHeap 'non-nmethods': size=5760Kb used=1288Kb max_used=1363Kb free=4471Kb
 bounds [0x000001ce07530000, 0x000001ce077a0000, 0x000001ce07ad0000]
 total_blobs=5692 nmethods=5084 adapters=520
 compilation: enabled
              stopped_count=0, restarted_count=0
 full_count=0

Compilation events (20 events):
Event: 5.002 Thread 0x000001ce7948e280 5091       3       java.util.ImmutableCollections$Set12::<init> (53 bytes)
Event: 5.003 Thread 0x000001ce7948e280 nmethod 5091 0x000001ce00a0c390 code [0x000001ce00a0c640, 0x000001ce00a0d2e8]
Event: 5.016 Thread 0x000001ce795f03b0 nmethod 5052 0x000001ce07d4ad90 code [0x000001ce07d4afa0, 0x000001ce07d4be50]
Event: 5.017 Thread 0x000001ce795f03b0 5044       4       org.jetbrains.kotlin.parsing.KotlinExpressionParsing::parseBinaryExpression (70 bytes)
Event: 5.067 Thread 0x000001ce7948e280 5092       3       java.lang.Enum::equals (11 bytes)
Event: 5.067 Thread 0x000001ce7948e280 nmethod 5092 0x000001ce00a0d710 code [0x000001ce00a0d8a0, 0x000001ce00a0da18]
Event: 5.068 Thread 0x000001ce7948e280 5093       3       java.lang.invoke.MethodHandles$Lookup::findBoundCallerLookup (30 bytes)
Event: 5.069 Thread 0x000001ce7948e280 nmethod 5093 0x000001ce00a0da90 code [0x000001ce00a0dca0, 0x000001ce00a0e458]
Event: 5.069 Thread 0x000001ce7948e280 5096       3       java.lang.invoke.TypeConvertingMethodAdapter::cast (42 bytes)
Event: 5.069 Thread 0x000001ce7948e280 nmethod 5096 0x000001ce00a0e710 code [0x000001ce00a0e900, 0x000001ce00a0ed68]
Event: 5.069 Thread 0x000001ce7948e280 5094       3       java.lang.invoke.MethodHandles$Lookup::getDirectMethodCommon (280 bytes)
Event: 5.070 Thread 0x000001ce7948e280 nmethod 5094 0x000001ce00a0ef10 code [0x000001ce00a0f220, 0x000001ce00a10298]
Event: 5.070 Thread 0x000001ce7948e280 5095       1       java.lang.invoke.MethodHandle::internalForm (5 bytes)
Event: 5.070 Thread 0x000001ce7948e280 nmethod 5095 0x000001ce07d4c610 code [0x000001ce07d4c7a0, 0x000001ce07d4c878]
Event: 5.070 Thread 0x000001ce7948e280 5097       1       java.lang.invoke.MethodHandleImpl$IntrinsicMethodHandle::getTarget (5 bytes)
Event: 5.070 Thread 0x000001ce7948e280 nmethod 5097 0x000001ce07d4c910 code [0x000001ce07d4caa0, 0x000001ce07d4cb78]
Event: 5.070 Thread 0x000001ce7948e280 5098       3       java.lang.invoke.BoundMethodHandle::<init> (32 bytes)
Event: 5.070 Thread 0x000001ce7948e280 nmethod 5098 0x000001ce00a10890 code [0x000001ce00a10a40, 0x000001ce00a10ba8]
Event: 5.072 Thread 0x000001ce7948e280 5099       3       java.lang.Byte::hashCode (8 bytes)
Event: 5.073 Thread 0x000001ce7948e280 nmethod 5099 0x000001ce00a10c90 code [0x000001ce00a10e20, 0x000001ce00a10f78]

GC Heap History (20 events):
Event: 1.204 GC heap before
{Heap before GC invocations=2 (full 0):
 garbage-first heap   total 129024K, used 33585K [0x0000000082600000, 0x0000000100000000)
  region size 1024K, 28 young (28672K), 2 survivors (2048K)
 Metaspace       used 21300K, committed 21504K, reserved 1073152K
  class space    used 2323K, committed 2432K, reserved 1048576K
}
Event: 1.209 GC heap after
{Heap after GC invocations=3 (full 0):
 garbage-first heap   total 129024K, used 10458K [0x0000000082600000, 0x0000000100000000)
  region size 1024K, 5 young (5120K), 5 survivors (5120K)
 Metaspace       used 21300K, committed 21504K, reserved 1073152K
  class space    used 2323K, committed 2432K, reserved 1048576K
}
Event: 1.609 GC heap before
{Heap before GC invocations=4 (full 0):
 garbage-first heap   total 45056K, used 36058K [0x0000000082600000, 0x0000000100000000)
  region size 1024K, 26 young (26624K), 5 survivors (5120K)
 Metaspace       used 27632K, committed 27840K, reserved 1081344K
  class space    used 3045K, committed 3136K, reserved 1048576K
}
Event: 1.617 GC heap after
{Heap after GC invocations=5 (full 0):
 garbage-first heap   total 45056K, used 16662K [0x0000000082600000, 0x0000000100000000)
  region size 1024K, 3 young (3072K), 3 survivors (3072K)
 Metaspace       used 27632K, committed 27840K, reserved 1081344K
  class space    used 3045K, committed 3136K, reserved 1048576K
}
Event: 1.632 GC heap before
{Heap before GC invocations=5 (full 0):
 garbage-first heap   total 45056K, used 17686K [0x0000000082600000, 0x0000000100000000)
  region size 1024K, 4 young (4096K), 3 survivors (3072K)
 Metaspace       used 27870K, committed 28096K, reserved 1081344K
  class space    used 3074K, committed 3200K, reserved 1048576K
}
Event: 1.635 GC heap after
{Heap after GC invocations=6 (full 0):
 garbage-first heap   total 45056K, used 16830K [0x0000000082600000, 0x0000000100000000)
  region size 1024K, 1 young (1024K), 1 survivors (1024K)
 Metaspace       used 27870K, committed 28096K, reserved 1081344K
  class space    used 3074K, committed 3200K, reserved 1048576K
}
Event: 1.952 GC heap before
{Heap before GC invocations=6 (full 0):
 garbage-first heap   total 45056K, used 34238K [0x0000000082600000, 0x0000000100000000)
  region size 1024K, 17 young (17408K), 1 survivors (1024K)
 Metaspace       used 31042K, committed 31296K, reserved 1081344K
  class space    used 3770K, committed 3904K, reserved 1048576K
}
Event: 1.956 GC heap after
{Heap after GC invocations=7 (full 0):
 garbage-first heap   total 72704K, used 21719K [0x0000000082600000, 0x0000000100000000)
  region size 1024K, 3 young (3072K), 3 survivors (3072K)
 Metaspace       used 31042K, committed 31296K, reserved 1081344K
  class space    used 3770K, committed 3904K, reserved 1048576K
}
Event: 2.342 GC heap before
{Heap before GC invocations=7 (full 0):
 garbage-first heap   total 72704K, used 42199K [0x0000000082600000, 0x0000000100000000)
  region size 1024K, 24 young (24576K), 3 survivors (3072K)
 Metaspace       used 35785K, committed 35968K, reserved 1081344K
  class space    used 4500K, committed 4608K, reserved 1048576K
}
Event: 2.350 GC heap after
{Heap after GC invocations=8 (full 0):
 garbage-first heap   total 72704K, used 24675K [0x0000000082600000, 0x0000000100000000)
  region size 1024K, 3 young (3072K), 3 survivors (3072K)
 Metaspace       used 35785K, committed 35968K, reserved 1081344K
  class space    used 4500K, committed 4608K, reserved 1048576K
}
Event: 2.734 GC heap before
{Heap before GC invocations=9 (full 0):
 garbage-first heap   total 72704K, used 51299K [0x0000000082600000, 0x0000000100000000)
  region size 1024K, 29 young (29696K), 3 survivors (3072K)
 Metaspace       used 40881K, committed 41152K, reserved 1089536K
  class space    used 5001K, committed 5120K, reserved 1048576K
}
Event: 2.743 GC heap after
{Heap after GC invocations=10 (full 0):
 garbage-first heap   total 72704K, used 26106K [0x0000000082600000, 0x0000000100000000)
  region size 1024K, 4 young (4096K), 4 survivors (4096K)
 Metaspace       used 40881K, committed 41152K, reserved 1089536K
  class space    used 5001K, committed 5120K, reserved 1048576K
}
Event: 3.295 GC heap before
{Heap before GC invocations=10 (full 0):
 garbage-first heap   total 72704K, used 52730K [0x0000000082600000, 0x0000000100000000)
  region size 1024K, 30 young (30720K), 4 survivors (4096K)
 Metaspace       used 47235K, committed 47424K, reserved 1097728K
  class space    used 5709K, committed 5824K, reserved 1048576K
}
Event: 3.303 GC heap after
{Heap after GC invocations=11 (full 0):
 garbage-first heap   total 72704K, used 29076K [0x0000000082600000, 0x0000000100000000)
  region size 1024K, 3 young (3072K), 3 survivors (3072K)
 Metaspace       used 47235K, committed 47424K, reserved 1097728K
  class space    used 5709K, committed 5824K, reserved 1048576K
}
Event: 3.601 GC heap before
{Heap before GC invocations=11 (full 0):
 garbage-first heap   total 72704K, used 55700K [0x0000000082600000, 0x0000000100000000)
  region size 1024K, 27 young (27648K), 3 survivors (3072K)
 Metaspace       used 49276K, committed 49536K, reserved 1097728K
  class space    used 5915K, committed 6016K, reserved 1048576K
}
Event: 3.611 GC heap after
{Heap after GC invocations=12 (full 0):
 garbage-first heap   total 72704K, used 36433K [0x0000000082600000, 0x0000000100000000)
  region size 1024K, 4 young (4096K), 4 survivors (4096K)
 Metaspace       used 49276K, committed 49536K, reserved 1097728K
  class space    used 5915K, committed 6016K, reserved 1048576K
}
Event: 3.743 GC heap before
{Heap before GC invocations=12 (full 0):
 garbage-first heap   total 72704K, used 54865K [0x0000000082600000, 0x0000000100000000)
  region size 1024K, 22 young (22528K), 4 survivors (4096K)
 Metaspace       used 50008K, committed 50176K, reserved 1097728K
  class space    used 6000K, committed 6080K, reserved 1048576K
}
Event: 3.749 GC heap after
{Heap after GC invocations=13 (full 0):
 garbage-first heap   total 88064K, used 36931K [0x0000000082600000, 0x0000000100000000)
  region size 1024K, 2 young (2048K), 2 survivors (2048K)
 Metaspace       used 50008K, committed 50176K, reserved 1097728K
  class space    used 6000K, committed 6080K, reserved 1048576K
}
Event: 4.950 GC heap before
{Heap before GC invocations=14 (full 0):
 garbage-first heap   total 88064K, used 65603K [0x0000000082600000, 0x0000000100000000)
  region size 1024K, 30 young (30720K), 2 survivors (2048K)
 Metaspace       used 53292K, committed 53632K, reserved 1097728K
  class space    used 6306K, committed 6464K, reserved 1048576K
}
Event: 4.964 GC heap after
{Heap after GC invocations=15 (full 0):
 garbage-first heap   total 88064K, used 41984K [0x0000000082600000, 0x0000000100000000)
  region size 1024K, 4 young (4096K), 4 survivors (4096K)
 Metaspace       used 53292K, committed 53632K, reserved 1097728K
  class space    used 6306K, committed 6464K, reserved 1048576K
}

Dll operation events (2 events):
Event: 0.007 Loaded shared library E:\Android studio 2022.1.3\jbr\bin\java.dll
Event: 1.040 Loaded shared library E:\Android studio 2022.1.3\jbr\bin\verify.dll

Deoptimization events (20 events):
Event: 4.715 Thread 0x000001ce6e3bfe70 Uncommon trap: trap_request=0xffffffde fr.pc=0x000001ce07cf528c relative=0x000000000000132c
Event: 4.715 Thread 0x000001ce6e3bfe70 Uncommon trap: reason=class_check action=maybe_recompile pc=0x000001ce07cf528c method=org.jetbrains.kotlin.lexer._JetLexer.advance()Lorg/jetbrains/kotlin/com/intellij/psi/tree/IElementType; @ 2060 c2
Event: 4.715 Thread 0x000001ce6e3bfe70 DEOPT PACKING pc=0x000001ce07cf528c sp=0x00000080449fd110
Event: 4.715 Thread 0x000001ce6e3bfe70 DEOPT UNPACKING pc=0x000001ce075869a3 sp=0x00000080449fd0a0 mode 2
Event: 4.751 Thread 0x000001ce6e3bfe70 Uncommon trap: trap_request=0xffffffde fr.pc=0x000001ce07d27098 relative=0x0000000000000238
Event: 4.751 Thread 0x000001ce6e3bfe70 Uncommon trap: reason=class_check action=maybe_recompile pc=0x000001ce07d27098 method=org.jetbrains.kotlin.com.intellij.psi.impl.source.tree.CompositeElement.walkCachingLength()I @ 17 c2
Event: 4.751 Thread 0x000001ce6e3bfe70 DEOPT PACKING pc=0x000001ce07d27098 sp=0x00000080449fd4d0
Event: 4.751 Thread 0x000001ce6e3bfe70 DEOPT UNPACKING pc=0x000001ce075869a3 sp=0x00000080449fd400 mode 2
Event: 4.762 Thread 0x000001ce6e3bfe70 Uncommon trap: trap_request=0xffffffde fr.pc=0x000001ce07d27098 relative=0x0000000000000238
Event: 4.762 Thread 0x000001ce6e3bfe70 Uncommon trap: reason=class_check action=maybe_recompile pc=0x000001ce07d27098 method=org.jetbrains.kotlin.com.intellij.psi.impl.source.tree.CompositeElement.walkCachingLength()I @ 17 c2
Event: 4.762 Thread 0x000001ce6e3bfe70 DEOPT PACKING pc=0x000001ce07d27098 sp=0x00000080449fd4d0
Event: 4.762 Thread 0x000001ce6e3bfe70 DEOPT UNPACKING pc=0x000001ce075869a3 sp=0x00000080449fd400 mode 2
Event: 4.863 Thread 0x000001ce6e3bfe70 Uncommon trap: trap_request=0xffffff76 fr.pc=0x000001ce07d395e8 relative=0x0000000000002468
Event: 4.863 Thread 0x000001ce6e3bfe70 Uncommon trap: reason=predicate action=maybe_recompile pc=0x000001ce07d395e8 method=org.jetbrains.kotlin.parsing.KotlinExpressionParsing.parseBinaryExpression(Lorg/jetbrains/kotlin/parsing/KotlinExpressionParsing$Precedence;)V @ 14 c2
Event: 4.863 Thread 0x000001ce6e3bfe70 DEOPT PACKING pc=0x000001ce07d395e8 sp=0x00000080449fb9e0
Event: 4.863 Thread 0x000001ce6e3bfe70 DEOPT UNPACKING pc=0x000001ce075869a3 sp=0x00000080449fb8f8 mode 2
Event: 4.864 Thread 0x000001ce6e3bfe70 Uncommon trap: trap_request=0xffffff76 fr.pc=0x000001ce07d395e8 relative=0x0000000000002468
Event: 4.864 Thread 0x000001ce6e3bfe70 Uncommon trap: reason=predicate action=maybe_recompile pc=0x000001ce07d395e8 method=org.jetbrains.kotlin.parsing.KotlinExpressionParsing.parseBinaryExpression(Lorg/jetbrains/kotlin/parsing/KotlinExpressionParsing$Precedence;)V @ 14 c2
Event: 4.864 Thread 0x000001ce6e3bfe70 DEOPT PACKING pc=0x000001ce07d395e8 sp=0x00000080449fbda0
Event: 4.864 Thread 0x000001ce6e3bfe70 DEOPT UNPACKING pc=0x000001ce075869a3 sp=0x00000080449fbcb8 mode 2

Classes unloaded (0 events):
No events

Classes redefined (0 events):
No events

Internal exceptions (20 events):
Event: 1.165 Thread 0x000001ce6e3bfe70 Exception <a 'java/lang/NoSuchMethodError'{0x0000000088a48e00}: 'void java.lang.invoke.DirectMethodHandle$Holder.invokeStatic(java.lang.Object, java.lang.Object)'> (0x0000000088a48e00) 
thrown [s\src\hotspot\share\interpreter\linkResolver.cpp, line 771]
Event: 1.183 Thread 0x000001ce6e3bfe70 Exception <a 'java/lang/NoSuchMethodError'{0x00000000889848f8}: 'long java.lang.invoke.DirectMethodHandle$Holder.invokeStatic(java.lang.Object)'> (0x00000000889848f8) 
thrown [s\src\hotspot\share\interpreter\linkResolver.cpp, line 771]
Event: 1.183 Thread 0x000001ce6e3bfe70 Exception <a 'java/lang/NoSuchMethodError'{0x0000000088988050}: 'long java.lang.invoke.DirectMethodHandle$Holder.invokeStaticInit(java.lang.Object)'> (0x0000000088988050) 
thrown [s\src\hotspot\share\interpreter\linkResolver.cpp, line 771]
Event: 1.254 Thread 0x000001ce6e3bfe70 Exception <a 'java/lang/NoSuchMethodError'{0x0000000084918398}: 'int java.lang.invoke.DirectMethodHandle$Holder.invokeStaticInit(java.lang.Object, java.lang.Object, java.lang.Object)'> (0x0000000084918398) 
thrown [s\src\hotspot\share\interpreter\linkResolver.cpp, line 771]
Event: 1.260 Thread 0x000001ce6e3bfe70 Exception <a 'java/lang/NoSuchMethodError'{0x0000000084940d00}: 'int java.lang.invoke.DirectMethodHandle$Holder.invokeStaticInit(java.lang.Object, java.lang.Object)'> (0x0000000084940d00) 
thrown [s\src\hotspot\share\interpreter\linkResolver.cpp, line 771]
Event: 1.278 Thread 0x000001ce6e3bfe70 Exception <a 'java/lang/NoSuchMethodError'{0x000000008481d098}: 'void java.lang.invoke.DirectMethodHandle$Holder.invokeSpecial(java.lang.Object, java.lang.Object, java.lang.Object)'> (0x000000008481d098) 
thrown [s\src\hotspot\share\interpreter\linkResolver.cpp, line 771]
Event: 1.521 Thread 0x000001ce6e3bfe70 Exception <a 'java/lang/NoSuchMethodError'{0x0000000083dd31c0}: 'void java.lang.invoke.DirectMethodHandle$Holder.invokeStatic(java.lang.Object, java.lang.Object, java.lang.Object, java.lang.Object)'> (0x0000000083dd31c0) 
thrown [s\src\hotspot\share\interpreter\linkResolver.cpp, line 771]
Event: 1.583 Thread 0x000001ce6e3bfe70 Exception <a 'java/lang/NoSuchMethodError'{0x000000008397ecf8}: 'void java.lang.invoke.DirectMethodHandle$Holder.invokeStaticInit(java.lang.Object, java.lang.Object)'> (0x000000008397ecf8) 
thrown [s\src\hotspot\share\interpreter\linkResolver.cpp, line 771]
Event: 1.674 Thread 0x000001ce6e3bfe70 Exception <a 'java/lang/NoSuchMethodError'{0x00000000886b9930}: 'void java.lang.invoke.DirectMethodHandle$Holder.invokeVirtual(java.lang.Object, java.lang.Object)'> (0x00000000886b9930) 
thrown [s\src\hotspot\share\interpreter\linkResolver.cpp, line 771]
Event: 1.686 Thread 0x000001ce6e3bfe70 Exception <a 'java/lang/NoSuchMethodError'{0x0000000088544bb0}: 'int java.lang.invoke.DirectMethodHandle$Holder.invokeVirtual(java.lang.Object, java.lang.Object)'> (0x0000000088544bb0) 
thrown [s\src\hotspot\share\interpreter\linkResolver.cpp, line 771]
Event: 1.702 Thread 0x000001ce6e3bfe70 Exception <a 'java/lang/NoSuchMethodError'{0x00000000885eb6d0}: 'java.lang.Object java.lang.invoke.Invokers$Holder.invokeExact_MT(java.lang.Object, java.lang.Object, java.lang.Object, java.lang.Object, java.lang.Object, java.lang.Object)'> (0x00000000885eb6d0) 
thrown [s\src\hotspot\share\interpreter\linkResolver.cpp, line 771]
Event: 2.386 Thread 0x000001ce6e3bfe70 Exception <a 'java/lang/NoSuchMethodError'{0x0000000088667158}: 'java.lang.Object java.lang.invoke.DirectMethodHandle$Holder.invokeVirtual(java.lang.Object, java.lang.Object, java.lang.Object)'> (0x0000000088667158) 
thrown [s\src\hotspot\share\interpreter\linkResolver.cpp, line 771]
Event: 2.972 Thread 0x000001ce6e3bfe70 Exception <a 'java/lang/NoSuchMethodError'{0x0000000085e96ed0}: 'java.lang.Object java.lang.invoke.DirectMethodHandle$Holder.newInvokeSpecial(java.lang.Object, java.lang.Object, int)'> (0x0000000085e96ed0) 
thrown [s\src\hotspot\share\interpreter\linkResolver.cpp, line 771]
Event: 3.009 Thread 0x000001ce6e3bfe70 Exception <a 'java/lang/NoSuchMethodError'{0x0000000085dfd218}: 'java.lang.Object java.lang.invoke.DirectMethodHandle$Holder.invokeInterface(java.lang.Object, java.lang.Object)'> (0x0000000085dfd218) 
thrown [s\src\hotspot\share\interpreter\linkResolver.cpp, line 771]
Event: 3.140 Thread 0x000001ce6e3bfe70 Exception <a 'java/lang/NoSuchMethodError'{0x00000000858160c0}: 'java.lang.Object java.lang.invoke.DirectMethodHandle$Holder.newInvokeSpecial(java.lang.Object, java.lang.Object, java.lang.Object, int)'> (0x00000000858160c0) 
thrown [s\src\hotspot\share\interpreter\linkResolver.cpp, line 771]
Event: 3.140 Thread 0x000001ce6e3bfe70 Exception <a 'java/lang/NoSuchMethodError'{0x000000008581a748}: 'java.lang.Object java.lang.invoke.DirectMethodHandle$Holder.invokeSpecial(java.lang.Object, java.lang.Object, java.lang.Object, java.lang.Object, int)'> (0x000000008581a748) 
thrown [s\src\hotspot\share\interpreter\linkResolver.cpp, line 771]
Event: 3.140 Thread 0x000001ce6e3bfe70 Exception <a 'java/lang/NoSuchMethodError'{0x000000008581e5b8}: 'java.lang.Object java.lang.invoke.Invokers$Holder.linkToTargetMethod(java.lang.Object, java.lang.Object, int, java.lang.Object)'> (0x000000008581e5b8) 
thrown [s\src\hotspot\share\interpreter\linkResolver.cpp, line 771]
Event: 4.014 Thread 0x000001ce6e3bfe70 Exception <a 'java/lang/NoSuchMethodError'{0x0000000086fcdbf8}: 'java.lang.Object java.lang.invoke.DirectMethodHandle$Holder.newInvokeSpecial(java.lang.Object, java.lang.Object, java.lang.Object, java.lang.Object, java.lang.Object, java.lang.Object, java.lang.Object, java.lang.Object)'> (0x0000000086fcdbf8) 
thrown [s\src\hotspot\share\interpreter\linkResolver.cpp, line 771]
Event: 4.014 Thread 0x000001ce6e3bfe70 Exception <a 'java/lang/NoSuchMethodError'{0x0000000086fd3210}: 'java.lang.Object java.lang.invoke.DirectMethodHandle$Holder.invokeSpecial(java.lang.Object, java.lang.Object, java.lang.Object, java.lang.Object, java.lang.Object, java.lang.Object, java.lang.Object, java.lang.Object, java.lang.Object)'> (0x0000000086fd3210) 
thrown [s\src\hotspot\share\interpreter\linkResolver.cpp, line 771]
Event: 4.014 Thread 0x000001ce6e3bfe70 Exception <a 'java/lang/NoSuchMethodError'{0x0000000086fd8140}: 'java.lang.Object java.lang.invoke.Invokers$Holder.linkToTargetMethod(java.lang.Object, java.lang.Object, java.lang.Object, java.lang.Object, java.lang.Object, java.lang.Object, java.lang.Object, java.lang.Object)'> (0x0000000086fd8140) 
thrown [s\src\hotspot\share\interpreter\linkResolver.cpp, line 771]

VM Operations (20 events):
Event: 3.808 Executing VM operation: G1Concurrent
Event: 3.808 Executing VM operation: G1Concurrent done
Event: 4.020 Executing VM operation: HandshakeAllThreads
Event: 4.020 Executing VM operation: HandshakeAllThreads done
Event: 4.021 Executing VM operation: HandshakeAllThreads
Event: 4.021 Executing VM operation: HandshakeAllThreads done
Event: 4.117 Executing VM operation: HandshakeAllThreads
Event: 4.117 Executing VM operation: HandshakeAllThreads done
Event: 4.162 Executing VM operation: ICBufferFull
Event: 4.163 Executing VM operation: ICBufferFull done
Event: 4.390 Executing VM operation: ICBufferFull
Event: 4.390 Executing VM operation: ICBufferFull done
Event: 4.763 Executing VM operation: HandshakeAllThreads
Event: 4.763 Executing VM operation: HandshakeAllThreads done
Event: 4.865 Executing VM operation: ICBufferFull
Event: 4.865 Executing VM operation: ICBufferFull done
Event: 4.950 Executing VM operation: G1CollectForAllocation
Event: 4.964 Executing VM operation: G1CollectForAllocation done
Event: 5.029 Executing VM operation: HandshakeAllThreads
Event: 5.029 Executing VM operation: HandshakeAllThreads done

Events (20 events):
Event: 3.837 loading class java/util/stream/Collector done
Event: 3.837 loading class java/util/stream/Collectors$CollectorImpl done
Event: 3.837 loading class java/util/function/BiConsumer
Event: 3.837 loading class java/util/function/BiConsumer done
Event: 3.838 loading class java/util/function/BinaryOperator
Event: 3.838 loading class java/util/function/BinaryOperator done
Event: 3.838 loading class java/util/stream/ReduceOps
Event: 3.838 loading class java/util/stream/ReduceOps done
Event: 3.838 loading class java/util/stream/ReduceOps$3
Event: 3.838 loading class java/util/stream/ReduceOps$ReduceOp
Event: 3.839 loading class java/util/stream/ReduceOps$ReduceOp done
Event: 3.839 loading class java/util/stream/ReduceOps$3 done
Event: 3.839 loading class java/util/stream/ReduceOps$3ReducingSink
Event: 3.839 loading class java/util/stream/ReduceOps$AccumulatingSink
Event: 3.839 loading class java/util/stream/ReduceOps$AccumulatingSink done
Event: 3.839 loading class java/util/stream/ReduceOps$Box
Event: 3.839 loading class java/util/stream/ReduceOps$Box done
Event: 3.839 loading class java/util/stream/ReduceOps$3ReducingSink done
Event: 3.839 loading class java/util/stream/ReferencePipeline$2$1
Event: 3.839 loading class java/util/stream/ReferencePipeline$2$1 done


Dynamic libraries:
0x00007ff72a810000 - 0x00007ff72a81a000 	E:\Android studio 2022.1.3\jbr\bin\java.exe
0x00007ffa5c550000 - 0x00007ffa5c748000 	C:\WINDOWS\SYSTEM32\ntdll.dll
0x00007ffa00b80000 - 0x00007ffa00b99000 	C:\Program Files\Avast Software\Avast\aswhook.dll
0x00007ffa5aec0000 - 0x00007ffa5af7f000 	C:\WINDOWS\System32\KERNEL32.DLL
0x00007ffa59da0000 - 0x00007ffa5a096000 	C:\WINDOWS\System32\KERNELBASE.dll
0x00007ffa5a3d0000 - 0x00007ffa5a4d0000 	C:\WINDOWS\System32\ucrtbase.dll
0x00007ffa02120000 - 0x00007ffa02137000 	E:\Android studio 2022.1.3\jbr\bin\jli.dll
0x00007ffa01310000 - 0x00007ffa0132b000 	E:\Android studio 2022.1.3\jbr\bin\VCRUNTIME140.dll
0x00007ffa5bb00000 - 0x00007ffa5bc9d000 	C:\WINDOWS\System32\USER32.dll
0x00007ffa5a130000 - 0x00007ffa5a152000 	C:\WINDOWS\System32\win32u.dll
0x00007ffa3e070000 - 0x00007ffa3e30a000 	C:\WINDOWS\WinSxS\amd64_microsoft.windows.common-controls_6595b64144ccf1df_6.0.19041.1110_none_60b5254171f9507e\COMCTL32.dll
0x00007ffa5bde0000 - 0x00007ffa5be0c000 	C:\WINDOWS\System32\GDI32.dll
0x00007ffa5b280000 - 0x00007ffa5b31e000 	C:\WINDOWS\System32\msvcrt.dll
0x00007ffa59c30000 - 0x00007ffa59d45000 	C:\WINDOWS\System32\gdi32full.dll
0x00007ffa5a160000 - 0x00007ffa5a1fd000 	C:\WINDOWS\System32\msvcp_win.dll
0x00007ffa5bf40000 - 0x00007ffa5bf70000 	C:\WINDOWS\System32\IMM32.DLL
0x00007ffa0b6f0000 - 0x00007ffa0b6fc000 	E:\Android studio 2022.1.3\jbr\bin\vcruntime140_1.dll
0x00007ff9ed490000 - 0x00007ff9ed51d000 	E:\Android studio 2022.1.3\jbr\bin\msvcp140.dll
0x00007ff9fa1b0000 - 0x00007ff9fae1e000 	E:\Android studio 2022.1.3\jbr\bin\server\jvm.dll
0x00007ffa5bf70000 - 0x00007ffa5c01f000 	C:\WINDOWS\System32\ADVAPI32.dll
0x00007ffa5aff0000 - 0x00007ffa5b08c000 	C:\WINDOWS\System32\sechost.dll
0x00007ffa5be10000 - 0x00007ffa5bf36000 	C:\WINDOWS\System32\RPCRT4.dll
0x00007ffa48230000 - 0x00007ffa48239000 	C:\WINDOWS\SYSTEM32\WSOCK32.dll
0x00007ffa3e450000 - 0x00007ffa3e477000 	C:\WINDOWS\SYSTEM32\WINMM.dll
0x00007ffa54270000 - 0x00007ffa5427a000 	C:\WINDOWS\SYSTEM32\VERSION.dll
0x00007ffa5ba90000 - 0x00007ffa5bafb000 	C:\WINDOWS\System32\WS2_32.dll
0x00007ffa579e0000 - 0x00007ffa579f2000 	C:\WINDOWS\SYSTEM32\kernel.appcore.dll
0x00007ffa01b70000 - 0x00007ffa01b7a000 	E:\Android studio 2022.1.3\jbr\bin\jimage.dll
0x00007ffa4c350000 - 0x00007ffa4c534000 	C:\WINDOWS\SYSTEM32\DBGHELP.DLL
0x00007ffa4c2d0000 - 0x00007ffa4c304000 	C:\WINDOWS\SYSTEM32\dbgcore.DLL
0x00007ffa5a0a0000 - 0x00007ffa5a122000 	C:\WINDOWS\System32\bcryptPrimitives.dll
0x00007ffa017a0000 - 0x00007ffa017c5000 	E:\Android studio 2022.1.3\jbr\bin\java.dll
0x00007ffa01990000 - 0x00007ffa019a8000 	E:\Android studio 2022.1.3\jbr\bin\zip.dll
0x00007ffa5a5b0000 - 0x00007ffa5acf4000 	C:\WINDOWS\System32\SHELL32.dll
0x00007ffa57cc0000 - 0x00007ffa58453000 	C:\WINDOWS\SYSTEM32\windows.storage.dll
0x00007ffa5c080000 - 0x00007ffa5c3d4000 	C:\WINDOWS\System32\combase.dll
0x00007ffa594c0000 - 0x00007ffa594ee000 	C:\WINDOWS\SYSTEM32\Wldp.dll
0x00007ffa5b1d0000 - 0x00007ffa5b27d000 	C:\WINDOWS\System32\SHCORE.dll
0x00007ffa5af80000 - 0x00007ffa5afd5000 	C:\WINDOWS\System32\shlwapi.dll
0x00007ffa59b70000 - 0x00007ffa59b8f000 	C:\WINDOWS\SYSTEM32\profapi.dll
0x00007ffa023a0000 - 0x00007ffa023b9000 	E:\Android studio 2022.1.3\jbr\bin\net.dll
0x00007ffa4dd20000 - 0x00007ffa4de2a000 	C:\WINDOWS\SYSTEM32\WINHTTP.dll
0x00007ffa592a0000 - 0x00007ffa5930a000 	C:\WINDOWS\system32\mswsock.dll
0x00007ffa02380000 - 0x00007ffa02396000 	E:\Android studio 2022.1.3\jbr\bin\nio.dll
0x00007ffa02140000 - 0x00007ffa02150000 	E:\Android studio 2022.1.3\jbr\bin\verify.dll

dbghelp: loaded successfully - version: 4.0.5 - missing functions: none
symbol engine: initialized successfully - sym options: 0x614 - pdb path: .;E:\Android studio 2022.1.3\jbr\bin;C:\WINDOWS\SYSTEM32;C:\Program Files\Avast Software\Avast;C:\WINDOWS\WinSxS\amd64_microsoft.windows.common-controls_6595b64144ccf1df_6.0.19041.1110_none_60b5254171f9507e;E:\Android studio 2022.1.3\jbr\bin\server

VM Arguments:
java_command: org.jetbrains.kotlin.cli.jvm.K2JVMCompiler @C:\Users\Thoriso Tumelo\AndroidStudioProjects\Mvula-Trust-Application\app\build\20231103_9772620156088504517.compiler.options
java_class_path (initial): C:\Users\Thoriso Tumelo\.gradle\caches\modules-2\files-2.1\org.jetbrains.kotlin\kotlin-compiler-embeddable\1.8.0\eb9118d4bcceaa2a94b2ae2a33a4ddba7c9a947f\kotlin-compiler-embeddable-1.8.0.jar;C:\Users\Thoriso Tumelo\.gradle\caches\modules-2\files-2.1\org.jetbrains.kotlin\kotlin-stdlib\1.8.0\1796921c7a3e2e2665a83e6c8d33399336cd39bc\kotlin-stdlib-1.8.0.jar;C:\Users\Thoriso Tumelo\.gradle\caches\modules-2\files-2.1\org.jetbrains.kotlin\kotlin-script-runtime\1.8.0\b2f7e760d283cb339974851c222a4c1d48f2d3d\kotlin-script-runtime-1.8.0.jar;C:\Users\Thoriso Tumelo\.gradle\caches\modules-2\files-2.1\org.jetbrains.kotlin\kotlin-reflect\1.6.10\1cbe9c92c12a94eea200d23c2bbaedaf3daf5132\kotlin-reflect-1.6.10.jar;C:\Users\Thoriso Tumelo\.gradle\caches\modules-2\files-2.1\org.jetbrains.kotlin\kotlin-daemon-embeddable\1.8.0\d255216c551685dc3a7e852b53617f5f01aaaa5c\kotlin-daemon-embeddable-1.8.0.jar;C:\Users\Thoriso Tumelo\.gradle\caches\modules-2\files-2.1\org.jetbrains.intellij.deps\trove4j\1.0.20200330\3afb14d5f9ceb459d724e907a21145e8ff394f02\trove4j-1.0.20200330.jar;C:\Users\Thoriso Tumelo\.gradle\caches\modules-2\files-2.1\net.java.dev.jna\jna\5.6.0\330f2244e9030119ab3030fc3fededc86713d9cc\jna-5.6.0.jar;C:\Users\Thoriso Tumelo\.gradle\caches\modules-2\files-2.1\org.jetbrains.kotlin\kotlin-stdlib-common\1.8.0\f7197e7cc76453ac59f8b0f8d5137cc600becd36\kotlin-stdlib-common-1.8.0.jar;C:\Users\Thoriso Tumelo\.gradle\caches\modules-2\files-2.1\org.jetbrains\annotations\13.0\919f0dfe192fb4e063e7dacadee7f8bb9a2672a9\annotations-13.0.jar
Launcher Type: SUN_STANDARD

[Global flags]
     intx CICompilerCount                          = 3                                         {product} {ergonomic}
     uint ConcGCThreads                            = 1                                         {product} {ergonomic}
     uint G1ConcRefinementThreads                  = 4                                         {product} {ergonomic}
   size_t G1HeapRegionSize                         = 1048576                                   {product} {ergonomic}
    uintx GCDrainStackTargetSize                   = 64                                        {product} {ergonomic}
   size_t InitialHeapSize                          = 132120576                                 {product} {ergonomic}
   size_t MarkStackSize                            = 4194304                                   {product} {ergonomic}
   size_t MaxHeapSize                              = 2107637760                                {product} {ergonomic}
   size_t MaxNewSize                               = 1264582656                                {product} {ergonomic}
   size_t MinHeapDeltaBytes                        = 1048576                                   {product} {ergonomic}
   size_t MinHeapSize                              = 8388608                                   {product} {ergonomic}
    uintx NonNMethodCodeHeapSize                   = 5832780                                {pd product} {ergonomic}
    uintx NonProfiledCodeHeapSize                  = 122912730                              {pd product} {ergonomic}
    uintx ProfiledCodeHeapSize                     = 122912730                              {pd product} {ergonomic}
    uintx ReservedCodeCacheSize                    = 251658240                              {pd product} {ergonomic}
     bool SegmentedCodeCache                       = true                                      {product} {ergonomic}
   size_t SoftMaxHeapSize                          = 2107637760                             {manageable} {ergonomic}
     bool UseCompressedClassPointers               = true                           {product lp64_product} {ergonomic}
     bool UseCompressedOops                        = true                           {product lp64_product} {ergonomic}
     bool UseG1GC                                  = true                                      {product} {ergonomic}
     bool UseLargePagesIndividualAllocation        = false                                  {pd product} {ergonomic}

Logging:
Log output configuration:
 #0: stdout all=warning uptime,level,tags
 #1: stderr all=off uptime,level,tags

Environment Variables:
PATH=C:\WINDOWS\system32;C:\WINDOWS;C:\WINDOWS\System32\Wbem;C:\WINDOWS\System32\WindowsPowerShell\v1.0\;C:\WINDOWS\System32\OpenSSH\;C:\Program Files (x86)\Intel\Intel(R) Management Engine Components\DAL;C:\Program Files\Intel\Intel(R) Management Engine Components\DAL;C:\Program Files\Git\cmd;C:\Users\Thoriso Tumelo\AppData\Local\Microsoft\WindowsApps;C:\Users\Thoriso Tumelo\AppData\Local\GitHubDesktop\bin
USERNAME=Thoriso Tumelo
OS=Windows_NT
PROCESSOR_IDENTIFIER=Intel64 Family 6 Model 158 Stepping 11, GenuineIntel
TMP=C:\Users\THORIS~1\AppData\Local\Temp
TEMP=C:\Users\THORIS~1\AppData\Local\Temp


JNI global refs:
JNI global refs: 7, weak refs: 0

JNI global refs memory usage: 843, weak refs: 841


---------------  S Y S T E M  ---------------

OS:
 Windows 10 , 64 bit Build 19041 (10.0.19041.3031)
OS uptime: 0 days 3:49 hours
Hyper-V role detected

CPU: total 4 (initial active 4) (4 cores per cpu, 1 threads per core) family 6 model 158 stepping 11 microcode 0xb4, cx8, cmov, fxsr, mmx, 3dnowpref, sse, sse2, sse3, ssse3, sse4.1, sse4.2, popcnt, lzcnt, tsc, tscinvbit, avx, avx2, aes, erms, clmul, bmi1, bmi2, adx, fma, vzeroupper, clflush, clflushopt, hv

Memory: 4k page, system-wide physical 8035M (575M free)
TotalPageFile size 10449M (AvailPageFile size 3M)
current process WorkingSet (physical memory assigned to process): 242M, peak: 242M
current process commit charge ("private bytes"): 271M, peak: 272M

vm_info: OpenJDK 64-Bit Server VM (17.0.6+0-b2043.56-10027231) for windows-amd64 JRE (17.0.6+0-b2043.56-10027231), built on Apr 28 2023 00:43:19 by "androidbuild" with MS VC++ 16.10 / 16.11 (VS2019)

END.
