#
# There is insufficient memory for the Java Runtime Environment to continue.
# Native memory allocation (mmap) failed to map 120586240 bytes for G1 virtual space
# Possible reasons:
#   The system is out of physical RAM or swap space
#   The process is running with CompressedOops enabled, and the Java Heap may be blocking the growth of the native heap
# Possible solutions:
#   Reduce memory load on the system
#   Increase physical memory or swap space
#   Check if swap backing store is full
#   Decrease Java heap size (-Xmx/-Xms)
#   Decrease number of Java threads
#   Decrease Java thread stack sizes (-Xss)
#   Set larger code cache with -XX:ReservedCodeCacheSize=
#   JVM is running with Unscaled Compressed Oops mode in which the Java heap is
#     placed in the first 4GB address space. The Java Heap base address is the
#     maximum limit for the native heap growth. Please use -XX:HeapBaseMinAddress
#     to set the Java Heap base and to place the Java Heap above 4GB virtual address.
# This output file may be truncated or incomplete.
#
#  Out of Memory Error (os_windows.cpp:3769), pid=6640, tid=4820
#
# JRE version: OpenJDK Runtime Environment (17.0.6) (build 17.0.6+0-b2043.56-10027231)
# Java VM: OpenJDK 64-Bit Server VM (17.0.6+0-b2043.56-10027231, mixed mode, tiered, compressed oops, compressed class ptrs, g1 gc, windows-amd64)
# No core dump will be written. Minidumps are not enabled by default on client versions of Windows
#

---------------  S U M M A R Y ------------

Command Line: org.jetbrains.kotlin.cli.jvm.K2JVMCompiler @C:\Users\Thoriso Tumelo\AndroidStudioProjects\Mvula-Trust-Application\app\build\20231114_6701956654598623046.compiler.options

Host: Intel(R) Core(TM) i3-8100T CPU @ 3.10GHz, 4 cores, 7G,  Windows 10 , 64 bit Build 19041 (10.0.19041.3031)
Time: Tue Nov 14 22:03:49 2023 South Africa Standard Time elapsed time: 19.041992 seconds (0d 0h 0m 19s)

---------------  T H R E A D  ---------------

Current thread (0x000002304c0de950):  VMThread "VM Thread" [stack: 0x0000004a12600000,0x0000004a12700000] [id=4820]

Stack: [0x0000004a12600000,0x0000004a12700000]
Native frames: (J=compiled Java code, j=interpreted, Vv=VM code, C=native code)
V  [jvm.dll+0x683c9a]
V  [jvm.dll+0x8427a4]
V  [jvm.dll+0x843f9e]
V  [jvm.dll+0x844603]
V  [jvm.dll+0x249b75]
V  [jvm.dll+0x680b69]
V  [jvm.dll+0x67505a]
V  [jvm.dll+0x309acb]
V  [jvm.dll+0x310f86]
V  [jvm.dll+0x3608ee]
V  [jvm.dll+0x360b1f]
V  [jvm.dll+0x2dfbf8]
V  [jvm.dll+0x2ddec4]
V  [jvm.dll+0x2dd4cc]
V  [jvm.dll+0x321f3b]
V  [jvm.dll+0x848ccb]
V  [jvm.dll+0x849a04]
V  [jvm.dll+0x849f1d]
V  [jvm.dll+0x84a2f4]
V  [jvm.dll+0x84a3c0]
V  [jvm.dll+0x7f274a]
V  [jvm.dll+0x682ad5]
C  [ucrtbase.dll+0x21bb2]
C  [KERNEL32.DLL+0x17614]
C  [ntdll.dll+0x526f1]

VM_Operation (0x0000004a120fd560): G1CollectForAllocation, mode: safepoint, requested by thread 0x0000023032c714a0


---------------  P R O C E S S  ---------------

Threads class SMR info:
_java_thread_list=0x000002304e590df0, length=13, elements={
0x0000023032c714a0, 0x000002304c100a20, 0x000002304c102170, 0x000002304cc2d510,
0x000002304cc2dfd0, 0x000002304cc238e0, 0x000002304cc24a30, 0x000002304cc35490,
0x000002304cc386e0, 0x000002304cc3b320, 0x000002304cdad9c0, 0x000002304cdb4d70,
0x0000023052fac2c0
}

Java Threads: ( => current thread )
  0x0000023032c714a0 JavaThread "main" [_thread_blocked, id=13140, stack(0x0000004a12000000,0x0000004a12100000)]
  0x000002304c100a20 JavaThread "Reference Handler" daemon [_thread_blocked, id=4920, stack(0x0000004a12700000,0x0000004a12800000)]
  0x000002304c102170 JavaThread "Finalizer" daemon [_thread_blocked, id=8312, stack(0x0000004a12800000,0x0000004a12900000)]
  0x000002304cc2d510 JavaThread "Signal Dispatcher" daemon [_thread_blocked, id=13084, stack(0x0000004a12900000,0x0000004a12a00000)]
  0x000002304cc2dfd0 JavaThread "Attach Listener" daemon [_thread_blocked, id=9780, stack(0x0000004a12a00000,0x0000004a12b00000)]
  0x000002304cc238e0 JavaThread "Service Thread" daemon [_thread_blocked, id=3268, stack(0x0000004a12b00000,0x0000004a12c00000)]
  0x000002304cc24a30 JavaThread "Monitor Deflation Thread" daemon [_thread_blocked, id=7292, stack(0x0000004a12c00000,0x0000004a12d00000)]
  0x000002304cc35490 JavaThread "C2 CompilerThread0" daemon [_thread_blocked, id=3412, stack(0x0000004a12d00000,0x0000004a12e00000)]
  0x000002304cc386e0 JavaThread "C1 CompilerThread0" daemon [_thread_blocked, id=9680, stack(0x0000004a12e00000,0x0000004a12f00000)]
  0x000002304cc3b320 JavaThread "Sweeper thread" daemon [_thread_blocked, id=9884, stack(0x0000004a12f00000,0x0000004a13000000)]
  0x000002304cdad9c0 JavaThread "Notification Thread" daemon [_thread_blocked, id=2256, stack(0x0000004a13000000,0x0000004a13100000)]
  0x000002304cdb4d70 JavaThread "Common-Cleaner" daemon [_thread_blocked, id=9312, stack(0x0000004a13200000,0x0000004a13300000)]
  0x0000023052fac2c0 JavaThread "C2 CompilerThread1" daemon [_thread_blocked, id=5856, stack(0x0000004a13300000,0x0000004a13400000)]

Other Threads:
=>0x000002304c0de950 VMThread "VM Thread" [stack: 0x0000004a12600000,0x0000004a12700000] [id=4820]
  0x000002304cdb4ae0 WatcherThread [stack: 0x0000004a13100000,0x0000004a13200000] [id=6032]
  0x0000023032ccd740 GCTaskThread "GC Thread#0" [stack: 0x0000004a12100000,0x0000004a12200000] [id=5284]
  0x000002304d216070 GCTaskThread "GC Thread#1" [stack: 0x0000004a13400000,0x0000004a13500000] [id=264]
  0x000002304d216320 GCTaskThread "GC Thread#2" [stack: 0x0000004a13500000,0x0000004a13600000] [id=12116]
  0x000002304d22aac0 GCTaskThread "GC Thread#3" [stack: 0x0000004a13600000,0x0000004a13700000] [id=8396]
  0x0000023032cde1c0 ConcurrentGCThread "G1 Main Marker" [stack: 0x0000004a12200000,0x0000004a12300000] [id=12408]
  0x0000023032cdebd0 ConcurrentGCThread "G1 Conc#0" [stack: 0x0000004a12300000,0x0000004a12400000] [id=4312]
  0x0000023032d33b60 ConcurrentGCThread "G1 Refine#0" [stack: 0x0000004a12400000,0x0000004a12500000] [id=8352]
  0x000002304e97c360 ConcurrentGCThread "G1 Refine#1" [stack: 0x0000004a13700000,0x0000004a13800000] [id=11240]
  0x0000023032d34580 ConcurrentGCThread "G1 Service" [stack: 0x0000004a12500000,0x0000004a12600000] [id=5552]

Threads with active compile tasks:

VM state: at safepoint (normal execution)

VM Mutex/Monitor currently owned by a thread:  ([mutex/lock_event])
[0x0000023032c6c650] Threads_lock - owner thread: 0x000002304c0de950
[0x0000023032c6c530] Heap_lock - owner thread: 0x0000023032c714a0

Heap address: 0x0000000082600000, size: 2010 MB, Compressed Oops mode: 32-bit

CDS archive(s) not mapped
Compressed class space mapped at: 0x0000000100000000-0x0000000140000000, reserved size: 1073741824
Narrow klass base: 0x0000000000000000, Narrow klass shift: 3, Narrow klass range: 0x140000000

GC Precious Log:
 CPUs: 4 total, 4 available
 Memory: 8035M
 Large Page Support: Disabled
 NUMA Support: Disabled
 Compressed Oops: Enabled (32-bit)
 Heap Region Size: 1M
 Heap Min Capacity: 8M
 Heap Initial Capacity: 126M
 Heap Max Capacity: 2010M
 Pre-touch: Disabled
 Parallel Workers: 4
 Concurrent Workers: 1
 Concurrent Refinement Workers: 4
 Periodic GC: Disabled

Heap:
 garbage-first heap   total 129024K, used 60389K [0x0000000082600000, 0x0000000100000000)
  region size 1024K, 2 young (2048K), 2 survivors (2048K)
 Metaspace       used 59092K, committed 59456K, reserved 1105920K
  class space    used 6885K, committed 7040K, reserved 1048576K

Heap Regions: E=young(eden), S=young(survivor), O=old, HS=humongous(starts), HC=humongous(continues), CS=collection set, F=free, OA=open archive, CA=closed archive, TAMS=top-at-mark-start (previous, next)
|   0|0x0000000082600000, 0x0000000082700000, 0x0000000082700000|100%|HS|  |TAMS 0x0000000082700000, 0x0000000082700000| Complete 
|   1|0x0000000082700000, 0x0000000082800000, 0x0000000082800000|100%|HC|  |TAMS 0x0000000082800000, 0x0000000082800000| Complete 
|   2|0x0000000082800000, 0x0000000082900000, 0x0000000082900000|100%|HC|  |TAMS 0x0000000082900000, 0x0000000082900000| Complete 
|   3|0x0000000082900000, 0x0000000082a00000, 0x0000000082a00000|100%|HC|  |TAMS 0x0000000082a00000, 0x0000000082a00000| Complete 
|   4|0x0000000082a00000, 0x0000000082b00000, 0x0000000082b00000|100%| O|  |TAMS 0x0000000082b00000, 0x0000000082b00000| Untracked 
|   5|0x0000000082b00000, 0x0000000082c00000, 0x0000000082c00000|100%| O|  |TAMS 0x0000000082c00000, 0x0000000082c00000| Untracked 
|   6|0x0000000082c00000, 0x0000000082d00000, 0x0000000082d00000|100%| O|  |TAMS 0x0000000082d00000, 0x0000000082d00000| Untracked 
|   7|0x0000000082d00000, 0x0000000082e00000, 0x0000000082e00000|100%|HS|  |TAMS 0x0000000082e00000, 0x0000000082e00000| Complete 
|   8|0x0000000082e00000, 0x0000000082f00000, 0x0000000082f00000|100%|HC|  |TAMS 0x0000000082f00000, 0x0000000082f00000| Complete 
|   9|0x0000000082f00000, 0x0000000083000000, 0x0000000083000000|100%|HC|  |TAMS 0x0000000083000000, 0x0000000083000000| Complete 
|  10|0x0000000083000000, 0x0000000083100000, 0x0000000083100000|100%|HC|  |TAMS 0x0000000083100000, 0x0000000083100000| Complete 
|  11|0x0000000083100000, 0x0000000083200000, 0x0000000083200000|100%| O|  |TAMS 0x0000000083200000, 0x0000000083200000| Untracked 
|  12|0x0000000083200000, 0x0000000083300000, 0x0000000083300000|100%| O|  |TAMS 0x0000000083300000, 0x0000000083300000| Untracked 
|  13|0x0000000083300000, 0x0000000083400000, 0x0000000083400000|100%| O|  |TAMS 0x0000000083400000, 0x0000000083400000| Untracked 
|  14|0x0000000083400000, 0x0000000083500000, 0x0000000083500000|100%| O|  |TAMS 0x0000000083500000, 0x0000000083500000| Untracked 
|  15|0x0000000083500000, 0x0000000083600000, 0x0000000083600000|100%| O|  |TAMS 0x0000000083600000, 0x0000000083600000| Untracked 
|  16|0x0000000083600000, 0x0000000083700000, 0x0000000083700000|100%| O|  |TAMS 0x0000000083700000, 0x0000000083700000| Untracked 
|  17|0x0000000083700000, 0x0000000083800000, 0x0000000083800000|100%| O|  |TAMS 0x0000000083800000, 0x0000000083800000| Untracked 
|  18|0x0000000083800000, 0x0000000083900000, 0x0000000083900000|100%| O|  |TAMS 0x0000000083900000, 0x0000000083900000| Untracked 
|  19|0x0000000083900000, 0x0000000083a00000, 0x0000000083a00000|100%| O|  |TAMS 0x0000000083a00000, 0x0000000083a00000| Untracked 
|  20|0x0000000083a00000, 0x0000000083b00000, 0x0000000083b00000|100%| O|  |TAMS 0x0000000083b00000, 0x0000000083b00000| Untracked 
|  21|0x0000000083b00000, 0x0000000083c00000, 0x0000000083c00000|100%| O|  |TAMS 0x0000000083c00000, 0x0000000083c00000| Untracked 
|  22|0x0000000083c00000, 0x0000000083d00000, 0x0000000083d00000|100%| O|  |TAMS 0x0000000083d00000, 0x0000000083d00000| Untracked 
|  23|0x0000000083d00000, 0x0000000083e00000, 0x0000000083e00000|100%| O|  |TAMS 0x0000000083e00000, 0x0000000083e00000| Untracked 
|  24|0x0000000083e00000, 0x0000000083f00000, 0x0000000083f00000|100%| O|  |TAMS 0x0000000083f00000, 0x0000000083f00000| Untracked 
|  25|0x0000000083f00000, 0x0000000084000000, 0x0000000084000000|100%| O|  |TAMS 0x0000000084000000, 0x0000000084000000| Untracked 
|  26|0x0000000084000000, 0x0000000084100000, 0x0000000084100000|100%| O|  |TAMS 0x0000000084100000, 0x0000000084100000| Untracked 
|  27|0x0000000084100000, 0x0000000084200000, 0x0000000084200000|100%| O|  |TAMS 0x0000000084200000, 0x0000000084200000| Untracked 
|  28|0x0000000084200000, 0x0000000084300000, 0x0000000084300000|100%| O|  |TAMS 0x0000000084300000, 0x0000000084300000| Untracked 
|  29|0x0000000084300000, 0x0000000084400000, 0x0000000084400000|100%|HS|  |TAMS 0x0000000084400000, 0x0000000084400000| Complete 
|  30|0x0000000084400000, 0x0000000084500000, 0x0000000084500000|100%|HC|  |TAMS 0x0000000084500000, 0x0000000084500000| Complete 
|  31|0x0000000084500000, 0x0000000084600000, 0x0000000084600000|100%| O|  |TAMS 0x0000000084600000, 0x0000000084600000| Untracked 
|  32|0x0000000084600000, 0x0000000084700000, 0x0000000084700000|100%| O|  |TAMS 0x0000000084700000, 0x0000000084700000| Untracked 
|  33|0x0000000084700000, 0x0000000084700000, 0x0000000084800000|  0%| F|  |TAMS 0x0000000084700000, 0x0000000084700000| Untracked 
|  34|0x0000000084800000, 0x0000000084900000, 0x0000000084900000|100%| O|  |TAMS 0x0000000084900000, 0x0000000084900000| Untracked 
|  35|0x0000000084900000, 0x0000000084a00000, 0x0000000084a00000|100%| O|  |TAMS 0x0000000084a00000, 0x0000000084a00000| Untracked 
|  36|0x0000000084a00000, 0x0000000084b00000, 0x0000000084b00000|100%| O|  |TAMS 0x0000000084b00000, 0x0000000084b00000| Untracked 
|  37|0x0000000084b00000, 0x0000000084c00000, 0x0000000084c00000|100%| O|  |TAMS 0x0000000084c00000, 0x0000000084c00000| Untracked 
|  38|0x0000000084c00000, 0x0000000084d00000, 0x0000000084d00000|100%| O|  |TAMS 0x0000000084d00000, 0x0000000084d00000| Untracked 
|  39|0x0000000084d00000, 0x0000000084e00000, 0x0000000084e00000|100%| O|  |TAMS 0x0000000084e00000, 0x0000000084e00000| Untracked 
|  40|0x0000000084e00000, 0x0000000084f00000, 0x0000000084f00000|100%| O|  |TAMS 0x0000000084f00000, 0x0000000084f00000| Untracked 
|  41|0x0000000084f00000, 0x0000000085000000, 0x0000000085000000|100%| O|  |TAMS 0x0000000085000000, 0x0000000085000000| Untracked 
|  42|0x0000000085000000, 0x0000000085100000, 0x0000000085100000|100%| O|  |TAMS 0x0000000085100000, 0x0000000085100000| Untracked 
|  43|0x0000000085100000, 0x0000000085200000, 0x0000000085200000|100%| O|  |TAMS 0x0000000085200000, 0x0000000085200000| Untracked 
|  44|0x0000000085200000, 0x0000000085300000, 0x0000000085300000|100%| O|  |TAMS 0x0000000085300000, 0x0000000085300000| Untracked 
|  45|0x0000000085300000, 0x0000000085400000, 0x0000000085400000|100%| O|  |TAMS 0x000000008536d200, 0x0000000085400000| Untracked 
|  46|0x0000000085400000, 0x0000000085500000, 0x0000000085500000|100%| O|  |TAMS 0x0000000085400000, 0x0000000085500000| Untracked 
|  47|0x0000000085500000, 0x0000000085600000, 0x0000000085600000|100%| O|  |TAMS 0x0000000085500000, 0x0000000085600000| Untracked 
|  48|0x0000000085600000, 0x0000000085700000, 0x0000000085700000|100%| O|  |TAMS 0x0000000085600000, 0x0000000085700000| Untracked 
|  49|0x0000000085700000, 0x0000000085800000, 0x0000000085800000|100%| O|  |TAMS 0x0000000085700000, 0x0000000085800000| Untracked 
|  50|0x0000000085800000, 0x0000000085900000, 0x0000000085900000|100%| O|  |TAMS 0x0000000085800000, 0x0000000085900000| Untracked 
|  51|0x0000000085900000, 0x0000000085a00000, 0x0000000085a00000|100%| O|  |TAMS 0x0000000085900000, 0x0000000085a00000| Untracked 
|  52|0x0000000085a00000, 0x0000000085b00000, 0x0000000085b00000|100%| O|  |TAMS 0x0000000085a00000, 0x0000000085b00000| Untracked 
|  53|0x0000000085b00000, 0x0000000085c00000, 0x0000000085c00000|100%| O|  |TAMS 0x0000000085b00000, 0x0000000085c00000| Untracked 
|  54|0x0000000085c00000, 0x0000000085d00000, 0x0000000085d00000|100%| O|  |TAMS 0x0000000085c00000, 0x0000000085d00000| Untracked 
|  55|0x0000000085d00000, 0x0000000085e00000, 0x0000000085e00000|100%| O|  |TAMS 0x0000000085d00000, 0x0000000085e00000| Untracked 
|  56|0x0000000085e00000, 0x0000000085f00000, 0x0000000085f00000|100%| O|  |TAMS 0x0000000085e00000, 0x0000000085f00000| Untracked 
|  57|0x0000000085f00000, 0x0000000086000000, 0x0000000086000000|100%| O|  |TAMS 0x0000000085f00000, 0x0000000086000000| Untracked 
|  58|0x0000000086000000, 0x00000000860e0e00, 0x0000000086100000| 87%| O|  |TAMS 0x0000000086000000, 0x00000000860e0e00| Untracked 
|  59|0x0000000086100000, 0x0000000086100000, 0x0000000086200000|  0%| F|  |TAMS 0x0000000086100000, 0x0000000086100000| Untracked 
|  60|0x0000000086200000, 0x0000000086200000, 0x0000000086300000|  0%| F|  |TAMS 0x0000000086200000, 0x0000000086200000| Untracked 
|  61|0x0000000086300000, 0x0000000086300000, 0x0000000086400000|  0%| F|  |TAMS 0x0000000086300000, 0x0000000086300000| Untracked 
|  62|0x0000000086400000, 0x0000000086400000, 0x0000000086500000|  0%| F|  |TAMS 0x0000000086400000, 0x0000000086400000| Untracked 
|  63|0x0000000086500000, 0x0000000086500000, 0x0000000086600000|  0%| F|  |TAMS 0x0000000086500000, 0x0000000086500000| Untracked 
|  64|0x0000000086600000, 0x0000000086600000, 0x0000000086700000|  0%| F|  |TAMS 0x0000000086600000, 0x0000000086600000| Untracked 
|  65|0x0000000086700000, 0x0000000086700000, 0x0000000086800000|  0%| F|  |TAMS 0x0000000086700000, 0x0000000086700000| Untracked 
|  66|0x0000000086800000, 0x0000000086800000, 0x0000000086900000|  0%| F|  |TAMS 0x0000000086800000, 0x0000000086800000| Untracked 
|  67|0x0000000086900000, 0x0000000086900000, 0x0000000086a00000|  0%| F|  |TAMS 0x0000000086900000, 0x0000000086900000| Untracked 
|  68|0x0000000086a00000, 0x0000000086a00000, 0x0000000086b00000|  0%| F|  |TAMS 0x0000000086a00000, 0x0000000086a00000| Untracked 
|  69|0x0000000086b00000, 0x0000000086b00000, 0x0000000086c00000|  0%| F|  |TAMS 0x0000000086b00000, 0x0000000086b00000| Untracked 
|  70|0x0000000086c00000, 0x0000000086c00000, 0x0000000086d00000|  0%| F|  |TAMS 0x0000000086c00000, 0x0000000086c00000| Untracked 
|  71|0x0000000086d00000, 0x0000000086d00000, 0x0000000086e00000|  0%| F|  |TAMS 0x0000000086d00000, 0x0000000086d00000| Untracked 
|  72|0x0000000086e00000, 0x0000000086e00000, 0x0000000086f00000|  0%| F|  |TAMS 0x0000000086e00000, 0x0000000086e00000| Untracked 
|  73|0x0000000086f00000, 0x0000000086f00000, 0x0000000087000000|  0%| F|  |TAMS 0x0000000086f00000, 0x0000000086f00000| Untracked 
|  74|0x0000000087000000, 0x0000000087000000, 0x0000000087100000|  0%| F|  |TAMS 0x0000000087000000, 0x0000000087000000| Untracked 
|  75|0x0000000087100000, 0x0000000087118718, 0x0000000087200000|  9%| S|CS|TAMS 0x0000000087100000, 0x0000000087100000| Complete 
|  76|0x0000000087200000, 0x0000000087300000, 0x0000000087300000|100%| S|CS|TAMS 0x0000000087200000, 0x0000000087200000| Complete 
|  77|0x0000000087300000, 0x0000000087300000, 0x0000000087400000|  0%| F|  |TAMS 0x0000000087300000, 0x0000000087300000| Untracked 
|  78|0x0000000087400000, 0x0000000087400000, 0x0000000087500000|  0%| F|  |TAMS 0x0000000087400000, 0x0000000087400000| Untracked 
|  79|0x0000000087500000, 0x0000000087500000, 0x0000000087600000|  0%| F|  |TAMS 0x0000000087500000, 0x0000000087500000| Untracked 
|  80|0x0000000087600000, 0x0000000087600000, 0x0000000087700000|  0%| F|  |TAMS 0x0000000087600000, 0x0000000087600000| Untracked 
|  81|0x0000000087700000, 0x0000000087700000, 0x0000000087800000|  0%| F|  |TAMS 0x0000000087700000, 0x0000000087700000| Untracked 
|  82|0x0000000087800000, 0x0000000087800000, 0x0000000087900000|  0%| F|  |TAMS 0x0000000087800000, 0x0000000087800000| Untracked 
|  83|0x0000000087900000, 0x0000000087900000, 0x0000000087a00000|  0%| F|  |TAMS 0x0000000087900000, 0x0000000087900000| Untracked 
|  84|0x0000000087a00000, 0x0000000087a00000, 0x0000000087b00000|  0%| F|  |TAMS 0x0000000087a00000, 0x0000000087a00000| Untracked 
|  85|0x0000000087b00000, 0x0000000087b00000, 0x0000000087c00000|  0%| F|  |TAMS 0x0000000087b00000, 0x0000000087b00000| Untracked 
|  86|0x0000000087c00000, 0x0000000087c00000, 0x0000000087d00000|  0%| F|  |TAMS 0x0000000087c00000, 0x0000000087c00000| Untracked 
|  87|0x0000000087d00000, 0x0000000087d00000, 0x0000000087e00000|  0%| F|  |TAMS 0x0000000087d00000, 0x0000000087d00000| Untracked 
|  88|0x0000000087e00000, 0x0000000087e00000, 0x0000000087f00000|  0%| F|  |TAMS 0x0000000087e00000, 0x0000000087e00000| Untracked 
|  89|0x0000000087f00000, 0x0000000087f00000, 0x0000000088000000|  0%| F|  |TAMS 0x0000000087f00000, 0x0000000087f00000| Untracked 
|  90|0x0000000088000000, 0x0000000088000000, 0x0000000088100000|  0%| F|  |TAMS 0x0000000088000000, 0x0000000088000000| Untracked 
|  91|0x0000000088100000, 0x0000000088100000, 0x0000000088200000|  0%| F|  |TAMS 0x0000000088100000, 0x0000000088100000| Untracked 
|  92|0x0000000088200000, 0x0000000088200000, 0x0000000088300000|  0%| F|  |TAMS 0x0000000088200000, 0x0000000088200000| Untracked 
|  93|0x0000000088300000, 0x0000000088300000, 0x0000000088400000|  0%| F|  |TAMS 0x0000000088300000, 0x0000000088300000| Untracked 
|  94|0x0000000088400000, 0x0000000088400000, 0x0000000088500000|  0%| F|  |TAMS 0x0000000088400000, 0x0000000088400000| Untracked 
|  95|0x0000000088500000, 0x0000000088500000, 0x0000000088600000|  0%| F|  |TAMS 0x0000000088500000, 0x0000000088500000| Untracked 
|  96|0x0000000088600000, 0x0000000088600000, 0x0000000088700000|  0%| F|  |TAMS 0x0000000088600000, 0x0000000088600000| Untracked 
|  97|0x0000000088700000, 0x0000000088700000, 0x0000000088800000|  0%| F|  |TAMS 0x0000000088700000, 0x0000000088700000| Untracked 
|  98|0x0000000088800000, 0x0000000088800000, 0x0000000088900000|  0%| F|  |TAMS 0x0000000088800000, 0x0000000088800000| Untracked 
|  99|0x0000000088900000, 0x0000000088900000, 0x0000000088a00000|  0%| F|  |TAMS 0x0000000088900000, 0x0000000088900000| Untracked 
| 100|0x0000000088a00000, 0x0000000088a00000, 0x0000000088b00000|  0%| F|  |TAMS 0x0000000088a00000, 0x0000000088a00000| Untracked 
| 101|0x0000000088b00000, 0x0000000088b00000, 0x0000000088c00000|  0%| F|  |TAMS 0x0000000088b00000, 0x0000000088b00000| Untracked 
| 102|0x0000000088c00000, 0x0000000088c00000, 0x0000000088d00000|  0%| F|  |TAMS 0x0000000088c00000, 0x0000000088c00000| Untracked 
| 103|0x0000000088d00000, 0x0000000088d00000, 0x0000000088e00000|  0%| F|  |TAMS 0x0000000088d00000, 0x0000000088d00000| Untracked 
| 104|0x0000000088e00000, 0x0000000088e00000, 0x0000000088f00000|  0%| F|  |TAMS 0x0000000088e00000, 0x0000000088e00000| Untracked 
| 105|0x0000000088f00000, 0x0000000088f00000, 0x0000000089000000|  0%| F|  |TAMS 0x0000000088f00000, 0x0000000088f00000| Untracked 
| 106|0x0000000089000000, 0x0000000089000000, 0x0000000089100000|  0%| F|  |TAMS 0x0000000089000000, 0x0000000089000000| Untracked 
| 107|0x0000000089100000, 0x0000000089100000, 0x0000000089200000|  0%| F|  |TAMS 0x0000000089100000, 0x0000000089100000| Untracked 
| 108|0x0000000089200000, 0x0000000089200000, 0x0000000089300000|  0%| F|  |TAMS 0x0000000089200000, 0x0000000089200000| Untracked 
| 109|0x0000000089300000, 0x0000000089300000, 0x0000000089400000|  0%| F|  |TAMS 0x0000000089300000, 0x0000000089300000| Untracked 
| 110|0x0000000089400000, 0x0000000089400000, 0x0000000089500000|  0%| F|  |TAMS 0x0000000089400000, 0x0000000089400000| Untracked 
| 111|0x0000000089500000, 0x0000000089500000, 0x0000000089600000|  0%| F|  |TAMS 0x0000000089500000, 0x0000000089500000| Untracked 
| 112|0x0000000089600000, 0x0000000089600000, 0x0000000089700000|  0%| F|  |TAMS 0x0000000089600000, 0x0000000089600000| Untracked 
| 113|0x0000000089700000, 0x0000000089700000, 0x0000000089800000|  0%| F|  |TAMS 0x0000000089700000, 0x0000000089700000| Untracked 
| 114|0x0000000089800000, 0x0000000089800000, 0x0000000089900000|  0%| F|  |TAMS 0x0000000089800000, 0x0000000089800000| Untracked 
| 115|0x0000000089900000, 0x0000000089900000, 0x0000000089a00000|  0%| F|  |TAMS 0x0000000089900000, 0x0000000089900000| Untracked 
| 116|0x0000000089a00000, 0x0000000089a00000, 0x0000000089b00000|  0%| F|  |TAMS 0x0000000089a00000, 0x0000000089a00000| Untracked 
| 117|0x0000000089b00000, 0x0000000089b00000, 0x0000000089c00000|  0%| F|  |TAMS 0x0000000089b00000, 0x0000000089b00000| Untracked 
| 118|0x0000000089c00000, 0x0000000089c00000, 0x0000000089d00000|  0%| F|  |TAMS 0x0000000089c00000, 0x0000000089c00000| Untracked 
| 119|0x0000000089d00000, 0x0000000089d00000, 0x0000000089e00000|  0%| F|  |TAMS 0x0000000089d00000, 0x0000000089d00000| Untracked 
| 120|0x0000000089e00000, 0x0000000089e00000, 0x0000000089f00000|  0%| F|  |TAMS 0x0000000089e00000, 0x0000000089e00000| Untracked 
| 121|0x0000000089f00000, 0x0000000089f00000, 0x000000008a000000|  0%| F|  |TAMS 0x0000000089f00000, 0x0000000089f00000| Untracked 
| 122|0x000000008a000000, 0x000000008a000000, 0x000000008a100000|  0%| F|  |TAMS 0x000000008a000000, 0x000000008a000000| Untracked 
| 123|0x000000008a100000, 0x000000008a100000, 0x000000008a200000|  0%| F|  |TAMS 0x000000008a100000, 0x000000008a100000| Untracked 
| 124|0x000000008a200000, 0x000000008a200000, 0x000000008a300000|  0%| F|  |TAMS 0x000000008a200000, 0x000000008a200000| Untracked 
| 125|0x000000008a300000, 0x000000008a300000, 0x000000008a400000|  0%| F|  |TAMS 0x000000008a300000, 0x000000008a300000| Untracked 

Card table byte_map: [0x0000023045530000,0x0000023045920000] _byte_map_base: 0x000002304511d000

Marking Bits (Prev, Next): (CMBitMap*) 0x0000023032ccdd90, (CMBitMap*) 0x0000023032ccdd50
 Prev Bits: [0x0000023047c80000, 0x0000023049be8000)
 Next Bits: [0x0000023045d10000, 0x0000023047c78000)

Polling page: 0x0000023030ab0000

Metaspace:

Usage:
  Non-class:     50.98 MB used.
      Class:      6.72 MB used.
       Both:     57.71 MB used.

Virtual space:
  Non-class space:       56.00 MB reserved,      51.19 MB ( 91%) committed,  7 nodes.
      Class space:        1.00 GB reserved,       6.88 MB ( <1%) committed,  1 nodes.
             Both:        1.05 GB reserved,      58.06 MB (  5%) committed. 

Chunk freelists:
   Non-Class:  816.00 KB
       Class:  1.11 MB
        Both:  1.91 MB

MaxMetaspaceSize: unlimited
CompressedClassSpaceSize: 1.00 GB
Initial GC threshold: 21.00 MB
Current GC threshold: 96.50 MB
CDS: off
MetaspaceReclaimPolicy: balanced
 - commit_granule_bytes: 65536.
 - commit_granule_words: 8192.
 - virtual_space_node_default_size: 1048576.
 - enlarge_chunks_in_place: 1.
 - new_chunks_are_fully_committed: 0.
 - uncommit_free_chunks: 1.
 - use_allocation_guard: 0.
 - handle_deallocations: 1.


Internal statistics:

num_allocs_failed_limit: 3.
num_arena_births: 278.
num_arena_deaths: 0.
num_vsnodes_births: 8.
num_vsnodes_deaths: 0.
num_space_committed: 927.
num_space_uncommitted: 0.
num_chunks_returned_to_freelist: 3.
num_chunks_taken_from_freelist: 2061.
num_chunk_merges: 3.
num_chunk_splits: 1630.
num_chunks_enlarged: 1422.
num_purges: 0.
num_inconsistent_stats: 0.

CodeHeap 'non-profiled nmethods': size=120000Kb used=4169Kb max_used=4169Kb free=115830Kb
 bounds [0x000002303dc10000, 0x000002303e030000, 0x0000023045140000]
CodeHeap 'profiled nmethods': size=120000Kb used=15529Kb max_used=15529Kb free=104470Kb
 bounds [0x0000023036140000, 0x0000023037070000, 0x000002303d670000]
CodeHeap 'non-nmethods': size=5760Kb used=1297Kb max_used=1433Kb free=4462Kb
 bounds [0x000002303d670000, 0x000002303d8e0000, 0x000002303dc10000]
 total_blobs=6903 nmethods=6288 adapters=526
 compilation: enabled
              stopped_count=0, restarted_count=0
 full_count=0

Compilation events (20 events):
Event: 18.971 Thread 0x0000023052fac2c0 nmethod 7150 0x000002303e017f90 code [0x000002303e0183c0, 0x000002303e01c2d0]
Event: 18.973 Thread 0x0000023052fac2c0 7154       4       java.util.LinkedHashMap$LinkedValues::iterator (12 bytes)
Event: 18.974 Thread 0x000002304cc35490 nmethod 7153 0x000002303e01dd90 code [0x000002303e01df00, 0x000002303e01e198]
Event: 18.974 Thread 0x000002304cc35490 7155       4       java.util.HashSet::isEmpty (8 bytes)
Event: 18.975 Thread 0x000002304cc35490 nmethod 7155 0x000002303e01e290 code [0x000002303e01e400, 0x000002303e01e498]
Event: 18.975 Thread 0x000002304cc35490 7156       4       java.util.LinkedHashMap::values (25 bytes)
Event: 18.975 Thread 0x0000023052fac2c0 nmethod 7154 0x000002303e01e590 code [0x000002303e01e720, 0x000002303e01e8f8]
Event: 18.975 Thread 0x0000023052fac2c0 7157       4       org.jetbrains.kotlin.resolve.lazy.descriptors.LazyClassDescriptor::getModality (22 bytes)
Event: 18.976 Thread 0x000002304cc35490 nmethod 7156 0x000002303e01ea10 code [0x000002303e01eba0, 0x000002303e01ed78]
Event: 18.977 Thread 0x000002304cc35490 7159       4       org.jetbrains.kotlin.resolve.DescriptorUtils::getContainingModule (62 bytes)
Event: 18.978 Thread 0x000002304cc35490 nmethod 7159 0x000002303e01ee10 code [0x000002303e01efa0, 0x000002303e01f118]
Event: 18.978 Thread 0x000002304cc35490 7160       4       org.jetbrains.kotlin.resolve.descriptorUtil.DescriptorUtilsKt::isTypeRefinementEnabled (50 bytes)
Event: 18.979 Thread 0x000002304cc35490 nmethod 7160 0x000002303e01f290 code [0x000002303e01f420, 0x000002303e01f4d8]
Event: 18.979 Thread 0x000002304cc35490 7158       4       org.jetbrains.kotlin.resolve.OverridingUtil::filterOutOverridden (61 bytes)
Event: 18.986 Thread 0x0000023052fac2c0 nmethod 7157 0x000002303e01f610 code [0x000002303e01f800, 0x000002303e020288]
Event: 18.986 Thread 0x0000023052fac2c0 7161       4       org.jetbrains.kotlin.resolve.OverridingUtil::filterOverrides (257 bytes)
Event: 18.987 Thread 0x0000023052fac2c0 nmethod 7161 0x000002303e020910 code [0x000002303e020aa0, 0x000002303e020bb8]
Event: 18.987 Thread 0x0000023052fac2c0 7162       4       java.util.LinkedHashMap$LinkedKeySet::size (8 bytes)
Event: 18.988 Thread 0x0000023052fac2c0 nmethod 7162 0x000002303e020d90 code [0x000002303e020f00, 0x000002303e020f98]
Event: 18.996 Thread 0x000002304cc35490 nmethod 7158 0x000002303e021090 code [0x000002303e021280, 0x000002303e021e58]

GC Heap History (20 events):
Event: 9.082 GC heap after
{Heap after GC invocations=22 (full 0):
 garbage-first heap   total 56320K, used 34102K [0x0000000082600000, 0x0000000100000000)
  region size 1024K, 1 young (1024K), 1 survivors (1024K)
 Metaspace       used 49535K, committed 49792K, reserved 1097728K
  class space    used 5916K, committed 6016K, reserved 1048576K
}
Event: 9.173 GC heap before
{Heap before GC invocations=23 (full 0):
 garbage-first heap   total 66560K, used 42294K [0x0000000082600000, 0x0000000100000000)
  region size 1024K, 9 young (9216K), 1 survivors (1024K)
 Metaspace       used 49605K, committed 49856K, reserved 1097728K
  class space    used 5916K, committed 6016K, reserved 1048576K
}
Event: 9.178 GC heap after
{Heap after GC invocations=24 (full 0):
 garbage-first heap   total 66560K, used 36259K [0x0000000082600000, 0x0000000100000000)
  region size 1024K, 2 young (2048K), 2 survivors (2048K)
 Metaspace       used 49605K, committed 49856K, reserved 1097728K
  class space    used 5916K, committed 6016K, reserved 1048576K
}
Event: 9.258 GC heap before
{Heap before GC invocations=24 (full 0):
 garbage-first heap   total 66560K, used 48547K [0x0000000082600000, 0x0000000100000000)
  region size 1024K, 14 young (14336K), 2 survivors (2048K)
 Metaspace       used 49653K, committed 49920K, reserved 1097728K
  class space    used 5916K, committed 6016K, reserved 1048576K
}
Event: 9.261 GC heap after
{Heap after GC invocations=25 (full 0):
 garbage-first heap   total 97280K, used 36210K [0x0000000082600000, 0x0000000100000000)
  region size 1024K, 2 young (2048K), 2 survivors (2048K)
 Metaspace       used 49653K, committed 49920K, reserved 1097728K
  class space    used 5916K, committed 6016K, reserved 1048576K
}
Event: 12.342 GC heap before
{Heap before GC invocations=26 (full 0):
 garbage-first heap   total 97280K, used 67954K [0x0000000082600000, 0x0000000100000000)
  region size 1024K, 33 young (33792K), 2 survivors (2048K)
 Metaspace       used 53142K, committed 53440K, reserved 1097728K
  class space    used 6290K, committed 6464K, reserved 1048576K
}
Event: 12.351 GC heap after
{Heap after GC invocations=27 (full 0):
 garbage-first heap   total 97280K, used 39841K [0x0000000082600000, 0x0000000100000000)
  region size 1024K, 5 young (5120K), 5 survivors (5120K)
 Metaspace       used 53142K, committed 53440K, reserved 1097728K
  class space    used 6290K, committed 6464K, reserved 1048576K
}
Event: 12.500 GC heap before
{Heap before GC invocations=27 (full 0):
 garbage-first heap   total 97280K, used 40865K [0x0000000082600000, 0x0000000100000000)
  region size 1024K, 6 young (6144K), 5 survivors (5120K)
 Metaspace       used 53187K, committed 53504K, reserved 1097728K
  class space    used 6291K, committed 6464K, reserved 1048576K
}
Event: 12.507 GC heap after
{Heap after GC invocations=28 (full 0):
 garbage-first heap   total 97280K, used 40364K [0x0000000082600000, 0x0000000100000000)
  region size 1024K, 1 young (1024K), 1 survivors (1024K)
 Metaspace       used 53187K, committed 53504K, reserved 1097728K
  class space    used 6291K, committed 6464K, reserved 1048576K
}
Event: 15.380 GC heap before
{Heap before GC invocations=28 (full 0):
 garbage-first heap   total 97280K, used 71084K [0x0000000082600000, 0x0000000100000000)
  region size 1024K, 31 young (31744K), 1 survivors (1024K)
 Metaspace       used 58400K, committed 58624K, reserved 1105920K
  class space    used 6850K, committed 6976K, reserved 1048576K
}
Event: 15.395 GC heap after
{Heap after GC invocations=29 (full 0):
 garbage-first heap   total 97280K, used 45752K [0x0000000082600000, 0x0000000100000000)
  region size 1024K, 4 young (4096K), 4 survivors (4096K)
 Metaspace       used 58400K, committed 58624K, reserved 1105920K
  class space    used 6850K, committed 6976K, reserved 1048576K
}
Event: 16.423 GC heap before
{Heap before GC invocations=29 (full 0):
 garbage-first heap   total 97280K, used 72376K [0x0000000082600000, 0x0000000100000000)
  region size 1024K, 30 young (30720K), 4 survivors (4096K)
 Metaspace       used 58808K, committed 59072K, reserved 1105920K
  class space    used 6863K, committed 6976K, reserved 1048576K
}
Event: 16.441 GC heap after
{Heap after GC invocations=30 (full 0):
 garbage-first heap   total 97280K, used 50612K [0x0000000082600000, 0x0000000100000000)
  region size 1024K, 4 young (4096K), 4 survivors (4096K)
 Metaspace       used 58808K, committed 59072K, reserved 1105920K
  class space    used 6863K, committed 6976K, reserved 1048576K
}
Event: 18.115 GC heap before
{Heap before GC invocations=30 (full 0):
 garbage-first heap   total 97280K, used 74164K [0x0000000082600000, 0x0000000100000000)
  region size 1024K, 27 young (27648K), 4 survivors (4096K)
 Metaspace       used 58999K, committed 59264K, reserved 1105920K
  class space    used 6867K, committed 6976K, reserved 1048576K
}
Event: 18.131 GC heap after
{Heap after GC invocations=31 (full 0):
 garbage-first heap   total 97280K, used 55068K [0x0000000082600000, 0x0000000100000000)
  region size 1024K, 4 young (4096K), 4 survivors (4096K)
 Metaspace       used 58999K, committed 59264K, reserved 1105920K
  class space    used 6867K, committed 6976K, reserved 1048576K
}
Event: 18.556 GC heap before
{Heap before GC invocations=32 (full 0):
 garbage-first heap   total 97280K, used 75548K [0x0000000082600000, 0x0000000100000000)
  region size 1024K, 24 young (24576K), 4 survivors (4096K)
 Metaspace       used 59001K, committed 59264K, reserved 1105920K
  class space    used 6869K, committed 6976K, reserved 1048576K
}
Event: 18.570 GC heap after
{Heap after GC invocations=33 (full 0):
 garbage-first heap   total 97280K, used 59204K [0x0000000082600000, 0x0000000100000000)
  region size 1024K, 3 young (3072K), 3 survivors (3072K)
 Metaspace       used 59001K, committed 59264K, reserved 1105920K
  class space    used 6869K, committed 6976K, reserved 1048576K
}
Event: 18.574 GC heap before
{Heap before GC invocations=33 (full 0):
 garbage-first heap   total 97280K, used 60228K [0x0000000082600000, 0x0000000100000000)
  region size 1024K, 4 young (4096K), 3 survivors (3072K)
 Metaspace       used 59001K, committed 59264K, reserved 1105920K
  class space    used 6869K, committed 6976K, reserved 1048576K
}
Event: 18.586 GC heap after
{Heap after GC invocations=34 (full 0):
 garbage-first heap   total 97280K, used 59930K [0x0000000082600000, 0x0000000100000000)
  region size 1024K, 1 young (1024K), 1 survivors (1024K)
 Metaspace       used 59001K, committed 59264K, reserved 1105920K
  class space    used 6869K, committed 6976K, reserved 1048576K
}
Event: 19.037 GC heap before
{Heap before GC invocations=34 (full 0):
 garbage-first heap   total 97280K, used 77338K [0x0000000082600000, 0x0000000100000000)
  region size 1024K, 18 young (18432K), 1 survivors (1024K)
 Metaspace       used 59092K, committed 59456K, reserved 1105920K
  class space    used 6885K, committed 7040K, reserved 1048576K
}

Dll operation events (2 events):
Event: 0.033 Loaded shared library E:\Android studio 2022.1.3\jbr\bin\java.dll
Event: 3.170 Loaded shared library E:\Android studio 2022.1.3\jbr\bin\verify.dll

Deoptimization events (20 events):
Event: 18.612 Thread 0x0000023032c714a0 Uncommon trap: trap_request=0xffffffde fr.pc=0x000002303dff22f4 relative=0x0000000000000af4
Event: 18.612 Thread 0x0000023032c714a0 Uncommon trap: reason=class_check action=maybe_recompile pc=0x000002303dff22f4 method=org.jetbrains.kotlin.com.google.common.collect.AbstractMapBasedMultimap.get(Ljava/lang/Object;)Ljava/util/Collection; @ 10 c2
Event: 18.612 Thread 0x0000023032c714a0 DEOPT PACKING pc=0x000002303dff22f4 sp=0x0000004a120fe490
Event: 18.612 Thread 0x0000023032c714a0 DEOPT UNPACKING pc=0x000002303d6c69a3 sp=0x0000004a120fe478 mode 2
Event: 18.613 Thread 0x0000023032c714a0 Uncommon trap: trap_request=0xffffffc6 fr.pc=0x000002303dfed7c0 relative=0x00000000000006e0
Event: 18.613 Thread 0x0000023032c714a0 Uncommon trap: reason=bimorphic_or_optimized_type_check action=maybe_recompile pc=0x000002303dfed7c0 method=org.jetbrains.kotlin.com.google.common.collect.AbstractMapBasedMultimap$WrappedCollection.refreshIfEmpty()V @ 40 c2
Event: 18.613 Thread 0x0000023032c714a0 DEOPT PACKING pc=0x000002303dfed7c0 sp=0x0000004a120fe600
Event: 18.613 Thread 0x0000023032c714a0 DEOPT UNPACKING pc=0x000002303d6c69a3 sp=0x0000004a120fe558 mode 2
Event: 18.613 Thread 0x0000023032c714a0 Uncommon trap: trap_request=0xffffffde fr.pc=0x000002303dff22f4 relative=0x0000000000000af4
Event: 18.613 Thread 0x0000023032c714a0 Uncommon trap: reason=class_check action=maybe_recompile pc=0x000002303dff22f4 method=org.jetbrains.kotlin.com.google.common.collect.AbstractMapBasedMultimap.get(Ljava/lang/Object;)Ljava/util/Collection; @ 10 c2
Event: 18.613 Thread 0x0000023032c714a0 DEOPT PACKING pc=0x000002303dff22f4 sp=0x0000004a120fe490
Event: 18.613 Thread 0x0000023032c714a0 DEOPT UNPACKING pc=0x000002303d6c69a3 sp=0x0000004a120fe478 mode 2
Event: 18.613 Thread 0x0000023032c714a0 Uncommon trap: trap_request=0xffffffc6 fr.pc=0x000002303dfed7c0 relative=0x00000000000006e0
Event: 18.613 Thread 0x0000023032c714a0 Uncommon trap: reason=bimorphic_or_optimized_type_check action=maybe_recompile pc=0x000002303dfed7c0 method=org.jetbrains.kotlin.com.google.common.collect.AbstractMapBasedMultimap$WrappedCollection.refreshIfEmpty()V @ 40 c2
Event: 18.613 Thread 0x0000023032c714a0 DEOPT PACKING pc=0x000002303dfed7c0 sp=0x0000004a120fe600
Event: 18.613 Thread 0x0000023032c714a0 DEOPT UNPACKING pc=0x000002303d6c69a3 sp=0x0000004a120fe558 mode 2
Event: 18.613 Thread 0x0000023032c714a0 Uncommon trap: trap_request=0xffffffc6 fr.pc=0x000002303dfd2030 relative=0x0000000000000650
Event: 18.613 Thread 0x0000023032c714a0 Uncommon trap: reason=bimorphic_or_optimized_type_check action=maybe_recompile pc=0x000002303dfd2030 method=org.jetbrains.kotlin.com.google.common.collect.AbstractMapBasedMultimap$WrappedCollection.refreshIfEmpty()V @ 40 c2
Event: 18.613 Thread 0x0000023032c714a0 DEOPT PACKING pc=0x000002303dfd2030 sp=0x0000004a120fe5a0
Event: 18.613 Thread 0x0000023032c714a0 DEOPT UNPACKING pc=0x000002303d6c69a3 sp=0x0000004a120fe558 mode 2

Classes unloaded (0 events):
No events

Classes redefined (0 events):
No events

Internal exceptions (20 events):
Event: 7.656 Thread 0x0000023032c714a0 Exception <a 'java/lang/NoSuchMethodError'{0x0000000088409d18}: 'java.lang.Object java.lang.invoke.DirectMethodHandle$Holder.newInvokeSpecial(java.lang.Object, java.lang.Object, int)'> (0x0000000088409d18) 
thrown [s\src\hotspot\share\interpreter\linkResolver.cpp, line 771]
Event: 7.701 Thread 0x0000023032c714a0 Exception <a 'java/lang/NoSuchMethodError'{0x0000000085170fd8}: 'java.lang.Object java.lang.invoke.DirectMethodHandle$Holder.invokeInterface(java.lang.Object, java.lang.Object)'> (0x0000000085170fd8) 
thrown [s\src\hotspot\share\interpreter\linkResolver.cpp, line 771]
Event: 8.221 Thread 0x0000023032c714a0 Exception <a 'java/lang/NoSuchMethodError'{0x0000000084da5790}: 'java.lang.Object java.lang.invoke.DirectMethodHandle$Holder.newInvokeSpecial(java.lang.Object, java.lang.Object, java.lang.Object, int)'> (0x0000000084da5790) 
thrown [s\src\hotspot\share\interpreter\linkResolver.cpp, line 771]
Event: 8.222 Thread 0x0000023032c714a0 Exception <a 'java/lang/NoSuchMethodError'{0x0000000084da9e18}: 'java.lang.Object java.lang.invoke.DirectMethodHandle$Holder.invokeSpecial(java.lang.Object, java.lang.Object, java.lang.Object, java.lang.Object, int)'> (0x0000000084da9e18) 
thrown [s\src\hotspot\share\interpreter\linkResolver.cpp, line 771]
Event: 8.222 Thread 0x0000023032c714a0 Exception <a 'java/lang/NoSuchMethodError'{0x0000000084dadc88}: 'java.lang.Object java.lang.invoke.Invokers$Holder.linkToTargetMethod(java.lang.Object, java.lang.Object, int, java.lang.Object)'> (0x0000000084dadc88) 
thrown [s\src\hotspot\share\interpreter\linkResolver.cpp, line 771]
Event: 11.007 Thread 0x0000023032c714a0 Exception <a 'java/lang/NoSuchMethodError'{0x00000000870e9ef8}: 'java.lang.Object java.lang.invoke.DirectMethodHandle$Holder.newInvokeSpecial(java.lang.Object, java.lang.Object, java.lang.Object, java.lang.Object, java.lang.Object, java.lang.Object, java.lang.Object, java.lang.Object)'> (0x00000000870e9ef8) 
thrown [s\src\hotspot\share\interpreter\linkResolver.cpp, line 771]
Event: 11.008 Thread 0x0000023032c714a0 Exception <a 'java/lang/NoSuchMethodError'{0x00000000870ef510}: 'java.lang.Object java.lang.invoke.DirectMethodHandle$Holder.invokeSpecial(java.lang.Object, java.lang.Object, java.lang.Object, java.lang.Object, java.lang.Object, java.lang.Object, java.lang.Object, java.lang.Object, java.lang.Object)'> (0x00000000870ef510) 
thrown [s\src\hotspot\share\interpreter\linkResolver.cpp, line 771]
Event: 11.008 Thread 0x0000023032c714a0 Exception <a 'java/lang/NoSuchMethodError'{0x00000000870f4440}: 'java.lang.Object java.lang.invoke.Invokers$Holder.linkToTargetMethod(java.lang.Object, java.lang.Object, java.lang.Object, java.lang.Object, java.lang.Object, java.lang.Object, java.lang.Object, java.lang.Object)'> (0x00000000870f4440) 
thrown [s\src\hotspot\share\interpreter\linkResolver.cpp, line 771]
Event: 13.844 Thread 0x0000023032c714a0 Exception <a 'java/lang/NoSuchMethodError'{0x0000000087b8da40}: 'void java.lang.invoke.DirectMethodHandle$Holder.invokeInterface(java.lang.Object, java.lang.Object)'> (0x0000000087b8da40) 
thrown [s\src\hotspot\share\interpreter\linkResolver.cpp, line 771]
Event: 13.877 Thread 0x0000023032c714a0 Exception <a 'java/lang/NoSuchMethodError'{0x0000000087a9b9f0}: 'java.lang.Object java.lang.invoke.DirectMethodHandle$Holder.invokeStatic(java.lang.Object, java.lang.Object, java.lang.Object, java.lang.Object, int)'> (0x0000000087a9b9f0) 
thrown [s\src\hotspot\share\interpreter\linkResolver.cpp, line 771]
Event: 13.877 Thread 0x0000023032c714a0 Exception <a 'java/lang/NoSuchMethodError'{0x0000000087aa56d8}: 'java.lang.Object java.lang.invoke.DirectMethodHandle$Holder.newInvokeSpecial(java.lang.Object, java.lang.Object, java.lang.Object, java.lang.Object, int)'> (0x0000000087aa56d8) 
thrown [s\src\hotspot\share\interpreter\linkResolver.cpp, line 771]
Event: 13.878 Thread 0x0000023032c714a0 Exception <a 'java/lang/NoSuchMethodError'{0x0000000087aaa208}: 'java.lang.Object java.lang.invoke.DirectMethodHandle$Holder.invokeSpecial(java.lang.Object, java.lang.Object, java.lang.Object, java.lang.Object, java.lang.Object, int)'> (0x0000000087aaa208) 
thrown [s\src\hotspot\share\interpreter\linkResolver.cpp, line 771]
Event: 13.878 Thread 0x0000023032c714a0 Exception <a 'java/lang/NoSuchMethodError'{0x0000000087aae6e8}: 'java.lang.Object java.lang.invoke.Invokers$Holder.linkToTargetMethod(java.lang.Object, java.lang.Object, java.lang.Object, int, java.lang.Object)'> (0x0000000087aae6e8) 
thrown [s\src\hotspot\share\interpreter\linkResolver.cpp, line 771]
Event: 14.811 Thread 0x0000023032c714a0 Exception <a 'java/lang/NoSuchMethodError'{0x0000000086fed340}: 'java.lang.Object java.lang.invoke.DirectMethodHandle$Holder.invokeStaticInit(java.lang.Object, java.lang.Object, java.lang.Object)'> (0x0000000086fed340) 
thrown [s\src\hotspot\share\interpreter\linkResolver.cpp, line 771]
Event: 14.905 Thread 0x0000023032c714a0 Implicit null exception at 0x000002303de8ae40 to 0x000002303de8b3d8
Event: 14.905 Thread 0x0000023032c714a0 Implicit null exception at 0x000002303de9828f to 0x000002303de982cc
Event: 14.912 Thread 0x0000023032c714a0 Exception <a 'java/lang/NoSuchMethodError'{0x0000000086e32c28}: 'java.lang.Object java.lang.invoke.DirectMethodHandle$Holder.newInvokeSpecial(java.lang.Object, int, java.lang.Object)'> (0x0000000086e32c28) 
thrown [s\src\hotspot\share\interpreter\linkResolver.cpp, line 771]
Event: 14.914 Thread 0x0000023032c714a0 Exception <a 'java/lang/NoSuchMethodError'{0x0000000086e39010}: 'int java.lang.invoke.DirectMethodHandle$Holder.invokeInterface(java.lang.Object, java.lang.Object)'> (0x0000000086e39010) 
thrown [s\src\hotspot\share\interpreter\linkResolver.cpp, line 771]
Event: 14.980 Thread 0x0000023032c714a0 Implicit null exception at 0x000002303dc5e68e to 0x000002303dc5e910
Event: 14.980 Thread 0x0000023032c714a0 Implicit null exception at 0x000002303dc7248f to 0x000002303dc72509

VM Operations (20 events):
Event: 16.107 Executing VM operation: ICBufferFull done
Event: 16.423 Executing VM operation: G1CollectForAllocation
Event: 16.441 Executing VM operation: G1CollectForAllocation done
Event: 17.364 Executing VM operation: ICBufferFull
Event: 17.365 Executing VM operation: ICBufferFull done
Event: 18.115 Executing VM operation: G1CollectForAllocation
Event: 18.148 Executing VM operation: G1CollectForAllocation done
Event: 18.218 Executing VM operation: G1Concurrent
Event: 18.225 Executing VM operation: G1Concurrent done
Event: 18.262 Executing VM operation: G1Concurrent
Event: 18.263 Executing VM operation: G1Concurrent done
Event: 18.556 Executing VM operation: G1CollectForAllocation
Event: 18.570 Executing VM operation: G1CollectForAllocation done
Event: 18.574 Executing VM operation: G1CollectForAllocation
Event: 18.586 Executing VM operation: G1CollectForAllocation done
Event: 18.606 Executing VM operation: HandshakeAllThreads
Event: 18.606 Executing VM operation: HandshakeAllThreads done
Event: 18.962 Executing VM operation: HandshakeAllThreads
Event: 18.981 Executing VM operation: HandshakeAllThreads done
Event: 19.037 Executing VM operation: G1CollectForAllocation

Events (20 events):
Event: 13.972 Thread 0x000002304cc3b320 flushing nmethod 0x0000023036a21590
Event: 13.972 Thread 0x000002304cc3b320 flushing nmethod 0x0000023036a6b010
Event: 13.972 Thread 0x000002304cc3b320 flushing nmethod 0x0000023036a71290
Event: 13.972 Thread 0x000002304cc3b320 flushing nmethod 0x0000023036a88b10
Event: 13.972 Thread 0x000002304cc3b320 flushing nmethod 0x0000023036aafd90
Event: 13.972 Thread 0x000002304cc3b320 flushing nmethod 0x0000023036ac2710
Event: 13.972 Thread 0x000002304cc3b320 flushing nmethod 0x0000023036ac9890
Event: 13.972 Thread 0x000002304cc3b320 flushing nmethod 0x0000023036acaf90
Event: 13.972 Thread 0x000002304cc3b320 flushing nmethod 0x0000023036acf990
Event: 13.972 Thread 0x000002304cc3b320 flushing nmethod 0x0000023036b29910
Event: 13.972 Thread 0x000002304cc3b320 flushing nmethod 0x0000023036b2ea10
Event: 13.972 Thread 0x000002304cc3b320 flushing nmethod 0x0000023036b41290
Event: 14.245 loading class java/util/RegularEnumSet$EnumSetIterator
Event: 14.245 loading class java/util/RegularEnumSet$EnumSetIterator done
Event: 14.477 loading class java/util/ComparableTimSort
Event: 14.478 loading class java/util/ComparableTimSort done
Event: 14.908 Thread 0x000002304d20ab30 Thread exited: 0x000002304d20ab30
Event: 15.029 Thread 0x000002304d012890 Thread added: 0x000002304d012890
Event: 16.804 Thread 0x000002304d012890 Thread exited: 0x000002304d012890
Event: 17.657 Thread 0x0000023052fac2c0 Thread added: 0x0000023052fac2c0


Dynamic libraries:
0x00007ff65d770000 - 0x00007ff65d77a000 	E:\Android studio 2022.1.3\jbr\bin\java.exe
0x00007ffa3f630000 - 0x00007ffa3f828000 	C:\WINDOWS\SYSTEM32\ntdll.dll
0x00007ffa21790000 - 0x00007ffa217a9000 	C:\Program Files\Avast Software\Avast\aswhook.dll
0x00007ffa3f2b0000 - 0x00007ffa3f36f000 	C:\WINDOWS\System32\KERNEL32.DLL
0x00007ffa3d090000 - 0x00007ffa3d386000 	C:\WINDOWS\System32\KERNELBASE.dll
0x00007ffa3d590000 - 0x00007ffa3d690000 	C:\WINDOWS\System32\ucrtbase.dll
0x00007ffa1fdf0000 - 0x00007ffa1fe07000 	E:\Android studio 2022.1.3\jbr\bin\jli.dll
0x00007ffa26340000 - 0x00007ffa2635b000 	E:\Android studio 2022.1.3\jbr\bin\VCRUNTIME140.dll
0x00007ffa3e240000 - 0x00007ffa3e3dd000 	C:\WINDOWS\System32\USER32.dll
0x00007ffa3d060000 - 0x00007ffa3d082000 	C:\WINDOWS\System32\win32u.dll
0x00007ffa3e000000 - 0x00007ffa3e02c000 	C:\WINDOWS\System32\GDI32.dll
0x00007ffa1fa40000 - 0x00007ffa1fcda000 	C:\WINDOWS\WinSxS\amd64_microsoft.windows.common-controls_6595b64144ccf1df_6.0.19041.1110_none_60b5254171f9507e\COMCTL32.dll
0x00007ffa3cf40000 - 0x00007ffa3d055000 	C:\WINDOWS\System32\gdi32full.dll
0x00007ffa3cd40000 - 0x00007ffa3cddd000 	C:\WINDOWS\System32\msvcp_win.dll
0x00007ffa3df60000 - 0x00007ffa3dffe000 	C:\WINDOWS\System32\msvcrt.dll
0x00007ffa3ec60000 - 0x00007ffa3ec90000 	C:\WINDOWS\System32\IMM32.DLL
0x00007ffa26c80000 - 0x00007ffa26c8c000 	E:\Android studio 2022.1.3\jbr\bin\vcruntime140_1.dll
0x00007ff9ecec0000 - 0x00007ff9ecf4d000 	E:\Android studio 2022.1.3\jbr\bin\msvcp140.dll
0x00007ff9c2f20000 - 0x00007ff9c3b8e000 	E:\Android studio 2022.1.3\jbr\bin\server\jvm.dll
0x00007ffa3e3e0000 - 0x00007ffa3e48f000 	C:\WINDOWS\System32\ADVAPI32.dll
0x00007ffa3f210000 - 0x00007ffa3f2ac000 	C:\WINDOWS\System32\sechost.dll
0x00007ffa3f4c0000 - 0x00007ffa3f5e6000 	C:\WINDOWS\System32\RPCRT4.dll
0x00007ffa1fe60000 - 0x00007ffa1fe87000 	C:\WINDOWS\SYSTEM32\WINMM.dll
0x00007ffa2b3e0000 - 0x00007ffa2b3e9000 	C:\WINDOWS\SYSTEM32\WSOCK32.dll
0x00007ffa374b0000 - 0x00007ffa374ba000 	C:\WINDOWS\SYSTEM32\VERSION.dll
0x00007ffa3ebf0000 - 0x00007ffa3ec5b000 	C:\WINDOWS\System32\ws2_32.DLL
0x00007ffa3aba0000 - 0x00007ffa3abb2000 	C:\WINDOWS\SYSTEM32\kernel.appcore.dll
0x00007ffa387e0000 - 0x00007ffa387ea000 	E:\Android studio 2022.1.3\jbr\bin\jimage.dll
0x00007ffa2eff0000 - 0x00007ffa2f1d4000 	C:\WINDOWS\SYSTEM32\DBGHELP.DLL
0x00007ffa2eeb0000 - 0x00007ffa2eee4000 	C:\WINDOWS\SYSTEM32\dbgcore.DLL
0x00007ffa3d3e0000 - 0x00007ffa3d462000 	C:\WINDOWS\System32\bcryptPrimitives.dll
0x00007ffa26300000 - 0x00007ffa26325000 	E:\Android studio 2022.1.3\jbr\bin\java.dll
0x00007ffa26360000 - 0x00007ffa26378000 	E:\Android studio 2022.1.3\jbr\bin\zip.dll
0x00007ffa3e490000 - 0x00007ffa3ebd4000 	C:\WINDOWS\System32\SHELL32.dll
0x00007ffa3ada0000 - 0x00007ffa3b533000 	C:\WINDOWS\SYSTEM32\windows.storage.dll
0x00007ffa3d8a0000 - 0x00007ffa3dbf4000 	C:\WINDOWS\System32\combase.dll
0x00007ffa3c5a0000 - 0x00007ffa3c5ce000 	C:\WINDOWS\SYSTEM32\Wldp.dll
0x00007ffa3dcd0000 - 0x00007ffa3dd7d000 	C:\WINDOWS\System32\SHCORE.dll
0x00007ffa3e1e0000 - 0x00007ffa3e235000 	C:\WINDOWS\System32\shlwapi.dll
0x00007ffa3cc50000 - 0x00007ffa3cc6f000 	C:\WINDOWS\SYSTEM32\profapi.dll
0x00007ffa201e0000 - 0x00007ffa201f9000 	E:\Android studio 2022.1.3\jbr\bin\net.dll
0x00007ffa34560000 - 0x00007ffa3466a000 	C:\WINDOWS\SYSTEM32\WINHTTP.dll
0x00007ffa3c380000 - 0x00007ffa3c3ea000 	C:\WINDOWS\system32\mswsock.dll
0x00007ffa1fe10000 - 0x00007ffa1fe26000 	E:\Android studio 2022.1.3\jbr\bin\nio.dll
0x00007ffa387b0000 - 0x00007ffa387c0000 	E:\Android studio 2022.1.3\jbr\bin\verify.dll

dbghelp: loaded successfully - version: 4.0.5 - missing functions: none
symbol engine: initialized successfully - sym options: 0x614 - pdb path: .;E:\Android studio 2022.1.3\jbr\bin;C:\WINDOWS\SYSTEM32;C:\Program Files\Avast Software\Avast;C:\WINDOWS\WinSxS\amd64_microsoft.windows.common-controls_6595b64144ccf1df_6.0.19041.1110_none_60b5254171f9507e;E:\Android studio 2022.1.3\jbr\bin\server

VM Arguments:
java_command: org.jetbrains.kotlin.cli.jvm.K2JVMCompiler @C:\Users\Thoriso Tumelo\AndroidStudioProjects\Mvula-Trust-Application\app\build\20231114_6701956654598623046.compiler.options
java_class_path (initial): C:\Users\Thoriso Tumelo\.gradle\caches\modules-2\files-2.1\org.jetbrains.kotlin\kotlin-compiler-embeddable\1.8.0\eb9118d4bcceaa2a94b2ae2a33a4ddba7c9a947f\kotlin-compiler-embeddable-1.8.0.jar;C:\Users\Thoriso Tumelo\.gradle\caches\modules-2\files-2.1\org.jetbrains.kotlin\kotlin-stdlib\1.8.0\1796921c7a3e2e2665a83e6c8d33399336cd39bc\kotlin-stdlib-1.8.0.jar;C:\Users\Thoriso Tumelo\.gradle\caches\modules-2\files-2.1\org.jetbrains.kotlin\kotlin-script-runtime\1.8.0\b2f7e760d283cb339974851c222a4c1d48f2d3d\kotlin-script-runtime-1.8.0.jar;C:\Users\Thoriso Tumelo\.gradle\caches\modules-2\files-2.1\org.jetbrains.kotlin\kotlin-reflect\1.6.10\1cbe9c92c12a94eea200d23c2bbaedaf3daf5132\kotlin-reflect-1.6.10.jar;C:\Users\Thoriso Tumelo\.gradle\caches\modules-2\files-2.1\org.jetbrains.kotlin\kotlin-daemon-embeddable\1.8.0\d255216c551685dc3a7e852b53617f5f01aaaa5c\kotlin-daemon-embeddable-1.8.0.jar;C:\Users\Thoriso Tumelo\.gradle\caches\modules-2\files-2.1\org.jetbrains.intellij.deps\trove4j\1.0.20200330\3afb14d5f9ceb459d724e907a21145e8ff394f02\trove4j-1.0.20200330.jar;C:\Users\Thoriso Tumelo\.gradle\caches\modules-2\files-2.1\net.java.dev.jna\jna\5.6.0\330f2244e9030119ab3030fc3fededc86713d9cc\jna-5.6.0.jar;C:\Users\Thoriso Tumelo\.gradle\caches\modules-2\files-2.1\org.jetbrains.kotlin\kotlin-stdlib-common\1.8.0\f7197e7cc76453ac59f8b0f8d5137cc600becd36\kotlin-stdlib-common-1.8.0.jar;C:\Users\Thoriso Tumelo\.gradle\caches\modules-2\files-2.1\org.jetbrains\annotations\13.0\919f0dfe192fb4e063e7dacadee7f8bb9a2672a9\annotations-13.0.jar
Launcher Type: SUN_STANDARD

[Global flags]
     intx CICompilerCount                          = 3                                         {product} {ergonomic}
     uint ConcGCThreads                            = 1                                         {product} {ergonomic}
     uint G1ConcRefinementThreads                  = 4                                         {product} {ergonomic}
   size_t G1HeapRegionSize                         = 1048576                                   {product} {ergonomic}
    uintx GCDrainStackTargetSize                   = 64                                        {product} {ergonomic}
   size_t InitialHeapSize                          = 132120576                                 {product} {ergonomic}
   size_t MarkStackSize                            = 4194304                                   {product} {ergonomic}
   size_t MaxHeapSize                              = 2107637760                                {product} {ergonomic}
   size_t MaxNewSize                               = 1264582656                                {product} {ergonomic}
   size_t MinHeapDeltaBytes                        = 1048576                                   {product} {ergonomic}
   size_t MinHeapSize                              = 8388608                                   {product} {ergonomic}
    uintx NonNMethodCodeHeapSize                   = 5832780                                {pd product} {ergonomic}
    uintx NonProfiledCodeHeapSize                  = 122912730                              {pd product} {ergonomic}
    uintx ProfiledCodeHeapSize                     = 122912730                              {pd product} {ergonomic}
    uintx ReservedCodeCacheSize                    = 251658240                              {pd product} {ergonomic}
     bool SegmentedCodeCache                       = true                                      {product} {ergonomic}
   size_t SoftMaxHeapSize                          = 2107637760                             {manageable} {ergonomic}
     bool UseCompressedClassPointers               = true                           {product lp64_product} {ergonomic}
     bool UseCompressedOops                        = true                           {product lp64_product} {ergonomic}
     bool UseG1GC                                  = true                                      {product} {ergonomic}
     bool UseLargePagesIndividualAllocation        = false                                  {pd product} {ergonomic}

Logging:
Log output configuration:
 #0: stdout all=warning uptime,level,tags
 #1: stderr all=off uptime,level,tags

Environment Variables:
PATH=C:\WINDOWS\system32;C:\WINDOWS;C:\WINDOWS\System32\Wbem;C:\WINDOWS\System32\WindowsPowerShell\v1.0\;C:\WINDOWS\System32\OpenSSH\;C:\Program Files\Git\cmd;C:\Users\Thoriso Tumelo\AppData\Local\Microsoft\WindowsApps
USERNAME=Thoriso Tumelo
OS=Windows_NT
PROCESSOR_IDENTIFIER=Intel64 Family 6 Model 158 Stepping 11, GenuineIntel
TMP=C:\Users\THORIS~1\AppData\Local\Temp
TEMP=C:\Users\THORIS~1\AppData\Local\Temp


JNI global refs:
JNI global refs: 8, weak refs: 0

JNI global refs memory usage: 843, weak refs: 841


---------------  S Y S T E M  ---------------

OS:
 Windows 10 , 64 bit Build 19041 (10.0.19041.3031)
OS uptime: 0 days 7:29 hours
Hyper-V role detected

CPU: total 4 (initial active 4) (4 cores per cpu, 1 threads per core) family 6 model 158 stepping 11 microcode 0xb4, cx8, cmov, fxsr, mmx, 3dnowpref, sse, sse2, sse3, ssse3, sse4.1, sse4.2, popcnt, lzcnt, tsc, tscinvbit, avx, avx2, aes, erms, clmul, bmi1, bmi2, adx, fma, vzeroupper, clflush, clflushopt, hv

Memory: 4k page, system-wide physical 8035M (907M free)
TotalPageFile size 9562M (AvailPageFile size 121M)
current process WorkingSet (physical memory assigned to process): 261M, peak: 273M
current process commit charge ("private bytes"): 321M, peak: 436M

vm_info: OpenJDK 64-Bit Server VM (17.0.6+0-b2043.56-10027231) for windows-amd64 JRE (17.0.6+0-b2043.56-10027231), built on Apr 28 2023 00:43:19 by "androidbuild" with MS VC++ 16.10 / 16.11 (VS2019)

END.
