#
# There is insufficient memory for the Java Runtime Environment to continue.
# Native memory allocation (mmap) failed to map 16777216 bytes for G1 virtual space
# Possible reasons:
#   The system is out of physical RAM or swap space
#   The process is running with CompressedOops enabled, and the Java Heap may be blocking the growth of the native heap
# Possible solutions:
#   Reduce memory load on the system
#   Increase physical memory or swap space
#   Check if swap backing store is full
#   Decrease Java heap size (-Xmx/-Xms)
#   Decrease number of Java threads
#   Decrease Java thread stack sizes (-Xss)
#   Set larger code cache with -XX:ReservedCodeCacheSize=
#   JVM is running with Unscaled Compressed Oops mode in which the Java heap is
#     placed in the first 4GB address space. The Java Heap base address is the
#     maximum limit for the native heap growth. Please use -XX:HeapBaseMinAddress
#     to set the Java Heap base and to place the Java Heap above 4GB virtual address.
# This output file may be truncated or incomplete.
#
#  Out of Memory Error (os_windows.cpp:3769), pid=10640, tid=10088
#
# JRE version: OpenJDK Runtime Environment (17.0.6) (build 17.0.6+0-b2043.56-10027231)
# Java VM: OpenJDK 64-Bit Server VM (17.0.6+0-b2043.56-10027231, mixed mode, tiered, compressed oops, compressed class ptrs, g1 gc, windows-amd64)
# No core dump will be written. Minidumps are not enabled by default on client versions of Windows
#

---------------  S U M M A R Y ------------

Command Line: org.jetbrains.kotlin.cli.jvm.K2JVMCompiler @C:\Users\Thoriso Tumelo\AndroidStudioProjects\Mvula-Trust-Application\app\build\20231103_16371603984462197086.compiler.options

Host: Intel(R) Core(TM) i3-8100T CPU @ 3.10GHz, 4 cores, 7G,  Windows 10 , 64 bit Build 19041 (10.0.19041.3031)
Time: Fri Nov  3 17:50:19 2023 South Africa Standard Time elapsed time: 3.689069 seconds (0d 0h 0m 3s)

---------------  T H R E A D  ---------------

Current thread (0x000001d4c61647d0):  VMThread "VM Thread" [stack: 0x0000003b52b00000,0x0000003b52c00000] [id=10088]

Stack: [0x0000003b52b00000,0x0000003b52c00000]
Native frames: (J=compiled Java code, j=interpreted, Vv=VM code, C=native code)
V  [jvm.dll+0x683c9a]
V  [jvm.dll+0x8427a4]
V  [jvm.dll+0x843f9e]
V  [jvm.dll+0x844603]
V  [jvm.dll+0x249b75]
V  [jvm.dll+0x680b69]
V  [jvm.dll+0x67505a]
V  [jvm.dll+0x309acb]
V  [jvm.dll+0x310f86]
V  [jvm.dll+0x3608ee]
V  [jvm.dll+0x360b1f]
V  [jvm.dll+0x2dfbf8]
V  [jvm.dll+0x2ddec4]
V  [jvm.dll+0x2dd4cc]
V  [jvm.dll+0x321f3b]
V  [jvm.dll+0x848ccb]
V  [jvm.dll+0x849a04]
V  [jvm.dll+0x849f1d]
V  [jvm.dll+0x84a2f4]
V  [jvm.dll+0x84a3c0]
V  [jvm.dll+0x7f274a]
V  [jvm.dll+0x682ad5]
C  [ucrtbase.dll+0x21bb2]
C  [KERNEL32.DLL+0x17614]
C  [ntdll.dll+0x526f1]

VM_Operation (0x0000003b525fa600): G1CollectForAllocation, mode: safepoint, requested by thread 0x000001d4aad90fb0


---------------  P R O C E S S  ---------------

Threads class SMR info:
_java_thread_list=0x000001d4c72fb7a0, length=13, elements={
0x000001d4aad90fb0, 0x000001d4c6166b60, 0x000001d4c6167c50, 0x000001d4c6193b40,
0x000001d4c61946f0, 0x000001d4c61955a0, 0x000001d4c6c24000, 0x000001d4c6c24d90,
0x000001d4c6c3cd50, 0x000001d4c6c45660, 0x000001d4c6d98530, 0x000001d4c6dace90,
0x000001d4c73e4a70
}

Java Threads: ( => current thread )
  0x000001d4aad90fb0 JavaThread "main" [_thread_blocked, id=4384, stack(0x0000003b52500000,0x0000003b52600000)]
  0x000001d4c6166b60 JavaThread "Reference Handler" daemon [_thread_blocked, id=5648, stack(0x0000003b52c00000,0x0000003b52d00000)]
  0x000001d4c6167c50 JavaThread "Finalizer" daemon [_thread_blocked, id=3104, stack(0x0000003b52d00000,0x0000003b52e00000)]
  0x000001d4c6193b40 JavaThread "Signal Dispatcher" daemon [_thread_blocked, id=6128, stack(0x0000003b52e00000,0x0000003b52f00000)]
  0x000001d4c61946f0 JavaThread "Attach Listener" daemon [_thread_blocked, id=4632, stack(0x0000003b52f00000,0x0000003b53000000)]
  0x000001d4c61955a0 JavaThread "Service Thread" daemon [_thread_blocked, id=2784, stack(0x0000003b53000000,0x0000003b53100000)]
  0x000001d4c6c24000 JavaThread "Monitor Deflation Thread" daemon [_thread_blocked, id=4104, stack(0x0000003b53100000,0x0000003b53200000)]
  0x000001d4c6c24d90 JavaThread "C2 CompilerThread0" daemon [_thread_blocked, id=3688, stack(0x0000003b53200000,0x0000003b53300000)]
  0x000001d4c6c3cd50 JavaThread "C1 CompilerThread0" daemon [_thread_blocked, id=5612, stack(0x0000003b53300000,0x0000003b53400000)]
  0x000001d4c6c45660 JavaThread "Sweeper thread" daemon [_thread_blocked, id=11712, stack(0x0000003b53400000,0x0000003b53500000)]
  0x000001d4c6d98530 JavaThread "Notification Thread" daemon [_thread_blocked, id=4480, stack(0x0000003b53500000,0x0000003b53600000)]
  0x000001d4c6dace90 JavaThread "Common-Cleaner" daemon [_thread_blocked, id=8756, stack(0x0000003b53700000,0x0000003b53800000)]
  0x000001d4c73e4a70 JavaThread "C2 CompilerThread1" daemon [_thread_blocked, id=10400, stack(0x0000003b53b00000,0x0000003b53c00000)]

Other Threads:
=>0x000001d4c61647d0 VMThread "VM Thread" [stack: 0x0000003b52b00000,0x0000003b52c00000] [id=10088]
  0x000001d4aae088f0 WatcherThread [stack: 0x0000003b53600000,0x0000003b53700000] [id=8488]
  0x000001d4aadea2b0 GCTaskThread "GC Thread#0" [stack: 0x0000003b52600000,0x0000003b52700000] [id=6184]
  0x000001d4c71d92f0 GCTaskThread "GC Thread#1" [stack: 0x0000003b53800000,0x0000003b53900000] [id=3252]
  0x000001d4c71d95a0 GCTaskThread "GC Thread#2" [stack: 0x0000003b53900000,0x0000003b53a00000] [id=12080]
  0x000001d4c721ee40 GCTaskThread "GC Thread#3" [stack: 0x0000003b53a00000,0x0000003b53b00000] [id=4768]
  0x000001d4aadfae00 ConcurrentGCThread "G1 Main Marker" [stack: 0x0000003b52700000,0x0000003b52800000] [id=10604]
  0x000001d4aadfbfb0 ConcurrentGCThread "G1 Conc#0" [stack: 0x0000003b52800000,0x0000003b52900000] [id=11812]
  0x000001d4aae563b0 ConcurrentGCThread "G1 Refine#0" [stack: 0x0000003b52900000,0x0000003b52a00000] [id=756]
  0x000001d4ca496ef0 ConcurrentGCThread "G1 Refine#1" [stack: 0x0000003b53c00000,0x0000003b53d00000] [id=9232]
  0x000001d4c5fb0090 ConcurrentGCThread "G1 Service" [stack: 0x0000003b52a00000,0x0000003b52b00000] [id=8404]

Threads with active compile tasks:
C2 CompilerThread0     3722 3590       4       java.lang.ClassLoader::defineClass (43 bytes)
C1 CompilerThread0     3722 3614 %     3       org.jetbrains.kotlin.com.intellij.openapi.util.text.StringUtilRt::lastIndexOf @ 29 (58 bytes)
C2 CompilerThread1     3723 3616       4       java.lang.String::subSequence (7 bytes)

VM state: at safepoint (normal execution)

VM Mutex/Monitor currently owned by a thread:  ([mutex/lock_event])
[0x000001d4aad8c3c0] Threads_lock - owner thread: 0x000001d4c61647d0
[0x000001d4aad8ab00] Heap_lock - owner thread: 0x000001d4aad90fb0

Heap address: 0x0000000082600000, size: 2010 MB, Compressed Oops mode: 32-bit

CDS archive(s) not mapped
Compressed class space mapped at: 0x0000000100000000-0x0000000140000000, reserved size: 1073741824
Narrow klass base: 0x0000000000000000, Narrow klass shift: 3, Narrow klass range: 0x140000000

GC Precious Log:
 CPUs: 4 total, 4 available
 Memory: 8035M
 Large Page Support: Disabled
 NUMA Support: Disabled
 Compressed Oops: Enabled (32-bit)
 Heap Region Size: 1M
 Heap Min Capacity: 8M
 Heap Initial Capacity: 126M
 Heap Max Capacity: 2010M
 Pre-touch: Disabled
 Parallel Workers: 4
 Concurrent Workers: 1
 Concurrent Refinement Workers: 4
 Periodic GC: Disabled

Heap:
 garbage-first heap   total 101376K, used 31986K [0x0000000082600000, 0x0000000100000000)
  region size 1024K, 3 young (3072K), 3 survivors (3072K)
 Metaspace       used 49150K, committed 49408K, reserved 1097728K
  class space    used 5904K, committed 6016K, reserved 1048576K

Heap Regions: E=young(eden), S=young(survivor), O=old, HS=humongous(starts), HC=humongous(continues), CS=collection set, F=free, OA=open archive, CA=closed archive, TAMS=top-at-mark-start (previous, next)
|   0|0x0000000082600000, 0x0000000082700000, 0x0000000082700000|100%|HS|  |TAMS 0x0000000082700000, 0x0000000082600000| Complete 
|   1|0x0000000082700000, 0x0000000082800000, 0x0000000082800000|100%|HC|  |TAMS 0x0000000082800000, 0x0000000082700000| Complete 
|   2|0x0000000082800000, 0x0000000082900000, 0x0000000082900000|100%|HC|  |TAMS 0x0000000082900000, 0x0000000082800000| Complete 
|   3|0x0000000082900000, 0x0000000082a00000, 0x0000000082a00000|100%|HC|  |TAMS 0x0000000082a00000, 0x0000000082900000| Complete 
|   4|0x0000000082a00000, 0x0000000082b00000, 0x0000000082b00000|100%| O|  |TAMS 0x0000000082b00000, 0x0000000082a00000| Untracked 
|   5|0x0000000082b00000, 0x0000000082c00000, 0x0000000082c00000|100%| O|  |TAMS 0x0000000082c00000, 0x0000000082b00000| Untracked 
|   6|0x0000000082c00000, 0x0000000082d00000, 0x0000000082d00000|100%| O|  |TAMS 0x0000000082d00000, 0x0000000082c00000| Untracked 
|   7|0x0000000082d00000, 0x0000000082e00000, 0x0000000082e00000|100%|HS|  |TAMS 0x0000000082e00000, 0x0000000082d00000| Complete 
|   8|0x0000000082e00000, 0x0000000082f00000, 0x0000000082f00000|100%|HC|  |TAMS 0x0000000082f00000, 0x0000000082e00000| Complete 
|   9|0x0000000082f00000, 0x0000000083000000, 0x0000000083000000|100%|HC|  |TAMS 0x0000000083000000, 0x0000000082f00000| Complete 
|  10|0x0000000083000000, 0x0000000083100000, 0x0000000083100000|100%|HC|  |TAMS 0x0000000083100000, 0x0000000083000000| Complete 
|  11|0x0000000083100000, 0x0000000083200000, 0x0000000083200000|100%| O|  |TAMS 0x0000000083200000, 0x0000000083100000| Untracked 
|  12|0x0000000083200000, 0x0000000083300000, 0x0000000083300000|100%| O|  |TAMS 0x0000000083300000, 0x0000000083200000| Untracked 
|  13|0x0000000083300000, 0x0000000083400000, 0x0000000083400000|100%| O|  |TAMS 0x0000000083400000, 0x0000000083300000| Untracked 
|  14|0x0000000083400000, 0x0000000083500000, 0x0000000083500000|100%| O|  |TAMS 0x0000000083500000, 0x0000000083400000| Untracked 
|  15|0x0000000083500000, 0x0000000083600000, 0x0000000083600000|100%| O|  |TAMS 0x0000000083600000, 0x0000000083500000| Untracked 
|  16|0x0000000083600000, 0x0000000083700000, 0x0000000083700000|100%| O|  |TAMS 0x0000000083600000, 0x0000000083600000| Untracked 
|  17|0x0000000083700000, 0x0000000083800000, 0x0000000083800000|100%| O|  |TAMS 0x0000000083700000, 0x0000000083700000| Untracked 
|  18|0x0000000083800000, 0x0000000083900000, 0x0000000083900000|100%| O|  |TAMS 0x0000000083800000, 0x0000000083800000| Untracked 
|  19|0x0000000083900000, 0x0000000083a00000, 0x0000000083a00000|100%| O|  |TAMS 0x0000000083a00000, 0x0000000083900000| Untracked 
|  20|0x0000000083a00000, 0x0000000083b00000, 0x0000000083b00000|100%| O|  |TAMS 0x0000000083a84200, 0x0000000083a00000| Untracked 
|  21|0x0000000083b00000, 0x0000000083c00000, 0x0000000083c00000|100%| O|  |TAMS 0x0000000083b00000, 0x0000000083b00000| Untracked 
|  22|0x0000000083c00000, 0x0000000083d00000, 0x0000000083d00000|100%| O|  |TAMS 0x0000000083c00000, 0x0000000083c00000| Untracked 
|  23|0x0000000083d00000, 0x0000000083e00000, 0x0000000083e00000|100%| O|  |TAMS 0x0000000083d00000, 0x0000000083d00000| Untracked 
|  24|0x0000000083e00000, 0x0000000083f00000, 0x0000000083f00000|100%| O|  |TAMS 0x0000000083e00000, 0x0000000083e00000| Untracked 
|  25|0x0000000083f00000, 0x0000000084000000, 0x0000000084000000|100%| O|  |TAMS 0x0000000083f00000, 0x0000000083f00000| Untracked 
|  26|0x0000000084000000, 0x0000000084100000, 0x0000000084100000|100%|HS|  |TAMS 0x0000000084000000, 0x0000000084000000| Complete 
|  27|0x0000000084100000, 0x0000000084200000, 0x0000000084200000|100%|HC|  |TAMS 0x0000000084100000, 0x0000000084100000| Complete 
|  28|0x0000000084200000, 0x0000000084262000, 0x0000000084300000| 38%| O|  |TAMS 0x0000000084200000, 0x0000000084200000| Untracked 
|  29|0x0000000084300000, 0x0000000084300000, 0x0000000084400000|  0%| F|  |TAMS 0x0000000084300000, 0x0000000084300000| Untracked 
|  30|0x0000000084400000, 0x0000000084400000, 0x0000000084500000|  0%| F|  |TAMS 0x0000000084400000, 0x0000000084400000| Untracked 
|  31|0x0000000084500000, 0x0000000084500000, 0x0000000084600000|  0%| F|  |TAMS 0x0000000084500000, 0x0000000084500000| Untracked 
|  32|0x0000000084600000, 0x0000000084600000, 0x0000000084700000|  0%| F|  |TAMS 0x0000000084600000, 0x0000000084600000| Untracked 
|  33|0x0000000084700000, 0x0000000084700000, 0x0000000084800000|  0%| F|  |TAMS 0x0000000084700000, 0x0000000084700000| Untracked 
|  34|0x0000000084800000, 0x0000000084800000, 0x0000000084900000|  0%| F|  |TAMS 0x0000000084800000, 0x0000000084800000| Untracked 
|  35|0x0000000084900000, 0x0000000084900000, 0x0000000084a00000|  0%| F|  |TAMS 0x0000000084900000, 0x0000000084900000| Untracked 
|  36|0x0000000084a00000, 0x0000000084a00000, 0x0000000084b00000|  0%| F|  |TAMS 0x0000000084a00000, 0x0000000084a00000| Untracked 
|  37|0x0000000084b00000, 0x0000000084bda8b0, 0x0000000084c00000| 85%| S|CS|TAMS 0x0000000084b00000, 0x0000000084b00000| Complete 
|  38|0x0000000084c00000, 0x0000000084d00000, 0x0000000084d00000|100%| S|CS|TAMS 0x0000000084c00000, 0x0000000084c00000| Complete 
|  39|0x0000000084d00000, 0x0000000084d00000, 0x0000000084e00000|  0%| F|  |TAMS 0x0000000084d00000, 0x0000000084d00000| Untracked 
|  40|0x0000000084e00000, 0x0000000084e00000, 0x0000000084f00000|  0%| F|  |TAMS 0x0000000084e00000, 0x0000000084e00000| Untracked 
|  41|0x0000000084f00000, 0x0000000085000000, 0x0000000085000000|100%| S|CS|TAMS 0x0000000084f00000, 0x0000000084f00000| Complete 
|  42|0x0000000085000000, 0x0000000085000000, 0x0000000085100000|  0%| F|  |TAMS 0x0000000085000000, 0x0000000085000000| Untracked 
|  43|0x0000000085100000, 0x0000000085100000, 0x0000000085200000|  0%| F|  |TAMS 0x0000000085100000, 0x0000000085100000| Untracked 
|  44|0x0000000085200000, 0x0000000085200000, 0x0000000085300000|  0%| F|  |TAMS 0x0000000085200000, 0x0000000085200000| Untracked 
|  45|0x0000000085300000, 0x0000000085300000, 0x0000000085400000|  0%| F|  |TAMS 0x0000000085300000, 0x0000000085300000| Untracked 
|  46|0x0000000085400000, 0x0000000085400000, 0x0000000085500000|  0%| F|  |TAMS 0x0000000085400000, 0x0000000085400000| Untracked 
|  47|0x0000000085500000, 0x0000000085500000, 0x0000000085600000|  0%| F|  |TAMS 0x0000000085500000, 0x0000000085500000| Untracked 
|  48|0x0000000085600000, 0x0000000085600000, 0x0000000085700000|  0%| F|  |TAMS 0x0000000085600000, 0x0000000085600000| Untracked 
|  49|0x0000000085700000, 0x0000000085700000, 0x0000000085800000|  0%| F|  |TAMS 0x0000000085700000, 0x0000000085700000| Untracked 
|  50|0x0000000085800000, 0x0000000085800000, 0x0000000085900000|  0%| F|  |TAMS 0x0000000085800000, 0x0000000085800000| Untracked 
|  51|0x0000000085900000, 0x0000000085900000, 0x0000000085a00000|  0%| F|  |TAMS 0x0000000085900000, 0x0000000085900000| Untracked 
|  52|0x0000000085a00000, 0x0000000085a00000, 0x0000000085b00000|  0%| F|  |TAMS 0x0000000085a00000, 0x0000000085a00000| Untracked 
|  53|0x0000000085b00000, 0x0000000085b00000, 0x0000000085c00000|  0%| F|  |TAMS 0x0000000085b00000, 0x0000000085b00000| Untracked 
|  54|0x0000000085c00000, 0x0000000085c00000, 0x0000000085d00000|  0%| F|  |TAMS 0x0000000085c00000, 0x0000000085c00000| Untracked 
|  55|0x0000000085d00000, 0x0000000085d00000, 0x0000000085e00000|  0%| F|  |TAMS 0x0000000085d00000, 0x0000000085d00000| Untracked 
|  56|0x0000000085e00000, 0x0000000085e00000, 0x0000000085f00000|  0%| F|  |TAMS 0x0000000085e00000, 0x0000000085e00000| Untracked 
|  57|0x0000000085f00000, 0x0000000085f00000, 0x0000000086000000|  0%| F|  |TAMS 0x0000000085f00000, 0x0000000085f00000| Untracked 
|  58|0x0000000086000000, 0x0000000086000000, 0x0000000086100000|  0%| F|  |TAMS 0x0000000086000000, 0x0000000086000000| Untracked 
|  59|0x0000000086100000, 0x0000000086100000, 0x0000000086200000|  0%| F|  |TAMS 0x0000000086100000, 0x0000000086100000| Untracked 
|  60|0x0000000086200000, 0x0000000086200000, 0x0000000086300000|  0%| F|  |TAMS 0x0000000086200000, 0x0000000086200000| Untracked 
|  61|0x0000000086300000, 0x0000000086300000, 0x0000000086400000|  0%| F|  |TAMS 0x0000000086300000, 0x0000000086300000| Untracked 
|  62|0x0000000086400000, 0x0000000086400000, 0x0000000086500000|  0%| F|  |TAMS 0x0000000086400000, 0x0000000086400000| Untracked 
|  63|0x0000000086500000, 0x0000000086500000, 0x0000000086600000|  0%| F|  |TAMS 0x0000000086500000, 0x0000000086500000| Untracked 
|  64|0x0000000086600000, 0x0000000086600000, 0x0000000086700000|  0%| F|  |TAMS 0x0000000086600000, 0x0000000086600000| Untracked 
|  65|0x0000000086700000, 0x0000000086700000, 0x0000000086800000|  0%| F|  |TAMS 0x0000000086700000, 0x0000000086700000| Untracked 
|  66|0x0000000086800000, 0x0000000086800000, 0x0000000086900000|  0%| F|  |TAMS 0x0000000086800000, 0x0000000086800000| Untracked 
|  67|0x0000000086900000, 0x0000000086900000, 0x0000000086a00000|  0%| F|  |TAMS 0x0000000086900000, 0x0000000086900000| Untracked 
|  68|0x0000000086a00000, 0x0000000086a00000, 0x0000000086b00000|  0%| F|  |TAMS 0x0000000086a00000, 0x0000000086a00000| Untracked 
|  69|0x0000000086b00000, 0x0000000086b00000, 0x0000000086c00000|  0%| F|  |TAMS 0x0000000086b00000, 0x0000000086b00000| Untracked 
|  70|0x0000000086c00000, 0x0000000086c00000, 0x0000000086d00000|  0%| F|  |TAMS 0x0000000086c00000, 0x0000000086c00000| Untracked 
|  71|0x0000000086d00000, 0x0000000086d00000, 0x0000000086e00000|  0%| F|  |TAMS 0x0000000086d00000, 0x0000000086d00000| Untracked 
|  72|0x0000000086e00000, 0x0000000086e00000, 0x0000000086f00000|  0%| F|  |TAMS 0x0000000086e00000, 0x0000000086e00000| Untracked 
|  73|0x0000000086f00000, 0x0000000086f00000, 0x0000000087000000|  0%| F|  |TAMS 0x0000000086f00000, 0x0000000086f00000| Untracked 
|  74|0x0000000087000000, 0x0000000087000000, 0x0000000087100000|  0%| F|  |TAMS 0x0000000087000000, 0x0000000087000000| Untracked 
|  75|0x0000000087100000, 0x0000000087100000, 0x0000000087200000|  0%| F|  |TAMS 0x0000000087100000, 0x0000000087100000| Untracked 
|  76|0x0000000087200000, 0x0000000087200000, 0x0000000087300000|  0%| F|  |TAMS 0x0000000087200000, 0x0000000087200000| Untracked 
|  77|0x0000000087300000, 0x0000000087300000, 0x0000000087400000|  0%| F|  |TAMS 0x0000000087300000, 0x0000000087300000| Untracked 
|  78|0x0000000087400000, 0x0000000087400000, 0x0000000087500000|  0%| F|  |TAMS 0x0000000087400000, 0x0000000087400000| Untracked 
|  79|0x0000000087500000, 0x0000000087500000, 0x0000000087600000|  0%| F|  |TAMS 0x0000000087500000, 0x0000000087500000| Untracked 
|  80|0x0000000087600000, 0x0000000087600000, 0x0000000087700000|  0%| F|  |TAMS 0x0000000087600000, 0x0000000087600000| Untracked 
|  81|0x0000000087700000, 0x0000000087700000, 0x0000000087800000|  0%| F|  |TAMS 0x0000000087700000, 0x0000000087700000| Untracked 
|  82|0x0000000087800000, 0x0000000087800000, 0x0000000087900000|  0%| F|  |TAMS 0x0000000087800000, 0x0000000087800000| Untracked 
|  83|0x0000000087900000, 0x0000000087900000, 0x0000000087a00000|  0%| F|  |TAMS 0x0000000087900000, 0x0000000087900000| Untracked 
|  84|0x0000000087a00000, 0x0000000087a00000, 0x0000000087b00000|  0%| F|  |TAMS 0x0000000087a00000, 0x0000000087a00000| Untracked 
|  85|0x0000000087b00000, 0x0000000087b00000, 0x0000000087c00000|  0%| F|  |TAMS 0x0000000087b00000, 0x0000000087b00000| Untracked 
|  86|0x0000000087c00000, 0x0000000087c00000, 0x0000000087d00000|  0%| F|  |TAMS 0x0000000087c00000, 0x0000000087c00000| Untracked 
|  87|0x0000000087d00000, 0x0000000087d00000, 0x0000000087e00000|  0%| F|  |TAMS 0x0000000087d00000, 0x0000000087d00000| Untracked 
|  88|0x0000000087e00000, 0x0000000087e00000, 0x0000000087f00000|  0%| F|  |TAMS 0x0000000087e00000, 0x0000000087e00000| Untracked 
|  89|0x0000000087f00000, 0x0000000087f00000, 0x0000000088000000|  0%| F|  |TAMS 0x0000000087f00000, 0x0000000087f00000| Untracked 
|  90|0x0000000088000000, 0x0000000088000000, 0x0000000088100000|  0%| F|  |TAMS 0x0000000088000000, 0x0000000088000000| Untracked 
|  91|0x0000000088100000, 0x0000000088100000, 0x0000000088200000|  0%| F|  |TAMS 0x0000000088100000, 0x0000000088100000| Untracked 
|  92|0x0000000088200000, 0x0000000088200000, 0x0000000088300000|  0%| F|  |TAMS 0x0000000088200000, 0x0000000088200000| Untracked 
|  93|0x0000000088300000, 0x0000000088300000, 0x0000000088400000|  0%| F|  |TAMS 0x0000000088300000, 0x0000000088300000| Untracked 
|  94|0x0000000088400000, 0x0000000088400000, 0x0000000088500000|  0%| F|  |TAMS 0x0000000088400000, 0x0000000088400000| Untracked 
|  95|0x0000000088500000, 0x0000000088500000, 0x0000000088600000|  0%| F|  |TAMS 0x0000000088500000, 0x0000000088500000| Untracked 
|  96|0x0000000088600000, 0x0000000088600000, 0x0000000088700000|  0%| F|  |TAMS 0x0000000088600000, 0x0000000088600000| Untracked 
|  97|0x0000000088700000, 0x0000000088700000, 0x0000000088800000|  0%| F|  |TAMS 0x0000000088700000, 0x0000000088700000| Untracked 
| 125|0x000000008a300000, 0x000000008a300000, 0x000000008a400000|  0%| F|  |TAMS 0x000000008a300000, 0x000000008a300000| Untracked 

Card table byte_map: [0x000001d4bf4a0000,0x000001d4bf890000] _byte_map_base: 0x000001d4bf08d000

Marking Bits (Prev, Next): (CMBitMap*) 0x000001d4aadea8c0, (CMBitMap*) 0x000001d4aadea900
 Prev Bits: [0x000001d4bfc80000, 0x000001d4c1be8000)
 Next Bits: [0x000001d4c1bf0000, 0x000001d4c3b58000)

Polling page: 0x000001d4aac50000

Metaspace:

Usage:
  Non-class:     42.23 MB used.
      Class:      5.77 MB used.
       Both:     48.00 MB used.

Virtual space:
  Non-class space:       48.00 MB reserved,      42.38 MB ( 88%) committed,  6 nodes.
      Class space:        1.00 GB reserved,       5.88 MB ( <1%) committed,  1 nodes.
             Both:        1.05 GB reserved,      48.25 MB (  5%) committed. 

Chunk freelists:
   Non-Class:  976.00 KB
       Class:  2.05 MB
        Both:  3.00 MB

MaxMetaspaceSize: unlimited
CompressedClassSpaceSize: 1.00 GB
Initial GC threshold: 21.00 MB
Current GC threshold: 58.88 MB
CDS: off
MetaspaceReclaimPolicy: balanced
 - commit_granule_bytes: 65536.
 - commit_granule_words: 8192.
 - virtual_space_node_default_size: 1048576.
 - enlarge_chunks_in_place: 1.
 - new_chunks_are_fully_committed: 0.
 - uncommit_free_chunks: 1.
 - use_allocation_guard: 0.
 - handle_deallocations: 1.


Internal statistics:

num_allocs_failed_limit: 6.
num_arena_births: 212.
num_arena_deaths: 0.
num_vsnodes_births: 7.
num_vsnodes_deaths: 0.
num_space_committed: 770.
num_space_uncommitted: 0.
num_chunks_returned_to_freelist: 6.
num_chunks_taken_from_freelist: 1591.
num_chunk_merges: 6.
num_chunk_splits: 1293.
num_chunks_enlarged: 1153.
num_purges: 0.
num_inconsistent_stats: 0.

CodeHeap 'non-profiled nmethods': size=120000Kb used=1510Kb max_used=1510Kb free=118489Kb
 bounds [0x000001d4b7560000, 0x000001d4b77d0000, 0x000001d4bea90000]
CodeHeap 'profiled nmethods': size=120000Kb used=7116Kb max_used=7116Kb free=112883Kb
 bounds [0x000001d4afa90000, 0x000001d4b0190000, 0x000001d4b6fc0000]
CodeHeap 'non-nmethods': size=5760Kb used=1276Kb max_used=1358Kb free=4483Kb
 bounds [0x000001d4b6fc0000, 0x000001d4b7230000, 0x000001d4b7560000]
 total_blobs=4174 nmethods=3582 adapters=504
 compilation: enabled
              stopped_count=0, restarted_count=0
 full_count=0

Compilation events (20 events):
Event: 3.675 Thread 0x000001d4c6c3cd50 3596       3       gnu.trove.TObjectHash::equals (22 bytes)
Event: 3.675 Thread 0x000001d4c6c3cd50 nmethod 3596 0x000001d4b0177910 code [0x000001d4b0177ac0, 0x000001d4b0177d48]
Event: 3.675 Thread 0x000001d4c6c3cd50 3598       3       org.jetbrains.kotlin.cli.jvm.index.JvmDependenciesIndexImpl::travelPath (157 bytes)
Event: 3.676 Thread 0x000001d4c6c3cd50 nmethod 3598 0x000001d4b0177e10 code [0x000001d4b0178160, 0x000001d4b01797b8]
Event: 3.676 Thread 0x000001d4c6c3cd50 3604       3       java.text.StringCharacterIterator::current (37 bytes)
Event: 3.677 Thread 0x000001d4c6c3cd50 nmethod 3604 0x000001d4b0179f90 code [0x000001d4b017a1a0, 0x000001d4b017a818]
Event: 3.677 Thread 0x000001d4c6c3cd50 3603       3       java.text.StringCharacterIterator::next (46 bytes)
Event: 3.677 Thread 0x000001d4c6c3cd50 nmethod 3603 0x000001d4b017aa90 code [0x000001d4b017aca0, 0x000001d4b017b2b8]
Event: 3.677 Thread 0x000001d4c6c3cd50 3605       3       org.jetbrains.org.objectweb.asm.Type::getArgumentTypes (154 bytes)
Event: 3.678 Thread 0x000001d4c73e4a70 3610       4       java.text.StringCharacterIterator::current (37 bytes)
Event: 3.679 Thread 0x000001d4c6c3cd50 nmethod 3605 0x000001d4b017b510 code [0x000001d4b017b9e0, 0x000001d4b017e268]
Event: 3.679 Thread 0x000001d4c6c3cd50 3608       3       org.jetbrains.kotlin.utils.SmartList::<init> (5 bytes)
Event: 3.679 Thread 0x000001d4c6c3cd50 nmethod 3608 0x000001d4b017f190 code [0x000001d4b017f340, 0x000001d4b017f578]
Event: 3.679 Thread 0x000001d4c6c3cd50 3607       3       org.jetbrains.kotlin.load.java.structure.impl.classFiles.CommonMixinsKt::isSet (12 bytes)
Event: 3.679 Thread 0x000001d4c73e4a70 nmethod 3610 0x000001d4b76d9710 code [0x000001d4b76d98a0, 0x000001d4b76d99f8]
Event: 3.679 Thread 0x000001d4c6c3cd50 nmethod 3607 0x000001d4b017f690 code [0x000001d4b017f820, 0x000001d4b017f978]
Event: 3.679 Thread 0x000001d4c6c3cd50 3606       3       org.jetbrains.kotlin.load.java.structure.impl.classFiles.BinaryClassSignatureParser::parseParameterizedClassRefSignature (262 bytes)
Event: 3.680 Thread 0x000001d4c73e4a70 3616       4       java.lang.String::subSequence (7 bytes)
Event: 3.681 Thread 0x000001d4c6c3cd50 nmethod 3606 0x000001d4b017fa10 code [0x000001d4b017ff60, 0x000001d4b0182548]
Event: 3.681 Thread 0x000001d4c6c3cd50 3614 %     3       org.jetbrains.kotlin.com.intellij.openapi.util.text.StringUtilRt::lastIndexOf @ 29 (58 bytes)

GC Heap History (20 events):
Event: 0.883 GC heap after
{Heap after GC invocations=2 (full 0):
 garbage-first heap   total 129024K, used 7926K [0x0000000082600000, 0x0000000100000000)
  region size 1024K, 2 young (2048K), 2 survivors (2048K)
 Metaspace       used 14594K, committed 14720K, reserved 1064960K
  class space    used 1451K, committed 1536K, reserved 1048576K
}
Event: 1.413 GC heap before
{Heap before GC invocations=2 (full 0):
 garbage-first heap   total 129024K, used 33526K [0x0000000082600000, 0x0000000100000000)
  region size 1024K, 28 young (28672K), 2 survivors (2048K)
 Metaspace       used 21317K, committed 21504K, reserved 1073152K
  class space    used 2323K, committed 2432K, reserved 1048576K
}
Event: 1.417 GC heap after
{Heap after GC invocations=3 (full 0):
 garbage-first heap   total 129024K, used 10289K [0x0000000082600000, 0x0000000100000000)
  region size 1024K, 4 young (4096K), 4 survivors (4096K)
 Metaspace       used 21317K, committed 21504K, reserved 1073152K
  class space    used 2323K, committed 2432K, reserved 1048576K
}
Event: 1.795 GC heap before
{Heap before GC invocations=4 (full 0):
 garbage-first heap   total 40960K, used 31793K [0x0000000082600000, 0x0000000100000000)
  region size 1024K, 22 young (22528K), 4 survivors (4096K)
 Metaspace       used 26759K, committed 27008K, reserved 1073152K
  class space    used 2940K, committed 3072K, reserved 1048576K
}
Event: 1.803 GC heap after
{Heap after GC invocations=5 (full 0):
 garbage-first heap   total 40960K, used 16243K [0x0000000082600000, 0x0000000100000000)
  region size 1024K, 2 young (2048K), 2 survivors (2048K)
 Metaspace       used 26759K, committed 27008K, reserved 1073152K
  class space    used 2940K, committed 3072K, reserved 1048576K
}
Event: 1.816 GC heap before
{Heap before GC invocations=5 (full 0):
 garbage-first heap   total 40960K, used 16243K [0x0000000082600000, 0x0000000100000000)
  region size 1024K, 3 young (3072K), 2 survivors (2048K)
 Metaspace       used 27016K, committed 27264K, reserved 1073152K
  class space    used 2968K, committed 3072K, reserved 1048576K
}
Event: 1.819 GC heap after
{Heap after GC invocations=6 (full 0):
 garbage-first heap   total 40960K, used 16680K [0x0000000082600000, 0x0000000100000000)
  region size 1024K, 1 young (1024K), 1 survivors (1024K)
 Metaspace       used 27016K, committed 27264K, reserved 1073152K
  class space    used 2968K, committed 3072K, reserved 1048576K
}
Event: 2.100 GC heap before
{Heap before GC invocations=6 (full 0):
 garbage-first heap   total 40960K, used 29992K [0x0000000082600000, 0x0000000100000000)
  region size 1024K, 14 young (14336K), 1 survivors (1024K)
 Metaspace       used 31071K, committed 31296K, reserved 1081344K
  class space    used 3771K, committed 3904K, reserved 1048576K
}
Event: 2.103 GC heap after
{Heap after GC invocations=7 (full 0):
 garbage-first heap   total 40960K, used 17712K [0x0000000082600000, 0x0000000100000000)
  region size 1024K, 2 young (2048K), 2 survivors (2048K)
 Metaspace       used 31071K, committed 31296K, reserved 1081344K
  class space    used 3771K, committed 3904K, reserved 1048576K
}
Event: 2.306 GC heap before
{Heap before GC invocations=7 (full 0):
 garbage-first heap   total 40960K, used 33072K [0x0000000082600000, 0x0000000100000000)
  region size 1024K, 15 young (15360K), 2 survivors (2048K)
 Metaspace       used 32261K, committed 32512K, reserved 1081344K
  class space    used 4052K, committed 4160K, reserved 1048576K
}
Event: 2.313 GC heap after
{Heap after GC invocations=8 (full 0):
 garbage-first heap   total 63488K, used 23056K [0x0000000082600000, 0x0000000100000000)
  region size 1024K, 2 young (2048K), 2 survivors (2048K)
 Metaspace       used 32261K, committed 32512K, reserved 1081344K
  class space    used 4052K, committed 4160K, reserved 1048576K
}
Event: 2.572 GC heap before
{Heap before GC invocations=8 (full 0):
 garbage-first heap   total 63488K, used 36368K [0x0000000082600000, 0x0000000100000000)
  region size 1024K, 16 young (16384K), 2 survivors (2048K)
 Metaspace       used 35935K, committed 36096K, reserved 1081344K
  class space    used 4516K, committed 4608K, reserved 1048576K
}
Event: 2.577 GC heap after
{Heap after GC invocations=9 (full 0):
 garbage-first heap   total 63488K, used 24654K [0x0000000082600000, 0x0000000100000000)
  region size 1024K, 2 young (2048K), 2 survivors (2048K)
 Metaspace       used 35935K, committed 36096K, reserved 1081344K
  class space    used 4516K, committed 4608K, reserved 1048576K
}
Event: 2.879 GC heap before
{Heap before GC invocations=10 (full 0):
 garbage-first heap   total 63488K, used 45134K [0x0000000082600000, 0x0000000100000000)
  region size 1024K, 23 young (23552K), 2 survivors (2048K)
 Metaspace       used 39758K, committed 40000K, reserved 1089536K
  class space    used 4922K, committed 4992K, reserved 1048576K
}
Event: 2.885 GC heap after
{Heap after GC invocations=11 (full 0):
 garbage-first heap   total 63488K, used 25202K [0x0000000082600000, 0x0000000100000000)
  region size 1024K, 3 young (3072K), 3 survivors (3072K)
 Metaspace       used 39758K, committed 40000K, reserved 1089536K
  class space    used 4922K, committed 4992K, reserved 1048576K
}
Event: 2.900 GC heap before
{Heap before GC invocations=11 (full 0):
 garbage-first heap   total 63488K, used 26226K [0x0000000082600000, 0x0000000100000000)
  region size 1024K, 4 young (4096K), 3 survivors (3072K)
 Metaspace       used 40021K, committed 40320K, reserved 1089536K
  class space    used 4936K, committed 5056K, reserved 1048576K
}
Event: 2.905 GC heap after
{Heap after GC invocations=12 (full 0):
 garbage-first heap   total 63488K, used 25523K [0x0000000082600000, 0x0000000100000000)
  region size 1024K, 1 young (1024K), 1 survivors (1024K)
 Metaspace       used 40021K, committed 40320K, reserved 1089536K
  class space    used 4936K, committed 5056K, reserved 1048576K
}
Event: 3.237 GC heap before
{Heap before GC invocations=12 (full 0):
 garbage-first heap   total 63488K, used 44979K [0x0000000082600000, 0x0000000100000000)
  region size 1024K, 21 young (21504K), 1 survivors (1024K)
 Metaspace       used 44985K, committed 45184K, reserved 1089536K
  class space    used 5439K, committed 5504K, reserved 1048576K
}
Event: 3.241 GC heap after
{Heap after GC invocations=13 (full 0):
 garbage-first heap   total 63488K, used 26944K [0x0000000082600000, 0x0000000100000000)
  region size 1024K, 2 young (2048K), 2 survivors (2048K)
 Metaspace       used 44985K, committed 45184K, reserved 1089536K
  class space    used 5439K, committed 5504K, reserved 1048576K
}
Event: 3.681 GC heap before
{Heap before GC invocations=13 (full 0):
 garbage-first heap   total 63488K, used 49472K [0x0000000082600000, 0x0000000100000000)
  region size 1024K, 22 young (22528K), 2 survivors (2048K)
 Metaspace       used 49150K, committed 49408K, reserved 1097728K
  class space    used 5904K, committed 6016K, reserved 1048576K
}

Dll operation events (2 events):
Event: 0.007 Loaded shared library E:\Android studio 2022.1.3\jbr\bin\java.dll
Event: 1.222 Loaded shared library E:\Android studio 2022.1.3\jbr\bin\verify.dll

Deoptimization events (20 events):
Event: 3.594 Thread 0x000001d4aad90fb0 DEOPT PACKING pc=0x000001d4b7682554 sp=0x0000003b525fa1b0
Event: 3.594 Thread 0x000001d4aad90fb0 DEOPT UNPACKING pc=0x000001d4b70169a3 sp=0x0000003b525fa098 mode 2
Event: 3.594 Thread 0x000001d4aad90fb0 Uncommon trap: trap_request=0xffffffc6 fr.pc=0x000001d4b7682554 relative=0x00000000000005f4
Event: 3.594 Thread 0x000001d4aad90fb0 Uncommon trap: reason=bimorphic_or_optimized_type_check action=maybe_recompile pc=0x000001d4b7682554 method=org.jetbrains.kotlin.protobuf.CodedInputStream.tryRefillBuffer(I)Z @ 177 c2
Event: 3.594 Thread 0x000001d4aad90fb0 DEOPT PACKING pc=0x000001d4b7682554 sp=0x0000003b525f99e0
Event: 3.594 Thread 0x000001d4aad90fb0 DEOPT UNPACKING pc=0x000001d4b70169a3 sp=0x0000003b525f98c0 mode 2
Event: 3.595 Thread 0x000001d4aad90fb0 Uncommon trap: trap_request=0xffffffc6 fr.pc=0x000001d4b7682554 relative=0x00000000000005f4
Event: 3.595 Thread 0x000001d4aad90fb0 Uncommon trap: reason=bimorphic_or_optimized_type_check action=maybe_recompile pc=0x000001d4b7682554 method=org.jetbrains.kotlin.protobuf.CodedInputStream.tryRefillBuffer(I)Z @ 177 c2
Event: 3.596 Thread 0x000001d4aad90fb0 DEOPT PACKING pc=0x000001d4b7682554 sp=0x0000003b525fa1b0
Event: 3.596 Thread 0x000001d4aad90fb0 DEOPT UNPACKING pc=0x000001d4b70169a3 sp=0x0000003b525fa098 mode 2
Event: 3.611 Thread 0x000001d4aad90fb0 DEOPT PACKING pc=0x000001d4b0013a65 sp=0x0000003b525f9fd0
Event: 3.611 Thread 0x000001d4aad90fb0 DEOPT UNPACKING pc=0x000001d4b7017143 sp=0x0000003b525f9448 mode 0
Event: 3.622 Thread 0x000001d4aad90fb0 Uncommon trap: trap_request=0xffffffc6 fr.pc=0x000001d4b7682554 relative=0x00000000000005f4
Event: 3.622 Thread 0x000001d4aad90fb0 Uncommon trap: reason=bimorphic_or_optimized_type_check action=maybe_recompile pc=0x000001d4b7682554 method=org.jetbrains.kotlin.protobuf.CodedInputStream.tryRefillBuffer(I)Z @ 177 c2
Event: 3.622 Thread 0x000001d4aad90fb0 DEOPT PACKING pc=0x000001d4b7682554 sp=0x0000003b525fa6e0
Event: 3.622 Thread 0x000001d4aad90fb0 DEOPT UNPACKING pc=0x000001d4b70169a3 sp=0x0000003b525fa5c8 mode 2
Event: 3.624 Thread 0x000001d4aad90fb0 Uncommon trap: trap_request=0xffffffc6 fr.pc=0x000001d4b7680364 relative=0x00000000000002a4
Event: 3.624 Thread 0x000001d4aad90fb0 Uncommon trap: reason=bimorphic_or_optimized_type_check action=maybe_recompile pc=0x000001d4b7680364 method=org.jetbrains.kotlin.protobuf.CodedInputStream.tryRefillBuffer(I)Z @ 177 c2
Event: 3.624 Thread 0x000001d4aad90fb0 DEOPT PACKING pc=0x000001d4b7680364 sp=0x0000003b525fa690
Event: 3.624 Thread 0x000001d4aad90fb0 DEOPT UNPACKING pc=0x000001d4b70169a3 sp=0x0000003b525fa5c8 mode 2

Classes unloaded (0 events):
No events

Classes redefined (0 events):
No events

Internal exceptions (20 events):
Event: 1.115 Thread 0x000001d4aad90fb0 Exception <a 'java/lang/NoSuchMethodError'{0x00000000897810a8}: 'int java.lang.invoke.DelegatingMethodHandle$Holder.reinvoke_L(java.lang.Object, java.lang.Object, java.lang.Object, long, int)'> (0x00000000897810a8) 
thrown [s\src\hotspot\share\interpreter\linkResolver.cpp, line 771]
Event: 1.226 Thread 0x000001d4aad90fb0 Exception <a 'java/lang/NoSuchMethodError'{0x00000000894eebb0}: 'java.lang.Object java.lang.invoke.DirectMethodHandle$Holder.invokeStaticInit(java.lang.Object)'> (0x00000000894eebb0) 
thrown [s\src\hotspot\share\interpreter\linkResolver.cpp, line 771]
Event: 1.360 Thread 0x000001d4aad90fb0 Exception <a 'java/lang/NoSuchMethodError'{0x0000000088bc3e90}: 'java.lang.Object java.lang.invoke.DirectMethodHandle$Holder.invokeStaticInit(java.lang.Object, int)'> (0x0000000088bc3e90) 
thrown [s\src\hotspot\share\interpreter\linkResolver.cpp, line 771]
Event: 1.368 Thread 0x000001d4aad90fb0 Exception <a 'java/lang/NoSuchMethodError'{0x0000000088a4d628}: 'void java.lang.invoke.DirectMethodHandle$Holder.invokeStatic(java.lang.Object, java.lang.Object)'> (0x0000000088a4d628) 
thrown [s\src\hotspot\share\interpreter\linkResolver.cpp, line 771]
Event: 1.389 Thread 0x000001d4aad90fb0 Exception <a 'java/lang/NoSuchMethodError'{0x00000000889874f8}: 'long java.lang.invoke.DirectMethodHandle$Holder.invokeStatic(java.lang.Object)'> (0x00000000889874f8) 
thrown [s\src\hotspot\share\interpreter\linkResolver.cpp, line 771]
Event: 1.389 Thread 0x000001d4aad90fb0 Exception <a 'java/lang/NoSuchMethodError'{0x000000008898ac50}: 'long java.lang.invoke.DirectMethodHandle$Holder.invokeStaticInit(java.lang.Object)'> (0x000000008898ac50) 
thrown [s\src\hotspot\share\interpreter\linkResolver.cpp, line 771]
Event: 1.465 Thread 0x000001d4aad90fb0 Exception <a 'java/lang/NoSuchMethodError'{0x0000000084622d98}: 'int java.lang.invoke.DirectMethodHandle$Holder.invokeStaticInit(java.lang.Object, java.lang.Object, java.lang.Object)'> (0x0000000084622d98) 
thrown [s\src\hotspot\share\interpreter\linkResolver.cpp, line 771]
Event: 1.470 Thread 0x000001d4aad90fb0 Exception <a 'java/lang/NoSuchMethodError'{0x000000008464b700}: 'int java.lang.invoke.DirectMethodHandle$Holder.invokeStaticInit(java.lang.Object, java.lang.Object)'> (0x000000008464b700) 
thrown [s\src\hotspot\share\interpreter\linkResolver.cpp, line 771]
Event: 1.489 Thread 0x000001d4aad90fb0 Exception <a 'java/lang/NoSuchMethodError'{0x00000000845283f8}: 'void java.lang.invoke.DirectMethodHandle$Holder.invokeSpecial(java.lang.Object, java.lang.Object, java.lang.Object)'> (0x00000000845283f8) 
thrown [s\src\hotspot\share\interpreter\linkResolver.cpp, line 771]
Event: 1.752 Thread 0x000001d4aad90fb0 Exception <a 'java/lang/NoSuchMethodError'{0x0000000083ae2058}: 'void java.lang.invoke.DirectMethodHandle$Holder.invokeStatic(java.lang.Object, java.lang.Object, java.lang.Object, java.lang.Object)'> (0x0000000083ae2058) 
thrown [s\src\hotspot\share\interpreter\linkResolver.cpp, line 771]
Event: 1.830 Thread 0x000001d4aad90fb0 Exception <a 'java/lang/NoSuchMethodError'{0x000000008a396250}: 'void java.lang.invoke.DirectMethodHandle$Holder.invokeStaticInit(java.lang.Object, java.lang.Object)'> (0x000000008a396250) 
thrown [s\src\hotspot\share\interpreter\linkResolver.cpp, line 771]
Event: 1.904 Thread 0x000001d4aad90fb0 Exception <a 'java/lang/NoSuchMethodError'{0x00000000848cba18}: 'void java.lang.invoke.DirectMethodHandle$Holder.invokeVirtual(java.lang.Object, java.lang.Object)'> (0x00000000848cba18) 
thrown [s\src\hotspot\share\interpreter\linkResolver.cpp, line 771]
Event: 1.915 Thread 0x000001d4aad90fb0 Exception <a 'java/lang/NoSuchMethodError'{0x0000000084757a88}: 'int java.lang.invoke.DirectMethodHandle$Holder.invokeVirtual(java.lang.Object, java.lang.Object)'> (0x0000000084757a88) 
thrown [s\src\hotspot\share\interpreter\linkResolver.cpp, line 771]
Event: 1.931 Thread 0x000001d4aad90fb0 Exception <a 'java/lang/NoSuchMethodError'{0x00000000847fe380}: 'java.lang.Object java.lang.invoke.Invokers$Holder.invokeExact_MT(java.lang.Object, java.lang.Object, java.lang.Object, java.lang.Object, java.lang.Object, java.lang.Object)'> (0x00000000847fe380) 
thrown [s\src\hotspot\share\interpreter\linkResolver.cpp, line 771]
Event: 2.614 Thread 0x000001d4aad90fb0 Exception <a 'java/lang/NoSuchMethodError'{0x0000000088625140}: 'java.lang.Object java.lang.invoke.DirectMethodHandle$Holder.invokeVirtual(java.lang.Object, java.lang.Object, java.lang.Object)'> (0x0000000088625140) 
thrown [s\src\hotspot\share\interpreter\linkResolver.cpp, line 771]
Event: 3.187 Thread 0x000001d4aad90fb0 Exception <a 'java/lang/NoSuchMethodError'{0x000000008505a038}: 'java.lang.Object java.lang.invoke.DirectMethodHandle$Holder.newInvokeSpecial(java.lang.Object, java.lang.Object, int)'> (0x000000008505a038) 
thrown [s\src\hotspot\share\interpreter\linkResolver.cpp, line 771]
Event: 3.228 Thread 0x000001d4aad90fb0 Exception <a 'java/lang/NoSuchMethodError'{0x0000000084fc0520}: 'java.lang.Object java.lang.invoke.DirectMethodHandle$Holder.invokeInterface(java.lang.Object, java.lang.Object)'> (0x0000000084fc0520) 
thrown [s\src\hotspot\share\interpreter\linkResolver.cpp, line 771]
Event: 3.364 Thread 0x000001d4aad90fb0 Exception <a 'java/lang/NoSuchMethodError'{0x00000000885d7be0}: 'java.lang.Object java.lang.invoke.DirectMethodHandle$Holder.newInvokeSpecial(java.lang.Object, java.lang.Object, java.lang.Object, int)'> (0x00000000885d7be0) 
thrown [s\src\hotspot\share\interpreter\linkResolver.cpp, line 771]
Event: 3.364 Thread 0x000001d4aad90fb0 Exception <a 'java/lang/NoSuchMethodError'{0x00000000885dc268}: 'java.lang.Object java.lang.invoke.DirectMethodHandle$Holder.invokeSpecial(java.lang.Object, java.lang.Object, java.lang.Object, java.lang.Object, int)'> (0x00000000885dc268) 
thrown [s\src\hotspot\share\interpreter\linkResolver.cpp, line 771]
Event: 3.364 Thread 0x000001d4aad90fb0 Exception <a 'java/lang/NoSuchMethodError'{0x00000000885e00d8}: 'java.lang.Object java.lang.invoke.Invokers$Holder.linkToTargetMethod(java.lang.Object, java.lang.Object, int, java.lang.Object)'> (0x00000000885e00d8) 
thrown [s\src\hotspot\share\interpreter\linkResolver.cpp, line 771]

VM Operations (20 events):
Event: 2.905 Executing VM operation: G1CollectForAllocation done
Event: 3.234 Executing VM operation: HandshakeAllThreads
Event: 3.234 Executing VM operation: HandshakeAllThreads done
Event: 3.236 Executing VM operation: G1CollectForAllocation
Event: 3.242 Executing VM operation: G1CollectForAllocation done
Event: 3.347 Executing VM operation: HandshakeAllThreads
Event: 3.347 Executing VM operation: HandshakeAllThreads done
Event: 3.362 Executing VM operation: HandshakeAllThreads
Event: 3.362 Executing VM operation: HandshakeAllThreads done
Event: 3.416 Executing VM operation: HandshakeAllThreads
Event: 3.416 Executing VM operation: HandshakeAllThreads done
Event: 3.453 Executing VM operation: HandshakeAllThreads
Event: 3.453 Executing VM operation: HandshakeAllThreads done
Event: 3.600 Executing VM operation: HandshakeAllThreads
Event: 3.600 Executing VM operation: HandshakeAllThreads done
Event: 3.618 Executing VM operation: HandshakeAllThreads
Event: 3.618 Executing VM operation: HandshakeAllThreads done
Event: 3.680 Executing VM operation: ICBufferFull
Event: 3.680 Executing VM operation: ICBufferFull done
Event: 3.681 Executing VM operation: G1CollectForAllocation

Events (20 events):
Event: 3.162 loading class java/util/BitSet
Event: 3.162 loading class java/util/BitSet done
Event: 3.163 loading class java/util/PrimitiveIterator$OfInt
Event: 3.164 loading class java/util/PrimitiveIterator
Event: 3.164 loading class java/util/PrimitiveIterator done
Event: 3.164 loading class java/util/PrimitiveIterator$OfInt done
Event: 3.180 loading class java/util/AbstractMap$SimpleImmutableEntry
Event: 3.181 loading class java/util/AbstractMap$SimpleImmutableEntry done
Event: 3.186 loading class java/util/function/IntUnaryOperator
Event: 3.187 loading class java/util/function/IntUnaryOperator done
Event: 3.347 loading class java/util/ArrayList$ListItr
Event: 3.347 loading class java/util/ArrayList$ListItr done
Event: 3.416 loading class java/util/AbstractList$SubList$1
Event: 3.416 loading class java/util/AbstractList$SubList$1 done
Event: 3.416 loading class java/util/AbstractList$ListItr
Event: 3.416 loading class java/util/AbstractList$ListItr done
Event: 3.504 loading class java/text/StringCharacterIterator
Event: 3.504 loading class java/text/CharacterIterator
Event: 3.504 loading class java/text/CharacterIterator done
Event: 3.504 loading class java/text/StringCharacterIterator done


Dynamic libraries:
0x00007ff72a810000 - 0x00007ff72a81a000 	E:\Android studio 2022.1.3\jbr\bin\java.exe
0x00007ffa5c550000 - 0x00007ffa5c748000 	C:\WINDOWS\SYSTEM32\ntdll.dll
0x00007ffa00b80000 - 0x00007ffa00b99000 	C:\Program Files\Avast Software\Avast\aswhook.dll
0x00007ffa5aec0000 - 0x00007ffa5af7f000 	C:\WINDOWS\System32\KERNEL32.DLL
0x00007ffa59da0000 - 0x00007ffa5a096000 	C:\WINDOWS\System32\KERNELBASE.dll
0x00007ffa5a3d0000 - 0x00007ffa5a4d0000 	C:\WINDOWS\System32\ucrtbase.dll
0x00007ffa02120000 - 0x00007ffa02137000 	E:\Android studio 2022.1.3\jbr\bin\jli.dll
0x00007ffa01310000 - 0x00007ffa0132b000 	E:\Android studio 2022.1.3\jbr\bin\VCRUNTIME140.dll
0x00007ffa5bb00000 - 0x00007ffa5bc9d000 	C:\WINDOWS\System32\USER32.dll
0x00007ffa5a130000 - 0x00007ffa5a152000 	C:\WINDOWS\System32\win32u.dll
0x00007ffa3e070000 - 0x00007ffa3e30a000 	C:\WINDOWS\WinSxS\amd64_microsoft.windows.common-controls_6595b64144ccf1df_6.0.19041.1110_none_60b5254171f9507e\COMCTL32.dll
0x00007ffa5bde0000 - 0x00007ffa5be0c000 	C:\WINDOWS\System32\GDI32.dll
0x00007ffa59c30000 - 0x00007ffa59d45000 	C:\WINDOWS\System32\gdi32full.dll
0x00007ffa5b280000 - 0x00007ffa5b31e000 	C:\WINDOWS\System32\msvcrt.dll
0x00007ffa5a160000 - 0x00007ffa5a1fd000 	C:\WINDOWS\System32\msvcp_win.dll
0x00007ffa5bf40000 - 0x00007ffa5bf70000 	C:\WINDOWS\System32\IMM32.DLL
0x00007ffa0b6f0000 - 0x00007ffa0b6fc000 	E:\Android studio 2022.1.3\jbr\bin\vcruntime140_1.dll
0x00007ff9ed490000 - 0x00007ff9ed51d000 	E:\Android studio 2022.1.3\jbr\bin\msvcp140.dll
0x00007ff9fa1b0000 - 0x00007ff9fae1e000 	E:\Android studio 2022.1.3\jbr\bin\server\jvm.dll
0x00007ffa5bf70000 - 0x00007ffa5c01f000 	C:\WINDOWS\System32\ADVAPI32.dll
0x00007ffa5aff0000 - 0x00007ffa5b08c000 	C:\WINDOWS\System32\sechost.dll
0x00007ffa5be10000 - 0x00007ffa5bf36000 	C:\WINDOWS\System32\RPCRT4.dll
0x00007ffa48230000 - 0x00007ffa48239000 	C:\WINDOWS\SYSTEM32\WSOCK32.dll
0x00007ffa54270000 - 0x00007ffa5427a000 	C:\WINDOWS\SYSTEM32\VERSION.dll
0x00007ffa5ba90000 - 0x00007ffa5bafb000 	C:\WINDOWS\System32\WS2_32.dll
0x00007ffa3e450000 - 0x00007ffa3e477000 	C:\WINDOWS\SYSTEM32\WINMM.dll
0x00007ffa579e0000 - 0x00007ffa579f2000 	C:\WINDOWS\SYSTEM32\kernel.appcore.dll
0x00007ffa01b70000 - 0x00007ffa01b7a000 	E:\Android studio 2022.1.3\jbr\bin\jimage.dll
0x00007ffa4c350000 - 0x00007ffa4c534000 	C:\WINDOWS\SYSTEM32\DBGHELP.DLL
0x00007ffa4c2d0000 - 0x00007ffa4c304000 	C:\WINDOWS\SYSTEM32\dbgcore.DLL
0x00007ffa5a0a0000 - 0x00007ffa5a122000 	C:\WINDOWS\System32\bcryptPrimitives.dll
0x00007ffa017a0000 - 0x00007ffa017c5000 	E:\Android studio 2022.1.3\jbr\bin\java.dll
0x00007ffa01990000 - 0x00007ffa019a8000 	E:\Android studio 2022.1.3\jbr\bin\zip.dll
0x00007ffa5a5b0000 - 0x00007ffa5acf4000 	C:\WINDOWS\System32\SHELL32.dll
0x00007ffa57cc0000 - 0x00007ffa58453000 	C:\WINDOWS\SYSTEM32\windows.storage.dll
0x00007ffa5c080000 - 0x00007ffa5c3d4000 	C:\WINDOWS\System32\combase.dll
0x00007ffa594c0000 - 0x00007ffa594ee000 	C:\WINDOWS\SYSTEM32\Wldp.dll
0x00007ffa5b1d0000 - 0x00007ffa5b27d000 	C:\WINDOWS\System32\SHCORE.dll
0x00007ffa5af80000 - 0x00007ffa5afd5000 	C:\WINDOWS\System32\shlwapi.dll
0x00007ffa59b70000 - 0x00007ffa59b8f000 	C:\WINDOWS\SYSTEM32\profapi.dll
0x00007ffa023a0000 - 0x00007ffa023b9000 	E:\Android studio 2022.1.3\jbr\bin\net.dll
0x00007ffa4dd20000 - 0x00007ffa4de2a000 	C:\WINDOWS\SYSTEM32\WINHTTP.dll
0x00007ffa592a0000 - 0x00007ffa5930a000 	C:\WINDOWS\system32\mswsock.dll
0x00007ffa02380000 - 0x00007ffa02396000 	E:\Android studio 2022.1.3\jbr\bin\nio.dll
0x00007ffa02140000 - 0x00007ffa02150000 	E:\Android studio 2022.1.3\jbr\bin\verify.dll

dbghelp: loaded successfully - version: 4.0.5 - missing functions: none
symbol engine: initialized successfully - sym options: 0x614 - pdb path: .;E:\Android studio 2022.1.3\jbr\bin;C:\WINDOWS\SYSTEM32;C:\Program Files\Avast Software\Avast;C:\WINDOWS\WinSxS\amd64_microsoft.windows.common-controls_6595b64144ccf1df_6.0.19041.1110_none_60b5254171f9507e;E:\Android studio 2022.1.3\jbr\bin\server

VM Arguments:
java_command: org.jetbrains.kotlin.cli.jvm.K2JVMCompiler @C:\Users\Thoriso Tumelo\AndroidStudioProjects\Mvula-Trust-Application\app\build\20231103_16371603984462197086.compiler.options
java_class_path (initial): C:\Users\Thoriso Tumelo\.gradle\caches\modules-2\files-2.1\org.jetbrains.kotlin\kotlin-compiler-embeddable\1.8.0\eb9118d4bcceaa2a94b2ae2a33a4ddba7c9a947f\kotlin-compiler-embeddable-1.8.0.jar;C:\Users\Thoriso Tumelo\.gradle\caches\modules-2\files-2.1\org.jetbrains.kotlin\kotlin-stdlib\1.8.0\1796921c7a3e2e2665a83e6c8d33399336cd39bc\kotlin-stdlib-1.8.0.jar;C:\Users\Thoriso Tumelo\.gradle\caches\modules-2\files-2.1\org.jetbrains.kotlin\kotlin-script-runtime\1.8.0\b2f7e760d283cb339974851c222a4c1d48f2d3d\kotlin-script-runtime-1.8.0.jar;C:\Users\Thoriso Tumelo\.gradle\caches\modules-2\files-2.1\org.jetbrains.kotlin\kotlin-reflect\1.6.10\1cbe9c92c12a94eea200d23c2bbaedaf3daf5132\kotlin-reflect-1.6.10.jar;C:\Users\Thoriso Tumelo\.gradle\caches\modules-2\files-2.1\org.jetbrains.kotlin\kotlin-daemon-embeddable\1.8.0\d255216c551685dc3a7e852b53617f5f01aaaa5c\kotlin-daemon-embeddable-1.8.0.jar;C:\Users\Thoriso Tumelo\.gradle\caches\modules-2\files-2.1\org.jetbrains.intellij.deps\trove4j\1.0.20200330\3afb14d5f9ceb459d724e907a21145e8ff394f02\trove4j-1.0.20200330.jar;C:\Users\Thoriso Tumelo\.gradle\caches\modules-2\files-2.1\net.java.dev.jna\jna\5.6.0\330f2244e9030119ab3030fc3fededc86713d9cc\jna-5.6.0.jar;C:\Users\Thoriso Tumelo\.gradle\caches\modules-2\files-2.1\org.jetbrains.kotlin\kotlin-stdlib-common\1.8.0\f7197e7cc76453ac59f8b0f8d5137cc600becd36\kotlin-stdlib-common-1.8.0.jar;C:\Users\Thoriso Tumelo\.gradle\caches\modules-2\files-2.1\org.jetbrains\annotations\13.0\919f0dfe192fb4e063e7dacadee7f8bb9a2672a9\annotations-13.0.jar
Launcher Type: SUN_STANDARD

[Global flags]
     intx CICompilerCount                          = 3                                         {product} {ergonomic}
     uint ConcGCThreads                            = 1                                         {product} {ergonomic}
     uint G1ConcRefinementThreads                  = 4                                         {product} {ergonomic}
   size_t G1HeapRegionSize                         = 1048576                                   {product} {ergonomic}
    uintx GCDrainStackTargetSize                   = 64                                        {product} {ergonomic}
   size_t InitialHeapSize                          = 132120576                                 {product} {ergonomic}
   size_t MarkStackSize                            = 4194304                                   {product} {ergonomic}
   size_t MaxHeapSize                              = 2107637760                                {product} {ergonomic}
   size_t MaxNewSize                               = 1264582656                                {product} {ergonomic}
   size_t MinHeapDeltaBytes                        = 1048576                                   {product} {ergonomic}
   size_t MinHeapSize                              = 8388608                                   {product} {ergonomic}
    uintx NonNMethodCodeHeapSize                   = 5832780                                {pd product} {ergonomic}
    uintx NonProfiledCodeHeapSize                  = 122912730                              {pd product} {ergonomic}
    uintx ProfiledCodeHeapSize                     = 122912730                              {pd product} {ergonomic}
    uintx ReservedCodeCacheSize                    = 251658240                              {pd product} {ergonomic}
     bool SegmentedCodeCache                       = true                                      {product} {ergonomic}
   size_t SoftMaxHeapSize                          = 2107637760                             {manageable} {ergonomic}
     bool UseCompressedClassPointers               = true                           {product lp64_product} {ergonomic}
     bool UseCompressedOops                        = true                           {product lp64_product} {ergonomic}
     bool UseG1GC                                  = true                                      {product} {ergonomic}
     bool UseLargePagesIndividualAllocation        = false                                  {pd product} {ergonomic}

Logging:
Log output configuration:
 #0: stdout all=warning uptime,level,tags
 #1: stderr all=off uptime,level,tags

Environment Variables:
PATH=C:\WINDOWS\system32;C:\WINDOWS;C:\WINDOWS\System32\Wbem;C:\WINDOWS\System32\WindowsPowerShell\v1.0\;C:\WINDOWS\System32\OpenSSH\;C:\Program Files (x86)\Intel\Intel(R) Management Engine Components\DAL;C:\Program Files\Intel\Intel(R) Management Engine Components\DAL;C:\Program Files\Git\cmd;C:\Users\Thoriso Tumelo\AppData\Local\Microsoft\WindowsApps;C:\Users\Thoriso Tumelo\AppData\Local\GitHubDesktop\bin
USERNAME=Thoriso Tumelo
OS=Windows_NT
PROCESSOR_IDENTIFIER=Intel64 Family 6 Model 158 Stepping 11, GenuineIntel
TMP=C:\Users\THORIS~1\AppData\Local\Temp
TEMP=C:\Users\THORIS~1\AppData\Local\Temp


JNI global refs:
JNI global refs: 8, weak refs: 11

JNI global refs memory usage: 843, weak refs: 841


---------------  S Y S T E M  ---------------

OS:
 Windows 10 , 64 bit Build 19041 (10.0.19041.3031)
OS uptime: 0 days 3:46 hours
Hyper-V role detected

CPU: total 4 (initial active 4) (4 cores per cpu, 1 threads per core) family 6 model 158 stepping 11 microcode 0xb4, cx8, cmov, fxsr, mmx, 3dnowpref, sse, sse2, sse3, ssse3, sse4.1, sse4.2, popcnt, lzcnt, tsc, tscinvbit, avx, avx2, aes, erms, clmul, bmi1, bmi2, adx, fma, vzeroupper, clflush, clflushopt, hv

Memory: 4k page, system-wide physical 8035M (586M free)
TotalPageFile size 10449M (AvailPageFile size 15M)
current process WorkingSet (physical memory assigned to process): 213M, peak: 224M
current process commit charge ("private bytes"): 280M, peak: 296M

vm_info: OpenJDK 64-Bit Server VM (17.0.6+0-b2043.56-10027231) for windows-amd64 JRE (17.0.6+0-b2043.56-10027231), built on Apr 28 2023 00:43:19 by "androidbuild" with MS VC++ 16.10 / 16.11 (VS2019)

END.
