#
# There is insufficient memory for the Java Runtime Environment to continue.
# Native memory allocation (malloc) failed to allocate 1501616 bytes for Chunk::new
# Possible reasons:
#   The system is out of physical RAM or swap space
#   The process is running with CompressedOops enabled, and the Java Heap may be blocking the growth of the native heap
# Possible solutions:
#   Reduce memory load on the system
#   Increase physical memory or swap space
#   Check if swap backing store is full
#   Decrease Java heap size (-Xmx/-Xms)
#   Decrease number of Java threads
#   Decrease Java thread stack sizes (-Xss)
#   Set larger code cache with -XX:ReservedCodeCacheSize=
#   JVM is running with Unscaled Compressed Oops mode in which the Java heap is
#     placed in the first 4GB address space. The Java Heap base address is the
#     maximum limit for the native heap growth. Please use -XX:HeapBaseMinAddress
#     to set the Java Heap base and to place the Java Heap above 4GB virtual address.
# This output file may be truncated or incomplete.
#
#  Out of Memory Error (arena.cpp:189), pid=5964, tid=11756
#
# JRE version: OpenJDK Runtime Environment (17.0.6) (build 17.0.6+0-b2043.56-10027231)
# Java VM: OpenJDK 64-Bit Server VM (17.0.6+0-b2043.56-10027231, mixed mode, tiered, compressed oops, compressed class ptrs, g1 gc, windows-amd64)
# No core dump will be written. Minidumps are not enabled by default on client versions of Windows
#

---------------  S U M M A R Y ------------

Command Line: org.jetbrains.kotlin.cli.jvm.K2JVMCompiler @C:\Users\Thoriso Tumelo\AndroidStudioProjects\Mvula-Trust-Application\app\build\20231114_1792536441532855255.compiler.options

Host: Intel(R) Core(TM) i3-8100T CPU @ 3.10GHz, 4 cores, 7G,  Windows 10 , 64 bit Build 19041 (10.0.19041.3031)
Time: Tue Nov 14 22:04:39 2023 South Africa Standard Time elapsed time: 6.426371 seconds (0d 0h 0m 6s)

---------------  T H R E A D  ---------------

Current thread (0x000001eb7951f9b0):  JavaThread "C2 CompilerThread1" daemon [_thread_in_native, id=11756, stack(0x0000005f65e00000,0x0000005f65f00000)]


Current CompileTask:
C2:   6426 4274       4       java.lang.ClassLoader::loadClass (7 bytes)

Stack: [0x0000005f65e00000,0x0000005f65f00000]
Native frames: (J=compiled Java code, j=interpreted, Vv=VM code, C=native code)
V  [jvm.dll+0x683c9a]
V  [jvm.dll+0x8427a4]
V  [jvm.dll+0x843f9e]
V  [jvm.dll+0x844603]
V  [jvm.dll+0x249b75]
V  [jvm.dll+0xabcac]
V  [jvm.dll+0xac27c]
V  [jvm.dll+0x368802]
V  [jvm.dll+0x1bced2]
V  [jvm.dll+0x21c359]
V  [jvm.dll+0x21b621]
V  [jvm.dll+0x1a4fdd]
V  [jvm.dll+0x22b098]
V  [jvm.dll+0x229159]
V  [jvm.dll+0x7f81ec]
V  [jvm.dll+0x7f274a]
V  [jvm.dll+0x682ad5]
C  [ucrtbase.dll+0x21bb2]
C  [KERNEL32.DLL+0x17614]
C  [ntdll.dll+0x526f1]


---------------  P R O C E S S  ---------------

Threads class SMR info:
_java_thread_list=0x000001eb78e83000, length=13, elements={
0x000001eb592bb800, 0x000001eb74791590, 0x000001eb74792750, 0x000001eb7512dab0,
0x000001eb7512e660, 0x000001eb751237d0, 0x000001eb75124180, 0x000001eb75124f10,
0x000001eb75129440, 0x000001eb75198ce0, 0x000001eb75291010, 0x000001eb75293f90,
0x000001eb7951f9b0
}

Java Threads: ( => current thread )
  0x000001eb592bb800 JavaThread "main" [_thread_in_vm, id=12520, stack(0x0000005f64800000,0x0000005f64900000)]
  0x000001eb74791590 JavaThread "Reference Handler" daemon [_thread_blocked, id=6816, stack(0x0000005f64f00000,0x0000005f65000000)]
  0x000001eb74792750 JavaThread "Finalizer" daemon [_thread_blocked, id=10232, stack(0x0000005f65000000,0x0000005f65100000)]
  0x000001eb7512dab0 JavaThread "Signal Dispatcher" daemon [_thread_blocked, id=1216, stack(0x0000005f65100000,0x0000005f65200000)]
  0x000001eb7512e660 JavaThread "Attach Listener" daemon [_thread_blocked, id=6544, stack(0x0000005f65200000,0x0000005f65300000)]
  0x000001eb751237d0 JavaThread "Service Thread" daemon [_thread_blocked, id=12784, stack(0x0000005f65300000,0x0000005f65400000)]
  0x000001eb75124180 JavaThread "Monitor Deflation Thread" daemon [_thread_blocked, id=12516, stack(0x0000005f65400000,0x0000005f65500000)]
  0x000001eb75124f10 JavaThread "C2 CompilerThread0" daemon [_thread_in_native, id=6540, stack(0x0000005f65500000,0x0000005f65600000)]
  0x000001eb75129440 JavaThread "C1 CompilerThread0" daemon [_thread_blocked, id=10728, stack(0x0000005f65600000,0x0000005f65700000)]
  0x000001eb75198ce0 JavaThread "Sweeper thread" daemon [_thread_blocked, id=4536, stack(0x0000005f65700000,0x0000005f65800000)]
  0x000001eb75291010 JavaThread "Notification Thread" daemon [_thread_blocked, id=13304, stack(0x0000005f65800000,0x0000005f65900000)]
  0x000001eb75293f90 JavaThread "Common-Cleaner" daemon [_thread_blocked, id=5564, stack(0x0000005f65a00000,0x0000005f65b00000)]
=>0x000001eb7951f9b0 JavaThread "C2 CompilerThread1" daemon [_thread_in_native, id=11756, stack(0x0000005f65e00000,0x0000005f65f00000)]

Other Threads:
  0x000001eb747c39f0 VMThread "VM Thread" [stack: 0x0000005f64e00000,0x0000005f64f00000] [id=11552]
  0x000001eb75293d00 WatcherThread [stack: 0x0000005f65900000,0x0000005f65a00000] [id=6756]
  0x000001eb59439d90 GCTaskThread "GC Thread#0" [stack: 0x0000005f64900000,0x0000005f64a00000] [id=6948]
  0x000001eb756b8d30 GCTaskThread "GC Thread#1" [stack: 0x0000005f65b00000,0x0000005f65c00000] [id=10120]
  0x000001eb756ac420 GCTaskThread "GC Thread#2" [stack: 0x0000005f65c00000,0x0000005f65d00000] [id=8432]
  0x000001eb756e2830 GCTaskThread "GC Thread#3" [stack: 0x0000005f65d00000,0x0000005f65e00000] [id=9860]
  0x000001eb5944a810 ConcurrentGCThread "G1 Main Marker" [stack: 0x0000005f64a00000,0x0000005f64b00000] [id=10192]
  0x000001eb5944b300 ConcurrentGCThread "G1 Conc#0" [stack: 0x0000005f64b00000,0x0000005f64c00000] [id=1620]
  0x000001eb594ad690 ConcurrentGCThread "G1 Refine#0" [stack: 0x0000005f64c00000,0x0000005f64d00000] [id=7460]
  0x000001eb594ae0b0 ConcurrentGCThread "G1 Service" [stack: 0x0000005f64d00000,0x0000005f64e00000] [id=2260]

Threads with active compile tasks:
C2 CompilerThread0     6468 4345       4       jdk.internal.loader.ClassLoaders$AppClassLoader::loadClass (40 bytes)
C2 CompilerThread1     6468 4274       4       java.lang.ClassLoader::loadClass (7 bytes)

VM state: not at safepoint (normal execution)

VM Mutex/Monitor currently owned by a thread: None

Heap address: 0x0000000082600000, size: 2010 MB, Compressed Oops mode: 32-bit

CDS archive(s) not mapped
Compressed class space mapped at: 0x0000000100000000-0x0000000140000000, reserved size: 1073741824
Narrow klass base: 0x0000000000000000, Narrow klass shift: 3, Narrow klass range: 0x140000000

GC Precious Log:
 CPUs: 4 total, 4 available
 Memory: 8035M
 Large Page Support: Disabled
 NUMA Support: Disabled
 Compressed Oops: Enabled (32-bit)
 Heap Region Size: 1M
 Heap Min Capacity: 8M
 Heap Initial Capacity: 126M
 Heap Max Capacity: 2010M
 Pre-touch: Disabled
 Parallel Workers: 4
 Concurrent Workers: 1
 Concurrent Refinement Workers: 4
 Periodic GC: Disabled

Heap:
 garbage-first heap   total 120832K, used 36385K [0x0000000082600000, 0x0000000100000000)
  region size 1024K, 9 young (9216K), 8 survivors (8192K)
 Metaspace       used 52483K, committed 52736K, reserved 1097728K
  class space    used 6255K, committed 6400K, reserved 1048576K

Heap Regions: E=young(eden), S=young(survivor), O=old, HS=humongous(starts), HC=humongous(continues), CS=collection set, F=free, OA=open archive, CA=closed archive, TAMS=top-at-mark-start (previous, next)
|   0|0x0000000082600000, 0x0000000082700000, 0x0000000082700000|100%|HS|  |TAMS 0x0000000082700000, 0x0000000082600000| Complete 
|   1|0x0000000082700000, 0x0000000082800000, 0x0000000082800000|100%|HC|  |TAMS 0x0000000082800000, 0x0000000082700000| Complete 
|   2|0x0000000082800000, 0x0000000082900000, 0x0000000082900000|100%|HC|  |TAMS 0x0000000082900000, 0x0000000082800000| Complete 
|   3|0x0000000082900000, 0x0000000082a00000, 0x0000000082a00000|100%|HC|  |TAMS 0x0000000082a00000, 0x0000000082900000| Complete 
|   4|0x0000000082a00000, 0x0000000082b00000, 0x0000000082b00000|100%| O|  |TAMS 0x0000000082b00000, 0x0000000082a00000| Untracked 
|   5|0x0000000082b00000, 0x0000000082c00000, 0x0000000082c00000|100%| O|  |TAMS 0x0000000082c00000, 0x0000000082b00000| Untracked 
|   6|0x0000000082c00000, 0x0000000082d00000, 0x0000000082d00000|100%| O|  |TAMS 0x0000000082d00000, 0x0000000082c00000| Untracked 
|   7|0x0000000082d00000, 0x0000000082e00000, 0x0000000082e00000|100%|HS|  |TAMS 0x0000000082e00000, 0x0000000082d00000| Complete 
|   8|0x0000000082e00000, 0x0000000082f00000, 0x0000000082f00000|100%|HC|  |TAMS 0x0000000082f00000, 0x0000000082e00000| Complete 
|   9|0x0000000082f00000, 0x0000000083000000, 0x0000000083000000|100%|HC|  |TAMS 0x0000000083000000, 0x0000000082f00000| Complete 
|  10|0x0000000083000000, 0x0000000083100000, 0x0000000083100000|100%|HC|  |TAMS 0x0000000083100000, 0x0000000083000000| Complete 
|  11|0x0000000083100000, 0x0000000083200000, 0x0000000083200000|100%| O|  |TAMS 0x0000000083200000, 0x0000000083100000| Untracked 
|  12|0x0000000083200000, 0x0000000083300000, 0x0000000083300000|100%| O|  |TAMS 0x0000000083300000, 0x0000000083200000| Untracked 
|  13|0x0000000083300000, 0x0000000083400000, 0x0000000083400000|100%| O|  |TAMS 0x0000000083400000, 0x0000000083300000| Untracked 
|  14|0x0000000083400000, 0x0000000083500000, 0x0000000083500000|100%| O|  |TAMS 0x0000000083500000, 0x0000000083400000| Untracked 
|  15|0x0000000083500000, 0x0000000083600000, 0x0000000083600000|100%| O|  |TAMS 0x0000000083500000, 0x0000000083500000| Untracked 
|  16|0x0000000083600000, 0x0000000083700000, 0x0000000083700000|100%| O|  |TAMS 0x0000000083600000, 0x0000000083600000| Untracked 
|  17|0x0000000083700000, 0x0000000083800000, 0x0000000083800000|100%| O|  |TAMS 0x0000000083800000, 0x0000000083700000| Untracked 
|  18|0x0000000083800000, 0x0000000083900000, 0x0000000083900000|100%| O|  |TAMS 0x0000000083900000, 0x0000000083800000| Untracked 
|  19|0x0000000083900000, 0x0000000083a00000, 0x0000000083a00000|100%| O|  |TAMS 0x0000000083900000, 0x0000000083900000| Untracked 
|  20|0x0000000083a00000, 0x0000000083b00000, 0x0000000083b00000|100%| O|  |TAMS 0x0000000083b00000, 0x0000000083a00000| Untracked 
|  21|0x0000000083b00000, 0x0000000083c00000, 0x0000000083c00000|100%| O|  |TAMS 0x0000000083b1b800, 0x0000000083b00000| Untracked 
|  22|0x0000000083c00000, 0x0000000083d00000, 0x0000000083d00000|100%| O|  |TAMS 0x0000000083c00000, 0x0000000083c00000| Untracked 
|  23|0x0000000083d00000, 0x0000000083e00000, 0x0000000083e00000|100%| O|  |TAMS 0x0000000083d00000, 0x0000000083d00000| Untracked 
|  24|0x0000000083e00000, 0x0000000083f00000, 0x0000000083f00000|100%| O|  |TAMS 0x0000000083e00000, 0x0000000083e00000| Untracked 
|  25|0x0000000083f00000, 0x0000000084000000, 0x0000000084000000|100%| O|  |TAMS 0x0000000083f00000, 0x0000000083f00000| Untracked 
|  26|0x0000000084000000, 0x0000000084100000, 0x0000000084100000|100%|HS|  |TAMS 0x0000000084000000, 0x0000000084000000| Complete 
|  27|0x0000000084100000, 0x0000000084200000, 0x0000000084200000|100%|HC|  |TAMS 0x0000000084100000, 0x0000000084100000| Complete 
|  28|0x0000000084200000, 0x0000000084249800, 0x0000000084300000| 28%| O|  |TAMS 0x0000000084200000, 0x0000000084200000| Untracked 
|  29|0x0000000084300000, 0x0000000084300000, 0x0000000084400000|  0%| F|  |TAMS 0x0000000084300000, 0x0000000084300000| Untracked 
|  30|0x0000000084400000, 0x0000000084400000, 0x0000000084500000|  0%| F|  |TAMS 0x0000000084400000, 0x0000000084400000| Untracked 
|  31|0x0000000084500000, 0x0000000084500000, 0x0000000084600000|  0%| F|  |TAMS 0x0000000084500000, 0x0000000084500000| Untracked 
|  32|0x0000000084600000, 0x0000000084600000, 0x0000000084700000|  0%| F|  |TAMS 0x0000000084600000, 0x0000000084600000| Untracked 
|  33|0x0000000084700000, 0x0000000084700000, 0x0000000084800000|  0%| F|  |TAMS 0x0000000084700000, 0x0000000084700000| Untracked 
|  34|0x0000000084800000, 0x0000000084800000, 0x0000000084900000|  0%| F|  |TAMS 0x0000000084800000, 0x0000000084800000| Untracked 
|  35|0x0000000084900000, 0x0000000084900000, 0x0000000084a00000|  0%| F|  |TAMS 0x0000000084900000, 0x0000000084900000| Untracked 
|  36|0x0000000084a00000, 0x0000000084a00000, 0x0000000084b00000|  0%| F|  |TAMS 0x0000000084a00000, 0x0000000084a00000| Untracked 
|  37|0x0000000084b00000, 0x0000000084b00000, 0x0000000084c00000|  0%| F|  |TAMS 0x0000000084b00000, 0x0000000084b00000| Untracked 
|  38|0x0000000084c00000, 0x0000000084c00000, 0x0000000084d00000|  0%| F|  |TAMS 0x0000000084c00000, 0x0000000084c00000| Untracked 
|  39|0x0000000084d00000, 0x0000000084d00000, 0x0000000084e00000|  0%| F|  |TAMS 0x0000000084d00000, 0x0000000084d00000| Untracked 
|  40|0x0000000084e00000, 0x0000000084e00000, 0x0000000084f00000|  0%| F|  |TAMS 0x0000000084e00000, 0x0000000084e00000| Untracked 
|  41|0x0000000084f00000, 0x0000000084f00000, 0x0000000085000000|  0%| F|  |TAMS 0x0000000084f00000, 0x0000000084f00000| Untracked 
|  42|0x0000000085000000, 0x0000000085000000, 0x0000000085100000|  0%| F|  |TAMS 0x0000000085000000, 0x0000000085000000| Untracked 
|  43|0x0000000085100000, 0x0000000085100000, 0x0000000085200000|  0%| F|  |TAMS 0x0000000085100000, 0x0000000085100000| Untracked 
|  44|0x0000000085200000, 0x0000000085200000, 0x0000000085300000|  0%| F|  |TAMS 0x0000000085200000, 0x0000000085200000| Untracked 
|  45|0x0000000085300000, 0x0000000085300000, 0x0000000085400000|  0%| F|  |TAMS 0x0000000085300000, 0x0000000085300000| Untracked 
|  46|0x0000000085400000, 0x0000000085400000, 0x0000000085500000|  0%| F|  |TAMS 0x0000000085400000, 0x0000000085400000| Untracked 
|  47|0x0000000085500000, 0x0000000085500000, 0x0000000085600000|  0%| F|  |TAMS 0x0000000085500000, 0x0000000085500000| Untracked 
|  48|0x0000000085600000, 0x0000000085600000, 0x0000000085700000|  0%| F|  |TAMS 0x0000000085600000, 0x0000000085600000| Untracked 
|  49|0x0000000085700000, 0x0000000085700000, 0x0000000085800000|  0%| F|  |TAMS 0x0000000085700000, 0x0000000085700000| Untracked 
|  50|0x0000000085800000, 0x0000000085800000, 0x0000000085900000|  0%| F|  |TAMS 0x0000000085800000, 0x0000000085800000| Untracked 
|  51|0x0000000085900000, 0x0000000085900000, 0x0000000085a00000|  0%| F|  |TAMS 0x0000000085900000, 0x0000000085900000| Untracked 
|  52|0x0000000085a00000, 0x0000000085a00000, 0x0000000085b00000|  0%| F|  |TAMS 0x0000000085a00000, 0x0000000085a00000| Untracked 
|  53|0x0000000085b00000, 0x0000000085b00000, 0x0000000085c00000|  0%| F|  |TAMS 0x0000000085b00000, 0x0000000085b00000| Untracked 
|  54|0x0000000085c00000, 0x0000000085c00000, 0x0000000085d00000|  0%| F|  |TAMS 0x0000000085c00000, 0x0000000085c00000| Untracked 
|  55|0x0000000085d00000, 0x0000000085d00000, 0x0000000085e00000|  0%| F|  |TAMS 0x0000000085d00000, 0x0000000085d00000| Untracked 
|  56|0x0000000085e00000, 0x0000000085e3efb0, 0x0000000085f00000| 24%| S|CS|TAMS 0x0000000085e00000, 0x0000000085e00000| Complete 
|  57|0x0000000085f00000, 0x0000000086000000, 0x0000000086000000|100%| S|CS|TAMS 0x0000000085f00000, 0x0000000085f00000| Complete 
|  58|0x0000000086000000, 0x0000000086100000, 0x0000000086100000|100%| S|CS|TAMS 0x0000000086000000, 0x0000000086000000| Complete 
|  59|0x0000000086100000, 0x0000000086200000, 0x0000000086200000|100%| S|CS|TAMS 0x0000000086100000, 0x0000000086100000| Complete 
|  60|0x0000000086200000, 0x0000000086300000, 0x0000000086300000|100%| S|CS|TAMS 0x0000000086200000, 0x0000000086200000| Complete 
|  61|0x0000000086300000, 0x0000000086400000, 0x0000000086400000|100%| S|CS|TAMS 0x0000000086300000, 0x0000000086300000| Complete 
|  62|0x0000000086400000, 0x0000000086500000, 0x0000000086500000|100%| S|CS|TAMS 0x0000000086400000, 0x0000000086400000| Complete 
|  63|0x0000000086500000, 0x0000000086600000, 0x0000000086600000|100%| S|CS|TAMS 0x0000000086500000, 0x0000000086500000| Complete 
|  64|0x0000000086600000, 0x0000000086600000, 0x0000000086700000|  0%| F|  |TAMS 0x0000000086600000, 0x0000000086600000| Untracked 
|  65|0x0000000086700000, 0x0000000086700000, 0x0000000086800000|  0%| F|  |TAMS 0x0000000086700000, 0x0000000086700000| Untracked 
|  66|0x0000000086800000, 0x0000000086800000, 0x0000000086900000|  0%| F|  |TAMS 0x0000000086800000, 0x0000000086800000| Untracked 
|  67|0x0000000086900000, 0x0000000086900000, 0x0000000086a00000|  0%| F|  |TAMS 0x0000000086900000, 0x0000000086900000| Untracked 
|  68|0x0000000086a00000, 0x0000000086a00000, 0x0000000086b00000|  0%| F|  |TAMS 0x0000000086a00000, 0x0000000086a00000| Untracked 
|  69|0x0000000086b00000, 0x0000000086b00000, 0x0000000086c00000|  0%| F|  |TAMS 0x0000000086b00000, 0x0000000086b00000| Untracked 
|  70|0x0000000086c00000, 0x0000000086c00000, 0x0000000086d00000|  0%| F|  |TAMS 0x0000000086c00000, 0x0000000086c00000| Untracked 
|  71|0x0000000086d00000, 0x0000000086d00000, 0x0000000086e00000|  0%| F|  |TAMS 0x0000000086d00000, 0x0000000086d00000| Untracked 
|  72|0x0000000086e00000, 0x0000000086e00000, 0x0000000086f00000|  0%| F|  |TAMS 0x0000000086e00000, 0x0000000086e00000| Untracked 
|  73|0x0000000086f00000, 0x0000000086f00000, 0x0000000087000000|  0%| F|  |TAMS 0x0000000086f00000, 0x0000000086f00000| Untracked 
|  74|0x0000000087000000, 0x0000000087000000, 0x0000000087100000|  0%| F|  |TAMS 0x0000000087000000, 0x0000000087000000| Untracked 
|  75|0x0000000087100000, 0x0000000087100000, 0x0000000087200000|  0%| F|  |TAMS 0x0000000087100000, 0x0000000087100000| Untracked 
|  76|0x0000000087200000, 0x0000000087200000, 0x0000000087300000|  0%| F|  |TAMS 0x0000000087200000, 0x0000000087200000| Untracked 
|  77|0x0000000087300000, 0x0000000087300000, 0x0000000087400000|  0%| F|  |TAMS 0x0000000087300000, 0x0000000087300000| Untracked 
|  78|0x0000000087400000, 0x0000000087400000, 0x0000000087500000|  0%| F|  |TAMS 0x0000000087400000, 0x0000000087400000| Untracked 
|  79|0x0000000087500000, 0x0000000087500000, 0x0000000087600000|  0%| F|  |TAMS 0x0000000087500000, 0x0000000087500000| Untracked 
|  80|0x0000000087600000, 0x0000000087600000, 0x0000000087700000|  0%| F|  |TAMS 0x0000000087600000, 0x0000000087600000| Untracked 
|  81|0x0000000087700000, 0x0000000087700000, 0x0000000087800000|  0%| F|  |TAMS 0x0000000087700000, 0x0000000087700000| Untracked 
|  82|0x0000000087800000, 0x0000000087800000, 0x0000000087900000|  0%| F|  |TAMS 0x0000000087800000, 0x0000000087800000| Untracked 
|  83|0x0000000087900000, 0x0000000087900000, 0x0000000087a00000|  0%| F|  |TAMS 0x0000000087900000, 0x0000000087900000| Untracked 
|  84|0x0000000087a00000, 0x0000000087a00000, 0x0000000087b00000|  0%| F|  |TAMS 0x0000000087a00000, 0x0000000087a00000| Untracked 
|  85|0x0000000087b00000, 0x0000000087b00000, 0x0000000087c00000|  0%| F|  |TAMS 0x0000000087b00000, 0x0000000087b00000| Untracked 
|  86|0x0000000087c00000, 0x0000000087c00000, 0x0000000087d00000|  0%| F|  |TAMS 0x0000000087c00000, 0x0000000087c00000| Untracked 
|  87|0x0000000087d00000, 0x0000000087d00000, 0x0000000087e00000|  0%| F|  |TAMS 0x0000000087d00000, 0x0000000087d00000| Untracked 
|  88|0x0000000087e00000, 0x0000000087e00000, 0x0000000087f00000|  0%| F|  |TAMS 0x0000000087e00000, 0x0000000087e00000| Untracked 
|  89|0x0000000087f00000, 0x0000000087f00000, 0x0000000088000000|  0%| F|  |TAMS 0x0000000087f00000, 0x0000000087f00000| Untracked 
|  90|0x0000000088000000, 0x0000000088000000, 0x0000000088100000|  0%| F|  |TAMS 0x0000000088000000, 0x0000000088000000| Untracked 
|  91|0x0000000088100000, 0x0000000088100000, 0x0000000088200000|  0%| F|  |TAMS 0x0000000088100000, 0x0000000088100000| Untracked 
|  92|0x0000000088200000, 0x0000000088200000, 0x0000000088300000|  0%| F|  |TAMS 0x0000000088200000, 0x0000000088200000| Untracked 
|  93|0x0000000088300000, 0x0000000088300000, 0x0000000088400000|  0%| F|  |TAMS 0x0000000088300000, 0x0000000088300000| Untracked 
|  94|0x0000000088400000, 0x0000000088400000, 0x0000000088500000|  0%| F|  |TAMS 0x0000000088400000, 0x0000000088400000| Untracked 
|  95|0x0000000088500000, 0x0000000088500000, 0x0000000088600000|  0%| F|  |TAMS 0x0000000088500000, 0x0000000088500000| Untracked 
|  96|0x0000000088600000, 0x0000000088600000, 0x0000000088700000|  0%| F|  |TAMS 0x0000000088600000, 0x0000000088600000| Untracked 
|  97|0x0000000088700000, 0x0000000088700000, 0x0000000088800000|  0%| F|  |TAMS 0x0000000088700000, 0x0000000088700000| Untracked 
|  98|0x0000000088800000, 0x0000000088800000, 0x0000000088900000|  0%| F|  |TAMS 0x0000000088800000, 0x0000000088800000| Untracked 
|  99|0x0000000088900000, 0x0000000088900000, 0x0000000088a00000|  0%| F|  |TAMS 0x0000000088900000, 0x0000000088900000| Untracked 
| 100|0x0000000088a00000, 0x0000000088a00000, 0x0000000088b00000|  0%| F|  |TAMS 0x0000000088a00000, 0x0000000088a00000| Untracked 
| 101|0x0000000088b00000, 0x0000000088b00000, 0x0000000088c00000|  0%| F|  |TAMS 0x0000000088b00000, 0x0000000088b00000| Untracked 
| 102|0x0000000088c00000, 0x0000000088c00000, 0x0000000088d00000|  0%| F|  |TAMS 0x0000000088c00000, 0x0000000088c00000| Untracked 
| 103|0x0000000088d00000, 0x0000000088d00000, 0x0000000088e00000|  0%| F|  |TAMS 0x0000000088d00000, 0x0000000088d00000| Untracked 
| 104|0x0000000088e00000, 0x0000000088e00000, 0x0000000088f00000|  0%| F|  |TAMS 0x0000000088e00000, 0x0000000088e00000| Untracked 
| 105|0x0000000088f00000, 0x0000000088f00000, 0x0000000089000000|  0%| F|  |TAMS 0x0000000088f00000, 0x0000000088f00000| Untracked 
| 106|0x0000000089000000, 0x0000000089000000, 0x0000000089100000|  0%| F|  |TAMS 0x0000000089000000, 0x0000000089000000| Untracked 
| 107|0x0000000089100000, 0x0000000089100000, 0x0000000089200000|  0%| F|  |TAMS 0x0000000089100000, 0x0000000089100000| Untracked 
| 108|0x0000000089200000, 0x0000000089200000, 0x0000000089300000|  0%| F|  |TAMS 0x0000000089200000, 0x0000000089200000| Untracked 
| 109|0x0000000089300000, 0x0000000089300000, 0x0000000089400000|  0%| F|  |TAMS 0x0000000089300000, 0x0000000089300000| Untracked 
| 110|0x0000000089400000, 0x0000000089400000, 0x0000000089500000|  0%| F|  |TAMS 0x0000000089400000, 0x0000000089400000| Untracked 
| 111|0x0000000089500000, 0x0000000089500000, 0x0000000089600000|  0%| F|  |TAMS 0x0000000089500000, 0x0000000089500000| Untracked 
| 112|0x0000000089600000, 0x0000000089600000, 0x0000000089700000|  0%| F|  |TAMS 0x0000000089600000, 0x0000000089600000| Untracked 
| 113|0x0000000089700000, 0x0000000089700000, 0x0000000089800000|  0%| F|  |TAMS 0x0000000089700000, 0x0000000089700000| Untracked 
| 114|0x0000000089800000, 0x0000000089800000, 0x0000000089900000|  0%| F|  |TAMS 0x0000000089800000, 0x0000000089800000| Untracked 
| 115|0x0000000089900000, 0x0000000089900000, 0x0000000089a00000|  0%| F|  |TAMS 0x0000000089900000, 0x0000000089900000| Untracked 
| 116|0x0000000089a00000, 0x0000000089a00000, 0x0000000089b00000|  0%| F|  |TAMS 0x0000000089a00000, 0x0000000089a00000| Untracked 
| 125|0x000000008a300000, 0x000000008a392fc0, 0x000000008a400000| 57%| E|  |TAMS 0x000000008a300000, 0x000000008a300000| Complete 

Card table byte_map: [0x000001eb6daa0000,0x000001eb6de90000] _byte_map_base: 0x000001eb6d68d000

Marking Bits (Prev, Next): (CMBitMap*) 0x000001eb5943a3a0, (CMBitMap*) 0x000001eb5943a3e0
 Prev Bits: [0x000001eb6e280000, 0x000001eb701e8000)
 Next Bits: [0x000001eb701f0000, 0x000001eb72158000)

Polling page: 0x000001eb594b0000

Metaspace:

Usage:
  Non-class:     45.20 MB used.
      Class:      6.11 MB used.
       Both:     51.31 MB used.

Virtual space:
  Non-class space:       48.00 MB reserved,      45.31 MB ( 94%) committed,  6 nodes.
      Class space:        1.00 GB reserved,       6.25 MB ( <1%) committed,  1 nodes.
             Both:        1.05 GB reserved,      51.56 MB (  5%) committed. 

Chunk freelists:
   Non-Class:  2.12 MB
       Class:  1.72 MB
        Both:  3.84 MB

MaxMetaspaceSize: unlimited
CompressedClassSpaceSize: 1.00 GB
Initial GC threshold: 21.00 MB
Current GC threshold: 59.06 MB
CDS: off
MetaspaceReclaimPolicy: balanced
 - commit_granule_bytes: 65536.
 - commit_granule_words: 8192.
 - virtual_space_node_default_size: 1048576.
 - enlarge_chunks_in_place: 1.
 - new_chunks_are_fully_committed: 0.
 - uncommit_free_chunks: 1.
 - use_allocation_guard: 0.
 - handle_deallocations: 1.


Internal statistics:

num_allocs_failed_limit: 6.
num_arena_births: 228.
num_arena_deaths: 0.
num_vsnodes_births: 7.
num_vsnodes_deaths: 0.
num_space_committed: 823.
num_space_uncommitted: 0.
num_chunks_returned_to_freelist: 6.
num_chunks_taken_from_freelist: 1740.
num_chunk_merges: 6.
num_chunk_splits: 1399.
num_chunks_enlarged: 1244.
num_purges: 0.
num_inconsistent_stats: 0.

CodeHeap 'non-profiled nmethods': size=120000Kb used=1901Kb max_used=1901Kb free=118099Kb
 bounds [0x000001eb65b50000, 0x000001eb65dc0000, 0x000001eb6d080000]
CodeHeap 'profiled nmethods': size=120000Kb used=8811Kb max_used=8811Kb free=111188Kb
 bounds [0x000001eb5e080000, 0x000001eb5e920000, 0x000001eb655b0000]
CodeHeap 'non-nmethods': size=5760Kb used=1287Kb max_used=1356Kb free=4472Kb
 bounds [0x000001eb655b0000, 0x000001eb65820000, 0x000001eb65b50000]
 total_blobs=4940 nmethods=4333 adapters=519
 compilation: enabled
              stopped_count=0, restarted_count=0
 full_count=0

Compilation events (20 events):
Event: 6.280 Thread 0x000001eb75124f10 nmethod 4304 0x000001eb65d2a490 code [0x000001eb65d2a620, 0x000001eb65d2a718]
Event: 6.280 Thread 0x000001eb75124f10 4291       4       org.jetbrains.kotlin.utils.SmartList::<init> (5 bytes)
Event: 6.281 Thread 0x000001eb75124f10 nmethod 4291 0x000001eb65d2a890 code [0x000001eb65d2aa00, 0x000001eb65d2aa78]
Event: 6.281 Thread 0x000001eb75124f10 4289       4       java.util.Arrays::copyOf (40 bytes)
Event: 6.289 Thread 0x000001eb75124f10 nmethod 4289 0x000001eb65d2ab90 code [0x000001eb65d2ad20, 0x000001eb65d2b198]
Event: 6.335 Thread 0x000001eb75124f10 4345       4       jdk.internal.loader.ClassLoaders$AppClassLoader::loadClass (40 bytes)
Event: 6.335 Thread 0x000001eb75129440 4346       3       org.jetbrains.kotlin.com.intellij.openapi.util.Key::<init> (42 bytes)
Event: 6.336 Thread 0x000001eb75129440 nmethod 4346 0x000001eb5e915d10 code [0x000001eb5e915ee0, 0x000001eb5e916228]
Event: 6.336 Thread 0x000001eb75129440 4347       3       org.jetbrains.kotlin.com.intellij.util.containers.ConcurrentIntKeyRefValueHashMap::processQueue (36 bytes)
Event: 6.336 Thread 0x000001eb75129440 nmethod 4347 0x000001eb5e916390 code [0x000001eb5e9165a0, 0x000001eb5e916ca8]
Event: 6.336 Thread 0x000001eb75129440 4348       3       org.jetbrains.kotlin.com.intellij.util.containers.ConcurrentIntKeyWeakValueHashMap::createReference (28 bytes)
Event: 6.336 Thread 0x000001eb75129440 nmethod 4348 0x000001eb5e916f90 code [0x000001eb5e917160, 0x000001eb5e917468]
Event: 6.337 Thread 0x000001eb75129440 4349       3       org.jetbrains.kotlin.com.intellij.util.containers.ConcurrentIntObjectHashMap::put (16 bytes)
Event: 6.337 Thread 0x000001eb75129440 nmethod 4349 0x000001eb5e917610 code [0x000001eb5e9177c0, 0x000001eb5e917978]
Event: 6.337 Thread 0x000001eb75129440 4350       3       org.jetbrains.kotlin.com.intellij.util.containers.ConcurrentIntObjectHashMap::spread (10 bytes)
Event: 6.337 Thread 0x000001eb75129440 nmethod 4350 0x000001eb5e917a90 code [0x000001eb5e917c20, 0x000001eb5e917d18]
Event: 6.337 Thread 0x000001eb75129440 4351       3       org.jetbrains.kotlin.com.intellij.util.containers.ConcurrentIntObjectHashMap::addCount (278 bytes)
Event: 6.338 Thread 0x000001eb75129440 nmethod 4351 0x000001eb5e917d90 code [0x000001eb5e918000, 0x000001eb5e918a68]
Event: 6.338 Thread 0x000001eb75129440 4352   !   3       org.jetbrains.kotlin.com.intellij.util.containers.ConcurrentIntObjectHashMap::compareAndSwapLong (24 bytes)
Event: 6.339 Thread 0x000001eb75129440 nmethod 4352 0x000001eb5e918e10 code [0x000001eb5e919020, 0x000001eb5e919888]

GC Heap History (20 events):
Event: 3.062 GC heap before
{Heap before GC invocations=2 (full 0):
 garbage-first heap   total 129024K, used 33596K [0x0000000082600000, 0x0000000100000000)
  region size 1024K, 28 young (28672K), 2 survivors (2048K)
 Metaspace       used 21317K, committed 21504K, reserved 1073152K
  class space    used 2323K, committed 2432K, reserved 1048576K
}
Event: 3.067 GC heap after
{Heap after GC invocations=3 (full 0):
 garbage-first heap   total 129024K, used 10458K [0x0000000082600000, 0x0000000100000000)
  region size 1024K, 5 young (5120K), 5 survivors (5120K)
 Metaspace       used 21317K, committed 21504K, reserved 1073152K
  class space    used 2323K, committed 2432K, reserved 1048576K
}
Event: 3.498 GC heap before
{Heap before GC invocations=4 (full 0):
 garbage-first heap   total 45056K, used 35034K [0x0000000082600000, 0x0000000100000000)
  region size 1024K, 26 young (26624K), 5 survivors (5120K)
 Metaspace       used 27751K, committed 27904K, reserved 1081344K
  class space    used 3043K, committed 3136K, reserved 1048576K
}
Event: 3.507 GC heap after
{Heap after GC invocations=5 (full 0):
 garbage-first heap   total 45056K, used 16678K [0x0000000082600000, 0x0000000100000000)
  region size 1024K, 3 young (3072K), 3 survivors (3072K)
 Metaspace       used 27751K, committed 27904K, reserved 1081344K
  class space    used 3043K, committed 3136K, reserved 1048576K
}
Event: 3.536 GC heap before
{Heap before GC invocations=5 (full 0):
 garbage-first heap   total 45056K, used 17702K [0x0000000082600000, 0x0000000100000000)
  region size 1024K, 4 young (4096K), 3 survivors (3072K)
 Metaspace       used 28010K, committed 28288K, reserved 1081344K
  class space    used 3072K, committed 3200K, reserved 1048576K
}
Event: 3.538 GC heap after
{Heap after GC invocations=6 (full 0):
 garbage-first heap   total 45056K, used 16692K [0x0000000082600000, 0x0000000100000000)
  region size 1024K, 1 young (1024K), 1 survivors (1024K)
 Metaspace       used 28010K, committed 28288K, reserved 1081344K
  class space    used 3072K, committed 3200K, reserved 1048576K
}
Event: 3.924 GC heap before
{Heap before GC invocations=6 (full 0):
 garbage-first heap   total 45056K, used 34100K [0x0000000082600000, 0x0000000100000000)
  region size 1024K, 17 young (17408K), 1 survivors (1024K)
 Metaspace       used 31202K, committed 31424K, reserved 1081344K
  class space    used 3771K, committed 3904K, reserved 1048576K
}
Event: 3.929 GC heap after
{Heap after GC invocations=7 (full 0):
 garbage-first heap   total 45056K, used 21504K [0x0000000082600000, 0x0000000100000000)
  region size 1024K, 3 young (3072K), 3 survivors (3072K)
 Metaspace       used 31202K, committed 31424K, reserved 1081344K
  class space    used 3771K, committed 3904K, reserved 1048576K
}
Event: 4.172 GC heap before
{Heap before GC invocations=7 (full 0):
 garbage-first heap   total 45056K, used 32768K [0x0000000082600000, 0x0000000100000000)
  region size 1024K, 15 young (15360K), 3 survivors (3072K)
 Metaspace       used 33783K, committed 33984K, reserved 1081344K
  class space    used 4274K, committed 4352K, reserved 1048576K
}
Event: 4.179 GC heap after
{Heap after GC invocations=8 (full 0):
 garbage-first heap   total 60416K, used 23514K [0x0000000082600000, 0x0000000100000000)
  region size 1024K, 2 young (2048K), 2 survivors (2048K)
 Metaspace       used 33783K, committed 33984K, reserved 1081344K
  class space    used 4274K, committed 4352K, reserved 1048576K
}
Event: 4.324 GC heap before
{Heap before GC invocations=8 (full 0):
 garbage-first heap   total 60416K, used 31706K [0x0000000082600000, 0x0000000100000000)
  region size 1024K, 11 young (11264K), 2 survivors (2048K)
 Metaspace       used 35975K, committed 36160K, reserved 1081344K
  class space    used 4508K, committed 4608K, reserved 1048576K
}
Event: 4.328 GC heap after
{Heap after GC invocations=9 (full 0):
 garbage-first heap   total 60416K, used 24767K [0x0000000082600000, 0x0000000100000000)
  region size 1024K, 2 young (2048K), 2 survivors (2048K)
 Metaspace       used 35975K, committed 36160K, reserved 1081344K
  class space    used 4508K, committed 4608K, reserved 1048576K
}
Event: 4.618 GC heap before
{Heap before GC invocations=10 (full 0):
 garbage-first heap   total 60416K, used 44223K [0x0000000082600000, 0x0000000100000000)
  region size 1024K, 21 young (21504K), 2 survivors (2048K)
 Metaspace       used 39421K, committed 39616K, reserved 1089536K
  class space    used 4889K, committed 4992K, reserved 1048576K
}
Event: 4.623 GC heap after
{Heap after GC invocations=11 (full 0):
 garbage-first heap   total 60416K, used 25309K [0x0000000082600000, 0x0000000100000000)
  region size 1024K, 3 young (3072K), 3 survivors (3072K)
 Metaspace       used 39421K, committed 39616K, reserved 1089536K
  class space    used 4889K, committed 4992K, reserved 1048576K
}
Event: 4.634 GC heap before
{Heap before GC invocations=11 (full 0):
 garbage-first heap   total 60416K, used 25309K [0x0000000082600000, 0x0000000100000000)
  region size 1024K, 4 young (4096K), 3 survivors (3072K)
 Metaspace       used 39625K, committed 39808K, reserved 1089536K
  class space    used 4907K, committed 4992K, reserved 1048576K
}
Event: 4.639 GC heap after
{Heap after GC invocations=12 (full 0):
 garbage-first heap   total 60416K, used 25668K [0x0000000082600000, 0x0000000100000000)
  region size 1024K, 1 young (1024K), 1 survivors (1024K)
 Metaspace       used 39625K, committed 39808K, reserved 1089536K
  class space    used 4907K, committed 4992K, reserved 1048576K
}
Event: 4.989 GC heap before
{Heap before GC invocations=12 (full 0):
 garbage-first heap   total 60416K, used 43076K [0x0000000082600000, 0x0000000100000000)
  region size 1024K, 19 young (19456K), 1 survivors (1024K)
 Metaspace       used 43481K, committed 43712K, reserved 1089536K
  class space    used 5256K, committed 5376K, reserved 1048576K
}
Event: 4.994 GC heap after
{Heap after GC invocations=13 (full 0):
 garbage-first heap   total 60416K, used 26953K [0x0000000082600000, 0x0000000100000000)
  region size 1024K, 2 young (2048K), 2 survivors (2048K)
 Metaspace       used 43481K, committed 43712K, reserved 1089536K
  class space    used 5256K, committed 5376K, reserved 1048576K
}
Event: 5.615 GC heap before
{Heap before GC invocations=13 (full 0):
 garbage-first heap   total 60416K, used 47433K [0x0000000082600000, 0x0000000100000000)
  region size 1024K, 20 young (20480K), 2 survivors (2048K)
 Metaspace       used 48462K, committed 48640K, reserved 1097728K
  class space    used 5825K, committed 5888K, reserved 1048576K
}
Event: 5.621 GC heap after
{Heap after GC invocations=14 (full 0):
 garbage-first heap   total 120832K, used 31154K [0x0000000082600000, 0x0000000100000000)
  region size 1024K, 3 young (3072K), 3 survivors (3072K)
 Metaspace       used 48462K, committed 48640K, reserved 1097728K
  class space    used 5825K, committed 5888K, reserved 1048576K
}

Dll operation events (2 events):
Event: 0.054 Loaded shared library E:\Android studio 2022.1.3\jbr\bin\java.dll
Event: 2.767 Loaded shared library E:\Android studio 2022.1.3\jbr\bin\verify.dll

Deoptimization events (20 events):
Event: 6.076 Thread 0x000001eb592bb800 Uncommon trap: trap_request=0xffffffde fr.pc=0x000001eb65c98544 relative=0x0000000000000684
Event: 6.076 Thread 0x000001eb592bb800 Uncommon trap: reason=class_check action=maybe_recompile pc=0x000001eb65c98544 method=java.lang.AbstractStringBuilder.append(Ljava/lang/CharSequence;)Ljava/lang/AbstractStringBuilder; @ 10 c2
Event: 6.076 Thread 0x000001eb592bb800 DEOPT PACKING pc=0x000001eb65c98544 sp=0x0000005f648fd4b0
Event: 6.076 Thread 0x000001eb592bb800 DEOPT UNPACKING pc=0x000001eb656069a3 sp=0x0000005f648fd4a0 mode 2
Event: 6.081 Thread 0x000001eb592bb800 DEOPT PACKING pc=0x000001eb5e4ed908 sp=0x0000005f648fb3b0
Event: 6.081 Thread 0x000001eb592bb800 DEOPT UNPACKING pc=0x000001eb65607143 sp=0x0000005f648fa8b8 mode 0
Event: 6.160 Thread 0x000001eb592bb800 DEOPT PACKING pc=0x000001eb5e7dcc65 sp=0x0000005f648fc070
Event: 6.160 Thread 0x000001eb592bb800 DEOPT UNPACKING pc=0x000001eb65607143 sp=0x0000005f648fb4c0 mode 0
Event: 6.171 Thread 0x000001eb592bb800 Uncommon trap: trap_request=0xffffff45 fr.pc=0x000001eb65d1b844 relative=0x00000000000010c4
Event: 6.171 Thread 0x000001eb592bb800 Uncommon trap: reason=unstable_if action=reinterpret pc=0x000001eb65d1b844 method=gnu.trove.TObjectHash.insertionIndex(Ljava/lang/Object;)I @ 65 c2
Event: 6.171 Thread 0x000001eb592bb800 DEOPT PACKING pc=0x000001eb65d1b844 sp=0x0000005f648fd720
Event: 6.171 Thread 0x000001eb592bb800 DEOPT UNPACKING pc=0x000001eb656069a3 sp=0x0000005f648fd6c0 mode 2
Event: 6.248 Thread 0x000001eb592bb800 Uncommon trap: trap_request=0xffffff45 fr.pc=0x000001eb65ce33d8 relative=0x0000000000003058
Event: 6.248 Thread 0x000001eb592bb800 Uncommon trap: reason=unstable_if action=reinterpret pc=0x000001eb65ce33d8 method=org.jetbrains.org.objectweb.asm.ClassReader.readMethod(Lorg/jetbrains/org/objectweb/asm/ClassVisitor;Lorg/jetbrains/org/objectweb/asm/Context;I)I @ 316 c2
Event: 6.248 Thread 0x000001eb592bb800 DEOPT PACKING pc=0x000001eb65ce33d8 sp=0x0000005f648fb3e0
Event: 6.248 Thread 0x000001eb592bb800 DEOPT UNPACKING pc=0x000001eb656069a3 sp=0x0000005f648fb358 mode 2
Event: 6.270 Thread 0x000001eb592bb800 Uncommon trap: trap_request=0xffffff45 fr.pc=0x000001eb65d0afc8 relative=0x0000000000000228
Event: 6.270 Thread 0x000001eb592bb800 Uncommon trap: reason=unstable_if action=reinterpret pc=0x000001eb65d0afc8 method=org.jetbrains.kotlin.name.Name.hashCode()I @ 16 c2
Event: 6.270 Thread 0x000001eb592bb800 DEOPT PACKING pc=0x000001eb65d0afc8 sp=0x0000005f648fd670
Event: 6.271 Thread 0x000001eb592bb800 DEOPT UNPACKING pc=0x000001eb656069a3 sp=0x0000005f648fd608 mode 2

Classes unloaded (0 events):
No events

Classes redefined (0 events):
No events

Internal exceptions (20 events):
Event: 3.023 Thread 0x000001eb592bb800 Exception <a 'java/lang/NoSuchMethodError'{0x0000000088a4d628}: 'void java.lang.invoke.DirectMethodHandle$Holder.invokeStatic(java.lang.Object, java.lang.Object)'> (0x0000000088a4d628) 
thrown [s\src\hotspot\share\interpreter\linkResolver.cpp, line 771]
Event: 3.044 Thread 0x000001eb592bb800 Exception <a 'java/lang/NoSuchMethodError'{0x00000000889874f8}: 'long java.lang.invoke.DirectMethodHandle$Holder.invokeStatic(java.lang.Object)'> (0x00000000889874f8) 
thrown [s\src\hotspot\share\interpreter\linkResolver.cpp, line 771]
Event: 3.044 Thread 0x000001eb592bb800 Exception <a 'java/lang/NoSuchMethodError'{0x000000008898ac50}: 'long java.lang.invoke.DirectMethodHandle$Holder.invokeStaticInit(java.lang.Object)'> (0x000000008898ac50) 
thrown [s\src\hotspot\share\interpreter\linkResolver.cpp, line 771]
Event: 3.113 Thread 0x000001eb592bb800 Exception <a 'java/lang/NoSuchMethodError'{0x0000000084922d80}: 'int java.lang.invoke.DirectMethodHandle$Holder.invokeStaticInit(java.lang.Object, java.lang.Object, java.lang.Object)'> (0x0000000084922d80) 
thrown [s\src\hotspot\share\interpreter\linkResolver.cpp, line 771]
Event: 3.118 Thread 0x000001eb592bb800 Exception <a 'java/lang/NoSuchMethodError'{0x000000008494b6e8}: 'int java.lang.invoke.DirectMethodHandle$Holder.invokeStaticInit(java.lang.Object, java.lang.Object)'> (0x000000008494b6e8) 
thrown [s\src\hotspot\share\interpreter\linkResolver.cpp, line 771]
Event: 3.136 Thread 0x000001eb592bb800 Exception <a 'java/lang/NoSuchMethodError'{0x00000000848283f8}: 'void java.lang.invoke.DirectMethodHandle$Holder.invokeSpecial(java.lang.Object, java.lang.Object, java.lang.Object)'> (0x00000000848283f8) 
thrown [s\src\hotspot\share\interpreter\linkResolver.cpp, line 771]
Event: 3.411 Thread 0x000001eb592bb800 Exception <a 'java/lang/NoSuchMethodError'{0x0000000083de2058}: 'void java.lang.invoke.DirectMethodHandle$Holder.invokeStatic(java.lang.Object, java.lang.Object, java.lang.Object, java.lang.Object)'> (0x0000000083de2058) 
thrown [s\src\hotspot\share\interpreter\linkResolver.cpp, line 771]
Event: 3.473 Thread 0x000001eb592bb800 Exception <a 'java/lang/NoSuchMethodError'{0x000000008398e3c8}: 'void java.lang.invoke.DirectMethodHandle$Holder.invokeStaticInit(java.lang.Object, java.lang.Object)'> (0x000000008398e3c8) 
thrown [s\src\hotspot\share\interpreter\linkResolver.cpp, line 771]
Event: 3.597 Thread 0x000001eb592bb800 Exception <a 'java/lang/NoSuchMethodError'{0x00000000886c9ee0}: 'void java.lang.invoke.DirectMethodHandle$Holder.invokeVirtual(java.lang.Object, java.lang.Object)'> (0x00000000886c9ee0) 
thrown [s\src\hotspot\share\interpreter\linkResolver.cpp, line 771]
Event: 3.614 Thread 0x000001eb592bb800 Exception <a 'java/lang/NoSuchMethodError'{0x0000000088555b00}: 'int java.lang.invoke.DirectMethodHandle$Holder.invokeVirtual(java.lang.Object, java.lang.Object)'> (0x0000000088555b00) 
thrown [s\src\hotspot\share\interpreter\linkResolver.cpp, line 771]
Event: 3.636 Thread 0x000001eb592bb800 Exception <a 'java/lang/NoSuchMethodError'{0x00000000885fbb68}: 'java.lang.Object java.lang.invoke.Invokers$Holder.invokeExact_MT(java.lang.Object, java.lang.Object, java.lang.Object, java.lang.Object, java.lang.Object, java.lang.Object)'> (0x00000000885fbb68) 
thrown [s\src\hotspot\share\interpreter\linkResolver.cpp, line 771]
Event: 4.367 Thread 0x000001eb592bb800 Exception <a 'java/lang/NoSuchMethodError'{0x0000000088658d90}: 'java.lang.Object java.lang.invoke.DirectMethodHandle$Holder.invokeVirtual(java.lang.Object, java.lang.Object, java.lang.Object)'> (0x0000000088658d90) 
thrown [s\src\hotspot\share\interpreter\linkResolver.cpp, line 771]
Event: 5.066 Thread 0x000001eb592bb800 Exception <a 'java/lang/NoSuchMethodError'{0x0000000088697438}: 'java.lang.Object java.lang.invoke.DirectMethodHandle$Holder.newInvokeSpecial(java.lang.Object, java.lang.Object, int)'> (0x0000000088697438) 
thrown [s\src\hotspot\share\interpreter\linkResolver.cpp, line 771]
Event: 5.109 Thread 0x000001eb592bb800 Exception <a 'java/lang/NoSuchMethodError'{0x00000000885fe128}: 'java.lang.Object java.lang.invoke.DirectMethodHandle$Holder.invokeInterface(java.lang.Object, java.lang.Object)'> (0x00000000885fe128) 
thrown [s\src\hotspot\share\interpreter\linkResolver.cpp, line 771]
Event: 5.370 Thread 0x000001eb592bb800 Exception <a 'java/lang/NoSuchMethodError'{0x00000000858170b8}: 'java.lang.Object java.lang.invoke.DirectMethodHandle$Holder.newInvokeSpecial(java.lang.Object, java.lang.Object, java.lang.Object, int)'> (0x00000000858170b8) 
thrown [s\src\hotspot\share\interpreter\linkResolver.cpp, line 771]
Event: 5.370 Thread 0x000001eb592bb800 Exception <a 'java/lang/NoSuchMethodError'{0x000000008581b740}: 'java.lang.Object java.lang.invoke.DirectMethodHandle$Holder.invokeSpecial(java.lang.Object, java.lang.Object, java.lang.Object, java.lang.Object, int)'> (0x000000008581b740) 
thrown [s\src\hotspot\share\interpreter\linkResolver.cpp, line 771]
Event: 5.370 Thread 0x000001eb592bb800 Exception <a 'java/lang/NoSuchMethodError'{0x000000008581f5b0}: 'java.lang.Object java.lang.invoke.Invokers$Holder.linkToTargetMethod(java.lang.Object, java.lang.Object, int, java.lang.Object)'> (0x000000008581f5b0) 
thrown [s\src\hotspot\share\interpreter\linkResolver.cpp, line 771]
Event: 6.211 Thread 0x000001eb592bb800 Exception <a 'java/lang/NoSuchMethodError'{0x000000008685af48}: 'java.lang.Object java.lang.invoke.DirectMethodHandle$Holder.newInvokeSpecial(java.lang.Object, java.lang.Object, java.lang.Object, java.lang.Object, java.lang.Object, java.lang.Object, java.lang.Object, java.lang.Object)'> (0x000000008685af48) 
thrown [s\src\hotspot\share\interpreter\linkResolver.cpp, line 771]
Event: 6.211 Thread 0x000001eb592bb800 Exception <a 'java/lang/NoSuchMethodError'{0x0000000086860560}: 'java.lang.Object java.lang.invoke.DirectMethodHandle$Holder.invokeSpecial(java.lang.Object, java.lang.Object, java.lang.Object, java.lang.Object, java.lang.Object, java.lang.Object, java.lang.Object, java.lang.Object, java.lang.Object)'> (0x0000000086860560) 
thrown [s\src\hotspot\share\interpreter\linkResolver.cpp, line 771]
Event: 6.212 Thread 0x000001eb592bb800 Exception <a 'java/lang/NoSuchMethodError'{0x0000000086865490}: 'java.lang.Object java.lang.invoke.Invokers$Holder.linkToTargetMethod(java.lang.Object, java.lang.Object, java.lang.Object, java.lang.Object, java.lang.Object, java.lang.Object, java.lang.Object, java.lang.Object)'> (0x0000000086865490) 
thrown [s\src\hotspot\share\interpreter\linkResolver.cpp, line 771]

VM Operations (20 events):
Event: 5.433 Executing VM operation: HandshakeAllThreads
Event: 5.433 Executing VM operation: HandshakeAllThreads done
Event: 5.467 Executing VM operation: HandshakeAllThreads
Event: 5.468 Executing VM operation: HandshakeAllThreads done
Event: 5.615 Executing VM operation: G1CollectForAllocation
Event: 5.621 Executing VM operation: G1CollectForAllocation done
Event: 5.632 Executing VM operation: HandshakeAllThreads
Event: 5.632 Executing VM operation: HandshakeAllThreads done
Event: 5.650 Executing VM operation: HandshakeAllThreads
Event: 5.650 Executing VM operation: HandshakeAllThreads done
Event: 5.879 Executing VM operation: HandshakeAllThreads
Event: 5.879 Executing VM operation: HandshakeAllThreads done
Event: 5.882 Executing VM operation: ICBufferFull
Event: 5.882 Executing VM operation: ICBufferFull done
Event: 6.069 Executing VM operation: ICBufferFull
Event: 6.069 Executing VM operation: ICBufferFull done
Event: 6.219 Executing VM operation: HandshakeAllThreads
Event: 6.219 Executing VM operation: HandshakeAllThreads done
Event: 6.226 Executing VM operation: HandshakeAllThreads
Event: 6.226 Executing VM operation: HandshakeAllThreads done

Events (20 events):
Event: 6.028 loading class java/util/stream/Collector done
Event: 6.028 loading class java/util/stream/Collectors$CollectorImpl done
Event: 6.029 loading class java/util/function/BiConsumer
Event: 6.029 loading class java/util/function/BiConsumer done
Event: 6.029 loading class java/util/function/BinaryOperator
Event: 6.029 loading class java/util/function/BinaryOperator done
Event: 6.030 loading class java/util/stream/ReduceOps
Event: 6.030 loading class java/util/stream/ReduceOps done
Event: 6.030 loading class java/util/stream/ReduceOps$3
Event: 6.030 loading class java/util/stream/ReduceOps$ReduceOp
Event: 6.030 loading class java/util/stream/ReduceOps$ReduceOp done
Event: 6.030 loading class java/util/stream/ReduceOps$3 done
Event: 6.030 loading class java/util/stream/ReduceOps$3ReducingSink
Event: 6.030 loading class java/util/stream/ReduceOps$AccumulatingSink
Event: 6.030 loading class java/util/stream/ReduceOps$AccumulatingSink done
Event: 6.031 loading class java/util/stream/ReduceOps$Box
Event: 6.031 loading class java/util/stream/ReduceOps$Box done
Event: 6.031 loading class java/util/stream/ReduceOps$3ReducingSink done
Event: 6.031 loading class java/util/stream/ReferencePipeline$2$1
Event: 6.031 loading class java/util/stream/ReferencePipeline$2$1 done


Dynamic libraries:
0x00007ff65d770000 - 0x00007ff65d77a000 	E:\Android studio 2022.1.3\jbr\bin\java.exe
0x00007ffa3f630000 - 0x00007ffa3f828000 	C:\WINDOWS\SYSTEM32\ntdll.dll
0x00007ffa21790000 - 0x00007ffa217a9000 	C:\Program Files\Avast Software\Avast\aswhook.dll
0x00007ffa3f2b0000 - 0x00007ffa3f36f000 	C:\WINDOWS\System32\KERNEL32.DLL
0x00007ffa3d090000 - 0x00007ffa3d386000 	C:\WINDOWS\System32\KERNELBASE.dll
0x00007ffa3d590000 - 0x00007ffa3d690000 	C:\WINDOWS\System32\ucrtbase.dll
0x00007ffa26340000 - 0x00007ffa2635b000 	E:\Android studio 2022.1.3\jbr\bin\VCRUNTIME140.dll
0x00007ffa1fdf0000 - 0x00007ffa1fe07000 	E:\Android studio 2022.1.3\jbr\bin\jli.dll
0x00007ffa3e240000 - 0x00007ffa3e3dd000 	C:\WINDOWS\System32\USER32.dll
0x00007ffa3d060000 - 0x00007ffa3d082000 	C:\WINDOWS\System32\win32u.dll
0x00007ffa3e000000 - 0x00007ffa3e02c000 	C:\WINDOWS\System32\GDI32.dll
0x00007ffa3cf40000 - 0x00007ffa3d055000 	C:\WINDOWS\System32\gdi32full.dll
0x00007ffa3cd40000 - 0x00007ffa3cddd000 	C:\WINDOWS\System32\msvcp_win.dll
0x00007ffa1fa40000 - 0x00007ffa1fcda000 	C:\WINDOWS\WinSxS\amd64_microsoft.windows.common-controls_6595b64144ccf1df_6.0.19041.1110_none_60b5254171f9507e\COMCTL32.dll
0x00007ffa3df60000 - 0x00007ffa3dffe000 	C:\WINDOWS\System32\msvcrt.dll
0x00007ffa3ec60000 - 0x00007ffa3ec90000 	C:\WINDOWS\System32\IMM32.DLL
0x00007ffa26c80000 - 0x00007ffa26c8c000 	E:\Android studio 2022.1.3\jbr\bin\vcruntime140_1.dll
0x00007ff9ecec0000 - 0x00007ff9ecf4d000 	E:\Android studio 2022.1.3\jbr\bin\msvcp140.dll
0x00007ff9c2f20000 - 0x00007ff9c3b8e000 	E:\Android studio 2022.1.3\jbr\bin\server\jvm.dll
0x00007ffa3e3e0000 - 0x00007ffa3e48f000 	C:\WINDOWS\System32\ADVAPI32.dll
0x00007ffa3f210000 - 0x00007ffa3f2ac000 	C:\WINDOWS\System32\sechost.dll
0x00007ffa3f4c0000 - 0x00007ffa3f5e6000 	C:\WINDOWS\System32\RPCRT4.dll
0x00007ffa1fe60000 - 0x00007ffa1fe87000 	C:\WINDOWS\SYSTEM32\WINMM.dll
0x00007ffa374b0000 - 0x00007ffa374ba000 	C:\WINDOWS\SYSTEM32\VERSION.dll
0x00007ffa2b3e0000 - 0x00007ffa2b3e9000 	C:\WINDOWS\SYSTEM32\WSOCK32.dll
0x00007ffa3ebf0000 - 0x00007ffa3ec5b000 	C:\WINDOWS\System32\WS2_32.dll
0x00007ffa3aba0000 - 0x00007ffa3abb2000 	C:\WINDOWS\SYSTEM32\kernel.appcore.dll
0x00007ffa387e0000 - 0x00007ffa387ea000 	E:\Android studio 2022.1.3\jbr\bin\jimage.dll
0x00007ffa2eff0000 - 0x00007ffa2f1d4000 	C:\WINDOWS\SYSTEM32\DBGHELP.DLL
0x00007ffa2eeb0000 - 0x00007ffa2eee4000 	C:\WINDOWS\SYSTEM32\dbgcore.DLL
0x00007ffa3d3e0000 - 0x00007ffa3d462000 	C:\WINDOWS\System32\bcryptPrimitives.dll
0x00007ffa26300000 - 0x00007ffa26325000 	E:\Android studio 2022.1.3\jbr\bin\java.dll
0x00007ffa26360000 - 0x00007ffa26378000 	E:\Android studio 2022.1.3\jbr\bin\zip.dll
0x00007ffa3e490000 - 0x00007ffa3ebd4000 	C:\WINDOWS\System32\SHELL32.dll
0x00007ffa3ada0000 - 0x00007ffa3b533000 	C:\WINDOWS\SYSTEM32\windows.storage.dll
0x00007ffa3d8a0000 - 0x00007ffa3dbf4000 	C:\WINDOWS\System32\combase.dll
0x00007ffa3c5a0000 - 0x00007ffa3c5ce000 	C:\WINDOWS\SYSTEM32\Wldp.dll
0x00007ffa3dcd0000 - 0x00007ffa3dd7d000 	C:\WINDOWS\System32\SHCORE.dll
0x00007ffa3e1e0000 - 0x00007ffa3e235000 	C:\WINDOWS\System32\shlwapi.dll
0x00007ffa3cc50000 - 0x00007ffa3cc6f000 	C:\WINDOWS\SYSTEM32\profapi.dll
0x00007ffa201e0000 - 0x00007ffa201f9000 	E:\Android studio 2022.1.3\jbr\bin\net.dll
0x00007ffa34560000 - 0x00007ffa3466a000 	C:\WINDOWS\SYSTEM32\WINHTTP.dll
0x00007ffa3c380000 - 0x00007ffa3c3ea000 	C:\WINDOWS\system32\mswsock.dll
0x00007ffa1fe10000 - 0x00007ffa1fe26000 	E:\Android studio 2022.1.3\jbr\bin\nio.dll
0x00007ffa387b0000 - 0x00007ffa387c0000 	E:\Android studio 2022.1.3\jbr\bin\verify.dll

dbghelp: loaded successfully - version: 4.0.5 - missing functions: none
symbol engine: initialized successfully - sym options: 0x614 - pdb path: .;E:\Android studio 2022.1.3\jbr\bin;C:\WINDOWS\SYSTEM32;C:\Program Files\Avast Software\Avast;C:\WINDOWS\WinSxS\amd64_microsoft.windows.common-controls_6595b64144ccf1df_6.0.19041.1110_none_60b5254171f9507e;E:\Android studio 2022.1.3\jbr\bin\server

VM Arguments:
java_command: org.jetbrains.kotlin.cli.jvm.K2JVMCompiler @C:\Users\Thoriso Tumelo\AndroidStudioProjects\Mvula-Trust-Application\app\build\20231114_1792536441532855255.compiler.options
java_class_path (initial): C:\Users\Thoriso Tumelo\.gradle\caches\modules-2\files-2.1\org.jetbrains.kotlin\kotlin-compiler-embeddable\1.8.0\eb9118d4bcceaa2a94b2ae2a33a4ddba7c9a947f\kotlin-compiler-embeddable-1.8.0.jar;C:\Users\Thoriso Tumelo\.gradle\caches\modules-2\files-2.1\org.jetbrains.kotlin\kotlin-stdlib\1.8.0\1796921c7a3e2e2665a83e6c8d33399336cd39bc\kotlin-stdlib-1.8.0.jar;C:\Users\Thoriso Tumelo\.gradle\caches\modules-2\files-2.1\org.jetbrains.kotlin\kotlin-script-runtime\1.8.0\b2f7e760d283cb339974851c222a4c1d48f2d3d\kotlin-script-runtime-1.8.0.jar;C:\Users\Thoriso Tumelo\.gradle\caches\modules-2\files-2.1\org.jetbrains.kotlin\kotlin-reflect\1.6.10\1cbe9c92c12a94eea200d23c2bbaedaf3daf5132\kotlin-reflect-1.6.10.jar;C:\Users\Thoriso Tumelo\.gradle\caches\modules-2\files-2.1\org.jetbrains.kotlin\kotlin-daemon-embeddable\1.8.0\d255216c551685dc3a7e852b53617f5f01aaaa5c\kotlin-daemon-embeddable-1.8.0.jar;C:\Users\Thoriso Tumelo\.gradle\caches\modules-2\files-2.1\org.jetbrains.intellij.deps\trove4j\1.0.20200330\3afb14d5f9ceb459d724e907a21145e8ff394f02\trove4j-1.0.20200330.jar;C:\Users\Thoriso Tumelo\.gradle\caches\modules-2\files-2.1\net.java.dev.jna\jna\5.6.0\330f2244e9030119ab3030fc3fededc86713d9cc\jna-5.6.0.jar;C:\Users\Thoriso Tumelo\.gradle\caches\modules-2\files-2.1\org.jetbrains.kotlin\kotlin-stdlib-common\1.8.0\f7197e7cc76453ac59f8b0f8d5137cc600becd36\kotlin-stdlib-common-1.8.0.jar;C:\Users\Thoriso Tumelo\.gradle\caches\modules-2\files-2.1\org.jetbrains\annotations\13.0\919f0dfe192fb4e063e7dacadee7f8bb9a2672a9\annotations-13.0.jar
Launcher Type: SUN_STANDARD

[Global flags]
     intx CICompilerCount                          = 3                                         {product} {ergonomic}
     uint ConcGCThreads                            = 1                                         {product} {ergonomic}
     uint G1ConcRefinementThreads                  = 4                                         {product} {ergonomic}
   size_t G1HeapRegionSize                         = 1048576                                   {product} {ergonomic}
    uintx GCDrainStackTargetSize                   = 64                                        {product} {ergonomic}
   size_t InitialHeapSize                          = 132120576                                 {product} {ergonomic}
   size_t MarkStackSize                            = 4194304                                   {product} {ergonomic}
   size_t MaxHeapSize                              = 2107637760                                {product} {ergonomic}
   size_t MaxNewSize                               = 1264582656                                {product} {ergonomic}
   size_t MinHeapDeltaBytes                        = 1048576                                   {product} {ergonomic}
   size_t MinHeapSize                              = 8388608                                   {product} {ergonomic}
    uintx NonNMethodCodeHeapSize                   = 5832780                                {pd product} {ergonomic}
    uintx NonProfiledCodeHeapSize                  = 122912730                              {pd product} {ergonomic}
    uintx ProfiledCodeHeapSize                     = 122912730                              {pd product} {ergonomic}
    uintx ReservedCodeCacheSize                    = 251658240                              {pd product} {ergonomic}
     bool SegmentedCodeCache                       = true                                      {product} {ergonomic}
   size_t SoftMaxHeapSize                          = 2107637760                             {manageable} {ergonomic}
     bool UseCompressedClassPointers               = true                           {product lp64_product} {ergonomic}
     bool UseCompressedOops                        = true                           {product lp64_product} {ergonomic}
     bool UseG1GC                                  = true                                      {product} {ergonomic}
     bool UseLargePagesIndividualAllocation        = false                                  {pd product} {ergonomic}

Logging:
Log output configuration:
 #0: stdout all=warning uptime,level,tags
 #1: stderr all=off uptime,level,tags

Environment Variables:
PATH=C:\WINDOWS\system32;C:\WINDOWS;C:\WINDOWS\System32\Wbem;C:\WINDOWS\System32\WindowsPowerShell\v1.0\;C:\WINDOWS\System32\OpenSSH\;C:\Program Files\Git\cmd;C:\Users\Thoriso Tumelo\AppData\Local\Microsoft\WindowsApps
USERNAME=Thoriso Tumelo
OS=Windows_NT
PROCESSOR_IDENTIFIER=Intel64 Family 6 Model 158 Stepping 11, GenuineIntel
TMP=C:\Users\THORIS~1\AppData\Local\Temp
TEMP=C:\Users\THORIS~1\AppData\Local\Temp


JNI global refs:
JNI global refs: 7, weak refs: 0

JNI global refs memory usage: 843, weak refs: 841


---------------  S Y S T E M  ---------------

OS:
 Windows 10 , 64 bit Build 19041 (10.0.19041.3031)
OS uptime: 0 days 7:30 hours
Hyper-V role detected

CPU: total 4 (initial active 4) (4 cores per cpu, 1 threads per core) family 6 model 158 stepping 11 microcode 0xb4, cx8, cmov, fxsr, mmx, 3dnowpref, sse, sse2, sse3, ssse3, sse4.1, sse4.2, popcnt, lzcnt, tsc, tscinvbit, avx, avx2, aes, erms, clmul, bmi1, bmi2, adx, fma, vzeroupper, clflush, clflushopt, hv

Memory: 4k page, system-wide physical 8035M (537M free)
TotalPageFile size 9562M (AvailPageFile size 5M)
current process WorkingSet (physical memory assigned to process): 263M, peak: 263M
current process commit charge ("private bytes"): 297M, peak: 299M

vm_info: OpenJDK 64-Bit Server VM (17.0.6+0-b2043.56-10027231) for windows-amd64 JRE (17.0.6+0-b2043.56-10027231), built on Apr 28 2023 00:43:19 by "androidbuild" with MS VC++ 16.10 / 16.11 (VS2019)

END.
