#
# There is insufficient memory for the Java Runtime Environment to continue.
# Native memory allocation (mmap) failed to map 132120576 bytes for G1 virtual space
# Possible reasons:
#   The system is out of physical RAM or swap space
#   The process is running with CompressedOops enabled, and the Java Heap may be blocking the growth of the native heap
# Possible solutions:
#   Reduce memory load on the system
#   Increase physical memory or swap space
#   Check if swap backing store is full
#   Decrease Java heap size (-Xmx/-Xms)
#   Decrease number of Java threads
#   Decrease Java thread stack sizes (-Xss)
#   Set larger code cache with -XX:ReservedCodeCacheSize=
#   JVM is running with Unscaled Compressed Oops mode in which the Java heap is
#     placed in the first 4GB address space. The Java Heap base address is the
#     maximum limit for the native heap growth. Please use -XX:HeapBaseMinAddress
#     to set the Java Heap base and to place the Java Heap above 4GB virtual address.
# This output file may be truncated or incomplete.
#
#  Out of Memory Error (os_windows.cpp:3769), pid=6304, tid=9384
#
# JRE version:  (17.0.6) (build )
# Java VM: OpenJDK 64-Bit Server VM (17.0.6+0-b2043.56-10027231, mixed mode, sharing, tiered, compressed oops, compressed class ptrs, g1 gc, windows-amd64)
# No core dump will be written. Minidumps are not enabled by default on client versions of Windows
#

---------------  S U M M A R Y ------------

Command Line: git4idea.http.GitAskPassApp Username for 'https://github.com': 

Host: Intel(R) Core(TM) i3-8100T CPU @ 3.10GHz, 4 cores, 7G,  Windows 10 , 64 bit Build 19041 (10.0.19041.3031)
Time: Wed Nov  8 14:44:57 2023 South Africa Standard Time elapsed time: 0.021868 seconds (0d 0h 0m 0s)

---------------  T H R E A D  ---------------

Current thread (0x0000020d923102b0):  JavaThread "Unknown thread" [_thread_in_vm, id=9384, stack(0x0000000dcc800000,0x0000000dcc900000)]

Stack: [0x0000000dcc800000,0x0000000dcc900000]
Native frames: (J=compiled Java code, j=interpreted, Vv=VM code, C=native code)
V  [jvm.dll+0x683c9a]
V  [jvm.dll+0x8427a4]
V  [jvm.dll+0x843f9e]
V  [jvm.dll+0x844603]
V  [jvm.dll+0x249b75]
V  [jvm.dll+0x680b69]
V  [jvm.dll+0x67505a]
V  [jvm.dll+0x309acb]
V  [jvm.dll+0x310f86]
V  [jvm.dll+0x3608ee]
V  [jvm.dll+0x360b1f]
V  [jvm.dll+0x2dfbf8]
V  [jvm.dll+0x2e0b64]
V  [jvm.dll+0x814091]
V  [jvm.dll+0x36e6a1]
V  [jvm.dll+0x7f35cc]
V  [jvm.dll+0x3f0e8f]
V  [jvm.dll+0x3f29d1]
C  [jli.dll+0x526b]
C  [ucrtbase.dll+0x21bb2]
C  [KERNEL32.DLL+0x17614]
C  [ntdll.dll+0x526f1]


---------------  P R O C E S S  ---------------

Threads class SMR info:
_java_thread_list=0x00007fffa768c058, length=0, elements={
}

Java Threads: ( => current thread )

Other Threads:
  0x0000020d92369690 GCTaskThread "GC Thread#0" [stack: 0x0000000dcc900000,0x0000000dcca00000] [id=5812]
  0x0000020d9237b1f0 ConcurrentGCThread "G1 Main Marker" [stack: 0x0000000dcca00000,0x0000000dccb00000] [id=2076]
  0x0000020d9237c3a0 ConcurrentGCThread "G1 Conc#0" [stack: 0x0000000dccb00000,0x0000000dccc00000] [id=7792]

[error occurred during error reporting (printing all threads), id 0xc0000005, EXCEPTION_ACCESS_VIOLATION (0xc0000005) at pc=0x00007fffa6e40797]

VM state: not at safepoint (not fully initialized)

VM Mutex/Monitor currently owned by a thread:  ([mutex/lock_event])
[0x0000020d9230f4c0] Heap_lock - owner thread: 0x0000020d923102b0

Heap address: 0x0000000082600000, size: 2010 MB, Compressed Oops mode: 32-bit

CDS archive(s) mapped at: [0x0000000000000000-0x0000000000000000-0x0000000000000000), size 0, SharedBaseAddress: 0x0000000800000000, ArchiveRelocationMode: 0.
Narrow klass base: 0x0000000000000000, Narrow klass shift: 0, Narrow klass range: 0x0

GC Precious Log:
<Empty>

Heap:
 garbage-first heap   total 0K, used 0K [0x0000000082600000, 0x0000000100000000)
  region size 1024K, 0 young (0K), 0 survivors (0K)

[error occurred during error reporting (printing heap information), id 0xc0000005, EXCEPTION_ACCESS_VIOLATION (0xc0000005) at pc=0x00007fffa722da89]

GC Heap History (0 events):
No events

Dll operation events (1 events):
Event: 0.014 Loaded shared library E:\Android studio 2022.1.3\jbr\bin\java.dll

Deoptimization events (0 events):
No events

Classes unloaded (0 events):
No events

Classes redefined (0 events):
No events

Internal exceptions (0 events):
No events

VM Operations (0 events):
No events

Events (0 events):
No events


Dynamic libraries:
0x00007ff71f790000 - 0x00007ff71f79a000 	E:\Android studio 2022.1.3\jbr\bin\java.exe
0x00007ff8175d0000 - 0x00007ff8177c8000 	C:\WINDOWS\SYSTEM32\ntdll.dll
0x00007ffff9440000 - 0x00007ffff9459000 	C:\Program Files\Avast Software\Avast\aswhook.dll
0x00007ff816c20000 - 0x00007ff816cdf000 	C:\WINDOWS\System32\KERNEL32.DLL
0x00007ff8152b0000 - 0x00007ff8155a6000 	C:\WINDOWS\System32\KERNELBASE.dll
0x00007ff814f10000 - 0x00007ff815010000 	C:\WINDOWS\System32\ucrtbase.dll
0x00007fffe9950000 - 0x00007fffe9967000 	E:\Android studio 2022.1.3\jbr\bin\jli.dll
0x00007ff807650000 - 0x00007ff80766b000 	E:\Android studio 2022.1.3\jbr\bin\VCRUNTIME140.dll
0x00007ff8172a0000 - 0x00007ff81743d000 	C:\WINDOWS\System32\USER32.dll
0x00007ff815600000 - 0x00007ff815622000 	C:\WINDOWS\System32\win32u.dll
0x00007ffff94a0000 - 0x00007ffff973a000 	C:\WINDOWS\WinSxS\amd64_microsoft.windows.common-controls_6595b64144ccf1df_6.0.19041.1110_none_60b5254171f9507e\COMCTL32.dll
0x00007ff815a20000 - 0x00007ff815a4c000 	C:\WINDOWS\System32\GDI32.dll
0x00007ff816050000 - 0x00007ff8160ee000 	C:\WINDOWS\System32\msvcrt.dll
0x00007ff814d60000 - 0x00007ff814e75000 	C:\WINDOWS\System32\gdi32full.dll
0x00007ff815080000 - 0x00007ff81511d000 	C:\WINDOWS\System32\msvcp_win.dll
0x00007ff8159f0000 - 0x00007ff815a20000 	C:\WINDOWS\System32\IMM32.DLL
0x00007ffff1180000 - 0x00007ffff118c000 	E:\Android studio 2022.1.3\jbr\bin\vcruntime140_1.dll
0x00007fffaa4e0000 - 0x00007fffaa56d000 	E:\Android studio 2022.1.3\jbr\bin\msvcp140.dll
0x00007fffa6b50000 - 0x00007fffa77be000 	E:\Android studio 2022.1.3\jbr\bin\server\jvm.dll
0x00007ff815a50000 - 0x00007ff815aff000 	C:\WINDOWS\System32\ADVAPI32.dll
0x00007ff816920000 - 0x00007ff8169bc000 	C:\WINDOWS\System32\sechost.dll
0x00007ff816ce0000 - 0x00007ff816e06000 	C:\WINDOWS\System32\RPCRT4.dll
0x00007ffffbaf0000 - 0x00007ffffbb17000 	C:\WINDOWS\SYSTEM32\WINMM.dll
0x00007ff803330000 - 0x00007ff803339000 	C:\WINDOWS\SYSTEM32\WSOCK32.dll
0x00007ff80f510000 - 0x00007ff80f51a000 	C:\WINDOWS\SYSTEM32\VERSION.dll
0x00007ff817520000 - 0x00007ff81758b000 	C:\WINDOWS\System32\WS2_32.dll
0x00007ff812b40000 - 0x00007ff812b52000 	C:\WINDOWS\SYSTEM32\kernel.appcore.dll
0x00007ffffe730000 - 0x00007ffffe73a000 	E:\Android studio 2022.1.3\jbr\bin\jimage.dll
0x00007ff807160000 - 0x00007ff807344000 	C:\WINDOWS\SYSTEM32\DBGHELP.DLL
0x00007ff806ec0000 - 0x00007ff806ef4000 	C:\WINDOWS\SYSTEM32\dbgcore.DLL
0x00007ff814e80000 - 0x00007ff814f02000 	C:\WINDOWS\System32\bcryptPrimitives.dll
0x00007fffe9c00000 - 0x00007fffe9c25000 	E:\Android studio 2022.1.3\jbr\bin\java.dll

dbghelp: loaded successfully - version: 4.0.5 - missing functions: none
symbol engine: initialized successfully - sym options: 0x614 - pdb path: .;E:\Android studio 2022.1.3\jbr\bin;C:\WINDOWS\SYSTEM32;C:\Program Files\Avast Software\Avast;C:\WINDOWS\WinSxS\amd64_microsoft.windows.common-controls_6595b64144ccf1df_6.0.19041.1110_none_60b5254171f9507e;E:\Android studio 2022.1.3\jbr\bin\server

VM Arguments:
java_command: git4idea.http.GitAskPassApp Username for 'https://github.com': 
java_class_path (initial): E:/Android studio 2022.1.3/plugins/vcs-git/lib/git4idea-rt.jar;E:/Android studio 2022.1.3/lib/externalProcess-rt.jar;E:/Android studio 2022.1.3/lib/app.jar;E:/Android studio 2022.1.3/lib/3rd-party-rt.jar
Launcher Type: SUN_STANDARD

[Global flags]
     intx CICompilerCount                          = 3                                         {product} {ergonomic}
     uint ConcGCThreads                            = 1                                         {product} {ergonomic}
     uint G1ConcRefinementThreads                  = 4                                         {product} {ergonomic}
   size_t G1HeapRegionSize                         = 1048576                                   {product} {ergonomic}
    uintx GCDrainStackTargetSize                   = 64                                        {product} {ergonomic}
   size_t InitialHeapSize                          = 132120576                                 {product} {ergonomic}
   size_t MarkStackSize                            = 4194304                                   {product} {ergonomic}
   size_t MaxHeapSize                              = 2107637760                                {product} {ergonomic}
   size_t MinHeapDeltaBytes                        = 1048576                                   {product} {ergonomic}
   size_t MinHeapSize                              = 8388608                                   {product} {ergonomic}
    uintx NonNMethodCodeHeapSize                   = 5832780                                {pd product} {ergonomic}
    uintx NonProfiledCodeHeapSize                  = 122912730                              {pd product} {ergonomic}
    uintx ProfiledCodeHeapSize                     = 122912730                              {pd product} {ergonomic}
    uintx ReservedCodeCacheSize                    = 251658240                              {pd product} {ergonomic}
     bool SegmentedCodeCache                       = true                                      {product} {ergonomic}
   size_t SoftMaxHeapSize                          = 2107637760                             {manageable} {ergonomic}
     bool UseCompressedClassPointers               = true                           {product lp64_product} {ergonomic}
     bool UseCompressedOops                        = true                           {product lp64_product} {ergonomic}
     bool UseG1GC                                  = true                                      {product} {ergonomic}
     bool UseLargePagesIndividualAllocation        = false                                  {pd product} {ergonomic}

Logging:
Log output configuration:
 #0: stdout all=warning uptime,level,tags
 #1: stderr all=off uptime,level,tags

Environment Variables:
PATH=C:/Program Files/Git/mingw64/libexec/git-core;C:/Program Files/Git/mingw64/libexec/git-core;C:\Program Files\Git\mingw64\bin;C:\Program Files\Git\usr\bin;C:\Users\Thoriso Tumelo\bin;C:\WINDOWS\system32;C:\WINDOWS;C:\WINDOWS\System32\Wbem;C:\WINDOWS\System32\WindowsPowerShell\v1.0\;C:\WINDOWS\System32\OpenSSH\;C:\Program Files\Git\cmd;C:\Users\Thoriso Tumelo\AppData\Local\Microsoft\WindowsApps
USERNAME=Thoriso Tumelo
DISPLAY=:0.0
LC_ALL=en_US.UTF-8
TERM=xterm-256color
TMPDIR=C:\Users\THORIS~1\AppData\Local\Temp
OS=Windows_NT
PROCESSOR_IDENTIFIER=Intel64 Family 6 Model 158 Stepping 11, GenuineIntel
TMP=C:\Users\THORIS~1\AppData\Local\Temp
TEMP=C:\Users\THORIS~1\AppData\Local\Temp


JNI global refs:

[error occurred during error reporting (JNI global references), id 0xc0000005, EXCEPTION_ACCESS_VIOLATION (0xc0000005) at pc=0x00007fffa6c07a10]


---------------  S Y S T E M  ---------------

OS:
 Windows 10 , 64 bit Build 19041 (10.0.19041.3031)
OS uptime: 0 days 1:40 hours
Hyper-V role detected

CPU: total 4 (initial active 4) (4 cores per cpu, 1 threads per core) family 6 model 158 stepping 11 microcode 0xb4, cx8, cmov, fxsr, mmx, 3dnowpref, sse, sse2, sse3, ssse3, sse4.1, sse4.2, popcnt, lzcnt, tsc, tscinvbit, avx, avx2, aes, erms, clmul, bmi1, bmi2, adx, fma, vzeroupper, clflush, clflushopt, hv

Memory: 4k page, system-wide physical 8035M (486M free)
TotalPageFile size 10170M (AvailPageFile size 18M)
current process WorkingSet (physical memory assigned to process): 10M, peak: 10M
current process commit charge ("private bytes"): 51M, peak: 177M

vm_info: OpenJDK 64-Bit Server VM (17.0.6+0-b2043.56-10027231) for windows-amd64 JRE (17.0.6+0-b2043.56-10027231), built on Apr 28 2023 00:43:19 by "androidbuild" with MS VC++ 16.10 / 16.11 (VS2019)

END.
