#
# There is insufficient memory for the Java Runtime Environment to continue.
# Native memory allocation (malloc) failed to allocate 2057104 bytes for Chunk::new
# Possible reasons:
#   The system is out of physical RAM or swap space
#   The process is running with CompressedOops enabled, and the Java Heap may be blocking the growth of the native heap
# Possible solutions:
#   Reduce memory load on the system
#   Increase physical memory or swap space
#   Check if swap backing store is full
#   Decrease Java heap size (-Xmx/-Xms)
#   Decrease number of Java threads
#   Decrease Java thread stack sizes (-Xss)
#   Set larger code cache with -XX:ReservedCodeCacheSize=
#   JVM is running with Unscaled Compressed Oops mode in which the Java heap is
#     placed in the first 4GB address space. The Java Heap base address is the
#     maximum limit for the native heap growth. Please use -XX:HeapBaseMinAddress
#     to set the Java Heap base and to place the Java Heap above 4GB virtual address.
# This output file may be truncated or incomplete.
#
#  Out of Memory Error (arena.cpp:189), pid=132, tid=5996
#
# JRE version: OpenJDK Runtime Environment (17.0.6) (build 17.0.6+0-b2043.56-10027231)
# Java VM: OpenJDK 64-Bit Server VM (17.0.6+0-b2043.56-10027231, mixed mode, tiered, compressed oops, compressed class ptrs, g1 gc, windows-amd64)
# No core dump will be written. Minidumps are not enabled by default on client versions of Windows
#

---------------  S U M M A R Y ------------

Command Line: org.jetbrains.kotlin.cli.jvm.K2JVMCompiler @C:\Users\Thoriso Tumelo\AndroidStudioProjects\Mvula-Trust-Application\app\build\20231103_5766909450648697626.compiler.options

Host: Intel(R) Core(TM) i3-8100T CPU @ 3.10GHz, 4 cores, 7G,  Windows 10 , 64 bit Build 19041 (10.0.19041.3031)
Time: Fri Nov  3 17:54:02 2023 South Africa Standard Time elapsed time: 3.228490 seconds (0d 0h 0m 3s)

---------------  T H R E A D  ---------------

Current thread (0x000001fbbe026510):  JavaThread "C2 CompilerThread0" daemon [_thread_in_native, id=5996, stack(0x0000008ca2700000,0x0000008ca2800000)]


Current CompileTask:
C2:   3228 2998       4       jdk.internal.loader.ClassLoaders$AppClassLoader::loadClass (40 bytes)

Stack: [0x0000008ca2700000,0x0000008ca2800000]
Native frames: (J=compiled Java code, j=interpreted, Vv=VM code, C=native code)
V  [jvm.dll+0x683c9a]
V  [jvm.dll+0x8427a4]
V  [jvm.dll+0x843f9e]
V  [jvm.dll+0x844603]
V  [jvm.dll+0x249b75]
V  [jvm.dll+0xabcac]
V  [jvm.dll+0xac27c]
V  [jvm.dll+0x368857]
V  [jvm.dll+0x332f31]
V  [jvm.dll+0x3323da]
V  [jvm.dll+0x21c201]
V  [jvm.dll+0x21b621]
V  [jvm.dll+0x1a4fdd]
V  [jvm.dll+0x22b098]
V  [jvm.dll+0x229159]
V  [jvm.dll+0x7f81ec]
V  [jvm.dll+0x7f274a]
V  [jvm.dll+0x682ad5]
C  [ucrtbase.dll+0x21bb2]
C  [KERNEL32.DLL+0x17614]
C  [ntdll.dll+0x526f1]


---------------  P R O C E S S  ---------------

Threads class SMR info:
_java_thread_list=0x000001fbbf54d0b0, length=13, elements={
0x000001fba3f8f290, 0x000001fbbd424250, 0x000001fbbd4250c0, 0x000001fbbd4370b0,
0x000001fbbe021ff0, 0x000001fbbe0228b0, 0x000001fbbe025780, 0x000001fbbe026510,
0x000001fbbe0410f0, 0x000001fbbe0419f0, 0x000001fbbe19bd40, 0x000001fbbe19b870,
0x000001fbbfba8fb0
}

Java Threads: ( => current thread )
  0x000001fba3f8f290 JavaThread "main" [_thread_in_native, id=4768, stack(0x0000008ca1a00000,0x0000008ca1b00000)]
  0x000001fbbd424250 JavaThread "Reference Handler" daemon [_thread_blocked, id=5804, stack(0x0000008ca2100000,0x0000008ca2200000)]
  0x000001fbbd4250c0 JavaThread "Finalizer" daemon [_thread_blocked, id=11256, stack(0x0000008ca2200000,0x0000008ca2300000)]
  0x000001fbbd4370b0 JavaThread "Signal Dispatcher" daemon [_thread_blocked, id=1224, stack(0x0000008ca2300000,0x0000008ca2400000)]
  0x000001fbbe021ff0 JavaThread "Attach Listener" daemon [_thread_blocked, id=7380, stack(0x0000008ca2400000,0x0000008ca2500000)]
  0x000001fbbe0228b0 JavaThread "Service Thread" daemon [_thread_blocked, id=3788, stack(0x0000008ca2500000,0x0000008ca2600000)]
  0x000001fbbe025780 JavaThread "Monitor Deflation Thread" daemon [_thread_blocked, id=2240, stack(0x0000008ca2600000,0x0000008ca2700000)]
=>0x000001fbbe026510 JavaThread "C2 CompilerThread0" daemon [_thread_in_native, id=5996, stack(0x0000008ca2700000,0x0000008ca2800000)]
  0x000001fbbe0410f0 JavaThread "C1 CompilerThread0" daemon [_thread_blocked, id=10552, stack(0x0000008ca2800000,0x0000008ca2900000)]
  0x000001fbbe0419f0 JavaThread "Sweeper thread" daemon [_thread_blocked, id=1144, stack(0x0000008ca2900000,0x0000008ca2a00000)]
  0x000001fbbe19bd40 JavaThread "Notification Thread" daemon [_thread_blocked, id=6960, stack(0x0000008ca2a00000,0x0000008ca2b00000)]
  0x000001fbbe19b870 JavaThread "Common-Cleaner" daemon [_thread_blocked, id=11488, stack(0x0000008ca2c00000,0x0000008ca2d00000)]
  0x000001fbbfba8fb0 JavaThread "C2 CompilerThread1" daemon [_thread_in_native, id=5216, stack(0x0000008ca2d00000,0x0000008ca2e00000)]

Other Threads:
  0x000001fbbd400630 VMThread "VM Thread" [stack: 0x0000008ca2000000,0x0000008ca2100000] [id=10400]
  0x000001fbbd411410 WatcherThread [stack: 0x0000008ca2b00000,0x0000008ca2c00000] [id=11168]
  0x000001fba3feb6d0 GCTaskThread "GC Thread#0" [stack: 0x0000008ca1b00000,0x0000008ca1c00000] [id=11132]
  0x000001fbbe5ddca0 GCTaskThread "GC Thread#1" [stack: 0x0000008ca2e00000,0x0000008ca2f00000] [id=612]
  0x000001fbbe573b30 GCTaskThread "GC Thread#2" [stack: 0x0000008ca2f00000,0x0000008ca3000000] [id=2884]
  0x000001fbbe52c8f0 GCTaskThread "GC Thread#3" [stack: 0x0000008ca3000000,0x0000008ca3100000] [id=3532]
  0x000001fba3ffc150 ConcurrentGCThread "G1 Main Marker" [stack: 0x0000008ca1c00000,0x0000008ca1d00000] [id=1048]
  0x000001fba3ffcb60 ConcurrentGCThread "G1 Conc#0" [stack: 0x0000008ca1d00000,0x0000008ca1e00000] [id=5220]
  0x000001fba405dae0 ConcurrentGCThread "G1 Refine#0" [stack: 0x0000008ca1e00000,0x0000008ca1f00000] [id=7680]
  0x000001fbc2589030 ConcurrentGCThread "G1 Refine#1" [stack: 0x0000008ca3100000,0x0000008ca3200000] [id=3900]
  0x000001fba405e500 ConcurrentGCThread "G1 Service" [stack: 0x0000008ca1f00000,0x0000008ca2000000] [id=3960]

Threads with active compile tasks:
C2 CompilerThread0     3259 2998       4       jdk.internal.loader.ClassLoaders$AppClassLoader::loadClass (40 bytes)
C2 CompilerThread1     3259 2931       4       java.lang.ClassLoader::loadClass (7 bytes)

VM state: not at safepoint (normal execution)

VM Mutex/Monitor currently owned by a thread: None

Heap address: 0x0000000082600000, size: 2010 MB, Compressed Oops mode: 32-bit

CDS archive(s) not mapped
Compressed class space mapped at: 0x0000000100000000-0x0000000140000000, reserved size: 1073741824
Narrow klass base: 0x0000000000000000, Narrow klass shift: 3, Narrow klass range: 0x140000000

GC Precious Log:
 CPUs: 4 total, 4 available
 Memory: 8035M
 Large Page Support: Disabled
 NUMA Support: Disabled
 Compressed Oops: Enabled (32-bit)
 Heap Region Size: 1M
 Heap Min Capacity: 8M
 Heap Initial Capacity: 126M
 Heap Max Capacity: 2010M
 Pre-touch: Disabled
 Parallel Workers: 4
 Concurrent Workers: 1
 Concurrent Refinement Workers: 4
 Periodic GC: Disabled

Heap:
 garbage-first heap   total 67584K, used 47453K [0x0000000082600000, 0x0000000100000000)
  region size 1024K, 24 young (24576K), 1 survivors (1024K)
 Metaspace       used 46296K, committed 46528K, reserved 1097728K
  class space    used 5575K, committed 5696K, reserved 1048576K

Heap Regions: E=young(eden), S=young(survivor), O=old, HS=humongous(starts), HC=humongous(continues), CS=collection set, F=free, OA=open archive, CA=closed archive, TAMS=top-at-mark-start (previous, next)
|   0|0x0000000082600000, 0x0000000082700000, 0x0000000082700000|100%|HS|  |TAMS 0x0000000082700000, 0x0000000082600000| Complete 
|   1|0x0000000082700000, 0x0000000082800000, 0x0000000082800000|100%|HC|  |TAMS 0x0000000082800000, 0x0000000082700000| Complete 
|   2|0x0000000082800000, 0x0000000082900000, 0x0000000082900000|100%|HC|  |TAMS 0x0000000082900000, 0x0000000082800000| Complete 
|   3|0x0000000082900000, 0x0000000082a00000, 0x0000000082a00000|100%|HC|  |TAMS 0x0000000082a00000, 0x0000000082900000| Complete 
|   4|0x0000000082a00000, 0x0000000082b00000, 0x0000000082b00000|100%| O|  |TAMS 0x0000000082b00000, 0x0000000082a00000| Untracked 
|   5|0x0000000082b00000, 0x0000000082c00000, 0x0000000082c00000|100%| O|  |TAMS 0x0000000082c00000, 0x0000000082b00000| Untracked 
|   6|0x0000000082c00000, 0x0000000082d00000, 0x0000000082d00000|100%| O|  |TAMS 0x0000000082c00000, 0x0000000082c00000| Untracked 
|   7|0x0000000082d00000, 0x0000000082e00000, 0x0000000082e00000|100%|HS|  |TAMS 0x0000000082e00000, 0x0000000082d00000| Complete 
|   8|0x0000000082e00000, 0x0000000082f00000, 0x0000000082f00000|100%|HC|  |TAMS 0x0000000082f00000, 0x0000000082e00000| Complete 
|   9|0x0000000082f00000, 0x0000000083000000, 0x0000000083000000|100%|HC|  |TAMS 0x0000000083000000, 0x0000000082f00000| Complete 
|  10|0x0000000083000000, 0x0000000083100000, 0x0000000083100000|100%|HC|  |TAMS 0x0000000083100000, 0x0000000083000000| Complete 
|  11|0x0000000083100000, 0x0000000083200000, 0x0000000083200000|100%| O|  |TAMS 0x0000000083200000, 0x0000000083100000| Untracked 
|  12|0x0000000083200000, 0x0000000083300000, 0x0000000083300000|100%| O|  |TAMS 0x0000000083300000, 0x0000000083200000| Untracked 
|  13|0x0000000083300000, 0x0000000083400000, 0x0000000083400000|100%| O|  |TAMS 0x0000000083400000, 0x0000000083300000| Untracked 
|  14|0x0000000083400000, 0x0000000083500000, 0x0000000083500000|100%| O|  |TAMS 0x0000000083500000, 0x0000000083400000| Untracked 
|  15|0x0000000083500000, 0x0000000083600000, 0x0000000083600000|100%| O|  |TAMS 0x0000000083600000, 0x0000000083500000| Untracked 
|  16|0x0000000083600000, 0x0000000083700000, 0x0000000083700000|100%| O|  |TAMS 0x0000000083600000, 0x0000000083600000| Untracked 
|  17|0x0000000083700000, 0x0000000083800000, 0x0000000083800000|100%| O|  |TAMS 0x0000000083700000, 0x0000000083700000| Untracked 
|  18|0x0000000083800000, 0x0000000083800000, 0x0000000083900000|  0%| F|  |TAMS 0x0000000083800000, 0x0000000083800000| Untracked 
|  19|0x0000000083900000, 0x0000000083a00000, 0x0000000083a00000|100%| O|  |TAMS 0x0000000083900000, 0x0000000083900000| Untracked 
|  20|0x0000000083a00000, 0x0000000083b00000, 0x0000000083b00000|100%| O|  |TAMS 0x0000000083a00000, 0x0000000083a00000| Untracked 
|  21|0x0000000083b00000, 0x0000000083c00000, 0x0000000083c00000|100%| O|  |TAMS 0x0000000083b00000, 0x0000000083b00000| Untracked 
|  22|0x0000000083c00000, 0x0000000083d00000, 0x0000000083d00000|100%| O|  |TAMS 0x0000000083c00000, 0x0000000083c00000| Untracked 
|  23|0x0000000083d00000, 0x0000000083e00000, 0x0000000083e00000|100%| O|  |TAMS 0x0000000083d00000, 0x0000000083d00000| Untracked 
|  24|0x0000000083e00000, 0x0000000083f00000, 0x0000000083f00000|100%| O|  |TAMS 0x0000000083e00000, 0x0000000083e00000| Untracked 
|  25|0x0000000083f00000, 0x0000000083fb7400, 0x0000000084000000| 71%| O|  |TAMS 0x0000000083f00000, 0x0000000083f00000| Untracked 
|  26|0x0000000084000000, 0x0000000084000000, 0x0000000084100000|  0%| F|  |TAMS 0x0000000084000000, 0x0000000084000000| Untracked 
|  27|0x0000000084100000, 0x0000000084100000, 0x0000000084200000|  0%| F|  |TAMS 0x0000000084100000, 0x0000000084100000| Untracked 
|  28|0x0000000084200000, 0x0000000084200000, 0x0000000084300000|  0%| F|  |TAMS 0x0000000084200000, 0x0000000084200000| Untracked 
|  29|0x0000000084300000, 0x0000000084300000, 0x0000000084400000|  0%| F|  |TAMS 0x0000000084300000, 0x0000000084300000| Untracked 
|  30|0x0000000084400000, 0x0000000084400000, 0x0000000084500000|  0%| F|  |TAMS 0x0000000084400000, 0x0000000084400000| Untracked 
|  31|0x0000000084500000, 0x0000000084500000, 0x0000000084600000|  0%| F|  |TAMS 0x0000000084500000, 0x0000000084500000| Untracked 
|  32|0x0000000084600000, 0x0000000084600000, 0x0000000084700000|  0%| F|  |TAMS 0x0000000084600000, 0x0000000084600000| Untracked 
|  33|0x0000000084700000, 0x0000000084700000, 0x0000000084800000|  0%| F|  |TAMS 0x0000000084700000, 0x0000000084700000| Untracked 
|  34|0x0000000084800000, 0x0000000084800000, 0x0000000084900000|  0%| F|  |TAMS 0x0000000084800000, 0x0000000084800000| Untracked 
|  35|0x0000000084900000, 0x0000000084900000, 0x0000000084a00000|  0%| F|  |TAMS 0x0000000084900000, 0x0000000084900000| Untracked 
|  36|0x0000000084a00000, 0x0000000084a00000, 0x0000000084b00000|  0%| F|  |TAMS 0x0000000084a00000, 0x0000000084a00000| Untracked 
|  37|0x0000000084b00000, 0x0000000084b00000, 0x0000000084c00000|  0%| F|  |TAMS 0x0000000084b00000, 0x0000000084b00000| Untracked 
|  38|0x0000000084c00000, 0x0000000084c00000, 0x0000000084d00000|  0%| F|  |TAMS 0x0000000084c00000, 0x0000000084c00000| Untracked 
|  39|0x0000000084d00000, 0x0000000084d00000, 0x0000000084e00000|  0%| F|  |TAMS 0x0000000084d00000, 0x0000000084d00000| Untracked 
|  40|0x0000000084e00000, 0x0000000084e00000, 0x0000000084f00000|  0%| F|  |TAMS 0x0000000084e00000, 0x0000000084e00000| Untracked 
|  41|0x0000000084f00000, 0x0000000084f00000, 0x0000000085000000|  0%| F|  |TAMS 0x0000000084f00000, 0x0000000084f00000| Untracked 
|  42|0x0000000085000000, 0x00000000850f3260, 0x0000000085100000| 94%| E|  |TAMS 0x0000000085000000, 0x0000000085000000| Complete 
|  43|0x0000000085100000, 0x0000000085200000, 0x0000000085200000|100%| E|CS|TAMS 0x0000000085100000, 0x0000000085100000| Complete 
|  44|0x0000000085200000, 0x0000000085300000, 0x0000000085300000|100%| E|CS|TAMS 0x0000000085200000, 0x0000000085200000| Complete 
|  45|0x0000000085300000, 0x0000000085400000, 0x0000000085400000|100%| E|CS|TAMS 0x0000000085300000, 0x0000000085300000| Complete 
|  46|0x0000000085400000, 0x0000000085500000, 0x0000000085500000|100%| E|CS|TAMS 0x0000000085400000, 0x0000000085400000| Complete 
|  47|0x0000000085500000, 0x0000000085600000, 0x0000000085600000|100%| E|CS|TAMS 0x0000000085500000, 0x0000000085500000| Complete 
|  48|0x0000000085600000, 0x0000000085700000, 0x0000000085700000|100%| E|CS|TAMS 0x0000000085600000, 0x0000000085600000| Complete 
|  49|0x0000000085700000, 0x0000000085800000, 0x0000000085800000|100%| E|CS|TAMS 0x0000000085700000, 0x0000000085700000| Complete 
|  50|0x0000000085800000, 0x0000000085900000, 0x0000000085900000|100%| E|CS|TAMS 0x0000000085800000, 0x0000000085800000| Complete 
|  51|0x0000000085900000, 0x0000000085a00000, 0x0000000085a00000|100%| E|CS|TAMS 0x0000000085900000, 0x0000000085900000| Complete 
|  52|0x0000000085a00000, 0x0000000085b00000, 0x0000000085b00000|100%| E|CS|TAMS 0x0000000085a00000, 0x0000000085a00000| Complete 
|  53|0x0000000085b00000, 0x0000000085c00000, 0x0000000085c00000|100%| E|CS|TAMS 0x0000000085b00000, 0x0000000085b00000| Complete 
|  54|0x0000000085c00000, 0x0000000085d00000, 0x0000000085d00000|100%| E|CS|TAMS 0x0000000085c00000, 0x0000000085c00000| Complete 
|  55|0x0000000085d00000, 0x0000000085e00000, 0x0000000085e00000|100%| E|CS|TAMS 0x0000000085d00000, 0x0000000085d00000| Complete 
|  56|0x0000000085e00000, 0x0000000085f00000, 0x0000000085f00000|100%| E|CS|TAMS 0x0000000085e00000, 0x0000000085e00000| Complete 
|  57|0x0000000085f00000, 0x0000000086000000, 0x0000000086000000|100%| E|CS|TAMS 0x0000000085f00000, 0x0000000085f00000| Complete 
|  58|0x0000000086000000, 0x0000000086100000, 0x0000000086100000|100%| E|CS|TAMS 0x0000000086000000, 0x0000000086000000| Complete 
|  59|0x0000000086100000, 0x0000000086200000, 0x0000000086200000|100%| E|CS|TAMS 0x0000000086100000, 0x0000000086100000| Complete 
|  60|0x0000000086200000, 0x0000000086300000, 0x0000000086300000|100%| E|  |TAMS 0x0000000086200000, 0x0000000086200000| Complete 
|  94|0x0000000088400000, 0x0000000088500000, 0x0000000088500000|100%| E|CS|TAMS 0x0000000088400000, 0x0000000088400000| Complete 
|  95|0x0000000088500000, 0x0000000088600000, 0x0000000088600000|100%| E|CS|TAMS 0x0000000088500000, 0x0000000088500000| Complete 
|  96|0x0000000088600000, 0x0000000088700000, 0x0000000088700000|100%| E|CS|TAMS 0x0000000088600000, 0x0000000088600000| Complete 
|  97|0x0000000088700000, 0x00000000887a00d0, 0x0000000088800000| 62%| S|CS|TAMS 0x0000000088700000, 0x0000000088700000| Complete 
| 125|0x000000008a300000, 0x000000008a400000, 0x000000008a400000|100%| E|CS|TAMS 0x000000008a300000, 0x000000008a300000| Complete 

Card table byte_map: [0x000001fbb6850000,0x000001fbb6c40000] _byte_map_base: 0x000001fbb643d000

Marking Bits (Prev, Next): (CMBitMap*) 0x000001fba3febce0, (CMBitMap*) 0x000001fba3febd20
 Prev Bits: [0x000001fbb7030000, 0x000001fbb8f98000)
 Next Bits: [0x000001fbb8fa0000, 0x000001fbbaf08000)

Polling page: 0x000001fba1ef0000

Metaspace:

Usage:
  Non-class:     39.82 MB used.
      Class:      5.46 MB used.
       Both:     45.28 MB used.

Virtual space:
  Non-class space:       48.00 MB reserved,      39.94 MB ( 83%) committed,  6 nodes.
      Class space:        1.00 GB reserved,       5.56 MB ( <1%) committed,  1 nodes.
             Both:        1.05 GB reserved,      45.50 MB (  4%) committed. 

Chunk freelists:
   Non-Class:  3.27 MB
       Class:  2.36 MB
        Both:  5.62 MB

MaxMetaspaceSize: unlimited
CompressedClassSpaceSize: 1.00 GB
Initial GC threshold: 21.00 MB
Current GC threshold: 58.75 MB
CDS: off
MetaspaceReclaimPolicy: balanced
 - commit_granule_bytes: 65536.
 - commit_granule_words: 8192.
 - virtual_space_node_default_size: 1048576.
 - enlarge_chunks_in_place: 1.
 - new_chunks_are_fully_committed: 0.
 - uncommit_free_chunks: 1.
 - use_allocation_guard: 0.
 - handle_deallocations: 1.


Internal statistics:

num_allocs_failed_limit: 6.
num_arena_births: 212.
num_arena_deaths: 0.
num_vsnodes_births: 7.
num_vsnodes_deaths: 0.
num_space_committed: 726.
num_space_uncommitted: 0.
num_chunks_returned_to_freelist: 6.
num_chunks_taken_from_freelist: 1508.
num_chunk_merges: 6.
num_chunk_splits: 1207.
num_chunks_enlarged: 1064.
num_purges: 0.
num_inconsistent_stats: 0.

CodeHeap 'non-profiled nmethods': size=120000Kb used=1423Kb max_used=1423Kb free=118577Kb
 bounds [0x000001fbaef30000, 0x000001fbaf1a0000, 0x000001fbb6460000]
CodeHeap 'profiled nmethods': size=120000Kb used=6290Kb max_used=6290Kb free=113709Kb
 bounds [0x000001fba7460000, 0x000001fba7a90000, 0x000001fbae990000]
CodeHeap 'non-nmethods': size=5760Kb used=1273Kb max_used=1332Kb free=4486Kb
 bounds [0x000001fbae990000, 0x000001fbaec00000, 0x000001fbaef30000]
 total_blobs=3899 nmethods=3309 adapters=501
 compilation: enabled
              stopped_count=0, restarted_count=0
 full_count=0

Compilation events (20 events):
Event: 3.203 Thread 0x000001fbbe0410f0 3301       2       org.jetbrains.kotlin.com.intellij.psi.impl.source.tree.CompositeElement::createPsiNoLock (33 bytes)
Event: 3.204 Thread 0x000001fbbe0410f0 nmethod 3301 0x000001fba7a77b10 code [0x000001fba7a77ce0, 0x000001fba7a77f38]
Event: 3.204 Thread 0x000001fbbe0410f0 3302       2       org.jetbrains.kotlin.parsing.KotlinParserDefinition::createElement (166 bytes)
Event: 3.204 Thread 0x000001fbbe0410f0 nmethod 3302 0x000001fba7a78090 code [0x000001fba7a78340, 0x000001fba7a78d38]
Event: 3.204 Thread 0x000001fbbe0410f0 3304       2       org.jetbrains.kotlin.com.intellij.psi.impl.source.tree.LeafPsiElement::getPsi (2 bytes)
Event: 3.205 Thread 0x000001fbbe0410f0 nmethod 3304 0x000001fba7a79290 code [0x000001fba7a79420, 0x000001fba7a79538]
Event: 3.205 Thread 0x000001fbbe0410f0 3305   !   2       org.jetbrains.kotlin.com.intellij.psi.impl.source.tree.LazyParseableElement::ensureParsed (164 bytes)
Event: 3.206 Thread 0x000001fbbe0410f0 nmethod 3305 0x000001fba7a79610 code [0x000001fba7a79940, 0x000001fba7a7a228]
Event: 3.206 Thread 0x000001fbbe0410f0 3306       2       org.jetbrains.kotlin.com.intellij.psi.impl.source.tree.SharedImplUtil::getNextSibling (18 bytes)
Event: 3.206 Thread 0x000001fbbe0410f0 nmethod 3306 0x000001fba7a7ab10 code [0x000001fba7a7acc0, 0x000001fba7a7ae58]
Event: 3.206 Thread 0x000001fbbe0410f0 3303       2       org.jetbrains.kotlin.psi.stubs.elements.KtStubElementType::createPsiFromAst (35 bytes)
Event: 3.206 Thread 0x000001fbbe0410f0 nmethod 3303 0x000001fba7a7af90 code [0x000001fba7a7b160, 0x000001fba7a7b488]
Event: 3.209 Thread 0x000001fbbe0410f0 3307   !   2       java.lang.ClassLoader::addClass (27 bytes)
Event: 3.209 Thread 0x000001fbbe0410f0 nmethod 3307 0x000001fba7a7b610 code [0x000001fba7a7b7c0, 0x000001fba7a7b9c8]
Event: 3.216 Thread 0x000001fbbe0410f0 3308       2       org.jetbrains.kotlin.com.intellij.mock.MockComponentManager::getService (25 bytes)
Event: 3.216 Thread 0x000001fbbe0410f0 nmethod 3308 0x000001fba7a7bb10 code [0x000001fba7a7bcc0, 0x000001fba7a7be48]
Event: 3.217 Thread 0x000001fbbe0410f0 3309       2       org.jetbrains.kotlin.com.intellij.util.pico.DefaultPicoContainer::getService (40 bytes)
Event: 3.217 Thread 0x000001fbbe0410f0 nmethod 3309 0x000001fba7a7bf90 code [0x000001fba7a7c160, 0x000001fba7a7c3b8]
Event: 3.225 Thread 0x000001fbbe0410f0 3314       2       org.jetbrains.kotlin.com.intellij.util.keyFMap.EmptyFMap::get (10 bytes)
Event: 3.225 Thread 0x000001fbbe0410f0 nmethod 3314 0x000001fba7a7c510 code [0x000001fba7a7c6a0, 0x000001fba7a7c7c8]

GC Heap History (18 events):
Event: 0.448 GC heap before
{Heap before GC invocations=0 (full 0):
 garbage-first heap   total 129024K, used 17408K [0x0000000082600000, 0x0000000100000000)
  region size 1024K, 13 young (13312K), 0 survivors (0K)
 Metaspace       used 10460K, committed 10560K, reserved 1064960K
  class space    used 902K, committed 960K, reserved 1048576K
}
Event: 0.450 GC heap after
{Heap after GC invocations=1 (full 0):
 garbage-first heap   total 129024K, used 6461K [0x0000000082600000, 0x0000000100000000)
  region size 1024K, 2 young (2048K), 2 survivors (2048K)
 Metaspace       used 10460K, committed 10560K, reserved 1064960K
  class space    used 902K, committed 960K, reserved 1048576K
}
Event: 0.759 GC heap before
{Heap before GC invocations=1 (full 0):
 garbage-first heap   total 129024K, used 23869K [0x0000000082600000, 0x0000000100000000)
  region size 1024K, 19 young (19456K), 2 survivors (2048K)
 Metaspace       used 14552K, committed 14720K, reserved 1064960K
  class space    used 1451K, committed 1536K, reserved 1048576K
}
Event: 0.763 GC heap after
{Heap after GC invocations=2 (full 0):
 garbage-first heap   total 129024K, used 7924K [0x0000000082600000, 0x0000000100000000)
  region size 1024K, 2 young (2048K), 2 survivors (2048K)
 Metaspace       used 14552K, committed 14720K, reserved 1064960K
  class space    used 1451K, committed 1536K, reserved 1048576K
}
Event: 1.238 GC heap before
{Heap before GC invocations=2 (full 0):
 garbage-first heap   total 129024K, used 33524K [0x0000000082600000, 0x0000000100000000)
  region size 1024K, 28 young (28672K), 2 survivors (2048K)
 Metaspace       used 21307K, committed 21504K, reserved 1073152K
  class space    used 2323K, committed 2432K, reserved 1048576K
}
Event: 1.243 GC heap after
{Heap after GC invocations=3 (full 0):
 garbage-first heap   total 129024K, used 10310K [0x0000000082600000, 0x0000000100000000)
  region size 1024K, 4 young (4096K), 4 survivors (4096K)
 Metaspace       used 21307K, committed 21504K, reserved 1073152K
  class space    used 2323K, committed 2432K, reserved 1048576K
}
Event: 1.586 GC heap before
{Heap before GC invocations=4 (full 0):
 garbage-first heap   total 40960K, used 31814K [0x0000000082600000, 0x0000000100000000)
  region size 1024K, 22 young (22528K), 4 survivors (4096K)
 Metaspace       used 26684K, committed 26944K, reserved 1073152K
  class space    used 2939K, committed 3072K, reserved 1048576K
}
Event: 1.594 GC heap after
{Heap after GC invocations=5 (full 0):
 garbage-first heap   total 40960K, used 16277K [0x0000000082600000, 0x0000000100000000)
  region size 1024K, 2 young (2048K), 2 survivors (2048K)
 Metaspace       used 26684K, committed 26944K, reserved 1073152K
  class space    used 2939K, committed 3072K, reserved 1048576K
}
Event: 1.605 GC heap before
{Heap before GC invocations=5 (full 0):
 garbage-first heap   total 40960K, used 17301K [0x0000000082600000, 0x0000000100000000)
  region size 1024K, 3 young (3072K), 2 survivors (2048K)
 Metaspace       used 26936K, committed 27200K, reserved 1073152K
  class space    used 2967K, committed 3072K, reserved 1048576K
}
Event: 1.608 GC heap after
{Heap after GC invocations=6 (full 0):
 garbage-first heap   total 40960K, used 16673K [0x0000000082600000, 0x0000000100000000)
  region size 1024K, 1 young (1024K), 1 survivors (1024K)
 Metaspace       used 26936K, committed 27200K, reserved 1073152K
  class space    used 2967K, committed 3072K, reserved 1048576K
}
Event: 1.908 GC heap before
{Heap before GC invocations=6 (full 0):
 garbage-first heap   total 40960K, used 29985K [0x0000000082600000, 0x0000000100000000)
  region size 1024K, 14 young (14336K), 1 survivors (1024K)
 Metaspace       used 30995K, committed 31232K, reserved 1081344K
  class space    used 3770K, committed 3904K, reserved 1048576K
}
Event: 1.912 GC heap after
{Heap after GC invocations=7 (full 0):
 garbage-first heap   total 67584K, used 17766K [0x0000000082600000, 0x0000000100000000)
  region size 1024K, 2 young (2048K), 2 survivors (2048K)
 Metaspace       used 30995K, committed 31232K, reserved 1081344K
  class space    used 3770K, committed 3904K, reserved 1048576K
}
Event: 2.376 GC heap before
{Heap before GC invocations=7 (full 0):
 garbage-first heap   total 67584K, used 46438K [0x0000000082600000, 0x0000000100000000)
  region size 1024K, 29 young (29696K), 2 survivors (2048K)
 Metaspace       used 35794K, committed 35968K, reserved 1081344K
  class space    used 4506K, committed 4608K, reserved 1048576K
}
Event: 2.385 GC heap after
{Heap after GC invocations=8 (full 0):
 garbage-first heap   total 67584K, used 24129K [0x0000000082600000, 0x0000000100000000)
  region size 1024K, 5 young (5120K), 5 survivors (5120K)
 Metaspace       used 35794K, committed 35968K, reserved 1081344K
  class space    used 4506K, committed 4608K, reserved 1048576K
}
Event: 2.754 GC heap before
{Heap before GC invocations=9 (full 0):
 garbage-first heap   total 67584K, used 48705K [0x0000000082600000, 0x0000000100000000)
  region size 1024K, 30 young (30720K), 5 survivors (5120K)
 Metaspace       used 40451K, committed 40704K, reserved 1089536K
  class space    used 4965K, committed 5056K, reserved 1048576K
}
Event: 2.765 GC heap after
{Heap after GC invocations=10 (full 0):
 garbage-first heap   total 67584K, used 25504K [0x0000000082600000, 0x0000000100000000)
  region size 1024K, 4 young (4096K), 4 survivors (4096K)
 Metaspace       used 40451K, committed 40704K, reserved 1089536K
  class space    used 4965K, committed 5056K, reserved 1048576K
}
Event: 2.786 GC heap before
{Heap before GC invocations=10 (full 0):
 garbage-first heap   total 67584K, used 26528K [0x0000000082600000, 0x0000000100000000)
  region size 1024K, 5 young (5120K), 4 survivors (4096K)
 Metaspace       used 40782K, committed 40960K, reserved 1089536K
  class space    used 4987K, committed 5056K, reserved 1048576K
}
Event: 2.791 GC heap after
{Heap after GC invocations=11 (full 0):
 garbage-first heap   total 67584K, used 25949K [0x0000000082600000, 0x0000000100000000)
  region size 1024K, 1 young (1024K), 1 survivors (1024K)
 Metaspace       used 40782K, committed 40960K, reserved 1089536K
  class space    used 4987K, committed 5056K, reserved 1048576K
}

Dll operation events (2 events):
Event: 0.007 Loaded shared library E:\Android studio 2022.1.3\jbr\bin\java.dll
Event: 1.072 Loaded shared library E:\Android studio 2022.1.3\jbr\bin\verify.dll

Deoptimization events (20 events):
Event: 2.987 Thread 0x000001fba3f8f290 Uncommon trap: trap_request=0xffffff45 fr.pc=0x000001fbaf05b7e0 relative=0x0000000000000720
Event: 2.987 Thread 0x000001fba3f8f290 Uncommon trap: reason=unstable_if action=reinterpret pc=0x000001fbaf05b7e0 method=java.lang.String.lastIndexOf(II)I @ 4 c2
Event: 2.987 Thread 0x000001fba3f8f290 DEOPT PACKING pc=0x000001fbaf05b7e0 sp=0x0000008ca1af5440
Event: 2.987 Thread 0x000001fba3f8f290 DEOPT UNPACKING pc=0x000001fbae9e69a3 sp=0x0000008ca1af5330 mode 2
Event: 3.096 Thread 0x000001fba3f8f290 Uncommon trap: trap_request=0xffffffde fr.pc=0x000001fbaf081bdc relative=0x000000000000069c
Event: 3.096 Thread 0x000001fba3f8f290 Uncommon trap: reason=class_check action=maybe_recompile pc=0x000001fbaf081bdc method=java.lang.AbstractStringBuilder.append(Ljava/lang/CharSequence;)Ljava/lang/AbstractStringBuilder; @ 10 c2
Event: 3.097 Thread 0x000001fba3f8f290 DEOPT PACKING pc=0x000001fbaf081bdc sp=0x0000008ca1afd320
Event: 3.097 Thread 0x000001fba3f8f290 DEOPT UNPACKING pc=0x000001fbae9e69a3 sp=0x0000008ca1afd300 mode 2
Event: 3.109 Thread 0x000001fba3f8f290 Uncommon trap: trap_request=0xffffffde fr.pc=0x000001fbaf05a384 relative=0x0000000000002584
Event: 3.109 Thread 0x000001fba3f8f290 Uncommon trap: reason=class_check action=maybe_recompile pc=0x000001fbaf05a384 method=java.util.HashMap.putVal(ILjava/lang/Object;Ljava/lang/Object;ZZ)Ljava/lang/Object; @ 203 c2
Event: 3.109 Thread 0x000001fba3f8f290 DEOPT PACKING pc=0x000001fbaf05a384 sp=0x0000008ca1afcda0
Event: 3.109 Thread 0x000001fba3f8f290 DEOPT UNPACKING pc=0x000001fbae9e69a3 sp=0x0000008ca1afcc68 mode 2
Event: 3.113 Thread 0x000001fba3f8f290 Uncommon trap: trap_request=0xffffffde fr.pc=0x000001fbaf05a384 relative=0x0000000000002584
Event: 3.113 Thread 0x000001fba3f8f290 Uncommon trap: reason=class_check action=maybe_recompile pc=0x000001fbaf05a384 method=java.util.HashMap.putVal(ILjava/lang/Object;Ljava/lang/Object;ZZ)Ljava/lang/Object; @ 203 c2
Event: 3.113 Thread 0x000001fba3f8f290 DEOPT PACKING pc=0x000001fbaf05a384 sp=0x0000008ca1afcda0
Event: 3.113 Thread 0x000001fba3f8f290 DEOPT UNPACKING pc=0x000001fbae9e69a3 sp=0x0000008ca1afcc68 mode 2
Event: 3.115 Thread 0x000001fba3f8f290 Uncommon trap: trap_request=0xffffffde fr.pc=0x000001fbaf055248 relative=0x0000000000001148
Event: 3.115 Thread 0x000001fba3f8f290 Uncommon trap: reason=class_check action=maybe_recompile pc=0x000001fbaf055248 method=java.util.HashMap.putVal(ILjava/lang/Object;Ljava/lang/Object;ZZ)Ljava/lang/Object; @ 203 c2
Event: 3.115 Thread 0x000001fba3f8f290 DEOPT PACKING pc=0x000001fbaf055248 sp=0x0000008ca1afccf0
Event: 3.115 Thread 0x000001fba3f8f290 DEOPT UNPACKING pc=0x000001fbae9e69a3 sp=0x0000008ca1afcc80 mode 2

Classes unloaded (0 events):
No events

Classes redefined (0 events):
No events

Internal exceptions (20 events):
Event: 0.979 Thread 0x000001fba3f8f290 Exception <a 'java/lang/NoSuchMethodError'{0x0000000089781c48}: 'int java.lang.invoke.DelegatingMethodHandle$Holder.reinvoke_L(java.lang.Object, java.lang.Object, java.lang.Object, long, int)'> (0x0000000089781c48) 
thrown [s\src\hotspot\share\interpreter\linkResolver.cpp, line 771]
Event: 1.076 Thread 0x000001fba3f8f290 Exception <a 'java/lang/NoSuchMethodError'{0x00000000894eebb0}: 'java.lang.Object java.lang.invoke.DirectMethodHandle$Holder.invokeStaticInit(java.lang.Object)'> (0x00000000894eebb0) 
thrown [s\src\hotspot\share\interpreter\linkResolver.cpp, line 771]
Event: 1.189 Thread 0x000001fba3f8f290 Exception <a 'java/lang/NoSuchMethodError'{0x0000000088bc3f48}: 'java.lang.Object java.lang.invoke.DirectMethodHandle$Holder.invokeStaticInit(java.lang.Object, int)'> (0x0000000088bc3f48) 
thrown [s\src\hotspot\share\interpreter\linkResolver.cpp, line 771]
Event: 1.196 Thread 0x000001fba3f8f290 Exception <a 'java/lang/NoSuchMethodError'{0x0000000088a4d6c0}: 'void java.lang.invoke.DirectMethodHandle$Holder.invokeStatic(java.lang.Object, java.lang.Object)'> (0x0000000088a4d6c0) 
thrown [s\src\hotspot\share\interpreter\linkResolver.cpp, line 771]
Event: 1.217 Thread 0x000001fba3f8f290 Exception <a 'java/lang/NoSuchMethodError'{0x00000000889874f8}: 'long java.lang.invoke.DirectMethodHandle$Holder.invokeStatic(java.lang.Object)'> (0x00000000889874f8) 
thrown [s\src\hotspot\share\interpreter\linkResolver.cpp, line 771]
Event: 1.217 Thread 0x000001fba3f8f290 Exception <a 'java/lang/NoSuchMethodError'{0x000000008898ac50}: 'long java.lang.invoke.DirectMethodHandle$Holder.invokeStaticInit(java.lang.Object)'> (0x000000008898ac50) 
thrown [s\src\hotspot\share\interpreter\linkResolver.cpp, line 771]
Event: 1.285 Thread 0x000001fba3f8f290 Exception <a 'java/lang/NoSuchMethodError'{0x0000000084622d80}: 'int java.lang.invoke.DirectMethodHandle$Holder.invokeStaticInit(java.lang.Object, java.lang.Object, java.lang.Object)'> (0x0000000084622d80) 
thrown [s\src\hotspot\share\interpreter\linkResolver.cpp, line 771]
Event: 1.288 Thread 0x000001fba3f8f290 Exception <a 'java/lang/NoSuchMethodError'{0x000000008464b6e8}: 'int java.lang.invoke.DirectMethodHandle$Holder.invokeStaticInit(java.lang.Object, java.lang.Object)'> (0x000000008464b6e8) 
thrown [s\src\hotspot\share\interpreter\linkResolver.cpp, line 771]
Event: 1.303 Thread 0x000001fba3f8f290 Exception <a 'java/lang/NoSuchMethodError'{0x00000000845283f8}: 'void java.lang.invoke.DirectMethodHandle$Holder.invokeSpecial(java.lang.Object, java.lang.Object, java.lang.Object)'> (0x00000000845283f8) 
thrown [s\src\hotspot\share\interpreter\linkResolver.cpp, line 771]
Event: 1.546 Thread 0x000001fba3f8f290 Exception <a 'java/lang/NoSuchMethodError'{0x0000000083ae2058}: 'void java.lang.invoke.DirectMethodHandle$Holder.invokeStatic(java.lang.Object, java.lang.Object, java.lang.Object, java.lang.Object)'> (0x0000000083ae2058) 
thrown [s\src\hotspot\share\interpreter\linkResolver.cpp, line 771]
Event: 1.619 Thread 0x000001fba3f8f290 Exception <a 'java/lang/NoSuchMethodError'{0x000000008a396a50}: 'void java.lang.invoke.DirectMethodHandle$Holder.invokeStaticInit(java.lang.Object, java.lang.Object)'> (0x000000008a396a50) 
thrown [s\src\hotspot\share\interpreter\linkResolver.cpp, line 771]
Event: 1.701 Thread 0x000001fba3f8f290 Exception <a 'java/lang/NoSuchMethodError'{0x00000000848cc958}: 'void java.lang.invoke.DirectMethodHandle$Holder.invokeVirtual(java.lang.Object, java.lang.Object)'> (0x00000000848cc958) 
thrown [s\src\hotspot\share\interpreter\linkResolver.cpp, line 771]
Event: 1.714 Thread 0x000001fba3f8f290 Exception <a 'java/lang/NoSuchMethodError'{0x0000000084758fb8}: 'int java.lang.invoke.DirectMethodHandle$Holder.invokeVirtual(java.lang.Object, java.lang.Object)'> (0x0000000084758fb8) 
thrown [s\src\hotspot\share\interpreter\linkResolver.cpp, line 771]
Event: 1.733 Thread 0x000001fba3f8f290 Exception <a 'java/lang/NoSuchMethodError'{0x00000000846002a0}: 'java.lang.Object java.lang.invoke.Invokers$Holder.invokeExact_MT(java.lang.Object, java.lang.Object, java.lang.Object, java.lang.Object, java.lang.Object, java.lang.Object)'> (0x00000000846002a0) 
thrown [s\src\hotspot\share\interpreter\linkResolver.cpp, line 771]
Event: 2.423 Thread 0x000001fba3f8f290 Exception <a 'java/lang/NoSuchMethodError'{0x0000000088675b98}: 'java.lang.Object java.lang.invoke.DirectMethodHandle$Holder.invokeVirtual(java.lang.Object, java.lang.Object, java.lang.Object)'> (0x0000000088675b98) 
thrown [s\src\hotspot\share\interpreter\linkResolver.cpp, line 771]
Event: 3.051 Thread 0x000001fba3f8f290 Exception <a 'java/lang/NoSuchMethodError'{0x000000008571f228}: 'java.lang.Object java.lang.invoke.DirectMethodHandle$Holder.newInvokeSpecial(java.lang.Object, java.lang.Object, int)'> (0x000000008571f228) 
thrown [s\src\hotspot\share\interpreter\linkResolver.cpp, line 771]
Event: 3.091 Thread 0x000001fba3f8f290 Exception <a 'java/lang/NoSuchMethodError'{0x0000000085686610}: 'java.lang.Object java.lang.invoke.DirectMethodHandle$Holder.invokeInterface(java.lang.Object, java.lang.Object)'> (0x0000000085686610) 
thrown [s\src\hotspot\share\interpreter\linkResolver.cpp, line 771]
Event: 3.223 Thread 0x000001fba3f8f290 Exception <a 'java/lang/NoSuchMethodError'{0x0000000085294f88}: 'java.lang.Object java.lang.invoke.DirectMethodHandle$Holder.newInvokeSpecial(java.lang.Object, java.lang.Object, java.lang.Object, int)'> (0x0000000085294f88) 
thrown [s\src\hotspot\share\interpreter\linkResolver.cpp, line 771]
Event: 3.223 Thread 0x000001fba3f8f290 Exception <a 'java/lang/NoSuchMethodError'{0x0000000085299bd8}: 'java.lang.Object java.lang.invoke.DirectMethodHandle$Holder.invokeSpecial(java.lang.Object, java.lang.Object, java.lang.Object, java.lang.Object, int)'> (0x0000000085299bd8) 
thrown [s\src\hotspot\share\interpreter\linkResolver.cpp, line 771]
Event: 3.223 Thread 0x000001fba3f8f290 Exception <a 'java/lang/NoSuchMethodError'{0x000000008529da48}: 'java.lang.Object java.lang.invoke.Invokers$Holder.linkToTargetMethod(java.lang.Object, java.lang.Object, int, java.lang.Object)'> (0x000000008529da48) 
thrown [s\src\hotspot\share\interpreter\linkResolver.cpp, line 771]

VM Operations (20 events):
Event: 1.908 Executing VM operation: G1CollectForAllocation
Event: 1.912 Executing VM operation: G1CollectForAllocation done
Event: 2.376 Executing VM operation: CollectForMetadataAllocation
Event: 2.385 Executing VM operation: CollectForMetadataAllocation done
Event: 2.401 Executing VM operation: G1Concurrent
Event: 2.403 Executing VM operation: G1Concurrent done
Event: 2.409 Executing VM operation: G1Concurrent
Event: 2.409 Executing VM operation: G1Concurrent done
Event: 2.687 Executing VM operation: HandshakeAllThreads
Event: 2.687 Executing VM operation: HandshakeAllThreads done
Event: 2.754 Executing VM operation: G1CollectForAllocation
Event: 2.765 Executing VM operation: G1CollectForAllocation done
Event: 2.786 Executing VM operation: G1CollectForAllocation
Event: 2.791 Executing VM operation: G1CollectForAllocation done
Event: 3.098 Executing VM operation: HandshakeAllThreads
Event: 3.098 Executing VM operation: HandshakeAllThreads done
Event: 3.206 Executing VM operation: HandshakeAllThreads
Event: 3.206 Executing VM operation: HandshakeAllThreads done
Event: 3.221 Executing VM operation: HandshakeAllThreads
Event: 3.221 Executing VM operation: HandshakeAllThreads done

Events (20 events):
Event: 2.638 loading class java/lang/TypeNotPresentException
Event: 2.638 loading class java/lang/TypeNotPresentException done
Event: 2.687 loading class sun/reflect/generics/scope/MethodScope
Event: 2.687 loading class sun/reflect/generics/scope/MethodScope done
Event: 2.687 loading class sun/reflect/generics/repository/MethodRepository
Event: 2.687 loading class sun/reflect/generics/repository/MethodRepository done
Event: 3.015 loading class java/util/EmptyStackException
Event: 3.016 loading class java/util/EmptyStackException done
Event: 3.022 loading class java/util/BitSet
Event: 3.023 loading class java/util/BitSet done
Event: 3.024 loading class java/util/PrimitiveIterator$OfInt
Event: 3.024 loading class java/util/PrimitiveIterator
Event: 3.024 loading class java/util/PrimitiveIterator done
Event: 3.024 loading class java/util/PrimitiveIterator$OfInt done
Event: 3.043 loading class java/util/AbstractMap$SimpleImmutableEntry
Event: 3.043 loading class java/util/AbstractMap$SimpleImmutableEntry done
Event: 3.050 loading class java/util/function/IntUnaryOperator
Event: 3.050 loading class java/util/function/IntUnaryOperator done
Event: 3.205 loading class java/util/ArrayList$ListItr
Event: 3.205 loading class java/util/ArrayList$ListItr done


Dynamic libraries:
0x00007ff72a810000 - 0x00007ff72a81a000 	E:\Android studio 2022.1.3\jbr\bin\java.exe
0x00007ffa5c550000 - 0x00007ffa5c748000 	C:\WINDOWS\SYSTEM32\ntdll.dll
0x00007ffa00b80000 - 0x00007ffa00b99000 	C:\Program Files\Avast Software\Avast\aswhook.dll
0x00007ffa5aec0000 - 0x00007ffa5af7f000 	C:\WINDOWS\System32\KERNEL32.DLL
0x00007ffa59da0000 - 0x00007ffa5a096000 	C:\WINDOWS\System32\KERNELBASE.dll
0x00007ffa5a3d0000 - 0x00007ffa5a4d0000 	C:\WINDOWS\System32\ucrtbase.dll
0x00007ffa02120000 - 0x00007ffa02137000 	E:\Android studio 2022.1.3\jbr\bin\jli.dll
0x00007ffa01310000 - 0x00007ffa0132b000 	E:\Android studio 2022.1.3\jbr\bin\VCRUNTIME140.dll
0x00007ffa5bb00000 - 0x00007ffa5bc9d000 	C:\WINDOWS\System32\USER32.dll
0x00007ffa3e070000 - 0x00007ffa3e30a000 	C:\WINDOWS\WinSxS\amd64_microsoft.windows.common-controls_6595b64144ccf1df_6.0.19041.1110_none_60b5254171f9507e\COMCTL32.dll
0x00007ffa5a130000 - 0x00007ffa5a152000 	C:\WINDOWS\System32\win32u.dll
0x00007ffa5b280000 - 0x00007ffa5b31e000 	C:\WINDOWS\System32\msvcrt.dll
0x00007ffa5bde0000 - 0x00007ffa5be0c000 	C:\WINDOWS\System32\GDI32.dll
0x00007ffa59c30000 - 0x00007ffa59d45000 	C:\WINDOWS\System32\gdi32full.dll
0x00007ffa5a160000 - 0x00007ffa5a1fd000 	C:\WINDOWS\System32\msvcp_win.dll
0x00007ffa5bf40000 - 0x00007ffa5bf70000 	C:\WINDOWS\System32\IMM32.DLL
0x00007ffa0b6f0000 - 0x00007ffa0b6fc000 	E:\Android studio 2022.1.3\jbr\bin\vcruntime140_1.dll
0x00007ff9ed490000 - 0x00007ff9ed51d000 	E:\Android studio 2022.1.3\jbr\bin\msvcp140.dll
0x00007ff9fa1b0000 - 0x00007ff9fae1e000 	E:\Android studio 2022.1.3\jbr\bin\server\jvm.dll
0x00007ffa5bf70000 - 0x00007ffa5c01f000 	C:\WINDOWS\System32\ADVAPI32.dll
0x00007ffa5aff0000 - 0x00007ffa5b08c000 	C:\WINDOWS\System32\sechost.dll
0x00007ffa5be10000 - 0x00007ffa5bf36000 	C:\WINDOWS\System32\RPCRT4.dll
0x00007ffa48230000 - 0x00007ffa48239000 	C:\WINDOWS\SYSTEM32\WSOCK32.dll
0x00007ffa5ba90000 - 0x00007ffa5bafb000 	C:\WINDOWS\System32\WS2_32.dll
0x00007ffa3e450000 - 0x00007ffa3e477000 	C:\WINDOWS\SYSTEM32\WINMM.dll
0x00007ffa54270000 - 0x00007ffa5427a000 	C:\WINDOWS\SYSTEM32\VERSION.dll
0x00007ffa579e0000 - 0x00007ffa579f2000 	C:\WINDOWS\SYSTEM32\kernel.appcore.dll
0x00007ffa01b70000 - 0x00007ffa01b7a000 	E:\Android studio 2022.1.3\jbr\bin\jimage.dll
0x00007ffa4c350000 - 0x00007ffa4c534000 	C:\WINDOWS\SYSTEM32\DBGHELP.DLL
0x00007ffa4c2d0000 - 0x00007ffa4c304000 	C:\WINDOWS\SYSTEM32\dbgcore.DLL
0x00007ffa5a0a0000 - 0x00007ffa5a122000 	C:\WINDOWS\System32\bcryptPrimitives.dll
0x00007ffa017a0000 - 0x00007ffa017c5000 	E:\Android studio 2022.1.3\jbr\bin\java.dll
0x00007ffa01990000 - 0x00007ffa019a8000 	E:\Android studio 2022.1.3\jbr\bin\zip.dll
0x00007ffa5a5b0000 - 0x00007ffa5acf4000 	C:\WINDOWS\System32\SHELL32.dll
0x00007ffa57cc0000 - 0x00007ffa58453000 	C:\WINDOWS\SYSTEM32\windows.storage.dll
0x00007ffa5c080000 - 0x00007ffa5c3d4000 	C:\WINDOWS\System32\combase.dll
0x00007ffa594c0000 - 0x00007ffa594ee000 	C:\WINDOWS\SYSTEM32\Wldp.dll
0x00007ffa5b1d0000 - 0x00007ffa5b27d000 	C:\WINDOWS\System32\SHCORE.dll
0x00007ffa5af80000 - 0x00007ffa5afd5000 	C:\WINDOWS\System32\shlwapi.dll
0x00007ffa59b70000 - 0x00007ffa59b8f000 	C:\WINDOWS\SYSTEM32\profapi.dll
0x00007ffa023a0000 - 0x00007ffa023b9000 	E:\Android studio 2022.1.3\jbr\bin\net.dll
0x00007ffa4dd20000 - 0x00007ffa4de2a000 	C:\WINDOWS\SYSTEM32\WINHTTP.dll
0x00007ffa592a0000 - 0x00007ffa5930a000 	C:\WINDOWS\system32\mswsock.dll
0x00007ffa02380000 - 0x00007ffa02396000 	E:\Android studio 2022.1.3\jbr\bin\nio.dll
0x00007ffa02140000 - 0x00007ffa02150000 	E:\Android studio 2022.1.3\jbr\bin\verify.dll

dbghelp: loaded successfully - version: 4.0.5 - missing functions: none
symbol engine: initialized successfully - sym options: 0x614 - pdb path: .;E:\Android studio 2022.1.3\jbr\bin;C:\WINDOWS\SYSTEM32;C:\Program Files\Avast Software\Avast;C:\WINDOWS\WinSxS\amd64_microsoft.windows.common-controls_6595b64144ccf1df_6.0.19041.1110_none_60b5254171f9507e;E:\Android studio 2022.1.3\jbr\bin\server

VM Arguments:
java_command: org.jetbrains.kotlin.cli.jvm.K2JVMCompiler @C:\Users\Thoriso Tumelo\AndroidStudioProjects\Mvula-Trust-Application\app\build\20231103_5766909450648697626.compiler.options
java_class_path (initial): C:\Users\Thoriso Tumelo\.gradle\caches\modules-2\files-2.1\org.jetbrains.kotlin\kotlin-compiler-embeddable\1.8.0\eb9118d4bcceaa2a94b2ae2a33a4ddba7c9a947f\kotlin-compiler-embeddable-1.8.0.jar;C:\Users\Thoriso Tumelo\.gradle\caches\modules-2\files-2.1\org.jetbrains.kotlin\kotlin-stdlib\1.8.0\1796921c7a3e2e2665a83e6c8d33399336cd39bc\kotlin-stdlib-1.8.0.jar;C:\Users\Thoriso Tumelo\.gradle\caches\modules-2\files-2.1\org.jetbrains.kotlin\kotlin-script-runtime\1.8.0\b2f7e760d283cb339974851c222a4c1d48f2d3d\kotlin-script-runtime-1.8.0.jar;C:\Users\Thoriso Tumelo\.gradle\caches\modules-2\files-2.1\org.jetbrains.kotlin\kotlin-reflect\1.6.10\1cbe9c92c12a94eea200d23c2bbaedaf3daf5132\kotlin-reflect-1.6.10.jar;C:\Users\Thoriso Tumelo\.gradle\caches\modules-2\files-2.1\org.jetbrains.kotlin\kotlin-daemon-embeddable\1.8.0\d255216c551685dc3a7e852b53617f5f01aaaa5c\kotlin-daemon-embeddable-1.8.0.jar;C:\Users\Thoriso Tumelo\.gradle\caches\modules-2\files-2.1\org.jetbrains.intellij.deps\trove4j\1.0.20200330\3afb14d5f9ceb459d724e907a21145e8ff394f02\trove4j-1.0.20200330.jar;C:\Users\Thoriso Tumelo\.gradle\caches\modules-2\files-2.1\net.java.dev.jna\jna\5.6.0\330f2244e9030119ab3030fc3fededc86713d9cc\jna-5.6.0.jar;C:\Users\Thoriso Tumelo\.gradle\caches\modules-2\files-2.1\org.jetbrains.kotlin\kotlin-stdlib-common\1.8.0\f7197e7cc76453ac59f8b0f8d5137cc600becd36\kotlin-stdlib-common-1.8.0.jar;C:\Users\Thoriso Tumelo\.gradle\caches\modules-2\files-2.1\org.jetbrains\annotations\13.0\919f0dfe192fb4e063e7dacadee7f8bb9a2672a9\annotations-13.0.jar
Launcher Type: SUN_STANDARD

[Global flags]
     intx CICompilerCount                          = 3                                         {product} {ergonomic}
     uint ConcGCThreads                            = 1                                         {product} {ergonomic}
     uint G1ConcRefinementThreads                  = 4                                         {product} {ergonomic}
   size_t G1HeapRegionSize                         = 1048576                                   {product} {ergonomic}
    uintx GCDrainStackTargetSize                   = 64                                        {product} {ergonomic}
   size_t InitialHeapSize                          = 132120576                                 {product} {ergonomic}
   size_t MarkStackSize                            = 4194304                                   {product} {ergonomic}
   size_t MaxHeapSize                              = 2107637760                                {product} {ergonomic}
   size_t MaxNewSize                               = 1264582656                                {product} {ergonomic}
   size_t MinHeapDeltaBytes                        = 1048576                                   {product} {ergonomic}
   size_t MinHeapSize                              = 8388608                                   {product} {ergonomic}
    uintx NonNMethodCodeHeapSize                   = 5832780                                {pd product} {ergonomic}
    uintx NonProfiledCodeHeapSize                  = 122912730                              {pd product} {ergonomic}
    uintx ProfiledCodeHeapSize                     = 122912730                              {pd product} {ergonomic}
    uintx ReservedCodeCacheSize                    = 251658240                              {pd product} {ergonomic}
     bool SegmentedCodeCache                       = true                                      {product} {ergonomic}
   size_t SoftMaxHeapSize                          = 2107637760                             {manageable} {ergonomic}
     bool UseCompressedClassPointers               = true                           {product lp64_product} {ergonomic}
     bool UseCompressedOops                        = true                           {product lp64_product} {ergonomic}
     bool UseG1GC                                  = true                                      {product} {ergonomic}
     bool UseLargePagesIndividualAllocation        = false                                  {pd product} {ergonomic}

Logging:
Log output configuration:
 #0: stdout all=warning uptime,level,tags
 #1: stderr all=off uptime,level,tags

Environment Variables:
PATH=C:\WINDOWS\system32;C:\WINDOWS;C:\WINDOWS\System32\Wbem;C:\WINDOWS\System32\WindowsPowerShell\v1.0\;C:\WINDOWS\System32\OpenSSH\;C:\Program Files (x86)\Intel\Intel(R) Management Engine Components\DAL;C:\Program Files\Intel\Intel(R) Management Engine Components\DAL;C:\Program Files\Git\cmd;C:\Users\Thoriso Tumelo\AppData\Local\Microsoft\WindowsApps;C:\Users\Thoriso Tumelo\AppData\Local\GitHubDesktop\bin
USERNAME=Thoriso Tumelo
OS=Windows_NT
PROCESSOR_IDENTIFIER=Intel64 Family 6 Model 158 Stepping 11, GenuineIntel
TMP=C:\Users\THORIS~1\AppData\Local\Temp
TEMP=C:\Users\THORIS~1\AppData\Local\Temp


JNI global refs:
JNI global refs: 7, weak refs: 24

JNI global refs memory usage: 843, weak refs: 841


---------------  S Y S T E M  ---------------

OS:
 Windows 10 , 64 bit Build 19041 (10.0.19041.3031)
OS uptime: 0 days 3:50 hours
Hyper-V role detected

CPU: total 4 (initial active 4) (4 cores per cpu, 1 threads per core) family 6 model 158 stepping 11 microcode 0xb4, cx8, cmov, fxsr, mmx, 3dnowpref, sse, sse2, sse3, ssse3, sse4.1, sse4.2, popcnt, lzcnt, tsc, tscinvbit, avx, avx2, aes, erms, clmul, bmi1, bmi2, adx, fma, vzeroupper, clflush, clflushopt, hv

Memory: 4k page, system-wide physical 8035M (512M free)
TotalPageFile size 10449M (AvailPageFile size 5M)
current process WorkingSet (physical memory assigned to process): 207M, peak: 207M
current process commit charge ("private bytes"): 238M, peak: 239M

vm_info: OpenJDK 64-Bit Server VM (17.0.6+0-b2043.56-10027231) for windows-amd64 JRE (17.0.6+0-b2043.56-10027231), built on Apr 28 2023 00:43:19 by "androidbuild" with MS VC++ 16.10 / 16.11 (VS2019)

END.
