#
# There is insufficient memory for the Java Runtime Environment to continue.
# Native memory allocation (malloc) failed to allocate 1440400 bytes for Chunk::new
# Possible reasons:
#   The system is out of physical RAM or swap space
#   The process is running with CompressedOops enabled, and the Java Heap may be blocking the growth of the native heap
# Possible solutions:
#   Reduce memory load on the system
#   Increase physical memory or swap space
#   Check if swap backing store is full
#   Decrease Java heap size (-Xmx/-Xms)
#   Decrease number of Java threads
#   Decrease Java thread stack sizes (-Xss)
#   Set larger code cache with -XX:ReservedCodeCacheSize=
#   JVM is running with Unscaled Compressed Oops mode in which the Java heap is
#     placed in the first 4GB address space. The Java Heap base address is the
#     maximum limit for the native heap growth. Please use -XX:HeapBaseMinAddress
#     to set the Java Heap base and to place the Java Heap above 4GB virtual address.
# This output file may be truncated or incomplete.
#
#  Out of Memory Error (arena.cpp:189), pid=9632, tid=9044
#
# JRE version: OpenJDK Runtime Environment (17.0.6) (build 17.0.6+0-b2043.56-10027231)
# Java VM: OpenJDK 64-Bit Server VM (17.0.6+0-b2043.56-10027231, mixed mode, tiered, compressed oops, compressed class ptrs, g1 gc, windows-amd64)
# No core dump will be written. Minidumps are not enabled by default on client versions of Windows
#

---------------  S U M M A R Y ------------

Command Line: --add-opens=java.base/java.util=ALL-UNNAMED --add-opens=java.base/java.lang=ALL-UNNAMED --add-opens=java.base/java.lang.invoke=ALL-UNNAMED --add-opens=java.prefs/java.util.prefs=ALL-UNNAMED --add-opens=java.base/java.nio.charset=ALL-UNNAMED --add-opens=java.base/java.net=ALL-UNNAMED --add-opens=java.base/java.util.concurrent.atomic=ALL-UNNAMED -Xmx2048m -Dfile.encoding=UTF-8 -Duser.country=ZA -Duser.language=en -Duser.variant org.gradle.launcher.daemon.bootstrap.GradleDaemon 8.0

Host: Intel(R) Core(TM) i3-8100T CPU @ 3.10GHz, 4 cores, 7G,  Windows 10 , 64 bit Build 19041 (10.0.19041.3031)
Time: Fri Nov 10 18:09:41 2023 South Africa Standard Time elapsed time: 38.316566 seconds (0d 0h 0m 38s)

---------------  T H R E A D  ---------------

Current thread (0x000001b1965f6530):  JavaThread "C2 CompilerThread0" daemon [_thread_in_native, id=9044, stack(0x0000004a98a00000,0x0000004a98b00000)]


Current CompileTask:
C2:  38316 4124       4       groovy.lang.MetaClassImpl$1MOPIter::methodNameAction (325 bytes)

Stack: [0x0000004a98a00000,0x0000004a98b00000]
Native frames: (J=compiled Java code, j=interpreted, Vv=VM code, C=native code)
V  [jvm.dll+0x683c9a]
V  [jvm.dll+0x8427a4]
V  [jvm.dll+0x843f9e]
V  [jvm.dll+0x844603]
V  [jvm.dll+0x249b75]
V  [jvm.dll+0xabcac]
V  [jvm.dll+0xac27c]
V  [jvm.dll+0x368857]
V  [jvm.dll+0x332f31]
V  [jvm.dll+0x3323da]
V  [jvm.dll+0x21c201]
V  [jvm.dll+0x21b621]
V  [jvm.dll+0x1a4fdd]
V  [jvm.dll+0x22b098]
V  [jvm.dll+0x229159]
V  [jvm.dll+0x7f81ec]
V  [jvm.dll+0x7f274a]
V  [jvm.dll+0x682ad5]
C  [ucrtbase.dll+0x21bb2]
C  [KERNEL32.DLL+0x17614]
C  [ntdll.dll+0x526f1]


---------------  P R O C E S S  ---------------

Threads class SMR info:
_java_thread_list=0x000001b1999e1b30, length=37, elements={
0x000001b1fceb2850, 0x000001b1965c8ed0, 0x000001b1965c9c50, 0x000001b1965f3c50,
0x000001b1965f4710, 0x000001b1965f4fd0, 0x000001b1965f5890, 0x000001b1965f6530,
0x000001b19703ad10, 0x000001b1970535e0, 0x000001b1971e5030, 0x000001b1971e7920,
0x000001b198a74a80, 0x000001b197d72030, 0x000001b198a9f9e0, 0x000001b1986e6600,
0x000001b19785c100, 0x000001b197b4bef0, 0x000001b19859b7d0, 0x000001b1973f5c20,
0x000001b1973f5750, 0x000001b1973f6a90, 0x000001b1973f5280, 0x000001b1973f60f0,
0x000001b1973f65c0, 0x000001b199e3e8f0, 0x000001b199e40100, 0x000001b199e3cc10,
0x000001b199e3bda0, 0x000001b199e3edc0, 0x000001b199e3e420, 0x000001b199e3da80,
0x000001b199e3f290, 0x000001b199e405d0, 0x000001b199e38d80, 0x000001b199e3c740,
0x000001b199e3f760
}

Java Threads: ( => current thread )
  0x000001b1fceb2850 JavaThread "main" [_thread_blocked, id=8488, stack(0x0000004a97d00000,0x0000004a97e00000)]
  0x000001b1965c8ed0 JavaThread "Reference Handler" daemon [_thread_blocked, id=9148, stack(0x0000004a98400000,0x0000004a98500000)]
  0x000001b1965c9c50 JavaThread "Finalizer" daemon [_thread_blocked, id=11364, stack(0x0000004a98500000,0x0000004a98600000)]
  0x000001b1965f3c50 JavaThread "Signal Dispatcher" daemon [_thread_blocked, id=5196, stack(0x0000004a98600000,0x0000004a98700000)]
  0x000001b1965f4710 JavaThread "Attach Listener" daemon [_thread_blocked, id=10400, stack(0x0000004a98700000,0x0000004a98800000)]
  0x000001b1965f4fd0 JavaThread "Service Thread" daemon [_thread_blocked, id=8664, stack(0x0000004a98800000,0x0000004a98900000)]
  0x000001b1965f5890 JavaThread "Monitor Deflation Thread" daemon [_thread_blocked, id=10032, stack(0x0000004a98900000,0x0000004a98a00000)]
=>0x000001b1965f6530 JavaThread "C2 CompilerThread0" daemon [_thread_in_native, id=9044, stack(0x0000004a98a00000,0x0000004a98b00000)]
  0x000001b19703ad10 JavaThread "C1 CompilerThread0" daemon [_thread_blocked, id=9164, stack(0x0000004a98b00000,0x0000004a98c00000)]
  0x000001b1970535e0 JavaThread "Sweeper thread" daemon [_thread_blocked, id=1952, stack(0x0000004a98c00000,0x0000004a98d00000)]
  0x000001b1971e5030 JavaThread "Common-Cleaner" daemon [_thread_blocked, id=7324, stack(0x0000004a98d00000,0x0000004a98e00000)]
  0x000001b1971e7920 JavaThread "Notification Thread" daemon [_thread_blocked, id=300, stack(0x0000004a98e00000,0x0000004a98f00000)]
  0x000001b198a74a80 JavaThread "Daemon health stats" [_thread_blocked, id=1916, stack(0x0000004a99300000,0x0000004a99400000)]
  0x000001b197d72030 JavaThread "Incoming local TCP Connector on port 56082" [_thread_in_native, id=2608, stack(0x0000004a99400000,0x0000004a99500000)]
  0x000001b198a9f9e0 JavaThread "Daemon periodic checks" [_thread_blocked, id=9904, stack(0x0000004a99500000,0x0000004a99600000)]
  0x000001b1986e6600 JavaThread "Daemon" [_thread_blocked, id=12340, stack(0x0000004a99600000,0x0000004a99700000)]
  0x000001b19785c100 JavaThread "Handler for socket connection from /127.0.0.1:56082 to /127.0.0.1:56083" [_thread_in_native, id=8760, stack(0x0000004a99700000,0x0000004a99800000)]
  0x000001b197b4bef0 JavaThread "Cancel handler" [_thread_blocked, id=12468, stack(0x0000004a99800000,0x0000004a99900000)]
  0x000001b19859b7d0 JavaThread "Daemon worker" [_thread_in_vm, id=2800, stack(0x0000004a99900000,0x0000004a99a00000)]
  0x000001b1973f5c20 JavaThread "Asynchronous log dispatcher for DefaultDaemonConnection: socket connection from /127.0.0.1:56082 to /127.0.0.1:56083" [_thread_blocked, id=12580, stack(0x0000004a99a00000,0x0000004a99b00000)]
  0x000001b1973f5750 JavaThread "Stdin handler" [_thread_blocked, id=5156, stack(0x0000004a99b00000,0x0000004a99c00000)]
  0x000001b1973f6a90 JavaThread "Daemon client event forwarder" [_thread_blocked, id=5636, stack(0x0000004a99c00000,0x0000004a99d00000)]
  0x000001b1973f5280 JavaThread "Cache worker for journal cache (C:\Users\Thoriso Tumelo\.gradle\caches\journal-1)" [_thread_blocked, id=12632, stack(0x0000004a99d00000,0x0000004a99e00000)]
  0x000001b1973f60f0 JavaThread "File lock request listener" [_thread_in_native, id=5212, stack(0x0000004a99e00000,0x0000004a99f00000)]
  0x000001b1973f65c0 JavaThread "Cache worker for file hash cache (C:\Users\Thoriso Tumelo\.gradle\caches\8.0\fileHashes)" [_thread_blocked, id=6880, stack(0x0000004a99f00000,0x0000004a9a000000)]
  0x000001b199e3e8f0 JavaThread "File watcher server" daemon [_thread_in_native, id=11580, stack(0x0000004a9a000000,0x0000004a9a100000)]
  0x000001b199e40100 JavaThread "File watcher consumer" daemon [_thread_blocked, id=1660, stack(0x0000004a9a100000,0x0000004a9a200000)]
  0x000001b199e3cc10 JavaThread "jar transforms" [_thread_blocked, id=9664, stack(0x0000004a9a200000,0x0000004a9a300000)]
  0x000001b199e3bda0 JavaThread "jar transforms Thread 2" [_thread_blocked, id=13124, stack(0x0000004a9a300000,0x0000004a9a400000)]
  0x000001b199e3edc0 JavaThread "jar transforms Thread 3" [_thread_blocked, id=6808, stack(0x0000004a9a400000,0x0000004a9a500000)]
  0x000001b199e3e420 JavaThread "jar transforms Thread 4" [_thread_blocked, id=3348, stack(0x0000004a9a500000,0x0000004a9a600000)]
  0x000001b199e3da80 JavaThread "Cache worker for checksums cache (C:\Users\Thoriso Tumelo\AndroidStudioProjects\Mvula-Trust-Application\.gradle\8.0\checksums)" [_thread_blocked, id=7236, stack(0x0000004a9a600000,0x0000004a9a700000)]
  0x000001b199e3f290 JavaThread "Cache worker for cache directory md-rule (C:\Users\Thoriso Tumelo\.gradle\caches\8.0\md-rule)" [_thread_blocked, id=11444, stack(0x0000004a9a700000,0x0000004a9a800000)]
  0x000001b199e405d0 JavaThread "Cache worker for file content cache (C:\Users\Thoriso Tumelo\.gradle\caches\8.0\fileContent)" [_thread_blocked, id=4164, stack(0x0000004a9a800000,0x0000004a9a900000)]
  0x000001b199e38d80 JavaThread "Cache worker for file hash cache (C:\Users\Thoriso Tumelo\AndroidStudioProjects\Mvula-Trust-Application\.gradle\8.0\fileHashes)" [_thread_blocked, id=11692, stack(0x0000004a9a900000,0x0000004a9aa00000)]
  0x000001b199e3c740 JavaThread "Cache worker for cache directory md-supplier (C:\Users\Thoriso Tumelo\.gradle\caches\8.0\md-supplier)" [_thread_blocked, id=4532, stack(0x0000004a9aa00000,0x0000004a9ab00000)]
  0x000001b199e3f760 JavaThread "Cache worker for execution history cache (C:\Users\Thoriso Tumelo\.gradle\caches\8.0\executionHistory)" [_thread_blocked, id=9060, stack(0x0000004a9ab00000,0x0000004a9ac00000)]

Other Threads:
  0x000001b19656bdb0 VMThread "VM Thread" [stack: 0x0000004a98300000,0x0000004a98400000] [id=3708]
  0x000001b1fcf2bb10 WatcherThread [stack: 0x0000004a98f00000,0x0000004a99000000] [id=5316]
  0x000001b1fcf0dec0 GCTaskThread "GC Thread#0" [stack: 0x0000004a97e00000,0x0000004a97f00000] [id=11452]
  0x000001b197410b60 GCTaskThread "GC Thread#1" [stack: 0x0000004a99000000,0x0000004a99100000] [id=7152]
  0x000001b19785e5e0 GCTaskThread "GC Thread#2" [stack: 0x0000004a99100000,0x0000004a99200000] [id=13224]
  0x000001b198046280 GCTaskThread "GC Thread#3" [stack: 0x0000004a99200000,0x0000004a99300000] [id=12208]
  0x000001b1fcf1fe10 ConcurrentGCThread "G1 Main Marker" [stack: 0x0000004a97f00000,0x0000004a98000000] [id=10576]
  0x000001b1fcf20fc0 ConcurrentGCThread "G1 Conc#0" [stack: 0x0000004a98000000,0x0000004a98100000] [id=9104]
  0x000001b1fcf78470 ConcurrentGCThread "G1 Refine#0" [stack: 0x0000004a98100000,0x0000004a98200000] [id=7836]
  0x000001b1964200a0 ConcurrentGCThread "G1 Service" [stack: 0x0000004a98200000,0x0000004a98300000] [id=7540]

Threads with active compile tasks:
C2 CompilerThread0    38376 4124       4       groovy.lang.MetaClassImpl$1MOPIter::methodNameAction (325 bytes)

VM state: not at safepoint (normal execution)

VM Mutex/Monitor currently owned by a thread: None

Heap address: 0x0000000080000000, size: 2048 MB, Compressed Oops mode: 32-bit

CDS archive(s) not mapped
Compressed class space mapped at: 0x0000000100000000-0x0000000140000000, reserved size: 1073741824
Narrow klass base: 0x0000000000000000, Narrow klass shift: 3, Narrow klass range: 0x140000000

GC Precious Log:
 CPUs: 4 total, 4 available
 Memory: 8035M
 Large Page Support: Disabled
 NUMA Support: Disabled
 Compressed Oops: Enabled (32-bit)
 Heap Region Size: 1M
 Heap Min Capacity: 8M
 Heap Initial Capacity: 126M
 Heap Max Capacity: 2G
 Pre-touch: Disabled
 Parallel Workers: 4
 Concurrent Workers: 1
 Concurrent Refinement Workers: 4
 Periodic GC: Disabled

Heap:
 garbage-first heap   total 121856K, used 69858K [0x0000000080000000, 0x0000000100000000)
  region size 1024K, 9 young (9216K), 3 survivors (3072K)
 Metaspace       used 46387K, committed 46848K, reserved 1089536K
  class space    used 6178K, committed 6400K, reserved 1048576K

Heap Regions: E=young(eden), S=young(survivor), O=old, HS=humongous(starts), HC=humongous(continues), CS=collection set, F=free, OA=open archive, CA=closed archive, TAMS=top-at-mark-start (previous, next)
|   0|0x0000000080000000, 0x0000000080100000, 0x0000000080100000|100%| O|  |TAMS 0x0000000080100000, 0x0000000080000000| Untracked 
|   1|0x0000000080100000, 0x0000000080200000, 0x0000000080200000|100%| O|  |TAMS 0x0000000080200000, 0x0000000080100000| Untracked 
|   2|0x0000000080200000, 0x0000000080300000, 0x0000000080300000|100%|HS|  |TAMS 0x0000000080300000, 0x0000000080200000| Complete 
|   3|0x0000000080300000, 0x0000000080400000, 0x0000000080400000|100%|HC|  |TAMS 0x0000000080400000, 0x0000000080300000| Complete 
|   4|0x0000000080400000, 0x0000000080500000, 0x0000000080500000|100%|HC|  |TAMS 0x0000000080500000, 0x0000000080400000| Complete 
|   5|0x0000000080500000, 0x0000000080600000, 0x0000000080600000|100%|HC|  |TAMS 0x0000000080600000, 0x0000000080500000| Complete 
|   6|0x0000000080600000, 0x0000000080700000, 0x0000000080700000|100%| O|  |TAMS 0x0000000080700000, 0x0000000080600000| Untracked 
|   7|0x0000000080700000, 0x0000000080800000, 0x0000000080800000|100%| O|  |TAMS 0x0000000080800000, 0x0000000080700000| Untracked 
|   8|0x0000000080800000, 0x0000000080900000, 0x0000000080900000|100%| O|  |TAMS 0x0000000080900000, 0x0000000080800000| Untracked 
|   9|0x0000000080900000, 0x0000000080a00000, 0x0000000080a00000|100%| O|  |TAMS 0x0000000080a00000, 0x0000000080900000| Untracked 
|  10|0x0000000080a00000, 0x0000000080b00000, 0x0000000080b00000|100%| O|  |TAMS 0x0000000080b00000, 0x0000000080a00000| Untracked 
|  11|0x0000000080b00000, 0x0000000080c00000, 0x0000000080c00000|100%| O|  |TAMS 0x0000000080c00000, 0x0000000080b00000| Untracked 
|  12|0x0000000080c00000, 0x0000000080d00000, 0x0000000080d00000|100%| O|  |TAMS 0x0000000080d00000, 0x0000000080c00000| Untracked 
|  13|0x0000000080d00000, 0x0000000080e00000, 0x0000000080e00000|100%| O|  |TAMS 0x0000000080e00000, 0x0000000080d00000| Untracked 
|  14|0x0000000080e00000, 0x0000000080f00000, 0x0000000080f00000|100%| O|  |TAMS 0x0000000080f00000, 0x0000000080e00000| Untracked 
|  15|0x0000000080f00000, 0x0000000081000000, 0x0000000081000000|100%| O|  |TAMS 0x0000000081000000, 0x0000000080f00000| Untracked 
|  16|0x0000000081000000, 0x0000000081100000, 0x0000000081100000|100%| O|  |TAMS 0x0000000081100000, 0x0000000081000000| Untracked 
|  17|0x0000000081100000, 0x0000000081200000, 0x0000000081200000|100%| O|  |TAMS 0x0000000081200000, 0x0000000081100000| Untracked 
|  18|0x0000000081200000, 0x0000000081300000, 0x0000000081300000|100%| O|  |TAMS 0x0000000081300000, 0x0000000081200000| Untracked 
|  19|0x0000000081300000, 0x0000000081400000, 0x0000000081400000|100%| O|  |TAMS 0x0000000081400000, 0x0000000081300000| Untracked 
|  20|0x0000000081400000, 0x0000000081500000, 0x0000000081500000|100%| O|  |TAMS 0x0000000081500000, 0x0000000081400000| Untracked 
|  21|0x0000000081500000, 0x0000000081600000, 0x0000000081600000|100%|HS|  |TAMS 0x0000000081600000, 0x0000000081500000| Complete 
|  22|0x0000000081600000, 0x0000000081700000, 0x0000000081700000|100%|HC|  |TAMS 0x0000000081700000, 0x0000000081600000| Complete 
|  23|0x0000000081700000, 0x0000000081800000, 0x0000000081800000|100%|HS|  |TAMS 0x0000000081800000, 0x0000000081700000| Complete 
|  24|0x0000000081800000, 0x0000000081900000, 0x0000000081900000|100%|HC|  |TAMS 0x0000000081900000, 0x0000000081800000| Complete 
|  25|0x0000000081900000, 0x0000000081a00000, 0x0000000081a00000|100%|HC|  |TAMS 0x0000000081a00000, 0x0000000081900000| Complete 
|  26|0x0000000081a00000, 0x0000000081b00000, 0x0000000081b00000|100%|HS|  |TAMS 0x0000000081b00000, 0x0000000081a00000| Complete 
|  27|0x0000000081b00000, 0x0000000081c00000, 0x0000000081c00000|100%|HC|  |TAMS 0x0000000081c00000, 0x0000000081b00000| Complete 
|  28|0x0000000081c00000, 0x0000000081d00000, 0x0000000081d00000|100%|HC|  |TAMS 0x0000000081d00000, 0x0000000081c00000| Complete 
|  29|0x0000000081d00000, 0x0000000081e00000, 0x0000000081e00000|100%|HS|  |TAMS 0x0000000081e00000, 0x0000000081d00000| Complete 
|  30|0x0000000081e00000, 0x0000000081f00000, 0x0000000081f00000|100%|HC|  |TAMS 0x0000000081f00000, 0x0000000081e00000| Complete 
|  31|0x0000000081f00000, 0x0000000082000000, 0x0000000082000000|100%|HC|  |TAMS 0x0000000082000000, 0x0000000081f00000| Complete 
|  32|0x0000000082000000, 0x0000000082100000, 0x0000000082100000|100%|HC|  |TAMS 0x0000000082100000, 0x0000000082000000| Complete 
|  33|0x0000000082100000, 0x0000000082200000, 0x0000000082200000|100%|HC|  |TAMS 0x0000000082200000, 0x0000000082100000| Complete 
|  34|0x0000000082200000, 0x0000000082300000, 0x0000000082300000|100%|HC|  |TAMS 0x0000000082300000, 0x0000000082200000| Complete 
|  35|0x0000000082300000, 0x0000000082400000, 0x0000000082400000|100%|HC|  |TAMS 0x0000000082400000, 0x0000000082300000| Complete 
|  36|0x0000000082400000, 0x0000000082500000, 0x0000000082500000|100%|HC|  |TAMS 0x0000000082500000, 0x0000000082400000| Complete 
|  37|0x0000000082500000, 0x0000000082600000, 0x0000000082600000|100%|HC|  |TAMS 0x0000000082600000, 0x0000000082500000| Complete 
|  38|0x0000000082600000, 0x0000000082700000, 0x0000000082700000|100%|HC|  |TAMS 0x0000000082700000, 0x0000000082600000| Complete 
|  39|0x0000000082700000, 0x0000000082800000, 0x0000000082800000|100%|HC|  |TAMS 0x0000000082800000, 0x0000000082700000| Complete 
|  40|0x0000000082800000, 0x0000000082900000, 0x0000000082900000|100%|HC|  |TAMS 0x0000000082900000, 0x0000000082800000| Complete 
|  41|0x0000000082900000, 0x0000000082a00000, 0x0000000082a00000|100%|HS|  |TAMS 0x0000000082a00000, 0x0000000082900000| Complete 
|  42|0x0000000082a00000, 0x0000000082b00000, 0x0000000082b00000|100%|HC|  |TAMS 0x0000000082b00000, 0x0000000082a00000| Complete 
|  43|0x0000000082b00000, 0x0000000082c00000, 0x0000000082c00000|100%| O|  |TAMS 0x0000000082c00000, 0x0000000082b00000| Untracked 
|  44|0x0000000082c00000, 0x0000000082d00000, 0x0000000082d00000|100%| O|  |TAMS 0x0000000082d00000, 0x0000000082c00000| Untracked 
|  45|0x0000000082d00000, 0x0000000082e00000, 0x0000000082e00000|100%| O|  |TAMS 0x0000000082e00000, 0x0000000082d00000| Untracked 
|  46|0x0000000082e00000, 0x0000000082f00000, 0x0000000082f00000|100%| O|  |TAMS 0x0000000082f00000, 0x0000000082e00000| Untracked 
|  47|0x0000000082f00000, 0x0000000083000000, 0x0000000083000000|100%| O|  |TAMS 0x0000000083000000, 0x0000000082f00000| Untracked 
|  48|0x0000000083000000, 0x0000000083100000, 0x0000000083100000|100%| O|  |TAMS 0x0000000083100000, 0x0000000083000000| Untracked 
|  49|0x0000000083100000, 0x0000000083200000, 0x0000000083200000|100%| O|  |TAMS 0x0000000083200000, 0x0000000083100000| Untracked 
|  50|0x0000000083200000, 0x0000000083300000, 0x0000000083300000|100%| O|  |TAMS 0x0000000083300000, 0x0000000083200000| Untracked 
|  51|0x0000000083300000, 0x0000000083400000, 0x0000000083400000|100%| O|  |TAMS 0x0000000083400000, 0x0000000083300000| Untracked 
|  52|0x0000000083400000, 0x0000000083500000, 0x0000000083500000|100%| O|  |TAMS 0x0000000083500000, 0x0000000083400000| Untracked 
|  53|0x0000000083500000, 0x0000000083600000, 0x0000000083600000|100%|HS|  |TAMS 0x0000000083500000, 0x0000000083500000| Complete 
|  54|0x0000000083600000, 0x0000000083700000, 0x0000000083700000|100%|HC|  |TAMS 0x0000000083600000, 0x0000000083600000| Complete 
|  55|0x0000000083700000, 0x0000000083800000, 0x0000000083800000|100%|HC|  |TAMS 0x0000000083700000, 0x0000000083700000| Complete 
|  56|0x0000000083800000, 0x0000000083900000, 0x0000000083900000|100%| O|  |TAMS 0x0000000083900000, 0x0000000083800000| Untracked 
|  57|0x0000000083900000, 0x000000008394ae00, 0x0000000083a00000| 29%| O|  |TAMS 0x000000008394ae00, 0x0000000083900000| Untracked 
|  58|0x0000000083a00000, 0x0000000083b00000, 0x0000000083b00000|100%|HS|  |TAMS 0x0000000083a00000, 0x0000000083a00000| Complete 
|  59|0x0000000083b00000, 0x0000000083c00000, 0x0000000083c00000|100%|HC|  |TAMS 0x0000000083b00000, 0x0000000083b00000| Complete 
|  60|0x0000000083c00000, 0x0000000083d00000, 0x0000000083d00000|100%|HC|  |TAMS 0x0000000083c00000, 0x0000000083c00000| Complete 
|  61|0x0000000083d00000, 0x0000000083d00000, 0x0000000083e00000|  0%| F|  |TAMS 0x0000000083d00000, 0x0000000083d00000| Untracked 
|  62|0x0000000083e00000, 0x0000000083e00000, 0x0000000083f00000|  0%| F|  |TAMS 0x0000000083e00000, 0x0000000083e00000| Untracked 
|  63|0x0000000083f00000, 0x0000000083f00000, 0x0000000084000000|  0%| F|  |TAMS 0x0000000083f00000, 0x0000000083f00000| Untracked 
|  64|0x0000000084000000, 0x0000000084000000, 0x0000000084100000|  0%| F|  |TAMS 0x0000000084000000, 0x0000000084000000| Untracked 
|  65|0x0000000084100000, 0x0000000084100000, 0x0000000084200000|  0%| F|  |TAMS 0x0000000084100000, 0x0000000084100000| Untracked 
|  66|0x0000000084200000, 0x0000000084200000, 0x0000000084300000|  0%| F|  |TAMS 0x0000000084200000, 0x0000000084200000| Untracked 
|  67|0x0000000084300000, 0x0000000084300000, 0x0000000084400000|  0%| F|  |TAMS 0x0000000084300000, 0x0000000084300000| Untracked 
|  68|0x0000000084400000, 0x0000000084400000, 0x0000000084500000|  0%| F|  |TAMS 0x0000000084400000, 0x0000000084400000| Untracked 
|  69|0x0000000084500000, 0x0000000084500000, 0x0000000084600000|  0%| F|  |TAMS 0x0000000084500000, 0x0000000084500000| Untracked 
|  70|0x0000000084600000, 0x0000000084600000, 0x0000000084700000|  0%| F|  |TAMS 0x0000000084600000, 0x0000000084600000| Untracked 
|  71|0x0000000084700000, 0x0000000084700000, 0x0000000084800000|  0%| F|  |TAMS 0x0000000084700000, 0x0000000084700000| Untracked 
|  72|0x0000000084800000, 0x0000000084800000, 0x0000000084900000|  0%| F|  |TAMS 0x0000000084800000, 0x0000000084800000| Untracked 
|  73|0x0000000084900000, 0x0000000084900000, 0x0000000084a00000|  0%| F|  |TAMS 0x0000000084900000, 0x0000000084900000| Untracked 
|  74|0x0000000084a00000, 0x0000000084a00000, 0x0000000084b00000|  0%| F|  |TAMS 0x0000000084a00000, 0x0000000084a00000| Untracked 
|  75|0x0000000084b00000, 0x0000000084b00000, 0x0000000084c00000|  0%| F|  |TAMS 0x0000000084b00000, 0x0000000084b00000| Untracked 
|  76|0x0000000084c00000, 0x0000000084c00000, 0x0000000084d00000|  0%| F|  |TAMS 0x0000000084c00000, 0x0000000084c00000| Untracked 
|  77|0x0000000084d00000, 0x0000000084d00000, 0x0000000084e00000|  0%| F|  |TAMS 0x0000000084d00000, 0x0000000084d00000| Untracked 
|  78|0x0000000084e00000, 0x0000000084e00000, 0x0000000084f00000|  0%| F|  |TAMS 0x0000000084e00000, 0x0000000084e00000| Untracked 
|  79|0x0000000084f00000, 0x0000000084f00000, 0x0000000085000000|  0%| F|  |TAMS 0x0000000084f00000, 0x0000000084f00000| Untracked 
|  80|0x0000000085000000, 0x0000000085000000, 0x0000000085100000|  0%| F|  |TAMS 0x0000000085000000, 0x0000000085000000| Untracked 
|  81|0x0000000085100000, 0x0000000085100000, 0x0000000085200000|  0%| F|  |TAMS 0x0000000085100000, 0x0000000085100000| Untracked 
|  82|0x0000000085200000, 0x0000000085200000, 0x0000000085300000|  0%| F|  |TAMS 0x0000000085200000, 0x0000000085200000| Untracked 
|  83|0x0000000085300000, 0x0000000085300000, 0x0000000085400000|  0%| F|  |TAMS 0x0000000085300000, 0x0000000085300000| Untracked 
|  84|0x0000000085400000, 0x0000000085400000, 0x0000000085500000|  0%| F|  |TAMS 0x0000000085400000, 0x0000000085400000| Untracked 
|  85|0x0000000085500000, 0x0000000085500000, 0x0000000085600000|  0%| F|  |TAMS 0x0000000085500000, 0x0000000085500000| Untracked 
|  86|0x0000000085600000, 0x0000000085600000, 0x0000000085700000|  0%| F|  |TAMS 0x0000000085600000, 0x0000000085600000| Untracked 
|  87|0x0000000085700000, 0x0000000085700000, 0x0000000085800000|  0%| F|  |TAMS 0x0000000085700000, 0x0000000085700000| Untracked 
|  88|0x0000000085800000, 0x0000000085800000, 0x0000000085900000|  0%| F|  |TAMS 0x0000000085800000, 0x0000000085800000| Untracked 
|  89|0x0000000085900000, 0x0000000085900000, 0x0000000085a00000|  0%| F|  |TAMS 0x0000000085900000, 0x0000000085900000| Untracked 
|  90|0x0000000085a00000, 0x0000000085a00000, 0x0000000085b00000|  0%| F|  |TAMS 0x0000000085a00000, 0x0000000085a00000| Untracked 
|  91|0x0000000085b00000, 0x0000000085b00000, 0x0000000085c00000|  0%| F|  |TAMS 0x0000000085b00000, 0x0000000085b00000| Untracked 
|  92|0x0000000085c00000, 0x0000000085c00000, 0x0000000085d00000|  0%| F|  |TAMS 0x0000000085c00000, 0x0000000085c00000| Untracked 
|  93|0x0000000085d00000, 0x0000000085d00000, 0x0000000085e00000|  0%| F|  |TAMS 0x0000000085d00000, 0x0000000085d00000| Untracked 
|  94|0x0000000085e00000, 0x0000000085e00000, 0x0000000085f00000|  0%| F|  |TAMS 0x0000000085e00000, 0x0000000085e00000| Untracked 
|  95|0x0000000085f00000, 0x0000000085f00000, 0x0000000086000000|  0%| F|  |TAMS 0x0000000085f00000, 0x0000000085f00000| Untracked 
|  96|0x0000000086000000, 0x0000000086000000, 0x0000000086100000|  0%| F|  |TAMS 0x0000000086000000, 0x0000000086000000| Untracked 
|  97|0x0000000086100000, 0x0000000086100000, 0x0000000086200000|  0%| F|  |TAMS 0x0000000086100000, 0x0000000086100000| Untracked 
|  98|0x0000000086200000, 0x0000000086200000, 0x0000000086300000|  0%| F|  |TAMS 0x0000000086200000, 0x0000000086200000| Untracked 
|  99|0x0000000086300000, 0x0000000086300000, 0x0000000086400000|  0%| F|  |TAMS 0x0000000086300000, 0x0000000086300000| Untracked 
| 100|0x0000000086400000, 0x0000000086400000, 0x0000000086500000|  0%| F|  |TAMS 0x0000000086400000, 0x0000000086400000| Untracked 
| 101|0x0000000086500000, 0x0000000086500000, 0x0000000086600000|  0%| F|  |TAMS 0x0000000086500000, 0x0000000086500000| Untracked 
| 102|0x0000000086600000, 0x0000000086600000, 0x0000000086700000|  0%| F|  |TAMS 0x0000000086600000, 0x0000000086600000| Untracked 
| 103|0x0000000086700000, 0x0000000086700000, 0x0000000086800000|  0%| F|  |TAMS 0x0000000086700000, 0x0000000086700000| Untracked 
| 104|0x0000000086800000, 0x0000000086800000, 0x0000000086900000|  0%| F|  |TAMS 0x0000000086800000, 0x0000000086800000| Untracked 
| 105|0x0000000086900000, 0x0000000086900000, 0x0000000086a00000|  0%| F|  |TAMS 0x0000000086900000, 0x0000000086900000| Untracked 
| 106|0x0000000086a00000, 0x0000000086aedb20, 0x0000000086b00000| 92%| S|CS|TAMS 0x0000000086a00000, 0x0000000086a00000| Complete 
| 107|0x0000000086b00000, 0x0000000086c00000, 0x0000000086c00000|100%| S|CS|TAMS 0x0000000086b00000, 0x0000000086b00000| Complete 
| 108|0x0000000086c00000, 0x0000000086d00000, 0x0000000086d00000|100%| S|CS|TAMS 0x0000000086c00000, 0x0000000086c00000| Complete 
| 109|0x0000000086d00000, 0x0000000086d00000, 0x0000000086e00000|  0%| F|  |TAMS 0x0000000086d00000, 0x0000000086d00000| Untracked 
| 110|0x0000000086e00000, 0x0000000086e00000, 0x0000000086f00000|  0%| F|  |TAMS 0x0000000086e00000, 0x0000000086e00000| Untracked 
| 111|0x0000000086f00000, 0x0000000086f00000, 0x0000000087000000|  0%| F|  |TAMS 0x0000000086f00000, 0x0000000086f00000| Untracked 
| 112|0x0000000087000000, 0x0000000087000000, 0x0000000087100000|  0%| F|  |TAMS 0x0000000087000000, 0x0000000087000000| Untracked 
| 113|0x0000000087100000, 0x0000000087180800, 0x0000000087200000| 50%| E|  |TAMS 0x0000000087100000, 0x0000000087100000| Complete 
| 114|0x0000000087200000, 0x0000000087300000, 0x0000000087300000|100%| E|CS|TAMS 0x0000000087200000, 0x0000000087200000| Complete 
| 115|0x0000000087300000, 0x0000000087400000, 0x0000000087400000|100%| E|CS|TAMS 0x0000000087300000, 0x0000000087300000| Complete 
| 116|0x0000000087400000, 0x0000000087500000, 0x0000000087500000|100%| E|CS|TAMS 0x0000000087400000, 0x0000000087400000| Complete 
| 117|0x0000000087500000, 0x0000000087600000, 0x0000000087600000|100%| E|CS|TAMS 0x0000000087500000, 0x0000000087500000| Complete 
| 125|0x0000000087d00000, 0x0000000087e00000, 0x0000000087e00000|100%| E|CS|TAMS 0x0000000087d00000, 0x0000000087d00000| Complete 

Card table byte_map: [0x000001b1fd380000,0x000001b1fd780000] _byte_map_base: 0x000001b1fcf80000

Marking Bits (Prev, Next): (CMBitMap*) 0x000001b1fcf0f4e0, (CMBitMap*) 0x000001b1fcf0f520
 Prev Bits: [0x000001b1fdb80000, 0x000001b1ffb80000)
 Next Bits: [0x000001b192400000, 0x000001b194400000)

Polling page: 0x000001b1fad40000

Metaspace:

Usage:
  Non-class:     39.28 MB used.
      Class:      6.04 MB used.
       Both:     45.31 MB used.

Virtual space:
  Non-class space:       40.00 MB reserved,      39.50 MB ( 99%) committed,  5 nodes.
      Class space:        1.00 GB reserved,       6.25 MB ( <1%) committed,  1 nodes.
             Both:        1.04 GB reserved,      45.75 MB (  4%) committed. 

Chunk freelists:
   Non-Class:  200.00 KB
       Class:  1.62 MB
        Both:  1.81 MB

MaxMetaspaceSize: unlimited
CompressedClassSpaceSize: 1.00 GB
Initial GC threshold: 21.00 MB
Current GC threshold: 75.75 MB
CDS: off
MetaspaceReclaimPolicy: balanced
 - commit_granule_bytes: 65536.
 - commit_granule_words: 8192.
 - virtual_space_node_default_size: 1048576.
 - enlarge_chunks_in_place: 1.
 - new_chunks_are_fully_committed: 0.
 - uncommit_free_chunks: 1.
 - use_allocation_guard: 0.
 - handle_deallocations: 1.


Internal statistics:

num_allocs_failed_limit: 3.
num_arena_births: 450.
num_arena_deaths: 0.
num_vsnodes_births: 6.
num_vsnodes_deaths: 0.
num_space_committed: 732.
num_space_uncommitted: 0.
num_chunks_returned_to_freelist: 3.
num_chunks_taken_from_freelist: 1891.
num_chunk_merges: 3.
num_chunk_splits: 1224.
num_chunks_enlarged: 817.
num_purges: 0.
num_inconsistent_stats: 0.

CodeHeap 'non-profiled nmethods': size=120000Kb used=2138Kb max_used=2138Kb free=117862Kb
 bounds [0x000001b18aed0000, 0x000001b18b140000, 0x000001b192400000]
CodeHeap 'profiled nmethods': size=120000Kb used=8731Kb max_used=8731Kb free=111268Kb
 bounds [0x000001b183400000, 0x000001b183c90000, 0x000001b18a930000]
CodeHeap 'non-nmethods': size=5760Kb used=2294Kb max_used=2361Kb free=3465Kb
 bounds [0x000001b18a930000, 0x000001b18aba0000, 0x000001b18aed0000]
 total_blobs=4971 nmethods=4169 adapters=713
 compilation: enabled
              stopped_count=0, restarted_count=0
 full_count=0

Compilation events (20 events):
Event: 38.199 Thread 0x000001b19703ad10 4126  s!   3       java.beans.PropertyDescriptor::getPropertyType (33 bytes)
Event: 38.199 Thread 0x000001b19703ad10 nmethod 4126 0x000001b183c4cb10 code [0x000001b183c4cd40, 0x000001b183c4d6e8]
Event: 38.199 Thread 0x000001b19703ad10 4127       3       groovy.lang.MetaClassImpl::copyNonPrivateFields (100 bytes)
Event: 38.200 Thread 0x000001b19703ad10 nmethod 4127 0x000001b183c4da10 code [0x000001b183c4dc80, 0x000001b183c4ea78]
Event: 38.200 Thread 0x000001b19703ad10 4128       3       com.google.common.base.Preconditions::checkState (17 bytes)
Event: 38.200 Thread 0x000001b19703ad10 nmethod 4128 0x000001b183c4ef10 code [0x000001b183c4f0e0, 0x000001b183c4f458]
Event: 38.227 Thread 0x000001b1965f6530 nmethod 4112 0x000001b18b0e2090 code [0x000001b18b0e23a0, 0x000001b18b0e44f0]
Event: 38.227 Thread 0x000001b1965f6530 4124       4       groovy.lang.MetaClassImpl$1MOPIter::methodNameAction (325 bytes)
Event: 38.303 Thread 0x000001b19703ad10 4129       3       groovyjarjarasm.asm.SymbolTable::hash (10 bytes)
Event: 38.303 Thread 0x000001b19703ad10 nmethod 4129 0x000001b183c4f610 code [0x000001b183c4f7a0, 0x000001b183c4f8c8]
Event: 38.303 Thread 0x000001b19703ad10 4130       3       groovyjarjarasm.asm.ByteVector::putByte (39 bytes)
Event: 38.304 Thread 0x000001b19703ad10 nmethod 4130 0x000001b183c4f990 code [0x000001b183c4fb40, 0x000001b183c4fd28]
Event: 38.304 Thread 0x000001b19703ad10 4131       3       groovyjarjarasm.asm.Frame::merge (322 bytes)
Event: 38.304 Thread 0x000001b19703ad10 nmethod 4131 0x000001b183c4fe90 code [0x000001b183c500c0, 0x000001b183c50a48]
Event: 38.304 Thread 0x000001b19703ad10 4132       3       groovyjarjarasm.asm.Frame::execute (2318 bytes)
Event: 38.309 Thread 0x000001b19703ad10 nmethod 4132 0x000001b183c50c90 code [0x000001b183c51bc0, 0x000001b183c585f8]
Event: 38.309 Thread 0x000001b19703ad10 4133       3       groovyjarjarasm.asm.ByteVector::putShort (52 bytes)
Event: 38.309 Thread 0x000001b19703ad10 nmethod 4133 0x000001b183c5a210 code [0x000001b183c5a3c0, 0x000001b183c5a5c8]
Event: 38.309 Thread 0x000001b19703ad10 4134       3       java.util.stream.Collectors$$Lambda$104/0x0000000100240000::apply (8 bytes)
Event: 38.309 Thread 0x000001b19703ad10 nmethod 4134 0x000001b183c5a710 code [0x000001b183c5a8c0, 0x000001b183c5aae8]

GC Heap History (20 events):
Event: 34.534 GC heap before
{Heap before GC invocations=7 (full 0):
 garbage-first heap   total 68608K, used 48495K [0x0000000080000000, 0x0000000100000000)
  region size 1024K, 22 young (22528K), 1 survivors (1024K)
 Metaspace       used 29366K, committed 29696K, reserved 1081344K
  class space    used 3987K, committed 4160K, reserved 1048576K
}
Event: 34.537 GC heap after
{Heap after GC invocations=8 (full 0):
 garbage-first heap   total 68608K, used 32539K [0x0000000080000000, 0x0000000100000000)
  region size 1024K, 4 young (4096K), 4 survivors (4096K)
 Metaspace       used 29366K, committed 29696K, reserved 1081344K
  class space    used 3987K, committed 4160K, reserved 1048576K
}
Event: 34.552 GC heap before
{Heap before GC invocations=8 (full 0):
 garbage-first heap   total 68608K, used 44827K [0x0000000080000000, 0x0000000100000000)
  region size 1024K, 5 young (5120K), 4 survivors (4096K)
 Metaspace       used 29367K, committed 29696K, reserved 1081344K
  class space    used 3987K, committed 4160K, reserved 1048576K
}
Event: 34.555 GC heap after
{Heap after GC invocations=9 (full 0):
 garbage-first heap   total 68608K, used 45006K [0x0000000080000000, 0x0000000100000000)
  region size 1024K, 1 young (1024K), 1 survivors (1024K)
 Metaspace       used 29367K, committed 29696K, reserved 1081344K
  class space    used 3987K, committed 4160K, reserved 1048576K
}
Event: 36.188 GC heap before
{Heap before GC invocations=10 (full 0):
 garbage-first heap   total 81920K, used 56270K [0x0000000080000000, 0x0000000100000000)
  region size 1024K, 11 young (11264K), 1 survivors (1024K)
 Metaspace       used 30685K, committed 31040K, reserved 1081344K
  class space    used 4182K, committed 4352K, reserved 1048576K
}
Event: 36.190 GC heap after
{Heap after GC invocations=11 (full 0):
 garbage-first heap   total 81920K, used 48650K [0x0000000080000000, 0x0000000100000000)
  region size 1024K, 2 young (2048K), 2 survivors (2048K)
 Metaspace       used 30685K, committed 31040K, reserved 1081344K
  class space    used 4182K, committed 4352K, reserved 1048576K
}
Event: 36.483 GC heap before
{Heap before GC invocations=11 (full 0):
 garbage-first heap   total 81920K, used 64010K [0x0000000080000000, 0x0000000100000000)
  region size 1024K, 17 young (17408K), 2 survivors (2048K)
 Metaspace       used 32688K, committed 33024K, reserved 1081344K
  class space    used 4522K, committed 4672K, reserved 1048576K
}
Event: 36.485 GC heap after
{Heap after GC invocations=12 (full 0):
 garbage-first heap   total 81920K, used 49535K [0x0000000080000000, 0x0000000100000000)
  region size 1024K, 1 young (1024K), 1 survivors (1024K)
 Metaspace       used 32688K, committed 33024K, reserved 1081344K
  class space    used 4522K, committed 4672K, reserved 1048576K
}
Event: 36.794 GC heap before
{Heap before GC invocations=13 (full 0):
 garbage-first heap   total 87040K, used 64895K [0x0000000080000000, 0x0000000100000000)
  region size 1024K, 16 young (16384K), 1 survivors (1024K)
 Metaspace       used 35196K, committed 35520K, reserved 1081344K
  class space    used 4895K, committed 5056K, reserved 1048576K
}
Event: 36.797 GC heap after
{Heap after GC invocations=14 (full 0):
 garbage-first heap   total 87040K, used 50156K [0x0000000080000000, 0x0000000100000000)
  region size 1024K, 2 young (2048K), 2 survivors (2048K)
 Metaspace       used 35196K, committed 35520K, reserved 1081344K
  class space    used 4895K, committed 5056K, reserved 1048576K
}
Event: 37.268 GC heap before
{Heap before GC invocations=14 (full 0):
 garbage-first heap   total 87040K, used 68588K [0x0000000080000000, 0x0000000100000000)
  region size 1024K, 21 young (21504K), 2 survivors (2048K)
 Metaspace       used 40624K, committed 41088K, reserved 1089536K
  class space    used 5498K, committed 5696K, reserved 1048576K
}
Event: 37.272 GC heap after
{Heap after GC invocations=15 (full 0):
 garbage-first heap   total 87040K, used 52758K [0x0000000080000000, 0x0000000100000000)
  region size 1024K, 3 young (3072K), 3 survivors (3072K)
 Metaspace       used 40624K, committed 41088K, reserved 1089536K
  class space    used 5498K, committed 5696K, reserved 1048576K
}
Event: 37.465 GC heap before
{Heap before GC invocations=16 (full 0):
 garbage-first heap   total 92160K, used 69142K [0x0000000080000000, 0x0000000100000000)
  region size 1024K, 20 young (20480K), 3 survivors (3072K)
 Metaspace       used 41684K, committed 42112K, reserved 1089536K
  class space    used 5581K, committed 5760K, reserved 1048576K
}
Event: 37.470 GC heap after
{Heap after GC invocations=17 (full 0):
 garbage-first heap   total 92160K, used 55337K [0x0000000080000000, 0x0000000100000000)
  region size 1024K, 3 young (3072K), 3 survivors (3072K)
 Metaspace       used 41684K, committed 42112K, reserved 1089536K
  class space    used 5581K, committed 5760K, reserved 1048576K
}
Event: 37.567 GC heap before
{Heap before GC invocations=17 (full 0):
 garbage-first heap   total 92160K, used 64553K [0x0000000080000000, 0x0000000100000000)
  region size 1024K, 14 young (14336K), 3 survivors (3072K)
 Metaspace       used 42153K, committed 42560K, reserved 1089536K
  class space    used 5626K, committed 5824K, reserved 1048576K
}
Event: 37.569 GC heap after
{Heap after GC invocations=18 (full 0):
 garbage-first heap   total 92160K, used 56123K [0x0000000080000000, 0x0000000100000000)
  region size 1024K, 2 young (2048K), 2 survivors (2048K)
 Metaspace       used 42153K, committed 42560K, reserved 1089536K
  class space    used 5626K, committed 5824K, reserved 1048576K
}
Event: 37.965 GC heap before
{Heap before GC invocations=19 (full 0):
 garbage-first heap   total 101376K, used 78651K [0x0000000080000000, 0x0000000100000000)
  region size 1024K, 21 young (21504K), 2 survivors (2048K)
 Metaspace       used 45196K, committed 45568K, reserved 1089536K
  class space    used 5985K, committed 6144K, reserved 1048576K
}
Event: 37.969 GC heap after
{Heap after GC invocations=20 (full 0):
 garbage-first heap   total 121856K, used 57032K [0x0000000080000000, 0x0000000100000000)
  region size 1024K, 2 young (2048K), 2 survivors (2048K)
 Metaspace       used 45196K, committed 45568K, reserved 1089536K
  class space    used 5985K, committed 6144K, reserved 1048576K
}
Event: 38.255 GC heap before
{Heap before GC invocations=20 (full 0):
 garbage-first heap   total 121856K, used 66248K [0x0000000080000000, 0x0000000100000000)
  region size 1024K, 12 young (12288K), 2 survivors (2048K)
 Metaspace       used 46112K, committed 46528K, reserved 1089536K
  class space    used 6133K, committed 6336K, reserved 1048576K
}
Event: 38.259 GC heap after
{Heap after GC invocations=21 (full 0):
 garbage-first heap   total 121856K, used 58594K [0x0000000080000000, 0x0000000100000000)
  region size 1024K, 3 young (3072K), 3 survivors (3072K)
 Metaspace       used 46112K, committed 46528K, reserved 1089536K
  class space    used 6133K, committed 6336K, reserved 1048576K
}

Dll operation events (2 events):
Event: 0.018 Loaded shared library E:\Android studio 2022.1.3\jbr\bin\java.dll
Event: 11.414 Loaded shared library E:\Android studio 2022.1.3\jbr\bin\verify.dll

Deoptimization events (20 events):
Event: 37.803 Thread 0x000001b19859b7d0 Uncommon trap: trap_request=0xffffff45 fr.pc=0x000001b18b0aec3c relative=0x000000000000011c
Event: 37.803 Thread 0x000001b19859b7d0 Uncommon trap: reason=unstable_if action=reinterpret pc=0x000001b18b0aec3c method=java.util.Arrays.hashCode([Ljava/lang/Object;)I @ 34 c2
Event: 37.803 Thread 0x000001b19859b7d0 DEOPT PACKING pc=0x000001b18b0aec3c sp=0x0000004a999f7810
Event: 37.803 Thread 0x000001b19859b7d0 DEOPT UNPACKING pc=0x000001b18a9869a3 sp=0x0000004a999f7788 mode 2
Event: 37.853 Thread 0x000001b19859b7d0 DEOPT PACKING pc=0x000001b183b38315 sp=0x0000004a999f7d40
Event: 37.853 Thread 0x000001b19859b7d0 DEOPT UNPACKING pc=0x000001b18a987143 sp=0x0000004a999f71c8 mode 0
Event: 37.960 Thread 0x000001b19859b7d0 DEOPT PACKING pc=0x000001b183b38315 sp=0x0000004a999f4c00
Event: 37.960 Thread 0x000001b19859b7d0 DEOPT UNPACKING pc=0x000001b18a987143 sp=0x0000004a999f4088 mode 0
Event: 38.140 Thread 0x000001b19859b7d0 DEOPT PACKING pc=0x000001b183774a54 sp=0x0000004a999f9030
Event: 38.140 Thread 0x000001b19859b7d0 DEOPT UNPACKING pc=0x000001b18a987143 sp=0x0000004a999f8588 mode 0
Event: 38.188 Thread 0x000001b19859b7d0 DEOPT PACKING pc=0x000001b183777f88 sp=0x0000004a999f8a10
Event: 38.188 Thread 0x000001b19859b7d0 DEOPT UNPACKING pc=0x000001b18a987143 sp=0x0000004a999f7f18 mode 0
Event: 38.302 Thread 0x000001b19859b7d0 Uncommon trap: trap_request=0xffffff45 fr.pc=0x000001b18b018ca0 relative=0x0000000000004200
Event: 38.302 Thread 0x000001b19859b7d0 Uncommon trap: reason=unstable_if action=reinterpret pc=0x000001b18b018ca0 method=java.lang.StringLatin1.regionMatchesCI([BI[BII)Z @ 72 c2
Event: 38.302 Thread 0x000001b19859b7d0 DEOPT PACKING pc=0x000001b18b018ca0 sp=0x0000004a999f8f80
Event: 38.302 Thread 0x000001b19859b7d0 DEOPT UNPACKING pc=0x000001b18a9869a3 sp=0x0000004a999f8d38 mode 2
Event: 38.302 Thread 0x000001b19859b7d0 Uncommon trap: trap_request=0xffffff45 fr.pc=0x000001b18afbb6c8 relative=0x0000000000000688
Event: 38.302 Thread 0x000001b19859b7d0 Uncommon trap: reason=unstable_if action=reinterpret pc=0x000001b18afbb6c8 method=java.lang.StringLatin1.regionMatchesCI([BI[BII)Z @ 72 c2
Event: 38.302 Thread 0x000001b19859b7d0 DEOPT PACKING pc=0x000001b18afbb6c8 sp=0x0000004a999f8e00
Event: 38.302 Thread 0x000001b19859b7d0 DEOPT UNPACKING pc=0x000001b18a9869a3 sp=0x0000004a999f8cc8 mode 2

Classes unloaded (0 events):
No events

Classes redefined (0 events):
No events

Internal exceptions (20 events):
Event: 37.803 Thread 0x000001b19859b7d0 Implicit null exception at 0x000001b18b0aeb6c to 0x000001b18b0aec20
Event: 37.810 Thread 0x000001b19859b7d0 Exception <a 'java/lang/ClassNotFoundException'{0x00000000858acbd0}: org/gradle/api/internal/artifacts/dsl/dependencies/DefaultDependencyHandler_DecoratedBeanInfo> (0x00000000858acbd0) 
thrown [s\src\hotspot\share\classfile\systemDictionary.cpp, line 256]
Event: 37.811 Thread 0x000001b19859b7d0 Exception <a 'java/lang/ClassNotFoundException'{0x00000000858c2938}: org/gradle/api/internal/artifacts/dsl/dependencies/DefaultDependencyHandlerBeanInfo> (0x00000000858c2938) 
thrown [s\src\hotspot\share\classfile\systemDictionary.cpp, line 256]
Event: 37.812 Thread 0x000001b19859b7d0 Exception <a 'java/lang/ClassNotFoundException'{0x00000000858d7980}: org/gradle/api/internal/artifacts/dsl/dependencies/DefaultDependencyHandlerCustomizer> (0x00000000858d7980) 
thrown [s\src\hotspot\share\classfile\systemDictionary.cpp, line 256]
Event: 37.816 Thread 0x000001b19859b7d0 Exception <a 'java/lang/ClassNotFoundException'{0x0000000085716bf8}: org/gradle/api/internal/artifacts/dsl/dependencies/DefaultDependencyHandler_DecoratedCustomizer> (0x0000000085716bf8) 
thrown [s\src\hotspot\share\classfile\systemDictionary.cpp, line 256]
Event: 37.818 Thread 0x000001b19859b7d0 Exception <a 'java/lang/ClassNotFoundException'{0x0000000085757848}: sync_studio_tooling_5rgxmpl9f7tjiozll1vvqn7ei$_run_closure1BeanInfo> (0x0000000085757848) 
thrown [s\src\hotspot\share\classfile\systemDictionary.cpp, line 256]
Event: 37.818 Thread 0x000001b19859b7d0 Exception <a 'java/lang/ClassNotFoundException'{0x000000008575ea90}: sync_studio_tooling_5rgxmpl9f7tjiozll1vvqn7ei$_run_closure1Customizer> (0x000000008575ea90) 
thrown [s\src\hotspot\share\classfile\systemDictionary.cpp, line 256]
Event: 37.871 Thread 0x000001b19859b7d0 Exception <a 'java/lang/NoSuchMethodError'{0x000000008543ad20}: 'java.lang.Object java.lang.invoke.DirectMethodHandle$Holder.newInvokeSpecial(java.lang.Object, int, java.lang.Object)'> (0x000000008543ad20) 
thrown [s\src\hotspot\share\interpreter\linkResolver.cpp, line 771]
Event: 38.084 Thread 0x000001b19859b7d0 Exception <a 'java/lang/NoSuchMethodError'{0x00000000871290b8}: 'int java.lang.invoke.DirectMethodHandle$Holder.invokeStatic(java.lang.Object)'> (0x00000000871290b8) 
thrown [s\src\hotspot\share\interpreter\linkResolver.cpp, line 771]
Event: 38.084 Thread 0x000001b19859b7d0 Exception <a 'java/lang/NoSuchMethodError'{0x000000008712d4a8}: 'int java.lang.invoke.DirectMethodHandle$Holder.invokeStaticInit(java.lang.Object)'> (0x000000008712d4a8) 
thrown [s\src\hotspot\share\interpreter\linkResolver.cpp, line 771]
Event: 38.120 Thread 0x000001b19859b7d0 Exception <a 'java/lang/ClassNotFoundException'{0x00000000870bea10}: sync_studio_tooling_5rgxmpl9f7tjiozll1vvqn7eiBeanInfo> (0x00000000870bea10) 
thrown [s\src\hotspot\share\classfile\systemDictionary.cpp, line 256]
Event: 38.120 Thread 0x000001b19859b7d0 Exception <a 'java/lang/ClassNotFoundException'{0x00000000870c52c0}: sync_studio_tooling_5rgxmpl9f7tjiozll1vvqn7eiCustomizer> (0x00000000870c52c0) 
thrown [s\src\hotspot\share\classfile\systemDictionary.cpp, line 256]
Event: 38.150 Thread 0x000001b19859b7d0 Exception <a 'java/lang/ClassNotFoundException'{0x0000000086f7e778}: ijinit_mpfkk8ne9ph5bqolmswr2dbhBeanInfo> (0x0000000086f7e778) 
thrown [s\src\hotspot\share\classfile\systemDictionary.cpp, line 256]
Event: 38.150 Thread 0x000001b19859b7d0 Exception <a 'java/lang/ClassNotFoundException'{0x0000000086faa010}: ijinit_mpfkk8ne9ph5bqolmswr2dbhCustomizer> (0x0000000086faa010) 
thrown [s\src\hotspot\share\classfile\systemDictionary.cpp, line 256]
Event: 38.155 Thread 0x000001b19859b7d0 Exception <a 'java/lang/ClassNotFoundException'{0x0000000086fec9b8}: ijinit_mpfkk8ne9ph5bqolmswr2dbh$_run_closure1BeanInfo> (0x0000000086fec9b8) 
thrown [s\src\hotspot\share\classfile\systemDictionary.cpp, line 256]
Event: 38.155 Thread 0x000001b19859b7d0 Exception <a 'java/lang/ClassNotFoundException'{0x0000000086ff3910}: ijinit_mpfkk8ne9ph5bqolmswr2dbh$_run_closure1Customizer> (0x0000000086ff3910) 
thrown [s\src\hotspot\share\classfile\systemDictionary.cpp, line 256]
Event: 38.198 Thread 0x000001b19859b7d0 Exception <a 'java/lang/ClassNotFoundException'{0x0000000086d37ef0}: ijinit_mpfkk8ne9ph5bqolmswr2dbhBeanInfo> (0x0000000086d37ef0) 
thrown [s\src\hotspot\share\classfile\systemDictionary.cpp, line 256]
Event: 38.199 Thread 0x000001b19859b7d0 Exception <a 'java/lang/ClassNotFoundException'{0x0000000086d3e710}: ijinit_mpfkk8ne9ph5bqolmswr2dbhCustomizer> (0x0000000086d3e710) 
thrown [s\src\hotspot\share\classfile\systemDictionary.cpp, line 256]
Event: 38.306 Thread 0x000001b19859b7d0 Exception <a 'java/lang/ClassNotFoundException'{0x0000000087dcfb70}: org/gradle/api/internal/plugins/DefaultObjectConfigurationActionBeanInfo> (0x0000000087dcfb70) 
thrown [s\src\hotspot\share\classfile\systemDictionary.cpp, line 256]
Event: 38.307 Thread 0x000001b19859b7d0 Exception <a 'java/lang/ClassNotFoundException'{0x0000000087de13e0}: org/gradle/api/internal/plugins/DefaultObjectConfigurationActionCustomizer> (0x0000000087de13e0) 
thrown [s\src\hotspot\share\classfile\systemDictionary.cpp, line 256]

VM Operations (20 events):
Event: 37.465 Executing VM operation: G1CollectForAllocation
Event: 37.470 Executing VM operation: G1CollectForAllocation done
Event: 37.567 Executing VM operation: G1TryInitiateConcMark
Event: 37.569 Executing VM operation: G1TryInitiateConcMark done
Event: 37.602 Executing VM operation: G1Concurrent
Event: 37.604 Executing VM operation: G1Concurrent done
Event: 37.619 Executing VM operation: G1Concurrent
Event: 37.619 Executing VM operation: G1Concurrent done
Event: 37.771 Executing VM operation: HandshakeAllThreads
Event: 37.771 Executing VM operation: HandshakeAllThreads done
Event: 37.790 Executing VM operation: HandshakeAllThreads
Event: 37.790 Executing VM operation: HandshakeAllThreads done
Event: 37.791 Executing VM operation: HandshakeAllThreads
Event: 37.791 Executing VM operation: HandshakeAllThreads done
Event: 37.965 Executing VM operation: G1CollectForAllocation
Event: 37.969 Executing VM operation: G1CollectForAllocation done
Event: 38.255 Executing VM operation: G1TryInitiateConcMark
Event: 38.259 Executing VM operation: G1TryInitiateConcMark done
Event: 38.298 Executing VM operation: G1Concurrent
Event: 38.300 Executing VM operation: G1Concurrent done

Events (20 events):
Event: 37.484 loading class java/util/WeakHashMap$KeyIterator
Event: 37.484 loading class java/util/WeakHashMap$HashIterator
Event: 37.484 loading class java/util/WeakHashMap$HashIterator done
Event: 37.484 loading class java/util/WeakHashMap$KeyIterator done
Event: 37.566 loading class jdk/internal/reflect/UnsafeObjectFieldAccessorImpl
Event: 37.566 loading class jdk/internal/reflect/UnsafeObjectFieldAccessorImpl done
Event: 37.600 loading class sun/reflect/MagicAccessorImpl
Event: 37.600 loading class sun/reflect/MagicAccessorImpl done
Event: 37.640 loading class com/sun/beans/finder/MethodFinder
Event: 37.640 loading class com/sun/beans/finder/AbstractFinder
Event: 37.640 loading class com/sun/beans/finder/AbstractFinder done
Event: 37.640 loading class com/sun/beans/finder/MethodFinder done
Event: 37.640 loading class com/sun/beans/finder/MethodFinder$1
Event: 37.640 loading class com/sun/beans/finder/MethodFinder$1 done
Event: 37.640 loading class com/sun/beans/finder/FinderUtils
Event: 37.640 loading class com/sun/beans/finder/FinderUtils done
Event: 38.030 loading class java/io/DeleteOnExitHook
Event: 38.030 loading class java/io/DeleteOnExitHook done
Event: 38.030 loading class java/io/DeleteOnExitHook$1
Event: 38.030 loading class java/io/DeleteOnExitHook$1 done


Dynamic libraries:
0x00007ff62cc10000 - 0x00007ff62cc1a000 	E:\Android studio 2022.1.3\jbr\bin\java.exe
0x00007ffd7f870000 - 0x00007ffd7fa68000 	C:\WINDOWS\SYSTEM32\ntdll.dll
0x00007ffd76770000 - 0x00007ffd76789000 	C:\Program Files\Avast Software\Avast\aswhook.dll
0x00007ffd7e280000 - 0x00007ffd7e33f000 	C:\WINDOWS\System32\KERNEL32.DLL
0x00007ffd7d310000 - 0x00007ffd7d606000 	C:\WINDOWS\System32\KERNELBASE.dll
0x00007ffd7cff0000 - 0x00007ffd7d0f0000 	C:\WINDOWS\System32\ucrtbase.dll
0x00007ffd64e40000 - 0x00007ffd64e57000 	E:\Android studio 2022.1.3\jbr\bin\jli.dll
0x00007ffd50090000 - 0x00007ffd500ab000 	E:\Android studio 2022.1.3\jbr\bin\VCRUNTIME140.dll
0x00007ffd7ec30000 - 0x00007ffd7edcd000 	C:\WINDOWS\System32\USER32.dll
0x00007ffd5fb00000 - 0x00007ffd5fd9a000 	C:\WINDOWS\WinSxS\amd64_microsoft.windows.common-controls_6595b64144ccf1df_6.0.19041.1110_none_60b5254171f9507e\COMCTL32.dll
0x00007ffd7d770000 - 0x00007ffd7d792000 	C:\WINDOWS\System32\win32u.dll
0x00007ffd7d9c0000 - 0x00007ffd7d9ec000 	C:\WINDOWS\System32\GDI32.dll
0x00007ffd7ef30000 - 0x00007ffd7efce000 	C:\WINDOWS\System32\msvcrt.dll
0x00007ffd7d1f0000 - 0x00007ffd7d305000 	C:\WINDOWS\System32\gdi32full.dll
0x00007ffd7cf50000 - 0x00007ffd7cfed000 	C:\WINDOWS\System32\msvcp_win.dll
0x00007ffd7d9f0000 - 0x00007ffd7da20000 	C:\WINDOWS\System32\IMM32.DLL
0x00007ffd65690000 - 0x00007ffd6569c000 	E:\Android studio 2022.1.3\jbr\bin\vcruntime140_1.dll
0x00007ffd50000000 - 0x00007ffd5008d000 	E:\Android studio 2022.1.3\jbr\bin\msvcp140.dll
0x00007ffd13ec0000 - 0x00007ffd14b2e000 	E:\Android studio 2022.1.3\jbr\bin\server\jvm.dll
0x00007ffd7f780000 - 0x00007ffd7f82f000 	C:\WINDOWS\System32\ADVAPI32.dll
0x00007ffd7edd0000 - 0x00007ffd7ee6c000 	C:\WINDOWS\System32\sechost.dll
0x00007ffd7e4f0000 - 0x00007ffd7e616000 	C:\WINDOWS\System32\RPCRT4.dll
0x00007ffd6bca0000 - 0x00007ffd6bca9000 	C:\WINDOWS\SYSTEM32\WSOCK32.dll
0x00007ffd77700000 - 0x00007ffd7770a000 	C:\WINDOWS\SYSTEM32\VERSION.dll
0x00007ffd61ea0000 - 0x00007ffd61ec7000 	C:\WINDOWS\SYSTEM32\WINMM.dll
0x00007ffd7e1f0000 - 0x00007ffd7e25b000 	C:\WINDOWS\System32\WS2_32.dll
0x00007ffd7ade0000 - 0x00007ffd7adf2000 	C:\WINDOWS\SYSTEM32\kernel.appcore.dll
0x00007ffd767b0000 - 0x00007ffd767ba000 	E:\Android studio 2022.1.3\jbr\bin\jimage.dll
0x00007ffd6f690000 - 0x00007ffd6f874000 	C:\WINDOWS\SYSTEM32\DBGHELP.DLL
0x00007ffd6f4e0000 - 0x00007ffd6f514000 	C:\WINDOWS\SYSTEM32\dbgcore.DLL
0x00007ffd7d160000 - 0x00007ffd7d1e2000 	C:\WINDOWS\System32\bcryptPrimitives.dll
0x00007ffd659a0000 - 0x00007ffd659c5000 	E:\Android studio 2022.1.3\jbr\bin\java.dll
0x00007ffd66ac0000 - 0x00007ffd66ad8000 	E:\Android studio 2022.1.3\jbr\bin\zip.dll
0x00007ffd7efd0000 - 0x00007ffd7f714000 	C:\WINDOWS\System32\SHELL32.dll
0x00007ffd7afe0000 - 0x00007ffd7b773000 	C:\WINDOWS\SYSTEM32\windows.storage.dll
0x00007ffd7de30000 - 0x00007ffd7e184000 	C:\WINDOWS\System32\combase.dll
0x00007ffd7c7e0000 - 0x00007ffd7c80e000 	C:\WINDOWS\SYSTEM32\Wldp.dll
0x00007ffd7ee70000 - 0x00007ffd7ef1d000 	C:\WINDOWS\System32\SHCORE.dll
0x00007ffd7eab0000 - 0x00007ffd7eb05000 	C:\WINDOWS\System32\shlwapi.dll
0x00007ffd7ce90000 - 0x00007ffd7ceaf000 	C:\WINDOWS\SYSTEM32\profapi.dll
0x00007ffd65910000 - 0x00007ffd65929000 	E:\Android studio 2022.1.3\jbr\bin\net.dll
0x00007ffd751b0000 - 0x00007ffd752ba000 	C:\WINDOWS\SYSTEM32\WINHTTP.dll
0x00007ffd7c5c0000 - 0x00007ffd7c62a000 	C:\WINDOWS\system32\mswsock.dll
0x00007ffd651f0000 - 0x00007ffd65206000 	E:\Android studio 2022.1.3\jbr\bin\nio.dll
0x00007ffd767a0000 - 0x00007ffd767b0000 	E:\Android studio 2022.1.3\jbr\bin\verify.dll
0x00007ffd65090000 - 0x00007ffd650b7000 	C:\Users\Thoriso Tumelo\.gradle\native\68d5fa5c4cc2d200863cafc0d521ce42e7d3e7ee720ec0a83991735586a16f82\windows-amd64\native-platform.dll
0x00007ffd13730000 - 0x00007ffd13874000 	C:\Users\Thoriso Tumelo\.gradle\native\e376f236ea51e6404a007f0833ffe2c6e607c4080706a723a18a27aeea778392\windows-amd64\native-platform-file-events.dll
0x00007ffd75a60000 - 0x00007ffd75a69000 	E:\Android studio 2022.1.3\jbr\bin\management.dll
0x00007ffd74790000 - 0x00007ffd7479b000 	E:\Android studio 2022.1.3\jbr\bin\management_ext.dll
0x00007ffd7e260000 - 0x00007ffd7e268000 	C:\WINDOWS\System32\PSAPI.DLL
0x00007ffd7c820000 - 0x00007ffd7c838000 	C:\WINDOWS\SYSTEM32\CRYPTSP.dll
0x00007ffd7bf00000 - 0x00007ffd7bf34000 	C:\WINDOWS\system32\rsaenh.dll
0x00007ffd7d850000 - 0x00007ffd7d877000 	C:\WINDOWS\System32\bcrypt.dll
0x00007ffd7ce50000 - 0x00007ffd7ce7e000 	C:\WINDOWS\SYSTEM32\USERENV.dll
0x00007ffd7c750000 - 0x00007ffd7c75c000 	C:\WINDOWS\SYSTEM32\CRYPTBASE.dll
0x00007ffd7c2d0000 - 0x00007ffd7c30c000 	C:\WINDOWS\SYSTEM32\IPHLPAPI.DLL
0x00007ffd7ef20000 - 0x00007ffd7ef28000 	C:\WINDOWS\System32\NSI.dll
0x00007ffd771a0000 - 0x00007ffd771b7000 	C:\WINDOWS\SYSTEM32\dhcpcsvc6.DLL
0x00007ffd77180000 - 0x00007ffd7719d000 	C:\WINDOWS\SYSTEM32\dhcpcsvc.DLL
0x00007ffd7c310000 - 0x00007ffd7c3da000 	C:\WINDOWS\SYSTEM32\DNSAPI.dll
0x00007ffd665c0000 - 0x00007ffd665c7000 	C:\WINDOWS\system32\wshunix.dll

dbghelp: loaded successfully - version: 4.0.5 - missing functions: none
symbol engine: initialized successfully - sym options: 0x614 - pdb path: .;E:\Android studio 2022.1.3\jbr\bin;C:\WINDOWS\SYSTEM32;C:\Program Files\Avast Software\Avast;C:\WINDOWS\WinSxS\amd64_microsoft.windows.common-controls_6595b64144ccf1df_6.0.19041.1110_none_60b5254171f9507e;E:\Android studio 2022.1.3\jbr\bin\server;C:\Users\Thoriso Tumelo\.gradle\native\68d5fa5c4cc2d200863cafc0d521ce42e7d3e7ee720ec0a83991735586a16f82\windows-amd64;C:\Users\Thoriso Tumelo\.gradle\native\e376f236ea51e6404a007f0833ffe2c6e607c4080706a723a18a27aeea778392\windows-amd64

VM Arguments:
jvm_args: --add-opens=java.base/java.util=ALL-UNNAMED --add-opens=java.base/java.lang=ALL-UNNAMED --add-opens=java.base/java.lang.invoke=ALL-UNNAMED --add-opens=java.prefs/java.util.prefs=ALL-UNNAMED --add-opens=java.base/java.nio.charset=ALL-UNNAMED --add-opens=java.base/java.net=ALL-UNNAMED --add-opens=java.base/java.util.concurrent.atomic=ALL-UNNAMED -Xmx2048m -Dfile.encoding=UTF-8 -Duser.country=ZA -Duser.language=en -Duser.variant 
java_command: org.gradle.launcher.daemon.bootstrap.GradleDaemon 8.0
java_class_path (initial): C:\Users\Thoriso Tumelo\.gradle\wrapper\dists\gradle-8.0-bin\ca5e32bp14vu59qr306oxotwh\gradle-8.0\lib\gradle-launcher-8.0.jar
Launcher Type: SUN_STANDARD

[Global flags]
     intx CICompilerCount                          = 3                                         {product} {ergonomic}
     uint ConcGCThreads                            = 1                                         {product} {ergonomic}
     uint G1ConcRefinementThreads                  = 4                                         {product} {ergonomic}
   size_t G1HeapRegionSize                         = 1048576                                   {product} {ergonomic}
    uintx GCDrainStackTargetSize                   = 64                                        {product} {ergonomic}
   size_t InitialHeapSize                          = 132120576                                 {product} {ergonomic}
   size_t MarkStackSize                            = 4194304                                   {product} {ergonomic}
   size_t MaxHeapSize                              = 2147483648                                {product} {command line}
   size_t MaxNewSize                               = 1287651328                                {product} {ergonomic}
   size_t MinHeapDeltaBytes                        = 1048576                                   {product} {ergonomic}
   size_t MinHeapSize                              = 8388608                                   {product} {ergonomic}
    uintx NonNMethodCodeHeapSize                   = 5832780                                {pd product} {ergonomic}
    uintx NonProfiledCodeHeapSize                  = 122912730                              {pd product} {ergonomic}
    uintx ProfiledCodeHeapSize                     = 122912730                              {pd product} {ergonomic}
    uintx ReservedCodeCacheSize                    = 251658240                              {pd product} {ergonomic}
     bool SegmentedCodeCache                       = true                                      {product} {ergonomic}
   size_t SoftMaxHeapSize                          = 2147483648                             {manageable} {ergonomic}
     bool UseCompressedClassPointers               = true                           {product lp64_product} {ergonomic}
     bool UseCompressedOops                        = true                           {product lp64_product} {ergonomic}
     bool UseG1GC                                  = true                                      {product} {ergonomic}
     bool UseLargePagesIndividualAllocation        = false                                  {pd product} {ergonomic}

Logging:
Log output configuration:
 #0: stdout all=warning uptime,level,tags
 #1: stderr all=off uptime,level,tags

Environment Variables:
PATH=C:\WINDOWS\system32;C:\WINDOWS;C:\WINDOWS\System32\Wbem;C:\WINDOWS\System32\WindowsPowerShell\v1.0\;C:\WINDOWS\System32\OpenSSH\;C:\Program Files\Git\cmd;C:\Users\Thoriso Tumelo\AppData\Local\Microsoft\WindowsApps
USERNAME=Thoriso Tumelo
OS=Windows_NT
PROCESSOR_IDENTIFIER=Intel64 Family 6 Model 158 Stepping 11, GenuineIntel
TMP=C:\Users\THORIS~1\AppData\Local\Temp
TEMP=C:\Users\THORIS~1\AppData\Local\Temp


JNI global refs:
JNI global refs: 24, weak refs: 4

JNI global refs memory usage: 843, weak refs: 841


---------------  S Y S T E M  ---------------

OS:
 Windows 10 , 64 bit Build 19041 (10.0.19041.3031)
OS uptime: 0 days 23:56 hours
Hyper-V role detected

CPU: total 4 (initial active 4) (4 cores per cpu, 1 threads per core) family 6 model 158 stepping 11 microcode 0xb4, cx8, cmov, fxsr, mmx, 3dnowpref, sse, sse2, sse3, ssse3, sse4.1, sse4.2, popcnt, lzcnt, tsc, tscinvbit, avx, avx2, aes, erms, clmul, bmi1, bmi2, adx, fma, vzeroupper, clflush, clflushopt, hv

Memory: 4k page, system-wide physical 8035M (253M free)
TotalPageFile size 9730M (AvailPageFile size 5M)
current process WorkingSet (physical memory assigned to process): 249M, peak: 249M
current process commit charge ("private bytes"): 286M, peak: 287M

vm_info: OpenJDK 64-Bit Server VM (17.0.6+0-b2043.56-10027231) for windows-amd64 JRE (17.0.6+0-b2043.56-10027231), built on Apr 28 2023 00:43:19 by "androidbuild" with MS VC++ 16.10 / 16.11 (VS2019)

END.
