#
# There is insufficient memory for the Java Runtime Environment to continue.
# Native memory allocation (malloc) failed to allocate 32744 bytes for ChunkPool::allocate
# Possible reasons:
#   The system is out of physical RAM or swap space
#   The process is running with CompressedOops enabled, and the Java Heap may be blocking the growth of the native heap
# Possible solutions:
#   Reduce memory load on the system
#   Increase physical memory or swap space
#   Check if swap backing store is full
#   Decrease Java heap size (-Xmx/-Xms)
#   Decrease number of Java threads
#   Decrease Java thread stack sizes (-Xss)
#   Set larger code cache with -XX:ReservedCodeCacheSize=
#   JVM is running with Unscaled Compressed Oops mode in which the Java heap is
#     placed in the first 4GB address space. The Java Heap base address is the
#     maximum limit for the native heap growth. Please use -XX:HeapBaseMinAddress
#     to set the Java Heap base and to place the Java Heap above 4GB virtual address.
# This output file may be truncated or incomplete.
#
#  Out of Memory Error (arena.cpp:78), pid=7740, tid=5232
#
# JRE version: OpenJDK Runtime Environment (17.0.6) (build 17.0.6+0-b2043.56-10027231)
# Java VM: OpenJDK 64-Bit Server VM (17.0.6+0-b2043.56-10027231, mixed mode, tiered, compressed oops, compressed class ptrs, g1 gc, windows-amd64)
# No core dump will be written. Minidumps are not enabled by default on client versions of Windows
#

---------------  S U M M A R Y ------------

Command Line: org.jetbrains.kotlin.cli.jvm.K2JVMCompiler @C:\Users\Thoriso Tumelo\AndroidStudioProjects\Mvula-Trust-Application\app\build\20231109_3332745885759094728.compiler.options

Host: Intel(R) Core(TM) i3-8100T CPU @ 3.10GHz, 4 cores, 7G,  Windows 10 , 64 bit Build 19041 (10.0.19041.3031)
Time: Thu Nov  9 13:24:32 2023 South Africa Standard Time elapsed time: 21.922384 seconds (0d 0h 0m 21s)

---------------  T H R E A D  ---------------

Current thread (0x00000208a6a3a030):  JavaThread "C2 CompilerThread1" daemon [_thread_in_native, id=5232, stack(0x0000006925200000,0x0000006925300000)]


Current CompileTask:
C2:  21922 16469       4       org.jetbrains.kotlin.backend.common.lower.DefaultArgumentStubGenerator::transformFlat (24 bytes)

Stack: [0x0000006925200000,0x0000006925300000]
Native frames: (J=compiled Java code, j=interpreted, Vv=VM code, C=native code)
V  [jvm.dll+0x683c9a]
V  [jvm.dll+0x8427a4]
V  [jvm.dll+0x843f9e]
V  [jvm.dll+0x844603]
V  [jvm.dll+0x249b75]
V  [jvm.dll+0xabecc]
V  [jvm.dll+0xac27c]
V  [jvm.dll+0x36db9c]
V  [jvm.dll+0x56c5a8]
V  [jvm.dll+0x56b5c0]
V  [jvm.dll+0x56beb3]
V  [jvm.dll+0x332f60]
V  [jvm.dll+0x3323da]
V  [jvm.dll+0x21c201]
V  [jvm.dll+0x21b621]
V  [jvm.dll+0x1a4fdd]
V  [jvm.dll+0x22b098]
V  [jvm.dll+0x229159]
V  [jvm.dll+0x7f81ec]
V  [jvm.dll+0x7f274a]
V  [jvm.dll+0x682ad5]
C  [ucrtbase.dll+0x21bb2]
C  [KERNEL32.DLL+0x17614]
C  [ntdll.dll+0x526f1]


---------------  P R O C E S S  ---------------

Threads class SMR info:
_java_thread_list=0x00000208a8dd5e40, length=13, elements={
0x000002088858d7e0, 0x00000208a3b65250, 0x00000208a3b66470, 0x00000208a450bf70,
0x00000208a450d740, 0x00000208a450de00, 0x00000208a453e420, 0x00000208a453fb60,
0x00000208a4541a40, 0x00000208a45266c0, 0x00000208a468a850, 0x00000208a46b2010,
0x00000208a6a3a030
}

Java Threads: ( => current thread )
  0x000002088858d7e0 JavaThread "main" [_thread_in_Java, id=10520, stack(0x0000006923f00000,0x0000006924000000)]
  0x00000208a3b65250 JavaThread "Reference Handler" daemon [_thread_blocked, id=9496, stack(0x0000006924600000,0x0000006924700000)]
  0x00000208a3b66470 JavaThread "Finalizer" daemon [_thread_blocked, id=4728, stack(0x0000006924700000,0x0000006924800000)]
  0x00000208a450bf70 JavaThread "Signal Dispatcher" daemon [_thread_blocked, id=4220, stack(0x0000006924800000,0x0000006924900000)]
  0x00000208a450d740 JavaThread "Attach Listener" daemon [_thread_blocked, id=12172, stack(0x0000006924900000,0x0000006924a00000)]
  0x00000208a450de00 JavaThread "Service Thread" daemon [_thread_blocked, id=8952, stack(0x0000006924a00000,0x0000006924b00000)]
  0x00000208a453e420 JavaThread "Monitor Deflation Thread" daemon [_thread_blocked, id=8200, stack(0x0000006924b00000,0x0000006924c00000)]
  0x00000208a453fb60 JavaThread "C2 CompilerThread0" daemon [_thread_in_native, id=9820, stack(0x0000006924c00000,0x0000006924d00000)]
  0x00000208a4541a40 JavaThread "C1 CompilerThread0" daemon [_thread_in_native, id=10008, stack(0x0000006924d00000,0x0000006924e00000)]
  0x00000208a45266c0 JavaThread "Sweeper thread" daemon [_thread_blocked, id=9428, stack(0x0000006924e00000,0x0000006924f00000)]
  0x00000208a468a850 JavaThread "Notification Thread" daemon [_thread_blocked, id=9204, stack(0x0000006924f00000,0x0000006925000000)]
  0x00000208a46b2010 JavaThread "Common-Cleaner" daemon [_thread_blocked, id=5904, stack(0x0000006925100000,0x0000006925200000)]
=>0x00000208a6a3a030 JavaThread "C2 CompilerThread1" daemon [_thread_in_native, id=5232, stack(0x0000006925200000,0x0000006925300000)]

Other Threads:
  0x00000208a3ae6b20 VMThread "VM Thread" [stack: 0x0000006924500000,0x0000006924600000] [id=4212]
  0x000002088a743300 WatcherThread [stack: 0x0000006925000000,0x0000006925100000] [id=4544]
  0x000002088a7287c0 GCTaskThread "GC Thread#0" [stack: 0x0000006924000000,0x0000006924100000] [id=4984]
  0x00000208a4af1a30 GCTaskThread "GC Thread#1" [stack: 0x0000006925300000,0x0000006925400000] [id=10088]
  0x00000208a4aad9d0 GCTaskThread "GC Thread#2" [stack: 0x0000006925400000,0x0000006925500000] [id=11024]
  0x00000208a4af0aa0 GCTaskThread "GC Thread#3" [stack: 0x0000006925500000,0x0000006925600000] [id=8520]
  0x000002088a73a720 ConcurrentGCThread "G1 Main Marker" [stack: 0x0000006924100000,0x0000006924200000] [id=7948]
  0x000002088a73b8d0 ConcurrentGCThread "G1 Conc#0" [stack: 0x0000006924200000,0x0000006924300000] [id=11928]
  0x000002088a79dab0 ConcurrentGCThread "G1 Refine#0" [stack: 0x0000006924300000,0x0000006924400000] [id=10308]
  0x00000208a8bdbfd0 ConcurrentGCThread "G1 Refine#1" [stack: 0x0000006925600000,0x0000006925700000] [id=11476]
  0x00000208a811b740 ConcurrentGCThread "G1 Refine#2" [stack: 0x0000006925700000,0x0000006925800000] [id=2468]
  0x00000208a9511870 ConcurrentGCThread "G1 Refine#3" [stack: 0x0000006925800000,0x0000006925900000] [id=8176]
  0x000002088a79e4d0 ConcurrentGCThread "G1 Service" [stack: 0x0000006924400000,0x0000006924500000] [id=12260]

Threads with active compile tasks:
C2 CompilerThread0    21968 16230       4       org.jetbrains.kotlin.backend.jvm.lower.BridgeLowering::createBridges (1007 bytes)
C1 CompilerThread0    21968 16703       2       org.jetbrains.kotlin.backend.common.lower.InitializersLoweringBase::extractInitializers (401 bytes)
C2 CompilerThread1    21968 16469       4       org.jetbrains.kotlin.backend.common.lower.DefaultArgumentStubGenerator::transformFlat (24 bytes)

VM state: not at safepoint (normal execution)

VM Mutex/Monitor currently owned by a thread: None

Heap address: 0x0000000082600000, size: 2010 MB, Compressed Oops mode: 32-bit

CDS archive(s) not mapped
Compressed class space mapped at: 0x0000000100000000-0x0000000140000000, reserved size: 1073741824
Narrow klass base: 0x0000000000000000, Narrow klass shift: 3, Narrow klass range: 0x140000000

GC Precious Log:
 CPUs: 4 total, 4 available
 Memory: 8035M
 Large Page Support: Disabled
 NUMA Support: Disabled
 Compressed Oops: Enabled (32-bit)
 Heap Region Size: 1M
 Heap Min Capacity: 8M
 Heap Initial Capacity: 126M
 Heap Max Capacity: 2010M
 Pre-touch: Disabled
 Parallel Workers: 4
 Concurrent Workers: 1
 Concurrent Refinement Workers: 4
 Periodic GC: Disabled

Heap:
 garbage-first heap   total 287744K, used 123284K [0x0000000082600000, 0x0000000100000000)
  region size 1024K, 12 young (12288K), 5 survivors (5120K)
 Metaspace       used 86266K, committed 86656K, reserved 1130496K
  class space    used 9495K, committed 9664K, reserved 1048576K

Heap Regions: E=young(eden), S=young(survivor), O=old, HS=humongous(starts), HC=humongous(continues), CS=collection set, F=free, OA=open archive, CA=closed archive, TAMS=top-at-mark-start (previous, next)
|   0|0x0000000082600000, 0x0000000082700000, 0x0000000082700000|100%|HS|  |TAMS 0x0000000082700000, 0x0000000082600000| Complete 
|   1|0x0000000082700000, 0x0000000082800000, 0x0000000082800000|100%|HC|  |TAMS 0x0000000082800000, 0x0000000082700000| Complete 
|   2|0x0000000082800000, 0x0000000082900000, 0x0000000082900000|100%|HC|  |TAMS 0x0000000082900000, 0x0000000082800000| Complete 
|   3|0x0000000082900000, 0x0000000082a00000, 0x0000000082a00000|100%|HC|  |TAMS 0x0000000082a00000, 0x0000000082900000| Complete 
|   4|0x0000000082a00000, 0x0000000082b00000, 0x0000000082b00000|100%| O|  |TAMS 0x0000000082b00000, 0x0000000082a00000| Untracked 
|   5|0x0000000082b00000, 0x0000000082c00000, 0x0000000082c00000|100%| O|  |TAMS 0x0000000082c00000, 0x0000000082b00000| Untracked 
|   6|0x0000000082c00000, 0x0000000082d00000, 0x0000000082d00000|100%| O|  |TAMS 0x0000000082c00000, 0x0000000082c00000| Untracked 
|   7|0x0000000082d00000, 0x0000000082e00000, 0x0000000082e00000|100%|HS|  |TAMS 0x0000000082e00000, 0x0000000082d00000| Complete 
|   8|0x0000000082e00000, 0x0000000082f00000, 0x0000000082f00000|100%|HC|  |TAMS 0x0000000082f00000, 0x0000000082e00000| Complete 
|   9|0x0000000082f00000, 0x0000000083000000, 0x0000000083000000|100%|HC|  |TAMS 0x0000000083000000, 0x0000000082f00000| Complete 
|  10|0x0000000083000000, 0x0000000083100000, 0x0000000083100000|100%|HC|  |TAMS 0x0000000083100000, 0x0000000083000000| Complete 
|  11|0x0000000083100000, 0x0000000083200000, 0x0000000083200000|100%| O|  |TAMS 0x0000000083200000, 0x0000000083100000| Untracked 
|  12|0x0000000083200000, 0x0000000083300000, 0x0000000083300000|100%| O|  |TAMS 0x0000000083300000, 0x0000000083200000| Untracked 
|  13|0x0000000083300000, 0x0000000083400000, 0x0000000083400000|100%| O|  |TAMS 0x0000000083400000, 0x0000000083300000| Untracked 
|  14|0x0000000083400000, 0x0000000083500000, 0x0000000083500000|100%| O|  |TAMS 0x0000000083500000, 0x0000000083400000| Untracked 
|  15|0x0000000083500000, 0x0000000083600000, 0x0000000083600000|100%| O|  |TAMS 0x0000000083600000, 0x0000000083500000| Untracked 
|  16|0x0000000083600000, 0x0000000083700000, 0x0000000083700000|100%| O|  |TAMS 0x0000000083700000, 0x0000000083600000| Untracked 
|  17|0x0000000083700000, 0x0000000083800000, 0x0000000083800000|100%| O|  |TAMS 0x0000000083800000, 0x0000000083700000| Untracked 
|  18|0x0000000083800000, 0x0000000083900000, 0x0000000083900000|100%| O|  |TAMS 0x0000000083900000, 0x0000000083800000| Untracked 
|  19|0x0000000083900000, 0x0000000083a00000, 0x0000000083a00000|100%| O|  |TAMS 0x0000000083a00000, 0x0000000083900000| Untracked 
|  20|0x0000000083a00000, 0x0000000083b00000, 0x0000000083b00000|100%| O|  |TAMS 0x0000000083b00000, 0x0000000083a00000| Untracked 
|  21|0x0000000083b00000, 0x0000000083c00000, 0x0000000083c00000|100%| O|  |TAMS 0x0000000083c00000, 0x0000000083b00000| Untracked 
|  22|0x0000000083c00000, 0x0000000083d00000, 0x0000000083d00000|100%| O|  |TAMS 0x0000000083d00000, 0x0000000083c00000| Untracked 
|  23|0x0000000083d00000, 0x0000000083e00000, 0x0000000083e00000|100%| O|  |TAMS 0x0000000083e00000, 0x0000000083d00000| Untracked 
|  24|0x0000000083e00000, 0x0000000083f00000, 0x0000000083f00000|100%| O|  |TAMS 0x0000000083f00000, 0x0000000083e00000| Untracked 
|  25|0x0000000083f00000, 0x0000000084000000, 0x0000000084000000|100%| O|  |TAMS 0x0000000084000000, 0x0000000083f00000| Untracked 
|  26|0x0000000084000000, 0x0000000084100000, 0x0000000084100000|100%| O|  |TAMS 0x0000000084100000, 0x0000000084000000| Untracked 
|  27|0x0000000084100000, 0x0000000084200000, 0x0000000084200000|100%| O|  |TAMS 0x0000000084200000, 0x0000000084100000| Untracked 
|  28|0x0000000084200000, 0x0000000084300000, 0x0000000084300000|100%|HS|  |TAMS 0x0000000084300000, 0x0000000084200000| Complete 
|  29|0x0000000084300000, 0x0000000084400000, 0x0000000084400000|100%|HC|  |TAMS 0x0000000084400000, 0x0000000084300000| Complete 
|  30|0x0000000084400000, 0x0000000084500000, 0x0000000084500000|100%| O|  |TAMS 0x0000000084500000, 0x0000000084400000| Untracked 
|  31|0x0000000084500000, 0x0000000084600000, 0x0000000084600000|100%| O|  |TAMS 0x0000000084600000, 0x0000000084500000| Untracked 
|  32|0x0000000084600000, 0x0000000084700000, 0x0000000084700000|100%| O|  |TAMS 0x0000000084700000, 0x0000000084600000| Untracked 
|  33|0x0000000084700000, 0x0000000084800000, 0x0000000084800000|100%| O|  |TAMS 0x0000000084800000, 0x0000000084700000| Untracked 
|  34|0x0000000084800000, 0x0000000084900000, 0x0000000084900000|100%| O|  |TAMS 0x0000000084900000, 0x0000000084800000| Untracked 
|  35|0x0000000084900000, 0x0000000084a00000, 0x0000000084a00000|100%| O|  |TAMS 0x0000000084900000, 0x0000000084900000| Untracked 
|  36|0x0000000084a00000, 0x0000000084b00000, 0x0000000084b00000|100%| O|  |TAMS 0x0000000084b00000, 0x0000000084a00000| Untracked 
|  37|0x0000000084b00000, 0x0000000084c00000, 0x0000000084c00000|100%| O|  |TAMS 0x0000000084c00000, 0x0000000084b00000| Untracked 
|  38|0x0000000084c00000, 0x0000000084d00000, 0x0000000084d00000|100%| O|  |TAMS 0x0000000084d00000, 0x0000000084c00000| Untracked 
|  39|0x0000000084d00000, 0x0000000084e00000, 0x0000000084e00000|100%| O|  |TAMS 0x0000000084e00000, 0x0000000084d00000| Untracked 
|  40|0x0000000084e00000, 0x0000000084f00000, 0x0000000084f00000|100%| O|  |TAMS 0x0000000084f00000, 0x0000000084e00000| Untracked 
|  41|0x0000000084f00000, 0x0000000085000000, 0x0000000085000000|100%| O|  |TAMS 0x0000000085000000, 0x0000000084f00000| Untracked 
|  42|0x0000000085000000, 0x0000000085100000, 0x0000000085100000|100%| O|  |TAMS 0x0000000085100000, 0x0000000085000000| Untracked 
|  43|0x0000000085100000, 0x0000000085200000, 0x0000000085200000|100%| O|  |TAMS 0x000000008516a000, 0x0000000085100000| Untracked 
|  44|0x0000000085200000, 0x0000000085300000, 0x0000000085300000|100%| O|  |TAMS 0x0000000085200000, 0x0000000085200000| Untracked 
|  45|0x0000000085300000, 0x0000000085400000, 0x0000000085400000|100%| O|  |TAMS 0x0000000085300000, 0x0000000085300000| Untracked 
|  46|0x0000000085400000, 0x0000000085500000, 0x0000000085500000|100%| O|  |TAMS 0x0000000085400000, 0x0000000085400000| Untracked 
|  47|0x0000000085500000, 0x0000000085600000, 0x0000000085600000|100%| O|  |TAMS 0x0000000085500000, 0x0000000085500000| Untracked 
|  48|0x0000000085600000, 0x0000000085700000, 0x0000000085700000|100%| O|  |TAMS 0x0000000085600000, 0x0000000085600000| Untracked 
|  49|0x0000000085700000, 0x0000000085800000, 0x0000000085800000|100%| O|  |TAMS 0x0000000085700000, 0x0000000085700000| Untracked 
|  50|0x0000000085800000, 0x0000000085900000, 0x0000000085900000|100%| O|  |TAMS 0x0000000085800000, 0x0000000085800000| Untracked 
|  51|0x0000000085900000, 0x0000000085a00000, 0x0000000085a00000|100%| O|  |TAMS 0x0000000085900000, 0x0000000085900000| Untracked 
|  52|0x0000000085a00000, 0x0000000085b00000, 0x0000000085b00000|100%| O|  |TAMS 0x0000000085a00000, 0x0000000085a00000| Untracked 
|  53|0x0000000085b00000, 0x0000000085c00000, 0x0000000085c00000|100%| O|  |TAMS 0x0000000085b00000, 0x0000000085b00000| Untracked 
|  54|0x0000000085c00000, 0x0000000085d00000, 0x0000000085d00000|100%| O|  |TAMS 0x0000000085c00000, 0x0000000085c00000| Untracked 
|  55|0x0000000085d00000, 0x0000000085e00000, 0x0000000085e00000|100%| O|  |TAMS 0x0000000085d00000, 0x0000000085d00000| Untracked 
|  56|0x0000000085e00000, 0x0000000085f00000, 0x0000000085f00000|100%| O|  |TAMS 0x0000000085e00000, 0x0000000085e00000| Untracked 
|  57|0x0000000085f00000, 0x0000000086000000, 0x0000000086000000|100%| O|  |TAMS 0x0000000085f00000, 0x0000000085f00000| Untracked 
|  58|0x0000000086000000, 0x0000000086100000, 0x0000000086100000|100%| O|  |TAMS 0x0000000086000000, 0x0000000086000000| Untracked 
|  59|0x0000000086100000, 0x0000000086200000, 0x0000000086200000|100%| O|  |TAMS 0x0000000086100000, 0x0000000086100000| Untracked 
|  60|0x0000000086200000, 0x0000000086300000, 0x0000000086300000|100%| O|  |TAMS 0x0000000086200000, 0x0000000086200000| Untracked 
|  61|0x0000000086300000, 0x0000000086400000, 0x0000000086400000|100%|HS|  |TAMS 0x0000000086300000, 0x0000000086300000| Complete 
|  62|0x0000000086400000, 0x0000000086500000, 0x0000000086500000|100%|HC|  |TAMS 0x0000000086400000, 0x0000000086400000| Complete 
|  63|0x0000000086500000, 0x0000000086600000, 0x0000000086600000|100%| O|  |TAMS 0x0000000086500000, 0x0000000086500000| Untracked 
|  64|0x0000000086600000, 0x0000000086700000, 0x0000000086700000|100%| O|  |TAMS 0x0000000086600000, 0x0000000086600000| Untracked 
|  65|0x0000000086700000, 0x0000000086800000, 0x0000000086800000|100%| O|  |TAMS 0x0000000086700000, 0x0000000086700000| Untracked 
|  66|0x0000000086800000, 0x0000000086900000, 0x0000000086900000|100%| O|  |TAMS 0x0000000086800000, 0x0000000086800000| Untracked 
|  67|0x0000000086900000, 0x0000000086a00000, 0x0000000086a00000|100%| O|  |TAMS 0x0000000086900000, 0x0000000086900000| Untracked 
|  68|0x0000000086a00000, 0x0000000086b00000, 0x0000000086b00000|100%| O|  |TAMS 0x0000000086a00000, 0x0000000086a00000| Untracked 
|  69|0x0000000086b00000, 0x0000000086c00000, 0x0000000086c00000|100%| O|  |TAMS 0x0000000086b00000, 0x0000000086b00000| Untracked 
|  70|0x0000000086c00000, 0x0000000086d00000, 0x0000000086d00000|100%| O|  |TAMS 0x0000000086c00000, 0x0000000086c00000| Untracked 
|  71|0x0000000086d00000, 0x0000000086e00000, 0x0000000086e00000|100%| O|  |TAMS 0x0000000086d00000, 0x0000000086d00000| Untracked 
|  72|0x0000000086e00000, 0x0000000086f00000, 0x0000000086f00000|100%| O|  |TAMS 0x0000000086e00000, 0x0000000086e00000| Untracked 
|  73|0x0000000086f00000, 0x0000000087000000, 0x0000000087000000|100%| O|  |TAMS 0x0000000086f00000, 0x0000000086f00000| Untracked 
|  74|0x0000000087000000, 0x0000000087100000, 0x0000000087100000|100%| O|  |TAMS 0x0000000087000000, 0x0000000087000000| Untracked 
|  75|0x0000000087100000, 0x0000000087200000, 0x0000000087200000|100%| O|  |TAMS 0x0000000087100000, 0x0000000087100000| Untracked 
|  76|0x0000000087200000, 0x0000000087300000, 0x0000000087300000|100%| O|  |TAMS 0x0000000087200000, 0x0000000087200000| Untracked 
|  77|0x0000000087300000, 0x0000000087400000, 0x0000000087400000|100%| O|  |TAMS 0x0000000087300000, 0x0000000087300000| Untracked 
|  78|0x0000000087400000, 0x0000000087500000, 0x0000000087500000|100%| O|  |TAMS 0x0000000087400000, 0x0000000087400000| Untracked 
|  79|0x0000000087500000, 0x0000000087600000, 0x0000000087600000|100%| O|  |TAMS 0x0000000087500000, 0x0000000087500000| Untracked 
|  80|0x0000000087600000, 0x0000000087700000, 0x0000000087700000|100%| O|  |TAMS 0x0000000087600000, 0x0000000087600000| Untracked 
|  81|0x0000000087700000, 0x0000000087800000, 0x0000000087800000|100%| O|  |TAMS 0x0000000087700000, 0x0000000087700000| Untracked 
|  82|0x0000000087800000, 0x0000000087900000, 0x0000000087900000|100%| O|  |TAMS 0x0000000087800000, 0x0000000087800000| Untracked 
|  83|0x0000000087900000, 0x0000000087a00000, 0x0000000087a00000|100%| O|  |TAMS 0x0000000087900000, 0x0000000087900000| Untracked 
|  84|0x0000000087a00000, 0x0000000087b00000, 0x0000000087b00000|100%| O|  |TAMS 0x0000000087a00000, 0x0000000087a00000| Untracked 
|  85|0x0000000087b00000, 0x0000000087c00000, 0x0000000087c00000|100%| O|  |TAMS 0x0000000087b00000, 0x0000000087b00000| Untracked 
|  86|0x0000000087c00000, 0x0000000087d00000, 0x0000000087d00000|100%| O|  |TAMS 0x0000000087c00000, 0x0000000087c00000| Untracked 
|  87|0x0000000087d00000, 0x0000000087e00000, 0x0000000087e00000|100%| O|  |TAMS 0x0000000087d00000, 0x0000000087d00000| Untracked 
|  88|0x0000000087e00000, 0x0000000087f00000, 0x0000000087f00000|100%| O|  |TAMS 0x0000000087e00000, 0x0000000087e00000| Untracked 
|  89|0x0000000087f00000, 0x0000000088000000, 0x0000000088000000|100%| O|  |TAMS 0x0000000087f00000, 0x0000000087f00000| Untracked 
|  90|0x0000000088000000, 0x0000000088100000, 0x0000000088100000|100%| O|  |TAMS 0x0000000088000000, 0x0000000088000000| Untracked 
|  91|0x0000000088100000, 0x0000000088200000, 0x0000000088200000|100%| O|  |TAMS 0x0000000088100000, 0x0000000088100000| Untracked 
|  92|0x0000000088200000, 0x0000000088300000, 0x0000000088300000|100%| O|  |TAMS 0x0000000088200000, 0x0000000088200000| Untracked 
|  93|0x0000000088300000, 0x0000000088400000, 0x0000000088400000|100%| O|  |TAMS 0x0000000088300000, 0x0000000088300000| Untracked 
|  94|0x0000000088400000, 0x0000000088500000, 0x0000000088500000|100%| O|  |TAMS 0x0000000088400000, 0x0000000088400000| Untracked 
|  95|0x0000000088500000, 0x0000000088600000, 0x0000000088600000|100%| O|  |TAMS 0x0000000088500000, 0x0000000088500000| Untracked 
|  96|0x0000000088600000, 0x0000000088700000, 0x0000000088700000|100%| O|  |TAMS 0x0000000088600000, 0x0000000088600000| Untracked 
|  97|0x0000000088700000, 0x0000000088800000, 0x0000000088800000|100%| O|  |TAMS 0x0000000088700000, 0x0000000088700000| Untracked 
|  98|0x0000000088800000, 0x0000000088900000, 0x0000000088900000|100%| O|  |TAMS 0x0000000088800000, 0x0000000088800000| Untracked 
|  99|0x0000000088900000, 0x0000000088a00000, 0x0000000088a00000|100%| O|  |TAMS 0x0000000088900000, 0x0000000088900000| Untracked 
| 100|0x0000000088a00000, 0x0000000088b00000, 0x0000000088b00000|100%| O|  |TAMS 0x0000000088a00000, 0x0000000088a00000| Untracked 
| 101|0x0000000088b00000, 0x0000000088c00000, 0x0000000088c00000|100%| O|  |TAMS 0x0000000088b00000, 0x0000000088b00000| Untracked 
| 102|0x0000000088c00000, 0x0000000088d00000, 0x0000000088d00000|100%| O|  |TAMS 0x0000000088c00000, 0x0000000088c00000| Untracked 
| 103|0x0000000088d00000, 0x0000000088e00000, 0x0000000088e00000|100%| O|  |TAMS 0x0000000088d00000, 0x0000000088d00000| Untracked 
| 104|0x0000000088e00000, 0x0000000088f00000, 0x0000000088f00000|100%| O|  |TAMS 0x0000000088e00000, 0x0000000088e00000| Untracked 
| 105|0x0000000088f00000, 0x0000000089000000, 0x0000000089000000|100%| O|  |TAMS 0x0000000088f00000, 0x0000000088f00000| Untracked 
| 106|0x0000000089000000, 0x0000000089100000, 0x0000000089100000|100%| O|  |TAMS 0x0000000089000000, 0x0000000089000000| Untracked 
| 107|0x0000000089100000, 0x0000000089200000, 0x0000000089200000|100%| O|  |TAMS 0x0000000089100000, 0x0000000089100000| Untracked 
| 108|0x0000000089200000, 0x0000000089300000, 0x0000000089300000|100%| O|  |TAMS 0x0000000089200000, 0x0000000089200000| Untracked 
| 109|0x0000000089300000, 0x0000000089380000, 0x0000000089400000| 50%| O|  |TAMS 0x0000000089300000, 0x0000000089300000| Untracked 
| 110|0x0000000089400000, 0x0000000089400000, 0x0000000089500000|  0%| F|  |TAMS 0x0000000089400000, 0x0000000089400000| Untracked 
| 111|0x0000000089500000, 0x0000000089500000, 0x0000000089600000|  0%| F|  |TAMS 0x0000000089500000, 0x0000000089500000| Untracked 
| 112|0x0000000089600000, 0x0000000089600000, 0x0000000089700000|  0%| F|  |TAMS 0x0000000089600000, 0x0000000089600000| Untracked 
| 113|0x0000000089700000, 0x0000000089700000, 0x0000000089800000|  0%| F|  |TAMS 0x0000000089700000, 0x0000000089700000| Untracked 
| 114|0x0000000089800000, 0x0000000089800000, 0x0000000089900000|  0%| F|  |TAMS 0x0000000089800000, 0x0000000089800000| Untracked 
| 115|0x0000000089900000, 0x0000000089900000, 0x0000000089a00000|  0%| F|  |TAMS 0x0000000089900000, 0x0000000089900000| Untracked 
| 116|0x0000000089a00000, 0x0000000089a00000, 0x0000000089b00000|  0%| F|  |TAMS 0x0000000089a00000, 0x0000000089a00000| Untracked 
| 117|0x0000000089b00000, 0x0000000089b00000, 0x0000000089c00000|  0%| F|  |TAMS 0x0000000089b00000, 0x0000000089b00000| Untracked 
| 118|0x0000000089c00000, 0x0000000089c00000, 0x0000000089d00000|  0%| F|  |TAMS 0x0000000089c00000, 0x0000000089c00000| Untracked 
| 119|0x0000000089d00000, 0x0000000089d00000, 0x0000000089e00000|  0%| F|  |TAMS 0x0000000089d00000, 0x0000000089d00000| Untracked 
| 120|0x0000000089e00000, 0x0000000089e00000, 0x0000000089f00000|  0%| F|  |TAMS 0x0000000089e00000, 0x0000000089e00000| Untracked 
| 121|0x0000000089f00000, 0x0000000089f00000, 0x000000008a000000|  0%| F|  |TAMS 0x0000000089f00000, 0x0000000089f00000| Untracked 
| 122|0x000000008a000000, 0x000000008a000000, 0x000000008a100000|  0%| F|  |TAMS 0x000000008a000000, 0x000000008a000000| Untracked 
| 123|0x000000008a100000, 0x000000008a100000, 0x000000008a200000|  0%| F|  |TAMS 0x000000008a100000, 0x000000008a100000| Untracked 
| 124|0x000000008a200000, 0x000000008a200000, 0x000000008a300000|  0%| F|  |TAMS 0x000000008a200000, 0x000000008a200000| Untracked 
| 125|0x000000008a300000, 0x000000008a300000, 0x000000008a400000|  0%| F|  |TAMS 0x000000008a300000, 0x000000008a300000| Untracked 
| 126|0x000000008a400000, 0x000000008a400000, 0x000000008a500000|  0%| F|  |TAMS 0x000000008a400000, 0x000000008a400000| Untracked 
| 127|0x000000008a500000, 0x000000008a500000, 0x000000008a600000|  0%| F|  |TAMS 0x000000008a500000, 0x000000008a500000| Untracked 
| 128|0x000000008a600000, 0x000000008a600000, 0x000000008a700000|  0%| F|  |TAMS 0x000000008a600000, 0x000000008a600000| Untracked 
| 129|0x000000008a700000, 0x000000008a700000, 0x000000008a800000|  0%| F|  |TAMS 0x000000008a700000, 0x000000008a700000| Untracked 
| 130|0x000000008a800000, 0x000000008a800000, 0x000000008a900000|  0%| F|  |TAMS 0x000000008a800000, 0x000000008a800000| Untracked 
| 131|0x000000008a900000, 0x000000008a900000, 0x000000008aa00000|  0%| F|  |TAMS 0x000000008a900000, 0x000000008a900000| Untracked 
| 132|0x000000008aa00000, 0x000000008aa00000, 0x000000008ab00000|  0%| F|  |TAMS 0x000000008aa00000, 0x000000008aa00000| Untracked 
| 133|0x000000008ab00000, 0x000000008ab00000, 0x000000008ac00000|  0%| F|  |TAMS 0x000000008ab00000, 0x000000008ab00000| Untracked 
| 134|0x000000008ac00000, 0x000000008ac00000, 0x000000008ad00000|  0%| F|  |TAMS 0x000000008ac00000, 0x000000008ac00000| Untracked 
| 135|0x000000008ad00000, 0x000000008ad00000, 0x000000008ae00000|  0%| F|  |TAMS 0x000000008ad00000, 0x000000008ad00000| Untracked 
| 136|0x000000008ae00000, 0x000000008ae00000, 0x000000008af00000|  0%| F|  |TAMS 0x000000008ae00000, 0x000000008ae00000| Untracked 
| 137|0x000000008af00000, 0x000000008af00000, 0x000000008b000000|  0%| F|  |TAMS 0x000000008af00000, 0x000000008af00000| Untracked 
| 138|0x000000008b000000, 0x000000008b000000, 0x000000008b100000|  0%| F|  |TAMS 0x000000008b000000, 0x000000008b000000| Untracked 
| 139|0x000000008b100000, 0x000000008b100000, 0x000000008b200000|  0%| F|  |TAMS 0x000000008b100000, 0x000000008b100000| Untracked 
| 140|0x000000008b200000, 0x000000008b200000, 0x000000008b300000|  0%| F|  |TAMS 0x000000008b200000, 0x000000008b200000| Untracked 
| 141|0x000000008b300000, 0x000000008b300000, 0x000000008b400000|  0%| F|  |TAMS 0x000000008b300000, 0x000000008b300000| Untracked 
| 142|0x000000008b400000, 0x000000008b400000, 0x000000008b500000|  0%| F|  |TAMS 0x000000008b400000, 0x000000008b400000| Untracked 
| 143|0x000000008b500000, 0x000000008b500000, 0x000000008b600000|  0%| F|  |TAMS 0x000000008b500000, 0x000000008b500000| Untracked 
| 144|0x000000008b600000, 0x000000008b600000, 0x000000008b700000|  0%| F|  |TAMS 0x000000008b600000, 0x000000008b600000| Untracked 
| 145|0x000000008b700000, 0x000000008b700000, 0x000000008b800000|  0%| F|  |TAMS 0x000000008b700000, 0x000000008b700000| Untracked 
| 146|0x000000008b800000, 0x000000008b800000, 0x000000008b900000|  0%| F|  |TAMS 0x000000008b800000, 0x000000008b800000| Untracked 
| 147|0x000000008b900000, 0x000000008b900000, 0x000000008ba00000|  0%| F|  |TAMS 0x000000008b900000, 0x000000008b900000| Untracked 
| 148|0x000000008ba00000, 0x000000008ba00000, 0x000000008bb00000|  0%| F|  |TAMS 0x000000008ba00000, 0x000000008ba00000| Untracked 
| 149|0x000000008bb00000, 0x000000008bb00000, 0x000000008bc00000|  0%| F|  |TAMS 0x000000008bb00000, 0x000000008bb00000| Untracked 
| 150|0x000000008bc00000, 0x000000008bc00000, 0x000000008bd00000|  0%| F|  |TAMS 0x000000008bc00000, 0x000000008bc00000| Untracked 
| 151|0x000000008bd00000, 0x000000008bd00000, 0x000000008be00000|  0%| F|  |TAMS 0x000000008bd00000, 0x000000008bd00000| Untracked 
| 152|0x000000008be00000, 0x000000008be00000, 0x000000008bf00000|  0%| F|  |TAMS 0x000000008be00000, 0x000000008be00000| Untracked 
| 153|0x000000008bf00000, 0x000000008bf00000, 0x000000008c000000|  0%| F|  |TAMS 0x000000008bf00000, 0x000000008bf00000| Untracked 
| 154|0x000000008c000000, 0x000000008c000000, 0x000000008c100000|  0%| F|  |TAMS 0x000000008c000000, 0x000000008c000000| Untracked 
| 155|0x000000008c100000, 0x000000008c100000, 0x000000008c200000|  0%| F|  |TAMS 0x000000008c100000, 0x000000008c100000| Untracked 
| 156|0x000000008c200000, 0x000000008c200000, 0x000000008c300000|  0%| F|  |TAMS 0x000000008c200000, 0x000000008c200000| Untracked 
| 157|0x000000008c300000, 0x000000008c300000, 0x000000008c400000|  0%| F|  |TAMS 0x000000008c300000, 0x000000008c300000| Untracked 
| 158|0x000000008c400000, 0x000000008c400000, 0x000000008c500000|  0%| F|  |TAMS 0x000000008c400000, 0x000000008c400000| Untracked 
| 159|0x000000008c500000, 0x000000008c500000, 0x000000008c600000|  0%| F|  |TAMS 0x000000008c500000, 0x000000008c500000| Untracked 
| 160|0x000000008c600000, 0x000000008c600000, 0x000000008c700000|  0%| F|  |TAMS 0x000000008c600000, 0x000000008c600000| Untracked 
| 161|0x000000008c700000, 0x000000008c700000, 0x000000008c800000|  0%| F|  |TAMS 0x000000008c700000, 0x000000008c700000| Untracked 
| 162|0x000000008c800000, 0x000000008c800000, 0x000000008c900000|  0%| F|  |TAMS 0x000000008c800000, 0x000000008c800000| Untracked 
| 163|0x000000008c900000, 0x000000008c900000, 0x000000008ca00000|  0%| F|  |TAMS 0x000000008c900000, 0x000000008c900000| Untracked 
| 164|0x000000008ca00000, 0x000000008ca00000, 0x000000008cb00000|  0%| F|  |TAMS 0x000000008ca00000, 0x000000008ca00000| Untracked 
| 165|0x000000008cb00000, 0x000000008cb00000, 0x000000008cc00000|  0%| F|  |TAMS 0x000000008cb00000, 0x000000008cb00000| Untracked 
| 166|0x000000008cc00000, 0x000000008cce5260, 0x000000008cd00000| 89%| S|CS|TAMS 0x000000008cc00000, 0x000000008cc00000| Complete 
| 167|0x000000008cd00000, 0x000000008ce00000, 0x000000008ce00000|100%| S|CS|TAMS 0x000000008cd00000, 0x000000008cd00000| Complete 
| 168|0x000000008ce00000, 0x000000008cf00000, 0x000000008cf00000|100%| S|CS|TAMS 0x000000008ce00000, 0x000000008ce00000| Complete 
| 169|0x000000008cf00000, 0x000000008d000000, 0x000000008d000000|100%| S|CS|TAMS 0x000000008cf00000, 0x000000008cf00000| Complete 
| 170|0x000000008d000000, 0x000000008d100000, 0x000000008d100000|100%| S|CS|TAMS 0x000000008d000000, 0x000000008d000000| Complete 
| 171|0x000000008d100000, 0x000000008d100000, 0x000000008d200000|  0%| F|  |TAMS 0x000000008d100000, 0x000000008d100000| Untracked 
| 172|0x000000008d200000, 0x000000008d200000, 0x000000008d300000|  0%| F|  |TAMS 0x000000008d200000, 0x000000008d200000| Untracked 
| 173|0x000000008d300000, 0x000000008d300000, 0x000000008d400000|  0%| F|  |TAMS 0x000000008d300000, 0x000000008d300000| Untracked 
| 174|0x000000008d400000, 0x000000008d400000, 0x000000008d500000|  0%| F|  |TAMS 0x000000008d400000, 0x000000008d400000| Untracked 
| 175|0x000000008d500000, 0x000000008d500000, 0x000000008d600000|  0%| F|  |TAMS 0x000000008d500000, 0x000000008d500000| Untracked 
| 176|0x000000008d600000, 0x000000008d600000, 0x000000008d700000|  0%| F|  |TAMS 0x000000008d600000, 0x000000008d600000| Untracked 
| 177|0x000000008d700000, 0x000000008d700000, 0x000000008d800000|  0%| F|  |TAMS 0x000000008d700000, 0x000000008d700000| Untracked 
| 178|0x000000008d800000, 0x000000008d800000, 0x000000008d900000|  0%| F|  |TAMS 0x000000008d800000, 0x000000008d800000| Untracked 
| 179|0x000000008d900000, 0x000000008d900000, 0x000000008da00000|  0%| F|  |TAMS 0x000000008d900000, 0x000000008d900000| Untracked 
| 180|0x000000008da00000, 0x000000008da00000, 0x000000008db00000|  0%| F|  |TAMS 0x000000008da00000, 0x000000008da00000| Untracked 
| 181|0x000000008db00000, 0x000000008db00000, 0x000000008dc00000|  0%| F|  |TAMS 0x000000008db00000, 0x000000008db00000| Untracked 
| 182|0x000000008dc00000, 0x000000008dc00000, 0x000000008dd00000|  0%| F|  |TAMS 0x000000008dc00000, 0x000000008dc00000| Untracked 
| 183|0x000000008dd00000, 0x000000008dd00000, 0x000000008de00000|  0%| F|  |TAMS 0x000000008dd00000, 0x000000008dd00000| Untracked 
| 184|0x000000008de00000, 0x000000008de00000, 0x000000008df00000|  0%| F|  |TAMS 0x000000008de00000, 0x000000008de00000| Untracked 
| 185|0x000000008df00000, 0x000000008df00000, 0x000000008e000000|  0%| F|  |TAMS 0x000000008df00000, 0x000000008df00000| Untracked 
| 186|0x000000008e000000, 0x000000008e000000, 0x000000008e100000|  0%| F|  |TAMS 0x000000008e000000, 0x000000008e000000| Untracked 
| 187|0x000000008e100000, 0x000000008e100000, 0x000000008e200000|  0%| F|  |TAMS 0x000000008e100000, 0x000000008e100000| Untracked 
| 188|0x000000008e200000, 0x000000008e200000, 0x000000008e300000|  0%| F|  |TAMS 0x000000008e200000, 0x000000008e200000| Untracked 
| 189|0x000000008e300000, 0x000000008e300000, 0x000000008e400000|  0%| F|  |TAMS 0x000000008e300000, 0x000000008e300000| Untracked 
| 190|0x000000008e400000, 0x000000008e400000, 0x000000008e500000|  0%| F|  |TAMS 0x000000008e400000, 0x000000008e400000| Untracked 
| 191|0x000000008e500000, 0x000000008e500000, 0x000000008e600000|  0%| F|  |TAMS 0x000000008e500000, 0x000000008e500000| Untracked 
| 192|0x000000008e600000, 0x000000008e600000, 0x000000008e700000|  0%| F|  |TAMS 0x000000008e600000, 0x000000008e600000| Untracked 
| 193|0x000000008e700000, 0x000000008e700000, 0x000000008e800000|  0%| F|  |TAMS 0x000000008e700000, 0x000000008e700000| Untracked 
| 194|0x000000008e800000, 0x000000008e800000, 0x000000008e900000|  0%| F|  |TAMS 0x000000008e800000, 0x000000008e800000| Untracked 
| 195|0x000000008e900000, 0x000000008e900000, 0x000000008ea00000|  0%| F|  |TAMS 0x000000008e900000, 0x000000008e900000| Untracked 
| 196|0x000000008ea00000, 0x000000008ea00000, 0x000000008eb00000|  0%| F|  |TAMS 0x000000008ea00000, 0x000000008ea00000| Untracked 
| 197|0x000000008eb00000, 0x000000008eb00000, 0x000000008ec00000|  0%| F|  |TAMS 0x000000008eb00000, 0x000000008eb00000| Untracked 
| 198|0x000000008ec00000, 0x000000008ec00000, 0x000000008ed00000|  0%| F|  |TAMS 0x000000008ec00000, 0x000000008ec00000| Untracked 
| 199|0x000000008ed00000, 0x000000008ed00000, 0x000000008ee00000|  0%| F|  |TAMS 0x000000008ed00000, 0x000000008ed00000| Untracked 
| 200|0x000000008ee00000, 0x000000008ee00000, 0x000000008ef00000|  0%| F|  |TAMS 0x000000008ee00000, 0x000000008ee00000| Untracked 
| 201|0x000000008ef00000, 0x000000008ef00000, 0x000000008f000000|  0%| F|  |TAMS 0x000000008ef00000, 0x000000008ef00000| Untracked 
| 202|0x000000008f000000, 0x000000008f000000, 0x000000008f100000|  0%| F|  |TAMS 0x000000008f000000, 0x000000008f000000| Untracked 
| 203|0x000000008f100000, 0x000000008f100000, 0x000000008f200000|  0%| F|  |TAMS 0x000000008f100000, 0x000000008f100000| Untracked 
| 204|0x000000008f200000, 0x000000008f200000, 0x000000008f300000|  0%| F|  |TAMS 0x000000008f200000, 0x000000008f200000| Untracked 
| 205|0x000000008f300000, 0x000000008f300000, 0x000000008f400000|  0%| F|  |TAMS 0x000000008f300000, 0x000000008f300000| Untracked 
| 206|0x000000008f400000, 0x000000008f400000, 0x000000008f500000|  0%| F|  |TAMS 0x000000008f400000, 0x000000008f400000| Untracked 
| 207|0x000000008f500000, 0x000000008f500000, 0x000000008f600000|  0%| F|  |TAMS 0x000000008f500000, 0x000000008f500000| Untracked 
| 208|0x000000008f600000, 0x000000008f600000, 0x000000008f700000|  0%| F|  |TAMS 0x000000008f600000, 0x000000008f600000| Untracked 
| 209|0x000000008f700000, 0x000000008f700000, 0x000000008f800000|  0%| F|  |TAMS 0x000000008f700000, 0x000000008f700000| Untracked 
| 210|0x000000008f800000, 0x000000008f800000, 0x000000008f900000|  0%| F|  |TAMS 0x000000008f800000, 0x000000008f800000| Untracked 
| 211|0x000000008f900000, 0x000000008f900000, 0x000000008fa00000|  0%| F|  |TAMS 0x000000008f900000, 0x000000008f900000| Untracked 
| 212|0x000000008fa00000, 0x000000008fa00000, 0x000000008fb00000|  0%| F|  |TAMS 0x000000008fa00000, 0x000000008fa00000| Untracked 
| 213|0x000000008fb00000, 0x000000008fb00000, 0x000000008fc00000|  0%| F|  |TAMS 0x000000008fb00000, 0x000000008fb00000| Untracked 
| 214|0x000000008fc00000, 0x000000008fc00000, 0x000000008fd00000|  0%| F|  |TAMS 0x000000008fc00000, 0x000000008fc00000| Untracked 
| 215|0x000000008fd00000, 0x000000008fd00000, 0x000000008fe00000|  0%| F|  |TAMS 0x000000008fd00000, 0x000000008fd00000| Untracked 
| 216|0x000000008fe00000, 0x000000008fe00000, 0x000000008ff00000|  0%| F|  |TAMS 0x000000008fe00000, 0x000000008fe00000| Untracked 
| 217|0x000000008ff00000, 0x000000008ff00000, 0x0000000090000000|  0%| F|  |TAMS 0x000000008ff00000, 0x000000008ff00000| Untracked 
| 218|0x0000000090000000, 0x0000000090000000, 0x0000000090100000|  0%| F|  |TAMS 0x0000000090000000, 0x0000000090000000| Untracked 
| 219|0x0000000090100000, 0x0000000090100000, 0x0000000090200000|  0%| F|  |TAMS 0x0000000090100000, 0x0000000090100000| Untracked 
| 220|0x0000000090200000, 0x0000000090200000, 0x0000000090300000|  0%| F|  |TAMS 0x0000000090200000, 0x0000000090200000| Untracked 
| 221|0x0000000090300000, 0x0000000090300000, 0x0000000090400000|  0%| F|  |TAMS 0x0000000090300000, 0x0000000090300000| Untracked 
| 222|0x0000000090400000, 0x0000000090400000, 0x0000000090500000|  0%| F|  |TAMS 0x0000000090400000, 0x0000000090400000| Untracked 
| 223|0x0000000090500000, 0x0000000090500000, 0x0000000090600000|  0%| F|  |TAMS 0x0000000090500000, 0x0000000090500000| Untracked 
| 224|0x0000000090600000, 0x0000000090600000, 0x0000000090700000|  0%| F|  |TAMS 0x0000000090600000, 0x0000000090600000| Untracked 
| 225|0x0000000090700000, 0x0000000090700000, 0x0000000090800000|  0%| F|  |TAMS 0x0000000090700000, 0x0000000090700000| Untracked 
| 226|0x0000000090800000, 0x0000000090800000, 0x0000000090900000|  0%| F|  |TAMS 0x0000000090800000, 0x0000000090800000| Untracked 
| 227|0x0000000090900000, 0x0000000090900000, 0x0000000090a00000|  0%| F|  |TAMS 0x0000000090900000, 0x0000000090900000| Untracked 
| 228|0x0000000090a00000, 0x0000000090a00000, 0x0000000090b00000|  0%| F|  |TAMS 0x0000000090a00000, 0x0000000090a00000| Untracked 
| 229|0x0000000090b00000, 0x0000000090b00000, 0x0000000090c00000|  0%| F|  |TAMS 0x0000000090b00000, 0x0000000090b00000| Untracked 
| 230|0x0000000090c00000, 0x0000000090c00000, 0x0000000090d00000|  0%| F|  |TAMS 0x0000000090c00000, 0x0000000090c00000| Untracked 
| 231|0x0000000090d00000, 0x0000000090d00000, 0x0000000090e00000|  0%| F|  |TAMS 0x0000000090d00000, 0x0000000090d00000| Untracked 
| 232|0x0000000090e00000, 0x0000000090e00000, 0x0000000090f00000|  0%| F|  |TAMS 0x0000000090e00000, 0x0000000090e00000| Untracked 
| 233|0x0000000090f00000, 0x0000000090f00000, 0x0000000091000000|  0%| F|  |TAMS 0x0000000090f00000, 0x0000000090f00000| Untracked 
| 234|0x0000000091000000, 0x0000000091000000, 0x0000000091100000|  0%| F|  |TAMS 0x0000000091000000, 0x0000000091000000| Untracked 
| 235|0x0000000091100000, 0x0000000091100000, 0x0000000091200000|  0%| F|  |TAMS 0x0000000091100000, 0x0000000091100000| Untracked 
| 236|0x0000000091200000, 0x0000000091200000, 0x0000000091300000|  0%| F|  |TAMS 0x0000000091200000, 0x0000000091200000| Untracked 
| 237|0x0000000091300000, 0x0000000091300000, 0x0000000091400000|  0%| F|  |TAMS 0x0000000091300000, 0x0000000091300000| Untracked 
| 238|0x0000000091400000, 0x0000000091400000, 0x0000000091500000|  0%| F|  |TAMS 0x0000000091400000, 0x0000000091400000| Untracked 
| 239|0x0000000091500000, 0x0000000091500000, 0x0000000091600000|  0%| F|  |TAMS 0x0000000091500000, 0x0000000091500000| Untracked 
| 240|0x0000000091600000, 0x0000000091600000, 0x0000000091700000|  0%| F|  |TAMS 0x0000000091600000, 0x0000000091600000| Untracked 
| 241|0x0000000091700000, 0x0000000091700000, 0x0000000091800000|  0%| F|  |TAMS 0x0000000091700000, 0x0000000091700000| Untracked 
| 242|0x0000000091800000, 0x0000000091800000, 0x0000000091900000|  0%| F|  |TAMS 0x0000000091800000, 0x0000000091800000| Untracked 
| 243|0x0000000091900000, 0x0000000091900000, 0x0000000091a00000|  0%| F|  |TAMS 0x0000000091900000, 0x0000000091900000| Untracked 
| 244|0x0000000091a00000, 0x0000000091a00000, 0x0000000091b00000|  0%| F|  |TAMS 0x0000000091a00000, 0x0000000091a00000| Untracked 
| 245|0x0000000091b00000, 0x0000000091b00000, 0x0000000091c00000|  0%| F|  |TAMS 0x0000000091b00000, 0x0000000091b00000| Untracked 
| 246|0x0000000091c00000, 0x0000000091c00000, 0x0000000091d00000|  0%| F|  |TAMS 0x0000000091c00000, 0x0000000091c00000| Untracked 
| 247|0x0000000091d00000, 0x0000000091d00000, 0x0000000091e00000|  0%| F|  |TAMS 0x0000000091d00000, 0x0000000091d00000| Untracked 
| 248|0x0000000091e00000, 0x0000000091e00000, 0x0000000091f00000|  0%| F|  |TAMS 0x0000000091e00000, 0x0000000091e00000| Untracked 
| 249|0x0000000091f00000, 0x0000000091f00000, 0x0000000092000000|  0%| F|  |TAMS 0x0000000091f00000, 0x0000000091f00000| Untracked 
| 250|0x0000000092000000, 0x0000000092000000, 0x0000000092100000|  0%| F|  |TAMS 0x0000000092000000, 0x0000000092000000| Untracked 
| 251|0x0000000092100000, 0x0000000092100000, 0x0000000092200000|  0%| F|  |TAMS 0x0000000092100000, 0x0000000092100000| Untracked 
| 252|0x0000000092200000, 0x0000000092200000, 0x0000000092300000|  0%| F|  |TAMS 0x0000000092200000, 0x0000000092200000| Untracked 
| 253|0x0000000092300000, 0x0000000092300000, 0x0000000092400000|  0%| F|  |TAMS 0x0000000092300000, 0x0000000092300000| Untracked 
| 254|0x0000000092400000, 0x0000000092400000, 0x0000000092500000|  0%| F|  |TAMS 0x0000000092400000, 0x0000000092400000| Untracked 
| 255|0x0000000092500000, 0x0000000092500000, 0x0000000092600000|  0%| F|  |TAMS 0x0000000092500000, 0x0000000092500000| Untracked 
| 256|0x0000000092600000, 0x0000000092600000, 0x0000000092700000|  0%| F|  |TAMS 0x0000000092600000, 0x0000000092600000| Untracked 
| 257|0x0000000092700000, 0x0000000092700000, 0x0000000092800000|  0%| F|  |TAMS 0x0000000092700000, 0x0000000092700000| Untracked 
| 258|0x0000000092800000, 0x0000000092800000, 0x0000000092900000|  0%| F|  |TAMS 0x0000000092800000, 0x0000000092800000| Untracked 
| 259|0x0000000092900000, 0x0000000092900000, 0x0000000092a00000|  0%| F|  |TAMS 0x0000000092900000, 0x0000000092900000| Untracked 
| 260|0x0000000092a00000, 0x0000000092a00000, 0x0000000092b00000|  0%| F|  |TAMS 0x0000000092a00000, 0x0000000092a00000| Untracked 
| 261|0x0000000092b00000, 0x0000000092b00000, 0x0000000092c00000|  0%| F|  |TAMS 0x0000000092b00000, 0x0000000092b00000| Untracked 
| 262|0x0000000092c00000, 0x0000000092c00000, 0x0000000092d00000|  0%| F|  |TAMS 0x0000000092c00000, 0x0000000092c00000| Untracked 
| 263|0x0000000092d00000, 0x0000000092d00000, 0x0000000092e00000|  0%| F|  |TAMS 0x0000000092d00000, 0x0000000092d00000| Untracked 
| 264|0x0000000092e00000, 0x0000000092e00000, 0x0000000092f00000|  0%| F|  |TAMS 0x0000000092e00000, 0x0000000092e00000| Untracked 
| 265|0x0000000092f00000, 0x0000000092f00000, 0x0000000093000000|  0%| F|  |TAMS 0x0000000092f00000, 0x0000000092f00000| Untracked 
| 266|0x0000000093000000, 0x0000000093000000, 0x0000000093100000|  0%| F|  |TAMS 0x0000000093000000, 0x0000000093000000| Untracked 
| 267|0x0000000093100000, 0x0000000093100000, 0x0000000093200000|  0%| F|  |TAMS 0x0000000093100000, 0x0000000093100000| Untracked 
| 268|0x0000000093200000, 0x0000000093200000, 0x0000000093300000|  0%| F|  |TAMS 0x0000000093200000, 0x0000000093200000| Untracked 
| 269|0x0000000093300000, 0x0000000093300000, 0x0000000093400000|  0%| F|  |TAMS 0x0000000093300000, 0x0000000093300000| Untracked 
| 270|0x0000000093400000, 0x0000000093400000, 0x0000000093500000|  0%| F|  |TAMS 0x0000000093400000, 0x0000000093400000| Untracked 
| 271|0x0000000093500000, 0x0000000093500000, 0x0000000093600000|  0%| F|  |TAMS 0x0000000093500000, 0x0000000093500000| Untracked 
| 272|0x0000000093600000, 0x0000000093680800, 0x0000000093700000| 50%| E|  |TAMS 0x0000000093600000, 0x0000000093600000| Complete 
| 273|0x0000000093700000, 0x0000000093800000, 0x0000000093800000|100%| E|CS|TAMS 0x0000000093700000, 0x0000000093700000| Complete 
| 274|0x0000000093800000, 0x0000000093900000, 0x0000000093900000|100%| E|CS|TAMS 0x0000000093800000, 0x0000000093800000| Complete 
| 275|0x0000000093900000, 0x0000000093a00000, 0x0000000093a00000|100%| E|CS|TAMS 0x0000000093900000, 0x0000000093900000| Complete 
| 276|0x0000000093a00000, 0x0000000093b00000, 0x0000000093b00000|100%| E|CS|TAMS 0x0000000093a00000, 0x0000000093a00000| Complete 
| 277|0x0000000093b00000, 0x0000000093c00000, 0x0000000093c00000|100%| E|CS|TAMS 0x0000000093b00000, 0x0000000093b00000| Complete 
| 278|0x0000000093c00000, 0x0000000093d00000, 0x0000000093d00000|100%| E|CS|TAMS 0x0000000093c00000, 0x0000000093c00000| Complete 
| 279|0x0000000093d00000, 0x0000000093e00000, 0x0000000093e00000|100%| E|CS|TAMS 0x0000000093d00000, 0x0000000093d00000| Complete 
| 280|0x0000000093e00000, 0x0000000093f00000, 0x0000000093f00000|100%| E|CS|TAMS 0x0000000093e00000, 0x0000000093e00000| Complete 

Card table byte_map: [0x000002089cf90000,0x000002089d380000] _byte_map_base: 0x000002089cb7d000

Marking Bits (Prev, Next): (CMBitMap*) 0x000002088a728dd0, (CMBitMap*) 0x000002088a728e10
 Prev Bits: [0x000002089d770000, 0x000002089f6d8000)
 Next Bits: [0x000002089f6e0000, 0x00000208a1648000)

Polling page: 0x0000020889ea0000

Metaspace:

Usage:
  Non-class:     75.00 MB used.
      Class:      9.28 MB used.
       Both:     84.28 MB used.

Virtual space:
  Non-class space:       80.00 MB reserved,      75.19 MB ( 94%) committed,  10 nodes.
      Class space:        1.00 GB reserved,       9.44 MB ( <1%) committed,  1 nodes.
             Both:        1.08 GB reserved,      84.62 MB (  8%) committed. 

Chunk freelists:
   Non-Class:  3.88 MB
       Class:  2.55 MB
        Both:  6.42 MB

MaxMetaspaceSize: unlimited
CompressedClassSpaceSize: 1.00 GB
Initial GC threshold: 21.00 MB
Current GC threshold: 94.06 MB
CDS: off
MetaspaceReclaimPolicy: balanced
 - commit_granule_bytes: 65536.
 - commit_granule_words: 8192.
 - virtual_space_node_default_size: 1048576.
 - enlarge_chunks_in_place: 1.
 - new_chunks_are_fully_committed: 0.
 - uncommit_free_chunks: 1.
 - use_allocation_guard: 0.
 - handle_deallocations: 1.


Internal statistics:

num_allocs_failed_limit: 6.
num_arena_births: 388.
num_arena_deaths: 0.
num_vsnodes_births: 11.
num_vsnodes_deaths: 0.
num_space_committed: 1352.
num_space_uncommitted: 0.
num_chunks_returned_to_freelist: 6.
num_chunks_taken_from_freelist: 3211.
num_chunk_merges: 6.
num_chunk_splits: 2554.
num_chunks_enlarged: 2235.
num_purges: 0.
num_inconsistent_stats: 0.

CodeHeap 'non-profiled nmethods': size=120000Kb used=7214Kb max_used=7214Kb free=112785Kb
 bounds [0x0000020895670000, 0x0000020895d80000, 0x000002089cba0000]
CodeHeap 'profiled nmethods': size=120000Kb used=37213Kb max_used=37213Kb free=82786Kb
 bounds [0x000002088dba0000, 0x0000020890000000, 0x00000208950d0000]
CodeHeap 'non-nmethods': size=5760Kb used=1403Kb max_used=1538Kb free=4356Kb
 bounds [0x00000208950d0000, 0x0000020895340000, 0x0000020895670000]
 total_blobs=14386 nmethods=13654 adapters=640
 compilation: enabled
              stopped_count=0, restarted_count=0
 full_count=0

Compilation events (20 events):
Event: 21.888 Thread 0x00000208a4541a40 nmethod 16689 0x000002088fff4a10 code [0x000002088fff4c00, 0x000002088fff4ec8]
Event: 21.888 Thread 0x00000208a4541a40 16691       2       org.jetbrains.kotlin.ir.builders.ExpressionHelpersKt::irBoolean (44 bytes)
Event: 21.889 Thread 0x00000208a4541a40 nmethod 16691 0x000002088fff5090 code [0x000002088fff5280, 0x000002088fff5638]
Event: 21.889 Thread 0x00000208a4541a40 16692       2       org.jetbrains.kotlin.ir.builders.declarations.DeclarationBuildersKt::buildValueParameter (106 bytes)
Event: 21.890 Thread 0x00000208a4541a40 nmethod 16692 0x000002088fff5910 code [0x000002088fff5ca0, 0x000002088fff6948]
Event: 21.890 Thread 0x00000208a4541a40 16693       2       org.jetbrains.kotlin.ir.builders.declarations.IrValueParameterBuilder::getType (17 bytes)
Event: 21.890 Thread 0x00000208a4541a40 nmethod 16693 0x000002088fff7290 code [0x000002088fff74a0, 0x000002088fff7838]
Event: 21.890 Thread 0x00000208a4541a40 16694       2       org.jetbrains.kotlin.backend.jvm.ir.IrInlineReferenceLocator::visitConstructor (13 bytes)
Event: 21.891 Thread 0x00000208a4541a40 nmethod 16694 0x000002088fff7a90 code [0x000002088fff7c80, 0x000002088fff7fc8]
Event: 21.900 Thread 0x00000208a4541a40 16695       2       org.jetbrains.kotlin.backend.jvm.lower.JvmStringConcatenationLowering::isAppendFunction (35 bytes)
Event: 21.900 Thread 0x00000208a4541a40 nmethod 16695 0x000002088fff8210 code [0x000002088fff83e0, 0x000002088fff8608]
Event: 21.901 Thread 0x00000208a4541a40 16696       2       org.jetbrains.kotlin.ir.expressions.IrGetEnumValue::<init> (5 bytes)
Event: 21.901 Thread 0x00000208a4541a40 nmethod 16696 0x000002088fff8790 code [0x000002088fff8920, 0x000002088fff8a78]
Event: 21.901 Thread 0x00000208a4541a40 16697       1       org.jetbrains.kotlin.ir.expressions.impl.IrGetEnumValueImpl::getType (5 bytes)
Event: 21.901 Thread 0x00000208a4541a40 nmethod 16697 0x0000020895d7b490 code [0x0000020895d7b620, 0x0000020895d7b6f8]
Event: 21.901 Thread 0x00000208a4541a40 16698       1       org.jetbrains.kotlin.ir.expressions.impl.IrGetEnumValueImpl::getSymbol (5 bytes)
Event: 21.901 Thread 0x00000208a4541a40 nmethod 16698 0x0000020895d7b790 code [0x0000020895d7b920, 0x0000020895d7b9f8]
Event: 21.901 Thread 0x00000208a4541a40 16699       2       org.jetbrains.kotlin.ir.expressions.IrWhileLoop::acceptChildren (35 bytes)
Event: 21.902 Thread 0x00000208a4541a40 nmethod 16699 0x000002088fff8b10 code [0x000002088fff8d80, 0x000002088fff9318]
Event: 21.906 Thread 0x00000208a4541a40 16700       2       org.jetbrains.kotlin.ir.visitors.IrElementVisitorVoid$DefaultImpls::visitWhileLoop (15 bytes)

GC Heap History (20 events):
Event: 8.219 GC heap after
{Heap after GC invocations=27 (full 0):
 garbage-first heap   total 143360K, used 45211K [0x0000000082600000, 0x0000000100000000)
  region size 1024K, 2 young (2048K), 2 survivors (2048K)
 Metaspace       used 57307K, committed 57600K, reserved 1105920K
  class space    used 6805K, committed 6912K, reserved 1048576K
}
Event: 9.245 GC heap before
{Heap before GC invocations=28 (full 0):
 garbage-first heap   total 143360K, used 102555K [0x0000000082600000, 0x0000000100000000)
  region size 1024K, 58 young (59392K), 2 survivors (2048K)
 Metaspace       used 58551K, committed 58816K, reserved 1105920K
  class space    used 6864K, committed 6976K, reserved 1048576K
}
Event: 9.261 GC heap after
{Heap after GC invocations=29 (full 0):
 garbage-first heap   total 143360K, used 55351K [0x0000000082600000, 0x0000000100000000)
  region size 1024K, 8 young (8192K), 8 survivors (8192K)
 Metaspace       used 58551K, committed 58816K, reserved 1105920K
  class space    used 6864K, committed 6976K, reserved 1048576K
}
Event: 9.273 GC heap before
{Heap before GC invocations=29 (full 0):
 garbage-first heap   total 143360K, used 56375K [0x0000000082600000, 0x0000000100000000)
  region size 1024K, 9 young (9216K), 8 survivors (8192K)
 Metaspace       used 58553K, committed 58816K, reserved 1105920K
  class space    used 6864K, committed 6976K, reserved 1048576K
}
Event: 9.282 GC heap after
{Heap after GC invocations=30 (full 0):
 garbage-first heap   total 143360K, used 56526K [0x0000000082600000, 0x0000000100000000)
  region size 1024K, 1 young (1024K), 1 survivors (1024K)
 Metaspace       used 58553K, committed 58816K, reserved 1105920K
  class space    used 6864K, committed 6976K, reserved 1048576K
}
Event: 9.623 GC heap before
{Heap before GC invocations=30 (full 0):
 garbage-first heap   total 143360K, used 101582K [0x0000000082600000, 0x0000000100000000)
  region size 1024K, 45 young (46080K), 1 survivors (1024K)
 Metaspace       used 58729K, committed 59072K, reserved 1105920K
  class space    used 6884K, committed 7040K, reserved 1048576K
}
Event: 9.630 GC heap after
{Heap after GC invocations=31 (full 0):
 garbage-first heap   total 143360K, used 60978K [0x0000000082600000, 0x0000000100000000)
  region size 1024K, 6 young (6144K), 6 survivors (6144K)
 Metaspace       used 58729K, committed 59072K, reserved 1105920K
  class space    used 6884K, committed 7040K, reserved 1048576K
}
Event: 9.782 GC heap before
{Heap before GC invocations=31 (full 0):
 garbage-first heap   total 143360K, used 103986K [0x0000000082600000, 0x0000000100000000)
  region size 1024K, 48 young (49152K), 6 survivors (6144K)
 Metaspace       used 58743K, committed 59072K, reserved 1105920K
  class space    used 6885K, committed 7040K, reserved 1048576K
}
Event: 9.787 GC heap after
{Heap after GC invocations=32 (full 0):
 garbage-first heap   total 143360K, used 62015K [0x0000000082600000, 0x0000000100000000)
  region size 1024K, 1 young (1024K), 1 survivors (1024K)
 Metaspace       used 58743K, committed 59072K, reserved 1105920K
  class space    used 6885K, committed 7040K, reserved 1048576K
}
Event: 9.865 GC heap before
{Heap before GC invocations=32 (full 0):
 garbage-first heap   total 143360K, used 110143K [0x0000000082600000, 0x0000000100000000)
  region size 1024K, 48 young (49152K), 1 survivors (1024K)
 Metaspace       used 58743K, committed 59072K, reserved 1105920K
  class space    used 6885K, committed 7040K, reserved 1048576K
}
Event: 9.867 GC heap after
{Heap after GC invocations=33 (full 0):
 garbage-first heap   total 287744K, used 61350K [0x0000000082600000, 0x0000000100000000)
  region size 1024K, 1 young (1024K), 1 survivors (1024K)
 Metaspace       used 58743K, committed 59072K, reserved 1105920K
  class space    used 6885K, committed 7040K, reserved 1048576K
}
Event: 15.391 GC heap before
{Heap before GC invocations=33 (full 0):
 garbage-first heap   total 287744K, used 220070K [0x0000000082600000, 0x0000000100000000)
  region size 1024K, 153 young (156672K), 1 survivors (1024K)
 Metaspace       used 67896K, committed 68288K, reserved 1114112K
  class space    used 7754K, committed 7936K, reserved 1048576K
}
Event: 15.412 GC heap after
{Heap after GC invocations=34 (full 0):
 garbage-first heap   total 287744K, used 79818K [0x0000000082600000, 0x0000000100000000)
  region size 1024K, 17 young (17408K), 17 survivors (17408K)
 Metaspace       used 67896K, committed 68288K, reserved 1114112K
  class space    used 7754K, committed 7936K, reserved 1048576K
}
Event: 18.750 GC heap before
{Heap before GC invocations=34 (full 0):
 garbage-first heap   total 287744K, used 204746K [0x0000000082600000, 0x0000000100000000)
  region size 1024K, 139 young (142336K), 17 survivors (17408K)
 Metaspace       used 75735K, committed 76032K, reserved 1122304K
  class space    used 8490K, committed 8640K, reserved 1048576K
}
Event: 18.776 GC heap after
{Heap after GC invocations=35 (full 0):
 garbage-first heap   total 287744K, used 91444K [0x0000000082600000, 0x0000000100000000)
  region size 1024K, 12 young (12288K), 12 survivors (12288K)
 Metaspace       used 75735K, committed 76032K, reserved 1122304K
  class space    used 8490K, committed 8640K, reserved 1048576K
}
Event: 20.717 GC heap before
{Heap before GC invocations=35 (full 0):
 garbage-first heap   total 287744K, used 213300K [0x0000000082600000, 0x0000000100000000)
  region size 1024K, 131 young (134144K), 12 survivors (12288K)
 Metaspace       used 84521K, committed 84800K, reserved 1130496K
  class space    used 9447K, committed 9600K, reserved 1048576K
}
Event: 20.744 GC heap after
{Heap after GC invocations=36 (full 0):
 garbage-first heap   total 287744K, used 111616K [0x0000000082600000, 0x0000000100000000)
  region size 1024K, 17 young (17408K), 17 survivors (17408K)
 Metaspace       used 84521K, committed 84800K, reserved 1130496K
  class space    used 9447K, committed 9600K, reserved 1048576K
}
Event: 21.493 GC heap before
{Heap before GC invocations=36 (full 0):
 garbage-first heap   total 287744K, used 218112K [0x0000000082600000, 0x0000000100000000)
  region size 1024K, 121 young (123904K), 17 survivors (17408K)
 Metaspace       used 85917K, committed 86272K, reserved 1130496K
  class space    used 9491K, committed 9664K, reserved 1048576K
}
Event: 21.511 GC heap after
{Heap after GC invocations=37 (full 0):
 garbage-first heap   total 287744K, used 115712K [0x0000000082600000, 0x0000000100000000)
  region size 1024K, 4 young (4096K), 4 survivors (4096K)
 Metaspace       used 85917K, committed 86272K, reserved 1130496K
  class space    used 9491K, committed 9664K, reserved 1048576K
}
Event: 21.907 GC heap before
{Heap before GC invocations=37 (full 0):
 garbage-first heap   total 287744K, used 224256K [0x0000000082600000, 0x0000000100000000)
  region size 1024K, 110 young (112640K), 4 survivors (4096K)
 Metaspace       used 86186K, committed 86528K, reserved 1130496K
  class space    used 9494K, committed 9664K, reserved 1048576K
}

Dll operation events (2 events):
Event: 0.012 Loaded shared library E:\Android studio 2022.1.3\jbr\bin\java.dll
Event: 1.196 Loaded shared library E:\Android studio 2022.1.3\jbr\bin\verify.dll

Deoptimization events (20 events):
Event: 21.315 Thread 0x000002088858d7e0 Uncommon trap: trap_request=0xffffffc6 fr.pc=0x0000020895caf47c relative=0x000000000000005c
Event: 21.315 Thread 0x000002088858d7e0 Uncommon trap: reason=bimorphic_or_optimized_type_check action=maybe_recompile pc=0x0000020895caf47c method=org.jetbrains.kotlin.ir.visitors.IrElementVisitorVoid$DefaultImpls.visitGetValue(Lorg/jetbrains/kotlin/ir/visitors/IrElementVisitorVoid;Lorg/jetbra
Event: 21.315 Thread 0x000002088858d7e0 DEOPT PACKING pc=0x0000020895caf47c sp=0x0000006923ffc250
Event: 21.315 Thread 0x000002088858d7e0 DEOPT UNPACKING pc=0x00000208951269a3 sp=0x0000006923ffc1e8 mode 2
Event: 21.315 Thread 0x000002088858d7e0 Uncommon trap: trap_request=0xffffffc6 fr.pc=0x0000020895caf47c relative=0x000000000000005c
Event: 21.315 Thread 0x000002088858d7e0 Uncommon trap: reason=bimorphic_or_optimized_type_check action=maybe_recompile pc=0x0000020895caf47c method=org.jetbrains.kotlin.ir.visitors.IrElementVisitorVoid$DefaultImpls.visitGetValue(Lorg/jetbrains/kotlin/ir/visitors/IrElementVisitorVoid;Lorg/jetbra
Event: 21.315 Thread 0x000002088858d7e0 DEOPT PACKING pc=0x0000020895caf47c sp=0x0000006923ffc250
Event: 21.315 Thread 0x000002088858d7e0 DEOPT UNPACKING pc=0x00000208951269a3 sp=0x0000006923ffc1e8 mode 2
Event: 21.315 Thread 0x000002088858d7e0 Uncommon trap: trap_request=0xffffffc6 fr.pc=0x0000020895caf47c relative=0x000000000000005c
Event: 21.315 Thread 0x000002088858d7e0 Uncommon trap: reason=bimorphic_or_optimized_type_check action=maybe_recompile pc=0x0000020895caf47c method=org.jetbrains.kotlin.ir.visitors.IrElementVisitorVoid$DefaultImpls.visitGetValue(Lorg/jetbrains/kotlin/ir/visitors/IrElementVisitorVoid;Lorg/jetbra
Event: 21.315 Thread 0x000002088858d7e0 DEOPT PACKING pc=0x0000020895caf47c sp=0x0000006923ffc8b0
Event: 21.315 Thread 0x000002088858d7e0 DEOPT UNPACKING pc=0x00000208951269a3 sp=0x0000006923ffc848 mode 2
Event: 21.315 Thread 0x000002088858d7e0 Uncommon trap: trap_request=0xffffffc6 fr.pc=0x0000020895caf47c relative=0x000000000000005c
Event: 21.315 Thread 0x000002088858d7e0 Uncommon trap: reason=bimorphic_or_optimized_type_check action=maybe_recompile pc=0x0000020895caf47c method=org.jetbrains.kotlin.ir.visitors.IrElementVisitorVoid$DefaultImpls.visitGetValue(Lorg/jetbrains/kotlin/ir/visitors/IrElementVisitorVoid;Lorg/jetbra
Event: 21.315 Thread 0x000002088858d7e0 DEOPT PACKING pc=0x0000020895caf47c sp=0x0000006923ffb860
Event: 21.315 Thread 0x000002088858d7e0 DEOPT UNPACKING pc=0x00000208951269a3 sp=0x0000006923ffb7f8 mode 2
Event: 21.371 Thread 0x000002088858d7e0 DEOPT PACKING pc=0x000002088fe00c52 sp=0x0000006923ffe150
Event: 21.371 Thread 0x000002088858d7e0 DEOPT UNPACKING pc=0x0000020895127143 sp=0x0000006923ffd6e0 mode 0
Event: 21.472 Thread 0x000002088858d7e0 DEOPT PACKING pc=0x000002088fe9cb9e sp=0x0000006923ffdf90
Event: 21.472 Thread 0x000002088858d7e0 DEOPT UNPACKING pc=0x0000020895127143 sp=0x0000006923ffd510 mode 0

Classes unloaded (0 events):
No events

Classes redefined (0 events):
No events

Internal exceptions (20 events):
Event: 10.600 Thread 0x000002088858d7e0 Implicit null exception at 0x00000208959257c6 to 0x000002089592b818
Event: 10.600 Thread 0x000002088858d7e0 Implicit null exception at 0x0000020895911946 to 0x00000208959175e0
Event: 10.600 Thread 0x000002088858d7e0 Implicit null exception at 0x0000020895952210 to 0x0000020895954a38
Event: 10.607 Thread 0x000002088858d7e0 Implicit null exception at 0x000002089594e273 to 0x000002089594ea78
Event: 10.724 Thread 0x000002088858d7e0 Exception <a 'java/lang/NoSuchMethodError'{0x0000000091c8c6a0}: 'java.lang.Object java.lang.invoke.DirectMethodHandle$Holder.newInvokeSpecial(java.lang.Object, java.lang.Object, java.lang.Object, java.lang.Object, java.lang.Object, java.lang.Object, java.lang.Object)'> (0x0000000091c8c6a0) 
thrown [s\src\hotspot\share\interpreter\linkResolver.cpp, line 771]
Event: 10.724 Thread 0x000002088858d7e0 Exception <a 'java/lang/NoSuchMethodError'{0x0000000091c91258}: 'java.lang.Object java.lang.invoke.Invokers$Holder.linkToTargetMethod(java.lang.Object, java.lang.Object, java.lang.Object, java.lang.Object, java.lang.Object, java.lang.Object, java.lang.Object)'> (0x0000000091c91258) 
thrown [s\src\hotspot\share\interpreter\linkResolver.cpp, line 771]
Event: 10.968 Thread 0x000002088858d7e0 Exception <a 'java/lang/NoSuchMethodError'{0x0000000090f045e0}: 'java.lang.Object java.lang.invoke.DirectMethodHandle$Holder.invokeStatic(java.lang.Object, int, java.lang.Object)'> (0x0000000090f045e0) 
thrown [s\src\hotspot\share\interpreter\linkResolver.cpp, line 771]
Event: 14.376 Thread 0x000002088858d7e0 Exception <a 'java/lang/NoSuchMethodError'{0x000000008b98c898}: 'int java.lang.invoke.DirectMethodHandle$Holder.invokeVirtual(java.lang.Object, java.lang.Object, java.lang.Object)'> (0x000000008b98c898) 
thrown [s\src\hotspot\share\interpreter\linkResolver.cpp, line 771]
Event: 14.560 Thread 0x000002088858d7e0 Exception <a 'java/lang/IncompatibleClassChangeError'{0x000000008b555460}: Found class java.lang.Object, but interface was expected> (0x000000008b555460) 
thrown [s\src\hotspot\share\interpreter\linkResolver.cpp, line 838]
Event: 15.557 Thread 0x000002088858d7e0 Implicit null exception at 0x0000020895ae2191 to 0x0000020895ae293c
Event: 16.260 Thread 0x000002088858d7e0 Implicit null exception at 0x00000208956d6860 to 0x00000208956d68fa
Event: 17.173 Thread 0x000002088858d7e0 Implicit null exception at 0x0000020895a564f5 to 0x0000020895a56c40
Event: 17.185 Thread 0x000002088858d7e0 Implicit null exception at 0x0000020895a928f2 to 0x0000020895a93020
Event: 17.732 Thread 0x000002088858d7e0 Implicit null exception at 0x00000208958fc057 to 0x00000208958fc5b8
Event: 17.745 Thread 0x000002088858d7e0 Implicit null exception at 0x00000208958fcf61 to 0x00000208958fd54c
Event: 17.925 Thread 0x000002088858d7e0 Exception <a 'java/lang/NoSuchMethodError'{0x000000008e78bb08}: 'java.lang.Object java.lang.invoke.DirectMethodHandle$Holder.invokeStaticInit(java.lang.Object, java.lang.Object, java.lang.Object, java.lang.Object)'> (0x000000008e78bb08) 
thrown [s\src\hotspot\share\interpreter\linkResolver.cpp, line 771]
Event: 18.242 Thread 0x000002088858d7e0 Exception <a 'java/lang/NoSuchMethodError'{0x000000008daa93c8}: 'java.lang.Object java.lang.invoke.DirectMethodHandle$Holder.newInvokeSpecial(java.lang.Object, java.lang.Object, java.lang.Object, int, int)'> (0x000000008daa93c8) 
thrown [s\src\hotspot\share\interpreter\linkResolver.cpp, line 771]
Event: 18.243 Thread 0x000002088858d7e0 Exception <a 'java/lang/NoSuchMethodError'{0x000000008daad208}: 'java.lang.Object java.lang.invoke.DirectMethodHandle$Holder.invokeSpecial(java.lang.Object, java.lang.Object, java.lang.Object, java.lang.Object, int, int)'> (0x000000008daad208) 
thrown [s\src\hotspot\share\interpreter\linkResolver.cpp, line 771]
Event: 18.303 Thread 0x000002088858d7e0 Exception <a 'java/lang/NoSuchMethodError'{0x000000008d88bc40}: 'java.lang.Object java.lang.invoke.DirectMethodHandle$Holder.invokeSpecial(java.lang.Object, java.lang.Object, int, int, java.lang.Object, java.lang.Object, java.lang.Object, java.lang.Object, java.lang.Object)'> (0x000000008d88bc40) 
thrown [s\src\hotspot\share\interpreter\linkResolver.cpp, line 771]
Event: 18.954 Thread 0x000002088858d7e0 Implicit null exception at 0x00000208956da616 to 0x00000208956da8ec

VM Operations (20 events):
Event: 20.635 Executing VM operation: ICBufferFull done
Event: 20.717 Executing VM operation: G1CollectForAllocation
Event: 20.744 Executing VM operation: G1CollectForAllocation done
Event: 20.851 Executing VM operation: HandshakeAllThreads
Event: 20.851 Executing VM operation: HandshakeAllThreads done
Event: 20.878 Executing VM operation: ICBufferFull
Event: 20.879 Executing VM operation: ICBufferFull done
Event: 20.968 Executing VM operation: ICBufferFull
Event: 20.968 Executing VM operation: ICBufferFull done
Event: 21.133 Executing VM operation: ICBufferFull
Event: 21.133 Executing VM operation: ICBufferFull done
Event: 21.239 Executing VM operation: ICBufferFull
Event: 21.239 Executing VM operation: ICBufferFull done
Event: 21.407 Executing VM operation: ICBufferFull
Event: 21.408 Executing VM operation: ICBufferFull done
Event: 21.456 Executing VM operation: HandshakeAllThreads
Event: 21.456 Executing VM operation: HandshakeAllThreads done
Event: 21.493 Executing VM operation: G1CollectForAllocation
Event: 21.511 Executing VM operation: G1CollectForAllocation done
Event: 21.907 Executing VM operation: G1CollectForAllocation

Events (20 events):
Event: 20.878 Thread 0x00000208a45266c0 flushing nmethod 0x000002088f7ac710
Event: 20.879 Thread 0x00000208a45266c0 flushing nmethod 0x000002088f915a10
Event: 20.879 Thread 0x00000208a45266c0 flushing nmethod 0x000002088f91c310
Event: 20.879 Thread 0x00000208a45266c0 flushing nmethod 0x000002088f92a890
Event: 20.880 Thread 0x00000208a45266c0 flushing nmethod 0x000002088f944010
Event: 20.880 Thread 0x00000208a45266c0 flushing nmethod 0x000002088f94c290
Event: 20.880 Thread 0x00000208a45266c0 flushing nmethod 0x000002088f94fe90
Event: 20.880 Thread 0x00000208a45266c0 flushing nmethod 0x000002088f954210
Event: 20.880 Thread 0x00000208a45266c0 flushing nmethod 0x000002088f955610
Event: 20.880 Thread 0x00000208a45266c0 flushing nmethod 0x000002088f982f90
Event: 20.880 Thread 0x00000208a45266c0 flushing nmethod 0x000002088f988710
Event: 20.880 Thread 0x00000208a45266c0 flushing nmethod 0x000002088f9e3310
Event: 20.880 Thread 0x00000208a45266c0 flushing nmethod 0x000002088f9e9a10
Event: 20.880 Thread 0x00000208a45266c0 flushing nmethod 0x000002088f9f4310
Event: 20.880 Thread 0x00000208a45266c0 flushing nmethod 0x000002088f9fba10
Event: 20.880 Thread 0x00000208a45266c0 flushing nmethod 0x000002088f9fc690
Event: 20.880 Thread 0x00000208a45266c0 flushing nmethod 0x000002088f9fd310
Event: 20.880 Thread 0x00000208a45266c0 flushing nmethod 0x000002088fa02710
Event: 20.880 Thread 0x00000208a45266c0 flushing nmethod 0x000002088fa06110
Event: 20.880 Thread 0x00000208a45266c0 flushing nmethod 0x000002088fa15210


Dynamic libraries:
0x00007ff785790000 - 0x00007ff78579a000 	E:\Android studio 2022.1.3\jbr\bin\java.exe
0x00007ffeaa5b0000 - 0x00007ffeaa7a8000 	C:\WINDOWS\SYSTEM32\ntdll.dll
0x00007ffe807c0000 - 0x00007ffe807d9000 	C:\Program Files\Avast Software\Avast\aswhook.dll
0x00007ffea9f10000 - 0x00007ffea9fcf000 	C:\WINDOWS\System32\KERNEL32.DLL
0x00007ffea8260000 - 0x00007ffea8556000 	C:\WINDOWS\System32\KERNELBASE.dll
0x00007ffea7fa0000 - 0x00007ffea80a0000 	C:\WINDOWS\System32\ucrtbase.dll
0x00007ffe900c0000 - 0x00007ffe900db000 	E:\Android studio 2022.1.3\jbr\bin\VCRUNTIME140.dll
0x00007ffe8dfc0000 - 0x00007ffe8dfd7000 	E:\Android studio 2022.1.3\jbr\bin\jli.dll
0x00007ffeaa120000 - 0x00007ffeaa2bd000 	C:\WINDOWS\System32\USER32.dll
0x00007ffe8c460000 - 0x00007ffe8c6fa000 	C:\WINDOWS\WinSxS\amd64_microsoft.windows.common-controls_6595b64144ccf1df_6.0.19041.1110_none_60b5254171f9507e\COMCTL32.dll
0x00007ffea8230000 - 0x00007ffea8252000 	C:\WINDOWS\System32\win32u.dll
0x00007ffeaa3f0000 - 0x00007ffeaa48e000 	C:\WINDOWS\System32\msvcrt.dll
0x00007ffea8cb0000 - 0x00007ffea8cdc000 	C:\WINDOWS\System32\GDI32.dll
0x00007ffea7e80000 - 0x00007ffea7f95000 	C:\WINDOWS\System32\gdi32full.dll
0x00007ffea7d50000 - 0x00007ffea7ded000 	C:\WINDOWS\System32\msvcp_win.dll
0x00007ffeaa4b0000 - 0x00007ffeaa4e0000 	C:\WINDOWS\System32\IMM32.DLL
0x00007ffe8f840000 - 0x00007ffe8f84c000 	E:\Android studio 2022.1.3\jbr\bin\vcruntime140_1.dll
0x00007ffe6d620000 - 0x00007ffe6d6ad000 	E:\Android studio 2022.1.3\jbr\bin\msvcp140.dll
0x00007ffe6b080000 - 0x00007ffe6bcee000 	E:\Android studio 2022.1.3\jbr\bin\server\jvm.dll
0x00007ffeaa070000 - 0x00007ffeaa11f000 	C:\WINDOWS\System32\ADVAPI32.dll
0x00007ffea9fd0000 - 0x00007ffeaa06c000 	C:\WINDOWS\System32\sechost.dll
0x00007ffea87c0000 - 0x00007ffea88e6000 	C:\WINDOWS\System32\RPCRT4.dll
0x00007ffea63a0000 - 0x00007ffea63aa000 	C:\WINDOWS\SYSTEM32\VERSION.dll
0x00007ffe95960000 - 0x00007ffe95969000 	C:\WINDOWS\SYSTEM32\WSOCK32.dll
0x00007ffe8c7b0000 - 0x00007ffe8c7d7000 	C:\WINDOWS\SYSTEM32\WINMM.dll
0x00007ffea9e40000 - 0x00007ffea9eab000 	C:\WINDOWS\System32\WS2_32.dll
0x00007ffea64b0000 - 0x00007ffea64c2000 	C:\WINDOWS\SYSTEM32\kernel.appcore.dll
0x00007ffe92a00000 - 0x00007ffe92a0a000 	E:\Android studio 2022.1.3\jbr\bin\jimage.dll
0x00007ffe99f20000 - 0x00007ffe9a104000 	C:\WINDOWS\SYSTEM32\DBGHELP.DLL
0x00007ffe99dc0000 - 0x00007ffe99df4000 	C:\WINDOWS\SYSTEM32\dbgcore.DLL
0x00007ffea7df0000 - 0x00007ffea7e72000 	C:\WINDOWS\System32\bcryptPrimitives.dll
0x00007ffe8eb60000 - 0x00007ffe8eb85000 	E:\Android studio 2022.1.3\jbr\bin\java.dll
0x00007ffe8f810000 - 0x00007ffe8f828000 	E:\Android studio 2022.1.3\jbr\bin\zip.dll
0x00007ffea8d80000 - 0x00007ffea94c4000 	C:\WINDOWS\System32\SHELL32.dll
0x00007ffea5c00000 - 0x00007ffea6393000 	C:\WINDOWS\SYSTEM32\windows.storage.dll
0x00007ffea88f0000 - 0x00007ffea8c44000 	C:\WINDOWS\System32\combase.dll
0x00007ffea7520000 - 0x00007ffea754e000 	C:\WINDOWS\SYSTEM32\Wldp.dll
0x00007ffea94d0000 - 0x00007ffea957d000 	C:\WINDOWS\System32\SHCORE.dll
0x00007ffea9de0000 - 0x00007ffea9e35000 	C:\WINDOWS\System32\shlwapi.dll
0x00007ffea7bd0000 - 0x00007ffea7bef000 	C:\WINDOWS\SYSTEM32\profapi.dll
0x00007ffe8f6c0000 - 0x00007ffe8f6d9000 	E:\Android studio 2022.1.3\jbr\bin\net.dll
0x00007ffea0150000 - 0x00007ffea025a000 	C:\WINDOWS\SYSTEM32\WINHTTP.dll
0x00007ffea7300000 - 0x00007ffea736a000 	C:\WINDOWS\system32\mswsock.dll
0x00007ffe8e0e0000 - 0x00007ffe8e0f6000 	E:\Android studio 2022.1.3\jbr\bin\nio.dll
0x00007ffe92860000 - 0x00007ffe92870000 	E:\Android studio 2022.1.3\jbr\bin\verify.dll

dbghelp: loaded successfully - version: 4.0.5 - missing functions: none
symbol engine: initialized successfully - sym options: 0x614 - pdb path: .;E:\Android studio 2022.1.3\jbr\bin;C:\WINDOWS\SYSTEM32;C:\Program Files\Avast Software\Avast;C:\WINDOWS\WinSxS\amd64_microsoft.windows.common-controls_6595b64144ccf1df_6.0.19041.1110_none_60b5254171f9507e;E:\Android studio 2022.1.3\jbr\bin\server

VM Arguments:
java_command: org.jetbrains.kotlin.cli.jvm.K2JVMCompiler @C:\Users\Thoriso Tumelo\AndroidStudioProjects\Mvula-Trust-Application\app\build\20231109_3332745885759094728.compiler.options
java_class_path (initial): C:\Users\Thoriso Tumelo\.gradle\caches\modules-2\files-2.1\org.jetbrains.kotlin\kotlin-compiler-embeddable\1.8.0\eb9118d4bcceaa2a94b2ae2a33a4ddba7c9a947f\kotlin-compiler-embeddable-1.8.0.jar;C:\Users\Thoriso Tumelo\.gradle\caches\modules-2\files-2.1\org.jetbrains.kotlin\kotlin-stdlib\1.8.0\1796921c7a3e2e2665a83e6c8d33399336cd39bc\kotlin-stdlib-1.8.0.jar;C:\Users\Thoriso Tumelo\.gradle\caches\modules-2\files-2.1\org.jetbrains.kotlin\kotlin-script-runtime\1.8.0\b2f7e760d283cb339974851c222a4c1d48f2d3d\kotlin-script-runtime-1.8.0.jar;C:\Users\Thoriso Tumelo\.gradle\caches\modules-2\files-2.1\org.jetbrains.kotlin\kotlin-reflect\1.6.10\1cbe9c92c12a94eea200d23c2bbaedaf3daf5132\kotlin-reflect-1.6.10.jar;C:\Users\Thoriso Tumelo\.gradle\caches\modules-2\files-2.1\org.jetbrains.kotlin\kotlin-daemon-embeddable\1.8.0\d255216c551685dc3a7e852b53617f5f01aaaa5c\kotlin-daemon-embeddable-1.8.0.jar;C:\Users\Thoriso Tumelo\.gradle\caches\modules-2\files-2.1\org.jetbrains.intellij.deps\trove4j\1.0.20200330\3afb14d5f9ceb459d724e907a21145e8ff394f02\trove4j-1.0.20200330.jar;C:\Users\Thoriso Tumelo\.gradle\caches\modules-2\files-2.1\net.java.dev.jna\jna\5.6.0\330f2244e9030119ab3030fc3fededc86713d9cc\jna-5.6.0.jar;C:\Users\Thoriso Tumelo\.gradle\caches\modules-2\files-2.1\org.jetbrains.kotlin\kotlin-stdlib-common\1.8.0\f7197e7cc76453ac59f8b0f8d5137cc600becd36\kotlin-stdlib-common-1.8.0.jar;C:\Users\Thoriso Tumelo\.gradle\caches\modules-2\files-2.1\org.jetbrains\annotations\13.0\919f0dfe192fb4e063e7dacadee7f8bb9a2672a9\annotations-13.0.jar
Launcher Type: SUN_STANDARD

[Global flags]
     intx CICompilerCount                          = 3                                         {product} {ergonomic}
     uint ConcGCThreads                            = 1                                         {product} {ergonomic}
     uint G1ConcRefinementThreads                  = 4                                         {product} {ergonomic}
   size_t G1HeapRegionSize                         = 1048576                                   {product} {ergonomic}
    uintx GCDrainStackTargetSize                   = 64                                        {product} {ergonomic}
   size_t InitialHeapSize                          = 132120576                                 {product} {ergonomic}
   size_t MarkStackSize                            = 4194304                                   {product} {ergonomic}
   size_t MaxHeapSize                              = 2107637760                                {product} {ergonomic}
   size_t MaxNewSize                               = 1264582656                                {product} {ergonomic}
   size_t MinHeapDeltaBytes                        = 1048576                                   {product} {ergonomic}
   size_t MinHeapSize                              = 8388608                                   {product} {ergonomic}
    uintx NonNMethodCodeHeapSize                   = 5832780                                {pd product} {ergonomic}
    uintx NonProfiledCodeHeapSize                  = 122912730                              {pd product} {ergonomic}
    uintx ProfiledCodeHeapSize                     = 122912730                              {pd product} {ergonomic}
    uintx ReservedCodeCacheSize                    = 251658240                              {pd product} {ergonomic}
     bool SegmentedCodeCache                       = true                                      {product} {ergonomic}
   size_t SoftMaxHeapSize                          = 2107637760                             {manageable} {ergonomic}
     bool UseCompressedClassPointers               = true                           {product lp64_product} {ergonomic}
     bool UseCompressedOops                        = true                           {product lp64_product} {ergonomic}
     bool UseG1GC                                  = true                                      {product} {ergonomic}
     bool UseLargePagesIndividualAllocation        = false                                  {pd product} {ergonomic}

Logging:
Log output configuration:
 #0: stdout all=warning uptime,level,tags
 #1: stderr all=off uptime,level,tags

Environment Variables:
PATH=C:\WINDOWS\system32;C:\WINDOWS;C:\WINDOWS\System32\Wbem;C:\WINDOWS\System32\WindowsPowerShell\v1.0\;C:\WINDOWS\System32\OpenSSH\;C:\Program Files\Git\cmd;C:\Users\Thoriso Tumelo\AppData\Local\Microsoft\WindowsApps
USERNAME=Thoriso Tumelo
OS=Windows_NT
PROCESSOR_IDENTIFIER=Intel64 Family 6 Model 158 Stepping 11, GenuineIntel
TMP=C:\Users\THORIS~1\AppData\Local\Temp
TEMP=C:\Users\THORIS~1\AppData\Local\Temp


JNI global refs:
JNI global refs: 11, weak refs: 72

JNI global refs memory usage: 843, weak refs: 1473


---------------  S Y S T E M  ---------------

OS:
 Windows 10 , 64 bit Build 19041 (10.0.19041.3031)
OS uptime: 0 days 8:16 hours
Hyper-V role detected

CPU: total 4 (initial active 4) (4 cores per cpu, 1 threads per core) family 6 model 158 stepping 11 microcode 0xb4, cx8, cmov, fxsr, mmx, 3dnowpref, sse, sse2, sse3, ssse3, sse4.1, sse4.2, popcnt, lzcnt, tsc, tscinvbit, avx, avx2, aes, erms, clmul, bmi1, bmi2, adx, fma, vzeroupper, clflush, clflushopt, hv

Memory: 4k page, system-wide physical 8035M (403M free)
TotalPageFile size 9870M (AvailPageFile size 4M)
current process WorkingSet (physical memory assigned to process): 488M, peak: 488M
current process commit charge ("private bytes"): 561M, peak: 562M

vm_info: OpenJDK 64-Bit Server VM (17.0.6+0-b2043.56-10027231) for windows-amd64 JRE (17.0.6+0-b2043.56-10027231), built on Apr 28 2023 00:43:19 by "androidbuild" with MS VC++ 16.10 / 16.11 (VS2019)

END.
