#
# There is insufficient memory for the Java Runtime Environment to continue.
# Native memory allocation (mmap) failed to map 132120576 bytes for G1 virtual space
# Possible reasons:
#   The system is out of physical RAM or swap space
#   The process is running with CompressedOops enabled, and the Java Heap may be blocking the growth of the native heap
# Possible solutions:
#   Reduce memory load on the system
#   Increase physical memory or swap space
#   Check if swap backing store is full
#   Decrease Java heap size (-Xmx/-Xms)
#   Decrease number of Java threads
#   Decrease Java thread stack sizes (-Xss)
#   Set larger code cache with -XX:ReservedCodeCacheSize=
#   JVM is running with Unscaled Compressed Oops mode in which the Java heap is
#     placed in the first 4GB address space. The Java Heap base address is the
#     maximum limit for the native heap growth. Please use -XX:HeapBaseMinAddress
#     to set the Java Heap base and to place the Java Heap above 4GB virtual address.
# This output file may be truncated or incomplete.
#
#  Out of Memory Error (os_windows.cpp:3769), pid=11348, tid=12088
#
# JRE version:  (17.0.6) (build )
# Java VM: OpenJDK 64-Bit Server VM (17.0.6+0-b2043.56-10027231, mixed mode, sharing, tiered, compressed oops, compressed class ptrs, g1 gc, windows-amd64)
# No core dump will be written. Minidumps are not enabled by default on client versions of Windows
#

---------------  S U M M A R Y ------------

Command Line: git4idea.http.GitAskPassApp Username for 'https://github.com': 

Host: Intel(R) Core(TM) i3-8100T CPU @ 3.10GHz, 4 cores, 7G,  Windows 10 , 64 bit Build 19041 (10.0.19041.3031)
Time: Sat Nov  4 04:37:55 2023 South Africa Standard Time elapsed time: 0.085584 seconds (0d 0h 0m 0s)

---------------  T H R E A D  ---------------

Current thread (0x000001f8116dcff0):  JavaThread "Unknown thread" [_thread_in_vm, id=12088, stack(0x0000002ede400000,0x0000002ede500000)]

Stack: [0x0000002ede400000,0x0000002ede500000]
Native frames: (J=compiled Java code, j=interpreted, Vv=VM code, C=native code)
V  [jvm.dll+0x683c9a]
V  [jvm.dll+0x8427a4]
V  [jvm.dll+0x843f9e]
V  [jvm.dll+0x844603]
V  [jvm.dll+0x249b75]
V  [jvm.dll+0x680b69]
V  [jvm.dll+0x67505a]
V  [jvm.dll+0x309acb]
V  [jvm.dll+0x310f86]
V  [jvm.dll+0x3608ee]
V  [jvm.dll+0x360b1f]
V  [jvm.dll+0x2dfbf8]
V  [jvm.dll+0x2e0b64]
V  [jvm.dll+0x814091]
V  [jvm.dll+0x36e6a1]
V  [jvm.dll+0x7f35cc]
V  [jvm.dll+0x3f0e8f]
V  [jvm.dll+0x3f29d1]
C  [jli.dll+0x526b]
C  [ucrtbase.dll+0x21bb2]
C  [KERNEL32.DLL+0x17614]
C  [ntdll.dll+0x526f1]


---------------  P R O C E S S  ---------------

Threads class SMR info:
_java_thread_list=0x00007ffafa50c058, length=0, elements={
}

Java Threads: ( => current thread )

Other Threads:
  0x000001f8138aa530 GCTaskThread "GC Thread#0" [stack: 0x0000002ede500000,0x0000002ede600000] [id=3644]
  0x000001f8138bb820 ConcurrentGCThread "G1 Main Marker" [stack: 0x0000002ede600000,0x0000002ede700000] [id=10224]
  0x000001f8138bc230 ConcurrentGCThread "G1 Conc#0" [stack: 0x0000002ede700000,0x0000002ede800000] [id=9212]

[error occurred during error reporting (printing all threads), id 0xc0000005, EXCEPTION_ACCESS_VIOLATION (0xc0000005) at pc=0x00007ffaf9cc0797]

VM state: not at safepoint (not fully initialized)

VM Mutex/Monitor currently owned by a thread:  ([mutex/lock_event])
[0x000001f81384ea10] Heap_lock - owner thread: 0x000001f8116dcff0

Heap address: 0x0000000082600000, size: 2010 MB, Compressed Oops mode: 32-bit

CDS archive(s) mapped at: [0x0000000000000000-0x0000000000000000-0x0000000000000000), size 0, SharedBaseAddress: 0x0000000800000000, ArchiveRelocationMode: 0.
Narrow klass base: 0x0000000000000000, Narrow klass shift: 0, Narrow klass range: 0x0

GC Precious Log:
<Empty>

Heap:
 garbage-first heap   total 0K, used 0K [0x0000000082600000, 0x0000000100000000)
  region size 1024K, 0 young (0K), 0 survivors (0K)

[error occurred during error reporting (printing heap information), id 0xc0000005, EXCEPTION_ACCESS_VIOLATION (0xc0000005) at pc=0x00007ffafa0ada89]

GC Heap History (0 events):
No events

Dll operation events (1 events):
Event: 0.044 Loaded shared library E:\Android studio 2022.1.3\jbr\bin\java.dll

Deoptimization events (0 events):
No events

Classes unloaded (0 events):
No events

Classes redefined (0 events):
No events

Internal exceptions (0 events):
No events

VM Operations (0 events):
No events

Events (0 events):
No events


Dynamic libraries:
0x00007ff7ac380000 - 0x00007ff7ac38a000 	E:\Android studio 2022.1.3\jbr\bin\java.exe
0x00007ffb78f90000 - 0x00007ffb79188000 	C:\WINDOWS\SYSTEM32\ntdll.dll
0x00007ffb6e4d0000 - 0x00007ffb6e4e9000 	C:\Program Files\Avast Software\Avast\aswhook.dll
0x00007ffb77ec0000 - 0x00007ffb77f7f000 	C:\WINDOWS\System32\KERNEL32.DLL
0x00007ffb76790000 - 0x00007ffb76a86000 	C:\WINDOWS\System32\KERNELBASE.dll
0x00007ffb76da0000 - 0x00007ffb76ea0000 	C:\WINDOWS\System32\ucrtbase.dll
0x00007ffb3da60000 - 0x00007ffb3da7b000 	E:\Android studio 2022.1.3\jbr\bin\VCRUNTIME140.dll
0x00007ffafb8d0000 - 0x00007ffafb8e7000 	E:\Android studio 2022.1.3\jbr\bin\jli.dll
0x00007ffb78770000 - 0x00007ffb7890d000 	C:\WINDOWS\System32\USER32.dll
0x00007ffb766c0000 - 0x00007ffb766e2000 	C:\WINDOWS\System32\win32u.dll
0x00007ffb5c100000 - 0x00007ffb5c39a000 	C:\WINDOWS\WinSxS\amd64_microsoft.windows.common-controls_6595b64144ccf1df_6.0.19041.1110_none_60b5254171f9507e\COMCTL32.dll
0x00007ffb77170000 - 0x00007ffb7719c000 	C:\WINDOWS\System32\GDI32.dll
0x00007ffb77830000 - 0x00007ffb778ce000 	C:\WINDOWS\System32\msvcrt.dll
0x00007ffb76c80000 - 0x00007ffb76d95000 	C:\WINDOWS\System32\gdi32full.dll
0x00007ffb766f0000 - 0x00007ffb7678d000 	C:\WINDOWS\System32\msvcp_win.dll
0x00007ffb78a50000 - 0x00007ffb78a80000 	C:\WINDOWS\System32\IMM32.DLL
0x00007ffb5da80000 - 0x00007ffb5da8c000 	E:\Android studio 2022.1.3\jbr\bin\vcruntime140_1.dll
0x00007ffb06820000 - 0x00007ffb068ad000 	E:\Android studio 2022.1.3\jbr\bin\msvcp140.dll
0x00007ffaf99d0000 - 0x00007ffafa63e000 	E:\Android studio 2022.1.3\jbr\bin\server\jvm.dll
0x00007ffb771a0000 - 0x00007ffb7724f000 	C:\WINDOWS\System32\ADVAPI32.dll
0x00007ffb78c90000 - 0x00007ffb78d2c000 	C:\WINDOWS\System32\sechost.dll
0x00007ffb78910000 - 0x00007ffb78a36000 	C:\WINDOWS\System32\RPCRT4.dll
0x00007ffb5c450000 - 0x00007ffb5c477000 	C:\WINDOWS\SYSTEM32\WINMM.dll
0x00007ffb70da0000 - 0x00007ffb70daa000 	C:\WINDOWS\SYSTEM32\VERSION.dll
0x00007ffb64e80000 - 0x00007ffb64e89000 	C:\WINDOWS\SYSTEM32\WSOCK32.dll
0x00007ffb786f0000 - 0x00007ffb7875b000 	C:\WINDOWS\System32\WS2_32.dll
0x00007ffb74500000 - 0x00007ffb74512000 	C:\WINDOWS\SYSTEM32\kernel.appcore.dll
0x00007ffb4a9d0000 - 0x00007ffb4a9da000 	E:\Android studio 2022.1.3\jbr\bin\jimage.dll
0x00007ffb68950000 - 0x00007ffb68b34000 	C:\WINDOWS\SYSTEM32\DBGHELP.DLL
0x00007ffb68890000 - 0x00007ffb688c4000 	C:\WINDOWS\SYSTEM32\dbgcore.DLL
0x00007ffb76bf0000 - 0x00007ffb76c72000 	C:\WINDOWS\System32\bcryptPrimitives.dll
0x00007ffafbb70000 - 0x00007ffafbb95000 	E:\Android studio 2022.1.3\jbr\bin\java.dll

dbghelp: loaded successfully - version: 4.0.5 - missing functions: none
symbol engine: initialized successfully - sym options: 0x614 - pdb path: .;E:\Android studio 2022.1.3\jbr\bin;C:\WINDOWS\SYSTEM32;C:\Program Files\Avast Software\Avast;C:\WINDOWS\WinSxS\amd64_microsoft.windows.common-controls_6595b64144ccf1df_6.0.19041.1110_none_60b5254171f9507e;E:\Android studio 2022.1.3\jbr\bin\server

VM Arguments:
java_command: git4idea.http.GitAskPassApp Username for 'https://github.com': 
java_class_path (initial): E:/Android studio 2022.1.3/plugins/vcs-git/lib/git4idea-rt.jar;E:/Android studio 2022.1.3/lib/externalProcess-rt.jar;E:/Android studio 2022.1.3/lib/app.jar;E:/Android studio 2022.1.3/lib/3rd-party-rt.jar
Launcher Type: SUN_STANDARD

[Global flags]
     intx CICompilerCount                          = 3                                         {product} {ergonomic}
     uint ConcGCThreads                            = 1                                         {product} {ergonomic}
     uint G1ConcRefinementThreads                  = 4                                         {product} {ergonomic}
   size_t G1HeapRegionSize                         = 1048576                                   {product} {ergonomic}
    uintx GCDrainStackTargetSize                   = 64                                        {product} {ergonomic}
   size_t InitialHeapSize                          = 132120576                                 {product} {ergonomic}
   size_t MarkStackSize                            = 4194304                                   {product} {ergonomic}
   size_t MaxHeapSize                              = 2107637760                                {product} {ergonomic}
   size_t MinHeapDeltaBytes                        = 1048576                                   {product} {ergonomic}
   size_t MinHeapSize                              = 8388608                                   {product} {ergonomic}
    uintx NonNMethodCodeHeapSize                   = 5832780                                {pd product} {ergonomic}
    uintx NonProfiledCodeHeapSize                  = 122912730                              {pd product} {ergonomic}
    uintx ProfiledCodeHeapSize                     = 122912730                              {pd product} {ergonomic}
    uintx ReservedCodeCacheSize                    = 251658240                              {pd product} {ergonomic}
     bool SegmentedCodeCache                       = true                                      {product} {ergonomic}
   size_t SoftMaxHeapSize                          = 2107637760                             {manageable} {ergonomic}
     bool UseCompressedClassPointers               = true                           {product lp64_product} {ergonomic}
     bool UseCompressedOops                        = true                           {product lp64_product} {ergonomic}
     bool UseG1GC                                  = true                                      {product} {ergonomic}
     bool UseLargePagesIndividualAllocation        = false                                  {pd product} {ergonomic}

Logging:
Log output configuration:
 #0: stdout all=warning uptime,level,tags
 #1: stderr all=off uptime,level,tags

Environment Variables:
PATH=C:/Program Files/Git/mingw64/libexec/git-core;C:/Program Files/Git/mingw64/libexec/git-core;C:\Program Files\Git\mingw64\bin;C:\Program Files\Git\usr\bin;C:\Users\Thoriso Tumelo\bin;C:\WINDOWS\system32;C:\WINDOWS;C:\WINDOWS\System32\Wbem;C:\WINDOWS\System32\WindowsPowerShell\v1.0\;C:\WINDOWS\System32\OpenSSH\;C:\Program Files (x86)\Intel\Intel(R) Management Engine Components\DAL;C:\Program Files\Intel\Intel(R) Management Engine Components\DAL;C:\Program Files\Git\cmd;C:\Users\Thoriso Tumelo\AppData\Local\Microsoft\WindowsApps;C:\Users\Thoriso Tumelo\AppData\Local\GitHubDesktop\bin
USERNAME=Thoriso Tumelo
DISPLAY=:0.0
LC_ALL=en_US.UTF-8
TERM=xterm-256color
TMPDIR=C:\Users\THORIS~1\AppData\Local\Temp
OS=Windows_NT
PROCESSOR_IDENTIFIER=Intel64 Family 6 Model 158 Stepping 11, GenuineIntel
TMP=C:\Users\THORIS~1\AppData\Local\Temp
TEMP=C:\Users\THORIS~1\AppData\Local\Temp


JNI global refs:

[error occurred during error reporting (JNI global references), id 0xc0000005, EXCEPTION_ACCESS_VIOLATION (0xc0000005) at pc=0x00007ffaf9a87a10]


---------------  S Y S T E M  ---------------

OS:
 Windows 10 , 64 bit Build 19041 (10.0.19041.3031)
OS uptime: 0 days 5:28 hours
Hyper-V role detected

CPU: total 4 (initial active 4) (4 cores per cpu, 1 threads per core) family 6 model 158 stepping 11 microcode 0xb4, cx8, cmov, fxsr, mmx, 3dnowpref, sse, sse2, sse3, ssse3, sse4.1, sse4.2, popcnt, lzcnt, tsc, tscinvbit, avx, avx2, aes, erms, clmul, bmi1, bmi2, adx, fma, vzeroupper, clflush, clflushopt, hv

Memory: 4k page, system-wide physical 8035M (570M free)
TotalPageFile size 10518M (AvailPageFile size 65M)
current process WorkingSet (physical memory assigned to process): 10M, peak: 10M
current process commit charge ("private bytes"): 51M, peak: 177M

vm_info: OpenJDK 64-Bit Server VM (17.0.6+0-b2043.56-10027231) for windows-amd64 JRE (17.0.6+0-b2043.56-10027231), built on Apr 28 2023 00:43:19 by "androidbuild" with MS VC++ 16.10 / 16.11 (VS2019)

END.
