#
# There is insufficient memory for the Java Runtime Environment to continue.
# Native memory allocation (mmap) failed to map 17825792 bytes for G1 virtual space
# Possible reasons:
#   The system is out of physical RAM or swap space
#   The process is running with CompressedOops enabled, and the Java Heap may be blocking the growth of the native heap
# Possible solutions:
#   Reduce memory load on the system
#   Increase physical memory or swap space
#   Check if swap backing store is full
#   Decrease Java heap size (-Xmx/-Xms)
#   Decrease number of Java threads
#   Decrease Java thread stack sizes (-Xss)
#   Set larger code cache with -XX:ReservedCodeCacheSize=
#   JVM is running with Unscaled Compressed Oops mode in which the Java heap is
#     placed in the first 4GB address space. The Java Heap base address is the
#     maximum limit for the native heap growth. Please use -XX:HeapBaseMinAddress
#     to set the Java Heap base and to place the Java Heap above 4GB virtual address.
# This output file may be truncated or incomplete.
#
#  Out of Memory Error (os_windows.cpp:3769), pid=7524, tid=3868
#
# JRE version: OpenJDK Runtime Environment (17.0.6) (build 17.0.6+0-b2043.56-10027231)
# Java VM: OpenJDK 64-Bit Server VM (17.0.6+0-b2043.56-10027231, mixed mode, tiered, compressed oops, compressed class ptrs, g1 gc, windows-amd64)
# No core dump will be written. Minidumps are not enabled by default on client versions of Windows
#

---------------  S U M M A R Y ------------

Command Line: org.jetbrains.kotlin.cli.jvm.K2JVMCompiler @C:\Users\Thoriso Tumelo\AndroidStudioProjects\Mvula-Trust-Application\app\build\20231103_494590232867033196.compiler.options

Host: Intel(R) Core(TM) i3-8100T CPU @ 3.10GHz, 4 cores, 7G,  Windows 10 , 64 bit Build 19041 (10.0.19041.3031)
Time: Fri Nov  3 17:50:02 2023 South Africa Standard Time elapsed time: 5.848246 seconds (0d 0h 0m 5s)

---------------  T H R E A D  ---------------

Current thread (0x0000012977094a40):  VMThread "VM Thread" [stack: 0x0000001f16d00000,0x0000001f16e00000] [id=3868]

Stack: [0x0000001f16d00000,0x0000001f16e00000]
Native frames: (J=compiled Java code, j=interpreted, Vv=VM code, C=native code)
V  [jvm.dll+0x683c9a]
V  [jvm.dll+0x8427a4]
V  [jvm.dll+0x843f9e]
V  [jvm.dll+0x844603]
V  [jvm.dll+0x249b75]
V  [jvm.dll+0x680b69]
V  [jvm.dll+0x67505a]
V  [jvm.dll+0x309acb]
V  [jvm.dll+0x310f86]
V  [jvm.dll+0x3608ee]
V  [jvm.dll+0x360b1f]
V  [jvm.dll+0x2dfbf8]
V  [jvm.dll+0x2ddec4]
V  [jvm.dll+0x2dd4cc]
V  [jvm.dll+0x321f3b]
V  [jvm.dll+0x848ccb]
V  [jvm.dll+0x849a04]
V  [jvm.dll+0x849f1d]
V  [jvm.dll+0x84a2f4]
V  [jvm.dll+0x84a3c0]
V  [jvm.dll+0x7f274a]
V  [jvm.dll+0x682ad5]
C  [ucrtbase.dll+0x21bb2]
C  [KERNEL32.DLL+0x17614]
C  [ntdll.dll+0x526f1]

VM_Operation (0x0000001f167fb170): G1CollectForAllocation, mode: safepoint, requested by thread 0x000001295dc1dfa0


---------------  P R O C E S S  ---------------

Threads class SMR info:
_java_thread_list=0x0000012979bc32e0, length=13, elements={
0x000001295dc1dfa0, 0x0000012977095730, 0x00000129770965a0, 0x00000129770c73c0,
0x0000012977c21ff0, 0x0000012977c22ba0, 0x0000012977c25560, 0x0000012977c262f0,
0x0000012977c32e10, 0x0000012977c3b720, 0x0000012977d91490, 0x0000012977d97db0,
0x0000012979967820
}

Java Threads: ( => current thread )
  0x000001295dc1dfa0 JavaThread "main" [_thread_blocked, id=4988, stack(0x0000001f16700000,0x0000001f16800000)]
  0x0000012977095730 JavaThread "Reference Handler" daemon [_thread_blocked, id=5792, stack(0x0000001f16e00000,0x0000001f16f00000)]
  0x00000129770965a0 JavaThread "Finalizer" daemon [_thread_blocked, id=10684, stack(0x0000001f16f00000,0x0000001f17000000)]
  0x00000129770c73c0 JavaThread "Signal Dispatcher" daemon [_thread_blocked, id=6300, stack(0x0000001f17000000,0x0000001f17100000)]
  0x0000012977c21ff0 JavaThread "Attach Listener" daemon [_thread_blocked, id=3924, stack(0x0000001f17100000,0x0000001f17200000)]
  0x0000012977c22ba0 JavaThread "Service Thread" daemon [_thread_blocked, id=6524, stack(0x0000001f17200000,0x0000001f17300000)]
  0x0000012977c25560 JavaThread "Monitor Deflation Thread" daemon [_thread_blocked, id=4744, stack(0x0000001f17300000,0x0000001f17400000)]
  0x0000012977c262f0 JavaThread "C2 CompilerThread0" daemon [_thread_blocked, id=7704, stack(0x0000001f17400000,0x0000001f17500000)]
  0x0000012977c32e10 JavaThread "C1 CompilerThread0" daemon [_thread_blocked, id=4148, stack(0x0000001f17500000,0x0000001f17600000)]
  0x0000012977c3b720 JavaThread "Sweeper thread" daemon [_thread_blocked, id=9092, stack(0x0000001f17600000,0x0000001f17700000)]
  0x0000012977d91490 JavaThread "Notification Thread" daemon [_thread_blocked, id=12168, stack(0x0000001f17700000,0x0000001f17800000)]
  0x0000012977d97db0 JavaThread "Common-Cleaner" daemon [_thread_blocked, id=2884, stack(0x0000001f17900000,0x0000001f17a00000)]
  0x0000012979967820 JavaThread "C2 CompilerThread1" daemon [_thread_blocked, id=12228, stack(0x0000001f17a00000,0x0000001f17b00000)]

Other Threads:
=>0x0000012977094a40 VMThread "VM Thread" [stack: 0x0000001f16d00000,0x0000001f16e00000] [id=3868]
  0x000001295dc95d80 WatcherThread [stack: 0x0000001f17800000,0x0000001f17900000] [id=6780]
  0x000001295dc7b340 GCTaskThread "GC Thread#0" [stack: 0x0000001f16800000,0x0000001f16900000] [id=8284]
  0x0000012978224980 GCTaskThread "GC Thread#1" [stack: 0x0000001f17b00000,0x0000001f17c00000] [id=4524]
  0x0000012978224c30 GCTaskThread "GC Thread#2" [stack: 0x0000001f17c00000,0x0000001f17d00000] [id=3128]
  0x00000129781c9ef0 GCTaskThread "GC Thread#3" [stack: 0x0000001f17d00000,0x0000001f17e00000] [id=2156]
  0x000001295dc8be90 ConcurrentGCThread "G1 Main Marker" [stack: 0x0000001f16900000,0x0000001f16a00000] [id=10940]
  0x000001295dc8c8a0 ConcurrentGCThread "G1 Conc#0" [stack: 0x0000001f16a00000,0x0000001f16b00000] [id=3188]
  0x000001295dce4cb0 ConcurrentGCThread "G1 Refine#0" [stack: 0x0000001f16b00000,0x0000001f16c00000] [id=10972]
  0x000001295dce56d0 ConcurrentGCThread "G1 Service" [stack: 0x0000001f16c00000,0x0000001f16d00000] [id=7128]

Threads with active compile tasks:
C2 CompilerThread0     5884 5949       4       kotlin.collections.CollectionsKt___CollectionsKt::toList (103 bytes)
C2 CompilerThread1     5884 5580       4       org.jetbrains.kotlin.serialization.deserialization.descriptors.DeserializedMemberScope::getContributedClassifier (63 bytes)

VM state: at safepoint (normal execution)

VM Mutex/Monitor currently owned by a thread:  ([mutex/lock_event])
[0x000001295dc1b0b0] Threads_lock - owner thread: 0x0000012977094a40
[0x000001295dc1a0f0] Heap_lock - owner thread: 0x000001295dc1dfa0

Heap address: 0x0000000082600000, size: 2010 MB, Compressed Oops mode: 32-bit

CDS archive(s) not mapped
Compressed class space mapped at: 0x0000000100000000-0x0000000140000000, reserved size: 1073741824
Narrow klass base: 0x0000000000000000, Narrow klass shift: 3, Narrow klass range: 0x140000000

GC Precious Log:
 CPUs: 4 total, 4 available
 Memory: 8035M
 Large Page Support: Disabled
 NUMA Support: Disabled
 Compressed Oops: Enabled (32-bit)
 Heap Region Size: 1M
 Heap Min Capacity: 8M
 Heap Initial Capacity: 126M
 Heap Max Capacity: 2010M
 Pre-touch: Disabled
 Parallel Workers: 4
 Concurrent Workers: 1
 Concurrent Refinement Workers: 4
 Periodic GC: Disabled

Heap:
 garbage-first heap   total 100352K, used 44864K [0x0000000082600000, 0x0000000100000000)
  region size 1024K, 3 young (3072K), 3 survivors (3072K)
 Metaspace       used 58063K, committed 58368K, reserved 1105920K
  class space    used 6844K, committed 6976K, reserved 1048576K

Heap Regions: E=young(eden), S=young(survivor), O=old, HS=humongous(starts), HC=humongous(continues), CS=collection set, F=free, OA=open archive, CA=closed archive, TAMS=top-at-mark-start (previous, next)
|   0|0x0000000082600000, 0x0000000082700000, 0x0000000082700000|100%|HS|  |TAMS 0x0000000082700000, 0x0000000082700000| Complete 
|   1|0x0000000082700000, 0x0000000082800000, 0x0000000082800000|100%|HC|  |TAMS 0x0000000082800000, 0x0000000082800000| Complete 
|   2|0x0000000082800000, 0x0000000082900000, 0x0000000082900000|100%|HC|  |TAMS 0x0000000082900000, 0x0000000082900000| Complete 
|   3|0x0000000082900000, 0x0000000082a00000, 0x0000000082a00000|100%|HC|  |TAMS 0x0000000082a00000, 0x0000000082a00000| Complete 
|   4|0x0000000082a00000, 0x0000000082b00000, 0x0000000082b00000|100%| O|  |TAMS 0x0000000082b00000, 0x0000000082b00000| Untracked 
|   5|0x0000000082b00000, 0x0000000082c00000, 0x0000000082c00000|100%| O|  |TAMS 0x0000000082c00000, 0x0000000082c00000| Untracked 
|   6|0x0000000082c00000, 0x0000000082d00000, 0x0000000082d00000|100%| O|  |TAMS 0x0000000082c36000, 0x0000000082d00000| Untracked 
|   7|0x0000000082d00000, 0x0000000082e00000, 0x0000000082e00000|100%|HS|  |TAMS 0x0000000082e00000, 0x0000000082e00000| Complete 
|   8|0x0000000082e00000, 0x0000000082f00000, 0x0000000082f00000|100%|HC|  |TAMS 0x0000000082f00000, 0x0000000082f00000| Complete 
|   9|0x0000000082f00000, 0x0000000083000000, 0x0000000083000000|100%|HC|  |TAMS 0x0000000083000000, 0x0000000083000000| Complete 
|  10|0x0000000083000000, 0x0000000083100000, 0x0000000083100000|100%|HC|  |TAMS 0x0000000083100000, 0x0000000083100000| Complete 
|  11|0x0000000083100000, 0x0000000083200000, 0x0000000083200000|100%| O|  |TAMS 0x0000000083200000, 0x0000000083200000| Untracked 
|  12|0x0000000083200000, 0x0000000083300000, 0x0000000083300000|100%| O|  |TAMS 0x0000000083300000, 0x0000000083300000| Untracked 
|  13|0x0000000083300000, 0x0000000083400000, 0x0000000083400000|100%| O|  |TAMS 0x0000000083400000, 0x0000000083400000| Untracked 
|  14|0x0000000083400000, 0x0000000083500000, 0x0000000083500000|100%| O|  |TAMS 0x0000000083500000, 0x0000000083500000| Untracked 
|  15|0x0000000083500000, 0x0000000083600000, 0x0000000083600000|100%| O|  |TAMS 0x0000000083500000, 0x0000000083600000| Untracked 
|  16|0x0000000083600000, 0x0000000083700000, 0x0000000083700000|100%| O|  |TAMS 0x0000000083600000, 0x0000000083700000| Untracked 
|  17|0x0000000083700000, 0x0000000083800000, 0x0000000083800000|100%| O|  |TAMS 0x0000000083700000, 0x0000000083800000| Untracked 
|  18|0x0000000083800000, 0x0000000083900000, 0x0000000083900000|100%| O|  |TAMS 0x0000000083900000, 0x0000000083900000| Untracked 
|  19|0x0000000083900000, 0x0000000083a00000, 0x0000000083a00000|100%| O|  |TAMS 0x0000000083a00000, 0x0000000083a00000| Untracked 
|  20|0x0000000083a00000, 0x0000000083b00000, 0x0000000083b00000|100%| O|  |TAMS 0x0000000083a00000, 0x0000000083b00000| Untracked 
|  21|0x0000000083b00000, 0x0000000083c00000, 0x0000000083c00000|100%| O|  |TAMS 0x0000000083b00000, 0x0000000083c00000| Untracked 
|  22|0x0000000083c00000, 0x0000000083d00000, 0x0000000083d00000|100%| O|  |TAMS 0x0000000083c00000, 0x0000000083d00000| Untracked 
|  23|0x0000000083d00000, 0x0000000083e00000, 0x0000000083e00000|100%| O|  |TAMS 0x0000000083d00000, 0x0000000083e00000| Untracked 
|  24|0x0000000083e00000, 0x0000000083f00000, 0x0000000083f00000|100%| O|  |TAMS 0x0000000083e00000, 0x0000000083f00000| Untracked 
|  25|0x0000000083f00000, 0x0000000084000000, 0x0000000084000000|100%|HS|  |TAMS 0x0000000083f00000, 0x0000000084000000| Complete 
|  26|0x0000000084000000, 0x0000000084100000, 0x0000000084100000|100%|HC|  |TAMS 0x0000000084000000, 0x0000000084100000| Complete 
|  27|0x0000000084100000, 0x0000000084200000, 0x0000000084200000|100%| O|  |TAMS 0x0000000084100000, 0x0000000084200000| Untracked 
|  28|0x0000000084200000, 0x0000000084300000, 0x0000000084300000|100%| O|  |TAMS 0x0000000084200000, 0x0000000084300000| Untracked 
|  29|0x0000000084300000, 0x0000000084400000, 0x0000000084400000|100%| O|  |TAMS 0x0000000084300000, 0x0000000084400000| Untracked 
|  30|0x0000000084400000, 0x0000000084500000, 0x0000000084500000|100%| O|  |TAMS 0x0000000084400000, 0x0000000084500000| Untracked 
|  31|0x0000000084500000, 0x0000000084600000, 0x0000000084600000|100%| O|  |TAMS 0x0000000084500000, 0x0000000084600000| Untracked 
|  32|0x0000000084600000, 0x0000000084700000, 0x0000000084700000|100%| O|  |TAMS 0x0000000084600000, 0x0000000084700000| Untracked 
|  33|0x0000000084700000, 0x0000000084800000, 0x0000000084800000|100%| O|  |TAMS 0x0000000084700000, 0x0000000084800000| Untracked 
|  34|0x0000000084800000, 0x0000000084900000, 0x0000000084900000|100%| O|  |TAMS 0x0000000084800000, 0x0000000084900000| Untracked 
|  35|0x0000000084900000, 0x0000000084a00000, 0x0000000084a00000|100%| O|  |TAMS 0x0000000084900000, 0x0000000084a00000| Untracked 
|  36|0x0000000084a00000, 0x0000000084b00000, 0x0000000084b00000|100%| O|  |TAMS 0x0000000084a00000, 0x0000000084b00000| Untracked 
|  37|0x0000000084b00000, 0x0000000084c00000, 0x0000000084c00000|100%| O|  |TAMS 0x0000000084b00000, 0x0000000084b00000| Untracked 
|  38|0x0000000084c00000, 0x0000000084d00000, 0x0000000084d00000|100%| O|  |TAMS 0x0000000084c00000, 0x0000000084c00000| Untracked 
|  39|0x0000000084d00000, 0x0000000084e00000, 0x0000000084e00000|100%| O|  |TAMS 0x0000000084d00000, 0x0000000084d00000| Untracked 
|  40|0x0000000084e00000, 0x0000000084ed0000, 0x0000000084f00000| 81%| O|  |TAMS 0x0000000084e00000, 0x0000000084e00000| Untracked 
|  41|0x0000000084f00000, 0x0000000084f00000, 0x0000000085000000|  0%| F|  |TAMS 0x0000000084f00000, 0x0000000084f00000| Untracked 
|  42|0x0000000085000000, 0x0000000085000000, 0x0000000085100000|  0%| F|  |TAMS 0x0000000085000000, 0x0000000085000000| Untracked 
|  43|0x0000000085100000, 0x0000000085100000, 0x0000000085200000|  0%| F|  |TAMS 0x0000000085100000, 0x0000000085100000| Untracked 
|  44|0x0000000085200000, 0x0000000085200000, 0x0000000085300000|  0%| F|  |TAMS 0x0000000085200000, 0x0000000085200000| Untracked 
|  45|0x0000000085300000, 0x0000000085300000, 0x0000000085400000|  0%| F|  |TAMS 0x0000000085300000, 0x0000000085300000| Untracked 
|  46|0x0000000085400000, 0x0000000085400000, 0x0000000085500000|  0%| F|  |TAMS 0x0000000085400000, 0x0000000085400000| Untracked 
|  47|0x0000000085500000, 0x0000000085500000, 0x0000000085600000|  0%| F|  |TAMS 0x0000000085500000, 0x0000000085500000| Untracked 
|  48|0x0000000085600000, 0x0000000085600000, 0x0000000085700000|  0%| F|  |TAMS 0x0000000085600000, 0x0000000085600000| Untracked 
|  49|0x0000000085700000, 0x0000000085700000, 0x0000000085800000|  0%| F|  |TAMS 0x0000000085700000, 0x0000000085700000| Untracked 
|  50|0x0000000085800000, 0x0000000085800000, 0x0000000085900000|  0%| F|  |TAMS 0x0000000085800000, 0x0000000085800000| Untracked 
|  51|0x0000000085900000, 0x0000000085900000, 0x0000000085a00000|  0%| F|  |TAMS 0x0000000085900000, 0x0000000085900000| Untracked 
|  52|0x0000000085a00000, 0x0000000085a00000, 0x0000000085b00000|  0%| F|  |TAMS 0x0000000085a00000, 0x0000000085a00000| Untracked 
|  53|0x0000000085b00000, 0x0000000085b00000, 0x0000000085c00000|  0%| F|  |TAMS 0x0000000085b00000, 0x0000000085b00000| Untracked 
|  54|0x0000000085c00000, 0x0000000085c00000, 0x0000000085d00000|  0%| F|  |TAMS 0x0000000085c00000, 0x0000000085c00000| Untracked 
|  55|0x0000000085d00000, 0x0000000085e00000, 0x0000000085e00000|100%| S|CS|TAMS 0x0000000085d00000, 0x0000000085d00000| Complete 
|  56|0x0000000085e00000, 0x0000000085f00000, 0x0000000085f00000|100%| S|CS|TAMS 0x0000000085e00000, 0x0000000085e00000| Complete 
|  57|0x0000000085f00000, 0x0000000086000000, 0x0000000086000000|100%| S|CS|TAMS 0x0000000085f00000, 0x0000000085f00000| Complete 
|  58|0x0000000086000000, 0x0000000086000000, 0x0000000086100000|  0%| F|  |TAMS 0x0000000086000000, 0x0000000086000000| Untracked 
|  59|0x0000000086100000, 0x0000000086100000, 0x0000000086200000|  0%| F|  |TAMS 0x0000000086100000, 0x0000000086100000| Untracked 
|  60|0x0000000086200000, 0x0000000086200000, 0x0000000086300000|  0%| F|  |TAMS 0x0000000086200000, 0x0000000086200000| Untracked 
|  61|0x0000000086300000, 0x0000000086300000, 0x0000000086400000|  0%| F|  |TAMS 0x0000000086300000, 0x0000000086300000| Untracked 
|  62|0x0000000086400000, 0x0000000086400000, 0x0000000086500000|  0%| F|  |TAMS 0x0000000086400000, 0x0000000086400000| Untracked 
|  63|0x0000000086500000, 0x0000000086500000, 0x0000000086600000|  0%| F|  |TAMS 0x0000000086500000, 0x0000000086500000| Untracked 
|  64|0x0000000086600000, 0x0000000086600000, 0x0000000086700000|  0%| F|  |TAMS 0x0000000086600000, 0x0000000086600000| Untracked 
|  65|0x0000000086700000, 0x0000000086700000, 0x0000000086800000|  0%| F|  |TAMS 0x0000000086700000, 0x0000000086700000| Untracked 
|  66|0x0000000086800000, 0x0000000086800000, 0x0000000086900000|  0%| F|  |TAMS 0x0000000086800000, 0x0000000086800000| Untracked 
|  67|0x0000000086900000, 0x0000000086900000, 0x0000000086a00000|  0%| F|  |TAMS 0x0000000086900000, 0x0000000086900000| Untracked 
|  68|0x0000000086a00000, 0x0000000086a00000, 0x0000000086b00000|  0%| F|  |TAMS 0x0000000086a00000, 0x0000000086a00000| Untracked 
|  69|0x0000000086b00000, 0x0000000086b00000, 0x0000000086c00000|  0%| F|  |TAMS 0x0000000086b00000, 0x0000000086b00000| Untracked 
|  70|0x0000000086c00000, 0x0000000086c00000, 0x0000000086d00000|  0%| F|  |TAMS 0x0000000086c00000, 0x0000000086c00000| Untracked 
|  71|0x0000000086d00000, 0x0000000086d00000, 0x0000000086e00000|  0%| F|  |TAMS 0x0000000086d00000, 0x0000000086d00000| Untracked 
|  72|0x0000000086e00000, 0x0000000086e00000, 0x0000000086f00000|  0%| F|  |TAMS 0x0000000086e00000, 0x0000000086e00000| Untracked 
|  73|0x0000000086f00000, 0x0000000086f00000, 0x0000000087000000|  0%| F|  |TAMS 0x0000000086f00000, 0x0000000086f00000| Untracked 
|  74|0x0000000087000000, 0x0000000087000000, 0x0000000087100000|  0%| F|  |TAMS 0x0000000087000000, 0x0000000087000000| Untracked 
|  75|0x0000000087100000, 0x0000000087100000, 0x0000000087200000|  0%| F|  |TAMS 0x0000000087100000, 0x0000000087100000| Untracked 
|  76|0x0000000087200000, 0x0000000087200000, 0x0000000087300000|  0%| F|  |TAMS 0x0000000087200000, 0x0000000087200000| Untracked 
|  77|0x0000000087300000, 0x0000000087300000, 0x0000000087400000|  0%| F|  |TAMS 0x0000000087300000, 0x0000000087300000| Untracked 
|  78|0x0000000087400000, 0x0000000087400000, 0x0000000087500000|  0%| F|  |TAMS 0x0000000087400000, 0x0000000087400000| Untracked 
|  79|0x0000000087500000, 0x0000000087500000, 0x0000000087600000|  0%| F|  |TAMS 0x0000000087500000, 0x0000000087500000| Untracked 
|  80|0x0000000087600000, 0x0000000087600000, 0x0000000087700000|  0%| F|  |TAMS 0x0000000087600000, 0x0000000087600000| Untracked 
|  81|0x0000000087700000, 0x0000000087700000, 0x0000000087800000|  0%| F|  |TAMS 0x0000000087700000, 0x0000000087700000| Untracked 
|  82|0x0000000087800000, 0x0000000087800000, 0x0000000087900000|  0%| F|  |TAMS 0x0000000087800000, 0x0000000087800000| Untracked 
|  83|0x0000000087900000, 0x0000000087900000, 0x0000000087a00000|  0%| F|  |TAMS 0x0000000087900000, 0x0000000087900000| Untracked 
|  84|0x0000000087a00000, 0x0000000087a00000, 0x0000000087b00000|  0%| F|  |TAMS 0x0000000087a00000, 0x0000000087a00000| Untracked 
|  85|0x0000000087b00000, 0x0000000087b00000, 0x0000000087c00000|  0%| F|  |TAMS 0x0000000087b00000, 0x0000000087b00000| Untracked 
|  86|0x0000000087c00000, 0x0000000087c00000, 0x0000000087d00000|  0%| F|  |TAMS 0x0000000087c00000, 0x0000000087c00000| Untracked 
|  87|0x0000000087d00000, 0x0000000087d00000, 0x0000000087e00000|  0%| F|  |TAMS 0x0000000087d00000, 0x0000000087d00000| Untracked 
|  88|0x0000000087e00000, 0x0000000087e00000, 0x0000000087f00000|  0%| F|  |TAMS 0x0000000087e00000, 0x0000000087e00000| Untracked 
|  89|0x0000000087f00000, 0x0000000087f00000, 0x0000000088000000|  0%| F|  |TAMS 0x0000000087f00000, 0x0000000087f00000| Untracked 
|  90|0x0000000088000000, 0x0000000088000000, 0x0000000088100000|  0%| F|  |TAMS 0x0000000088000000, 0x0000000088000000| Untracked 
|  91|0x0000000088100000, 0x0000000088100000, 0x0000000088200000|  0%| F|  |TAMS 0x0000000088100000, 0x0000000088100000| Untracked 
|  92|0x0000000088200000, 0x0000000088200000, 0x0000000088300000|  0%| F|  |TAMS 0x0000000088200000, 0x0000000088200000| Untracked 
|  93|0x0000000088300000, 0x0000000088300000, 0x0000000088400000|  0%| F|  |TAMS 0x0000000088300000, 0x0000000088300000| Untracked 
|  94|0x0000000088400000, 0x0000000088400000, 0x0000000088500000|  0%| F|  |TAMS 0x0000000088400000, 0x0000000088400000| Untracked 
|  95|0x0000000088500000, 0x0000000088500000, 0x0000000088600000|  0%| F|  |TAMS 0x0000000088500000, 0x0000000088500000| Untracked 
|  96|0x0000000088600000, 0x0000000088600000, 0x0000000088700000|  0%| F|  |TAMS 0x0000000088600000, 0x0000000088600000| Untracked 
| 125|0x000000008a300000, 0x000000008a300000, 0x000000008a400000|  0%| F|  |TAMS 0x000000008a300000, 0x000000008a300000| Untracked 

Card table byte_map: [0x00000129704e0000,0x00000129708d0000] _byte_map_base: 0x00000129700cd000

Marking Bits (Prev, Next): (CMBitMap*) 0x000001295dc7b950, (CMBitMap*) 0x000001295dc7b990
 Prev Bits: [0x0000012970cc0000, 0x0000012972c28000)
 Next Bits: [0x0000012972c30000, 0x0000012974b98000)

Polling page: 0x000001295bb70000

Metaspace:

Usage:
  Non-class:     50.02 MB used.
      Class:      6.68 MB used.
       Both:     56.70 MB used.

Virtual space:
  Non-class space:       56.00 MB reserved,      50.19 MB ( 90%) committed,  7 nodes.
      Class space:        1.00 GB reserved,       6.81 MB ( <1%) committed,  1 nodes.
             Both:        1.05 GB reserved,      57.00 MB (  5%) committed. 

Chunk freelists:
   Non-Class:  1.53 MB
       Class:  1.14 MB
        Both:  2.67 MB

MaxMetaspaceSize: unlimited
CompressedClassSpaceSize: 1.00 GB
Initial GC threshold: 21.00 MB
Current GC threshold: 59.06 MB
CDS: off
MetaspaceReclaimPolicy: balanced
 - commit_granule_bytes: 65536.
 - commit_granule_words: 8192.
 - virtual_space_node_default_size: 1048576.
 - enlarge_chunks_in_place: 1.
 - new_chunks_are_fully_committed: 0.
 - uncommit_free_chunks: 1.
 - use_allocation_guard: 0.
 - handle_deallocations: 1.


Internal statistics:

num_allocs_failed_limit: 6.
num_arena_births: 278.
num_arena_deaths: 0.
num_vsnodes_births: 8.
num_vsnodes_deaths: 0.
num_space_committed: 910.
num_space_uncommitted: 0.
num_chunks_returned_to_freelist: 6.
num_chunks_taken_from_freelist: 2030.
num_chunk_merges: 6.
num_chunk_splits: 1606.
num_chunks_enlarged: 1391.
num_purges: 0.
num_inconsistent_stats: 0.

CodeHeap 'non-profiled nmethods': size=120000Kb used=2681Kb max_used=2681Kb free=117318Kb
 bounds [0x0000012968bc0000, 0x0000012968e60000, 0x00000129700f0000]
CodeHeap 'profiled nmethods': size=120000Kb used=11863Kb max_used=11863Kb free=108136Kb
 bounds [0x00000129610f0000, 0x0000012961c90000, 0x0000012968620000]
CodeHeap 'non-nmethods': size=5760Kb used=1294Kb max_used=1398Kb free=4465Kb
 bounds [0x0000012968620000, 0x0000012968890000, 0x0000012968bc0000]
 total_blobs=6549 nmethods=5934 adapters=526
 compilation: enabled
              stopped_count=0, restarted_count=0
 full_count=0

Compilation events (20 events):
Event: 5.825 Thread 0x0000012977c32e10 5990       3       org.jetbrains.kotlin.cli.common.arguments.JavaTypeEnhancementStateParser$parse$1::invoke (57 bytes)
Event: 5.825 Thread 0x0000012977c32e10 nmethod 5990 0x0000012961c7f810 code [0x0000012961c7fa60, 0x0000012961c80248]
Event: 5.825 Thread 0x0000012977c32e10 5989       3       org.jetbrains.kotlin.builtins.KotlinBuiltIns::getBuiltInClassByName (35 bytes)
Event: 5.826 Thread 0x0000012977c32e10 nmethod 5989 0x0000012961c80590 code [0x0000012961c807a0, 0x0000012961c80e68]
Event: 5.826 Thread 0x0000012977c32e10 5993       3       org.jetbrains.kotlin.com.intellij.util.containers.hash.LinkedHashMap$Entry::access$402 (7 bytes)
Event: 5.826 Thread 0x0000012977c32e10 nmethod 5993 0x0000012961c81090 code [0x0000012961c81220, 0x0000012961c81358]
Event: 5.826 Thread 0x0000012977c32e10 5988       3       org.jetbrains.kotlin.load.java.AbstractAnnotationTypeQualifierResolver::extractDefaultQualifiers (122 bytes)
Event: 5.828 Thread 0x0000012977c32e10 nmethod 5988 0x0000012961c81410 code [0x0000012961c817a0, 0x0000012961c82d38]
Event: 5.828 Thread 0x0000012977c32e10 5994       3       javaslang.collection.HashArrayMappedTrieModule$EmptyNode::modify (24 bytes)
Event: 5.829 Thread 0x0000012977c32e10 nmethod 5994 0x0000012961c83510 code [0x0000012961c836e0, 0x0000012961c83ad8]
Event: 5.830 Thread 0x0000012977c32e10 5995       3       org.jetbrains.kotlin.storage.LockBasedStorageManager::createLazyValueWithPostCompute (31 bytes)
Event: 5.831 Thread 0x0000012977c32e10 nmethod 5995 0x0000012961c83c90 code [0x0000012961c83e80, 0x0000012961c843d8]
Event: 5.831 Thread 0x0000012977c32e10 5996       3       org.jetbrains.kotlin.storage.LockBasedStorageManager$5::<init> (24 bytes)
Event: 5.831 Thread 0x0000012977c32e10 nmethod 5996 0x0000012961c84590 code [0x0000012961c847a0, 0x0000012961c84d08]
Event: 5.831 Thread 0x0000012977c32e10 5997       3       org.jetbrains.kotlin.storage.LockBasedStorageManager$LockBasedLazyValueWithPostCompute::<init> (28 bytes)
Event: 5.831 Thread 0x0000012977c32e10 nmethod 5997 0x0000012961c84e90 code [0x0000012961c85060, 0x0000012961c85308]
Event: 5.831 Thread 0x0000012977c32e10 5998       3       org.jetbrains.kotlin.com.intellij.openapi.vfs.VirtualFile::contentsToByteArray (14 bytes)
Event: 5.831 Thread 0x0000012977c32e10 nmethod 5998 0x0000012961c85410 code [0x0000012961c855c0, 0x0000012961c857f8]
Event: 5.833 Thread 0x0000012977c32e10 5999       3       javaslang.control.Option::getOrElse (20 bytes)
Event: 5.833 Thread 0x0000012977c32e10 nmethod 5999 0x0000012961c85910 code [0x0000012961c85ac0, 0x0000012961c85d98]

GC Heap History (20 events):
Event: 1.876 GC heap after
{Heap after GC invocations=6 (full 0):
 garbage-first heap   total 45056K, used 16836K [0x0000000082600000, 0x0000000100000000)
  region size 1024K, 1 young (1024K), 1 survivors (1024K)
 Metaspace       used 27944K, committed 28224K, reserved 1081344K
  class space    used 3071K, committed 3200K, reserved 1048576K
}
Event: 2.351 GC heap before
{Heap before GC invocations=6 (full 0):
 garbage-first heap   total 45056K, used 34244K [0x0000000082600000, 0x0000000100000000)
  region size 1024K, 17 young (17408K), 1 survivors (1024K)
 Metaspace       used 31154K, committed 31424K, reserved 1081344K
  class space    used 3771K, committed 3904K, reserved 1048576K
}
Event: 2.358 GC heap after
{Heap after GC invocations=7 (full 0):
 garbage-first heap   total 64512K, used 21720K [0x0000000082600000, 0x0000000100000000)
  region size 1024K, 3 young (3072K), 3 survivors (3072K)
 Metaspace       used 31154K, committed 31424K, reserved 1081344K
  class space    used 3771K, committed 3904K, reserved 1048576K
}
Event: 2.870 GC heap before
{Heap before GC invocations=7 (full 0):
 garbage-first heap   total 64512K, used 41176K [0x0000000082600000, 0x0000000100000000)
  region size 1024K, 24 young (24576K), 3 survivors (3072K)
 Metaspace       used 35861K, committed 36096K, reserved 1081344K
  class space    used 4501K, committed 4608K, reserved 1048576K
}
Event: 2.878 GC heap after
{Heap after GC invocations=8 (full 0):
 garbage-first heap   total 64512K, used 24686K [0x0000000082600000, 0x0000000100000000)
  region size 1024K, 3 young (3072K), 3 survivors (3072K)
 Metaspace       used 35861K, committed 36096K, reserved 1081344K
  class space    used 4501K, committed 4608K, reserved 1048576K
}
Event: 3.200 GC heap before
{Heap before GC invocations=9 (full 0):
 garbage-first heap   total 64512K, used 45166K [0x0000000082600000, 0x0000000100000000)
  region size 1024K, 24 young (24576K), 3 survivors (3072K)
 Metaspace       used 39655K, committed 39872K, reserved 1089536K
  class space    used 4912K, committed 4992K, reserved 1048576K
}
Event: 3.209 GC heap after
{Heap after GC invocations=10 (full 0):
 garbage-first heap   total 64512K, used 25804K [0x0000000082600000, 0x0000000100000000)
  region size 1024K, 3 young (3072K), 3 survivors (3072K)
 Metaspace       used 39655K, committed 39872K, reserved 1089536K
  class space    used 4912K, committed 4992K, reserved 1048576K
}
Event: 3.588 GC heap before
{Heap before GC invocations=10 (full 0):
 garbage-first heap   total 64512K, used 47308K [0x0000000082600000, 0x0000000100000000)
  region size 1024K, 24 young (24576K), 3 survivors (3072K)
 Metaspace       used 44802K, committed 45056K, reserved 1089536K
  class space    used 5408K, committed 5504K, reserved 1048576K
}
Event: 3.594 GC heap after
{Heap after GC invocations=11 (full 0):
 garbage-first heap   total 64512K, used 27648K [0x0000000082600000, 0x0000000100000000)
  region size 1024K, 2 young (2048K), 2 survivors (2048K)
 Metaspace       used 44802K, committed 45056K, reserved 1089536K
  class space    used 5408K, committed 5504K, reserved 1048576K
}
Event: 4.188 GC heap before
{Heap before GC invocations=11 (full 0):
 garbage-first heap   total 64512K, used 51200K [0x0000000082600000, 0x0000000100000000)
  region size 1024K, 23 young (23552K), 2 survivors (2048K)
 Metaspace       used 49236K, committed 49536K, reserved 1097728K
  class space    used 5904K, committed 6016K, reserved 1048576K
}
Event: 4.196 GC heap after
{Heap after GC invocations=12 (full 0):
 garbage-first heap   total 64512K, used 32741K [0x0000000082600000, 0x0000000100000000)
  region size 1024K, 3 young (3072K), 3 survivors (3072K)
 Metaspace       used 49236K, committed 49536K, reserved 1097728K
  class space    used 5904K, committed 6016K, reserved 1048576K
}
Event: 4.247 GC heap before
{Heap before GC invocations=12 (full 0):
 garbage-first heap   total 64512K, used 35813K [0x0000000082600000, 0x0000000100000000)
  region size 1024K, 7 young (7168K), 3 survivors (3072K)
 Metaspace       used 49377K, committed 49664K, reserved 1097728K
  class space    used 5915K, committed 6016K, reserved 1048576K
}
Event: 4.253 GC heap after
{Heap after GC invocations=13 (full 0):
 garbage-first heap   total 77824K, used 33996K [0x0000000082600000, 0x0000000100000000)
  region size 1024K, 2 young (2048K), 2 survivors (2048K)
 Metaspace       used 49377K, committed 49664K, reserved 1097728K
  class space    used 5915K, committed 6016K, reserved 1048576K
}
Event: 4.348 GC heap before
{Heap before GC invocations=13 (full 0):
 garbage-first heap   total 77824K, used 55500K [0x0000000082600000, 0x0000000100000000)
  region size 1024K, 23 young (23552K), 2 survivors (2048K)
 Metaspace       used 49502K, committed 49728K, reserved 1097728K
  class space    used 5915K, committed 6016K, reserved 1048576K
}
Event: 4.352 GC heap after
{Heap after GC invocations=14 (full 0):
 garbage-first heap   total 77824K, used 35745K [0x0000000082600000, 0x0000000100000000)
  region size 1024K, 3 young (3072K), 3 survivors (3072K)
 Metaspace       used 49502K, committed 49728K, reserved 1097728K
  class space    used 5915K, committed 6016K, reserved 1048576K
}
Event: 4.679 GC heap before
{Heap before GC invocations=14 (full 0):
 garbage-first heap   total 77824K, used 57249K [0x0000000082600000, 0x0000000100000000)
  region size 1024K, 24 young (24576K), 3 survivors (3072K)
 Metaspace       used 51911K, committed 52224K, reserved 1097728K
  class space    used 6194K, committed 6336K, reserved 1048576K
}
Event: 4.687 GC heap after
{Heap after GC invocations=15 (full 0):
 garbage-first heap   total 77824K, used 37142K [0x0000000082600000, 0x0000000100000000)
  region size 1024K, 3 young (3072K), 3 survivors (3072K)
 Metaspace       used 51911K, committed 52224K, reserved 1097728K
  class space    used 6194K, committed 6336K, reserved 1048576K
}
Event: 5.202 GC heap before
{Heap before GC invocations=15 (full 0):
 garbage-first heap   total 77824K, used 58646K [0x0000000082600000, 0x0000000100000000)
  region size 1024K, 24 young (24576K), 3 survivors (3072K)
 Metaspace       used 55901K, committed 56192K, reserved 1105920K
  class space    used 6634K, committed 6784K, reserved 1048576K
}
Event: 5.212 GC heap after
{Heap after GC invocations=16 (full 0):
 garbage-first heap   total 77824K, used 40960K [0x0000000082600000, 0x0000000100000000)
  region size 1024K, 3 young (3072K), 3 survivors (3072K)
 Metaspace       used 55901K, committed 56192K, reserved 1105920K
  class space    used 6634K, committed 6784K, reserved 1048576K
}
Event: 5.835 GC heap before
{Heap before GC invocations=16 (full 0):
 garbage-first heap   total 77824K, used 59392K [0x0000000082600000, 0x0000000100000000)
  region size 1024K, 21 young (21504K), 3 survivors (3072K)
 Metaspace       used 58063K, committed 58368K, reserved 1105920K
  class space    used 6844K, committed 6976K, reserved 1048576K
}

Dll operation events (2 events):
Event: 0.007 Loaded shared library E:\Android studio 2022.1.3\jbr\bin\java.dll
Event: 1.203 Loaded shared library E:\Android studio 2022.1.3\jbr\bin\verify.dll

Deoptimization events (20 events):
Event: 5.582 Thread 0x000001295dc1dfa0 Uncommon trap: trap_request=0xffffff45 fr.pc=0x0000012968d2130c relative=0x00000000000002cc
Event: 5.582 Thread 0x000001295dc1dfa0 Uncommon trap: reason=unstable_if action=reinterpret pc=0x0000012968d2130c method=java.util.HashMap.getNode(Ljava/lang/Object;)Ljava/util/HashMap$Node; @ 66 c2
Event: 5.582 Thread 0x000001295dc1dfa0 DEOPT PACKING pc=0x0000012968d2130c sp=0x0000001f167fc3a0
Event: 5.582 Thread 0x000001295dc1dfa0 DEOPT UNPACKING pc=0x00000129686769a3 sp=0x0000001f167fc2b8 mode 2
Event: 5.591 Thread 0x000001295dc1dfa0 Uncommon trap: trap_request=0xffffff45 fr.pc=0x0000012968c10628 relative=0x00000000000002e8
Event: 5.591 Thread 0x000001295dc1dfa0 Uncommon trap: reason=unstable_if action=reinterpret pc=0x0000012968c10628 method=java.util.HashMap.hash(Ljava/lang/Object;)I @ 1 c2
Event: 5.591 Thread 0x000001295dc1dfa0 DEOPT PACKING pc=0x0000012968c10628 sp=0x0000001f167fd080
Event: 5.591 Thread 0x000001295dc1dfa0 DEOPT UNPACKING pc=0x00000129686769a3 sp=0x0000001f167fcf88 mode 2
Event: 5.593 Thread 0x000001295dc1dfa0 Uncommon trap: trap_request=0xffffff45 fr.pc=0x0000012968c27598 relative=0x0000000000000098
Event: 5.593 Thread 0x000001295dc1dfa0 Uncommon trap: reason=unstable_if action=reinterpret pc=0x0000012968c27598 method=java.util.HashMap.hash(Ljava/lang/Object;)I @ 1 c2
Event: 5.593 Thread 0x000001295dc1dfa0 DEOPT PACKING pc=0x0000012968c27598 sp=0x0000001f167fcff0
Event: 5.593 Thread 0x000001295dc1dfa0 DEOPT UNPACKING pc=0x00000129686769a3 sp=0x0000001f167fcf88 mode 2
Event: 5.754 Thread 0x000001295dc1dfa0 DEOPT PACKING pc=0x000001296168bc65 sp=0x0000001f167fc710
Event: 5.754 Thread 0x000001295dc1dfa0 DEOPT UNPACKING pc=0x0000012968677143 sp=0x0000001f167fbb60 mode 0
Event: 5.822 Thread 0x000001295dc1dfa0 DEOPT PACKING pc=0x0000012961b48ac1 sp=0x0000001f167fc1c0
Event: 5.822 Thread 0x000001295dc1dfa0 DEOPT UNPACKING pc=0x0000012968677143 sp=0x0000001f167fb758 mode 0
Event: 5.826 Thread 0x000001295dc1dfa0 DEOPT PACKING pc=0x0000012961554808 sp=0x0000001f167fc3f0
Event: 5.826 Thread 0x000001295dc1dfa0 DEOPT UNPACKING pc=0x0000012968677143 sp=0x0000001f167fb8f8 mode 0
Event: 5.832 Thread 0x000001295dc1dfa0 DEOPT PACKING pc=0x00000129614eefa4 sp=0x0000001f167fc1d0
Event: 5.832 Thread 0x000001295dc1dfa0 DEOPT UNPACKING pc=0x0000012968677143 sp=0x0000001f167fb728 mode 0

Classes unloaded (0 events):
No events

Classes redefined (0 events):
No events

Internal exceptions (20 events):
Event: 3.551 Thread 0x000001295dc1dfa0 Exception <a 'java/lang/NoSuchMethodError'{0x0000000085021e38}: 'java.lang.Object java.lang.invoke.DirectMethodHandle$Holder.newInvokeSpecial(java.lang.Object, java.lang.Object, int)'> (0x0000000085021e38) 
thrown [s\src\hotspot\share\interpreter\linkResolver.cpp, line 771]
Event: 3.605 Thread 0x000001295dc1dfa0 Exception <a 'java/lang/NoSuchMethodError'{0x000000008a38a1b8}: 'java.lang.Object java.lang.invoke.DirectMethodHandle$Holder.invokeInterface(java.lang.Object, java.lang.Object)'> (0x000000008a38a1b8) 
thrown [s\src\hotspot\share\interpreter\linkResolver.cpp, line 771]
Event: 3.785 Thread 0x000001295dc1dfa0 Exception <a 'java/lang/NoSuchMethodError'{0x00000000883a1700}: 'java.lang.Object java.lang.invoke.DirectMethodHandle$Holder.newInvokeSpecial(java.lang.Object, java.lang.Object, java.lang.Object, int)'> (0x00000000883a1700) 
thrown [s\src\hotspot\share\interpreter\linkResolver.cpp, line 771]
Event: 3.785 Thread 0x000001295dc1dfa0 Exception <a 'java/lang/NoSuchMethodError'{0x00000000883a5d88}: 'java.lang.Object java.lang.invoke.DirectMethodHandle$Holder.invokeSpecial(java.lang.Object, java.lang.Object, java.lang.Object, java.lang.Object, int)'> (0x00000000883a5d88) 
thrown [s\src\hotspot\share\interpreter\linkResolver.cpp, line 771]
Event: 3.785 Thread 0x000001295dc1dfa0 Exception <a 'java/lang/NoSuchMethodError'{0x00000000883a9bf8}: 'java.lang.Object java.lang.invoke.Invokers$Holder.linkToTargetMethod(java.lang.Object, java.lang.Object, int, java.lang.Object)'> (0x00000000883a9bf8) 
thrown [s\src\hotspot\share\interpreter\linkResolver.cpp, line 771]
Event: 4.655 Thread 0x000001295dc1dfa0 Exception <a 'java/lang/NoSuchMethodError'{0x0000000085eea590}: 'java.lang.Object java.lang.invoke.DirectMethodHandle$Holder.newInvokeSpecial(java.lang.Object, java.lang.Object, java.lang.Object, java.lang.Object, java.lang.Object, java.lang.Object, java.lang.Object, java.lang.Object)'> (0x0000000085eea590) 
thrown [s\src\hotspot\share\interpreter\linkResolver.cpp, line 771]
Event: 4.655 Thread 0x000001295dc1dfa0 Exception <a 'java/lang/NoSuchMethodError'{0x0000000085eefba8}: 'java.lang.Object java.lang.invoke.DirectMethodHandle$Holder.invokeSpecial(java.lang.Object, java.lang.Object, java.lang.Object, java.lang.Object, java.lang.Object, java.lang.Object, java.lang.Object, java.lang.Object, java.lang.Object)'> (0x0000000085eefba8) 
thrown [s\src\hotspot\share\interpreter\linkResolver.cpp, line 771]
Event: 4.656 Thread 0x000001295dc1dfa0 Exception <a 'java/lang/NoSuchMethodError'{0x0000000085ef68a8}: 'java.lang.Object java.lang.invoke.Invokers$Holder.linkToTargetMethod(java.lang.Object, java.lang.Object, java.lang.Object, java.lang.Object, java.lang.Object, java.lang.Object, java.lang.Object, java.lang.Object)'> (0x0000000085ef68a8) 
thrown [s\src\hotspot\share\interpreter\linkResolver.cpp, line 771]
Event: 5.129 Thread 0x000001295dc1dfa0 Exception <a 'java/lang/NoSuchMethodError'{0x0000000085fca9a8}: 'void java.lang.invoke.DirectMethodHandle$Holder.invokeInterface(java.lang.Object, java.lang.Object)'> (0x0000000085fca9a8) 
thrown [s\src\hotspot\share\interpreter\linkResolver.cpp, line 771]
Event: 5.174 Thread 0x000001295dc1dfa0 Exception <a 'java/lang/NoSuchMethodError'{0x0000000085ed85a0}: 'java.lang.Object java.lang.invoke.DirectMethodHandle$Holder.invokeStatic(java.lang.Object, java.lang.Object, java.lang.Object, java.lang.Object, int)'> (0x0000000085ed85a0) 
thrown [s\src\hotspot\share\interpreter\linkResolver.cpp, line 771]
Event: 5.175 Thread 0x000001295dc1dfa0 Exception <a 'java/lang/NoSuchMethodError'{0x0000000085ee2570}: 'java.lang.Object java.lang.invoke.DirectMethodHandle$Holder.newInvokeSpecial(java.lang.Object, java.lang.Object, java.lang.Object, java.lang.Object, int)'> (0x0000000085ee2570) 
thrown [s\src\hotspot\share\interpreter\linkResolver.cpp, line 771]
Event: 5.176 Thread 0x000001295dc1dfa0 Exception <a 'java/lang/NoSuchMethodError'{0x0000000085ee70a0}: 'java.lang.Object java.lang.invoke.DirectMethodHandle$Holder.invokeSpecial(java.lang.Object, java.lang.Object, java.lang.Object, java.lang.Object, java.lang.Object, int)'> (0x0000000085ee70a0) 
thrown [s\src\hotspot\share\interpreter\linkResolver.cpp, line 771]
Event: 5.176 Thread 0x000001295dc1dfa0 Exception <a 'java/lang/NoSuchMethodError'{0x0000000085eeb580}: 'java.lang.Object java.lang.invoke.Invokers$Holder.linkToTargetMethod(java.lang.Object, java.lang.Object, java.lang.Object, int, java.lang.Object)'> (0x0000000085eeb580) 
thrown [s\src\hotspot\share\interpreter\linkResolver.cpp, line 771]
Event: 5.529 Thread 0x000001295dc1dfa0 Exception <a 'java/lang/NoSuchMethodError'{0x00000000868fb440}: 'java.lang.Object java.lang.invoke.DirectMethodHandle$Holder.invokeStaticInit(java.lang.Object, java.lang.Object, java.lang.Object)'> (0x00000000868fb440) 
thrown [s\src\hotspot\share\interpreter\linkResolver.cpp, line 771]
Event: 5.533 Thread 0x000001295dc1dfa0 Implicit null exception at 0x0000012968e21bc0 to 0x0000012968e22158
Event: 5.534 Thread 0x000001295dc1dfa0 Implicit null exception at 0x0000012968e2180f to 0x0000012968e2184c
Event: 5.537 Thread 0x000001295dc1dfa0 Exception <a 'java/lang/NoSuchMethodError'{0x0000000086740df8}: 'java.lang.Object java.lang.invoke.DirectMethodHandle$Holder.newInvokeSpecial(java.lang.Object, int, java.lang.Object)'> (0x0000000086740df8) 
thrown [s\src\hotspot\share\interpreter\linkResolver.cpp, line 771]
Event: 5.538 Thread 0x000001295dc1dfa0 Exception <a 'java/lang/NoSuchMethodError'{0x0000000086747208}: 'int java.lang.invoke.DirectMethodHandle$Holder.invokeInterface(java.lang.Object, java.lang.Object)'> (0x0000000086747208) 
thrown [s\src\hotspot\share\interpreter\linkResolver.cpp, line 771]
Event: 5.591 Thread 0x000001295dc1dfa0 Implicit null exception at 0x0000012968c1038e to 0x0000012968c10610
Event: 5.593 Thread 0x000001295dc1dfa0 Implicit null exception at 0x0000012968c2750f to 0x0000012968c27589

VM Operations (20 events):
Event: 5.214 Executing VM operation: G1CollectForAllocation done
Event: 5.219 Executing VM operation: HandshakeAllThreads
Event: 5.219 Executing VM operation: HandshakeAllThreads done
Event: 5.223 Executing VM operation: HandshakeAllThreads
Event: 5.223 Executing VM operation: HandshakeAllThreads done
Event: 5.227 Executing VM operation: HandshakeAllThreads
Event: 5.227 Executing VM operation: HandshakeAllThreads done
Event: 5.281 Executing VM operation: HandshakeAllThreads
Event: 5.281 Executing VM operation: HandshakeAllThreads done
Event: 5.363 Executing VM operation: ICBufferFull
Event: 5.364 Executing VM operation: ICBufferFull done
Event: 5.481 Executing VM operation: HandshakeAllThreads
Event: 5.481 Executing VM operation: HandshakeAllThreads done
Event: 5.486 Executing VM operation: HandshakeAllThreads
Event: 5.486 Executing VM operation: HandshakeAllThreads done
Event: 5.561 Executing VM operation: ICBufferFull
Event: 5.561 Executing VM operation: ICBufferFull done
Event: 5.757 Executing VM operation: ICBufferFull
Event: 5.757 Executing VM operation: ICBufferFull done
Event: 5.835 Executing VM operation: G1CollectForAllocation

Events (20 events):
Event: 5.133 loading class java/util/stream/Node$OfLong done
Event: 5.133 loading class java/util/stream/Nodes$EmptyNode$OfLong done
Event: 5.133 loading class java/util/stream/Nodes$EmptyNode$OfDouble
Event: 5.133 loading class java/util/stream/Node$OfDouble
Event: 5.133 loading class java/util/stream/Node$OfDouble done
Event: 5.133 loading class java/util/stream/Nodes$EmptyNode$OfDouble done
Event: 5.133 loading class java/util/stream/Nodes$SpinedNodeBuilder
Event: 5.134 loading class java/util/stream/Node$Builder
Event: 5.134 loading class java/util/stream/Node$Builder done
Event: 5.134 loading class java/util/stream/SpinedBuffer
Event: 5.134 loading class java/util/stream/AbstractSpinedBuffer
Event: 5.134 loading class java/util/stream/AbstractSpinedBuffer done
Event: 5.134 loading class java/util/stream/SpinedBuffer done
Event: 5.134 loading class java/util/stream/Nodes$SpinedNodeBuilder done
Event: 5.186 loading class java/util/function/ToIntFunction
Event: 5.186 loading class java/util/function/ToIntFunction done
Event: 5.388 loading class java/util/RegularEnumSet$EnumSetIterator
Event: 5.389 loading class java/util/RegularEnumSet$EnumSetIterator done
Event: 5.487 loading class java/util/ComparableTimSort
Event: 5.487 loading class java/util/ComparableTimSort done


Dynamic libraries:
0x00007ff72a810000 - 0x00007ff72a81a000 	E:\Android studio 2022.1.3\jbr\bin\java.exe
0x00007ffa5c550000 - 0x00007ffa5c748000 	C:\WINDOWS\SYSTEM32\ntdll.dll
0x00007ffa00b80000 - 0x00007ffa00b99000 	C:\Program Files\Avast Software\Avast\aswhook.dll
0x00007ffa5aec0000 - 0x00007ffa5af7f000 	C:\WINDOWS\System32\KERNEL32.DLL
0x00007ffa59da0000 - 0x00007ffa5a096000 	C:\WINDOWS\System32\KERNELBASE.dll
0x00007ffa5a3d0000 - 0x00007ffa5a4d0000 	C:\WINDOWS\System32\ucrtbase.dll
0x00007ffa02120000 - 0x00007ffa02137000 	E:\Android studio 2022.1.3\jbr\bin\jli.dll
0x00007ffa01310000 - 0x00007ffa0132b000 	E:\Android studio 2022.1.3\jbr\bin\VCRUNTIME140.dll
0x00007ffa5bb00000 - 0x00007ffa5bc9d000 	C:\WINDOWS\System32\USER32.dll
0x00007ffa5a130000 - 0x00007ffa5a152000 	C:\WINDOWS\System32\win32u.dll
0x00007ffa3e070000 - 0x00007ffa3e30a000 	C:\WINDOWS\WinSxS\amd64_microsoft.windows.common-controls_6595b64144ccf1df_6.0.19041.1110_none_60b5254171f9507e\COMCTL32.dll
0x00007ffa5bde0000 - 0x00007ffa5be0c000 	C:\WINDOWS\System32\GDI32.dll
0x00007ffa5b280000 - 0x00007ffa5b31e000 	C:\WINDOWS\System32\msvcrt.dll
0x00007ffa59c30000 - 0x00007ffa59d45000 	C:\WINDOWS\System32\gdi32full.dll
0x00007ffa5a160000 - 0x00007ffa5a1fd000 	C:\WINDOWS\System32\msvcp_win.dll
0x00007ffa5bf40000 - 0x00007ffa5bf70000 	C:\WINDOWS\System32\IMM32.DLL
0x00007ffa0b6f0000 - 0x00007ffa0b6fc000 	E:\Android studio 2022.1.3\jbr\bin\vcruntime140_1.dll
0x00007ff9ed490000 - 0x00007ff9ed51d000 	E:\Android studio 2022.1.3\jbr\bin\msvcp140.dll
0x00007ff9fa1b0000 - 0x00007ff9fae1e000 	E:\Android studio 2022.1.3\jbr\bin\server\jvm.dll
0x00007ffa5bf70000 - 0x00007ffa5c01f000 	C:\WINDOWS\System32\ADVAPI32.dll
0x00007ffa5aff0000 - 0x00007ffa5b08c000 	C:\WINDOWS\System32\sechost.dll
0x00007ffa5be10000 - 0x00007ffa5bf36000 	C:\WINDOWS\System32\RPCRT4.dll
0x00007ffa48230000 - 0x00007ffa48239000 	C:\WINDOWS\SYSTEM32\WSOCK32.dll
0x00007ffa3e450000 - 0x00007ffa3e477000 	C:\WINDOWS\SYSTEM32\WINMM.dll
0x00007ffa54270000 - 0x00007ffa5427a000 	C:\WINDOWS\SYSTEM32\VERSION.dll
0x00007ffa5ba90000 - 0x00007ffa5bafb000 	C:\WINDOWS\System32\WS2_32.dll
0x00007ffa579e0000 - 0x00007ffa579f2000 	C:\WINDOWS\SYSTEM32\kernel.appcore.dll
0x00007ffa01b70000 - 0x00007ffa01b7a000 	E:\Android studio 2022.1.3\jbr\bin\jimage.dll
0x00007ffa4c350000 - 0x00007ffa4c534000 	C:\WINDOWS\SYSTEM32\DBGHELP.DLL
0x00007ffa4c2d0000 - 0x00007ffa4c304000 	C:\WINDOWS\SYSTEM32\dbgcore.DLL
0x00007ffa5a0a0000 - 0x00007ffa5a122000 	C:\WINDOWS\System32\bcryptPrimitives.dll
0x00007ffa017a0000 - 0x00007ffa017c5000 	E:\Android studio 2022.1.3\jbr\bin\java.dll
0x00007ffa01990000 - 0x00007ffa019a8000 	E:\Android studio 2022.1.3\jbr\bin\zip.dll
0x00007ffa5a5b0000 - 0x00007ffa5acf4000 	C:\WINDOWS\System32\SHELL32.dll
0x00007ffa57cc0000 - 0x00007ffa58453000 	C:\WINDOWS\SYSTEM32\windows.storage.dll
0x00007ffa5c080000 - 0x00007ffa5c3d4000 	C:\WINDOWS\System32\combase.dll
0x00007ffa594c0000 - 0x00007ffa594ee000 	C:\WINDOWS\SYSTEM32\Wldp.dll
0x00007ffa5b1d0000 - 0x00007ffa5b27d000 	C:\WINDOWS\System32\SHCORE.dll
0x00007ffa5af80000 - 0x00007ffa5afd5000 	C:\WINDOWS\System32\shlwapi.dll
0x00007ffa59b70000 - 0x00007ffa59b8f000 	C:\WINDOWS\SYSTEM32\profapi.dll
0x00007ffa023a0000 - 0x00007ffa023b9000 	E:\Android studio 2022.1.3\jbr\bin\net.dll
0x00007ffa4dd20000 - 0x00007ffa4de2a000 	C:\WINDOWS\SYSTEM32\WINHTTP.dll
0x00007ffa592a0000 - 0x00007ffa5930a000 	C:\WINDOWS\system32\mswsock.dll
0x00007ffa02380000 - 0x00007ffa02396000 	E:\Android studio 2022.1.3\jbr\bin\nio.dll
0x00007ffa02140000 - 0x00007ffa02150000 	E:\Android studio 2022.1.3\jbr\bin\verify.dll

dbghelp: loaded successfully - version: 4.0.5 - missing functions: none
symbol engine: initialized successfully - sym options: 0x614 - pdb path: .;E:\Android studio 2022.1.3\jbr\bin;C:\WINDOWS\SYSTEM32;C:\Program Files\Avast Software\Avast;C:\WINDOWS\WinSxS\amd64_microsoft.windows.common-controls_6595b64144ccf1df_6.0.19041.1110_none_60b5254171f9507e;E:\Android studio 2022.1.3\jbr\bin\server

VM Arguments:
java_command: org.jetbrains.kotlin.cli.jvm.K2JVMCompiler @C:\Users\Thoriso Tumelo\AndroidStudioProjects\Mvula-Trust-Application\app\build\20231103_494590232867033196.compiler.options
java_class_path (initial): C:\Users\Thoriso Tumelo\.gradle\caches\modules-2\files-2.1\org.jetbrains.kotlin\kotlin-compiler-embeddable\1.8.0\eb9118d4bcceaa2a94b2ae2a33a4ddba7c9a947f\kotlin-compiler-embeddable-1.8.0.jar;C:\Users\Thoriso Tumelo\.gradle\caches\modules-2\files-2.1\org.jetbrains.kotlin\kotlin-stdlib\1.8.0\1796921c7a3e2e2665a83e6c8d33399336cd39bc\kotlin-stdlib-1.8.0.jar;C:\Users\Thoriso Tumelo\.gradle\caches\modules-2\files-2.1\org.jetbrains.kotlin\kotlin-script-runtime\1.8.0\b2f7e760d283cb339974851c222a4c1d48f2d3d\kotlin-script-runtime-1.8.0.jar;C:\Users\Thoriso Tumelo\.gradle\caches\modules-2\files-2.1\org.jetbrains.kotlin\kotlin-reflect\1.6.10\1cbe9c92c12a94eea200d23c2bbaedaf3daf5132\kotlin-reflect-1.6.10.jar;C:\Users\Thoriso Tumelo\.gradle\caches\modules-2\files-2.1\org.jetbrains.kotlin\kotlin-daemon-embeddable\1.8.0\d255216c551685dc3a7e852b53617f5f01aaaa5c\kotlin-daemon-embeddable-1.8.0.jar;C:\Users\Thoriso Tumelo\.gradle\caches\modules-2\files-2.1\org.jetbrains.intellij.deps\trove4j\1.0.20200330\3afb14d5f9ceb459d724e907a21145e8ff394f02\trove4j-1.0.20200330.jar;C:\Users\Thoriso Tumelo\.gradle\caches\modules-2\files-2.1\net.java.dev.jna\jna\5.6.0\330f2244e9030119ab3030fc3fededc86713d9cc\jna-5.6.0.jar;C:\Users\Thoriso Tumelo\.gradle\caches\modules-2\files-2.1\org.jetbrains.kotlin\kotlin-stdlib-common\1.8.0\f7197e7cc76453ac59f8b0f8d5137cc600becd36\kotlin-stdlib-common-1.8.0.jar;C:\Users\Thoriso Tumelo\.gradle\caches\modules-2\files-2.1\org.jetbrains\annotations\13.0\919f0dfe192fb4e063e7dacadee7f8bb9a2672a9\annotations-13.0.jar
Launcher Type: SUN_STANDARD

[Global flags]
     intx CICompilerCount                          = 3                                         {product} {ergonomic}
     uint ConcGCThreads                            = 1                                         {product} {ergonomic}
     uint G1ConcRefinementThreads                  = 4                                         {product} {ergonomic}
   size_t G1HeapRegionSize                         = 1048576                                   {product} {ergonomic}
    uintx GCDrainStackTargetSize                   = 64                                        {product} {ergonomic}
   size_t InitialHeapSize                          = 132120576                                 {product} {ergonomic}
   size_t MarkStackSize                            = 4194304                                   {product} {ergonomic}
   size_t MaxHeapSize                              = 2107637760                                {product} {ergonomic}
   size_t MaxNewSize                               = 1264582656                                {product} {ergonomic}
   size_t MinHeapDeltaBytes                        = 1048576                                   {product} {ergonomic}
   size_t MinHeapSize                              = 8388608                                   {product} {ergonomic}
    uintx NonNMethodCodeHeapSize                   = 5832780                                {pd product} {ergonomic}
    uintx NonProfiledCodeHeapSize                  = 122912730                              {pd product} {ergonomic}
    uintx ProfiledCodeHeapSize                     = 122912730                              {pd product} {ergonomic}
    uintx ReservedCodeCacheSize                    = 251658240                              {pd product} {ergonomic}
     bool SegmentedCodeCache                       = true                                      {product} {ergonomic}
   size_t SoftMaxHeapSize                          = 2107637760                             {manageable} {ergonomic}
     bool UseCompressedClassPointers               = true                           {product lp64_product} {ergonomic}
     bool UseCompressedOops                        = true                           {product lp64_product} {ergonomic}
     bool UseG1GC                                  = true                                      {product} {ergonomic}
     bool UseLargePagesIndividualAllocation        = false                                  {pd product} {ergonomic}

Logging:
Log output configuration:
 #0: stdout all=warning uptime,level,tags
 #1: stderr all=off uptime,level,tags

Environment Variables:
PATH=C:\WINDOWS\system32;C:\WINDOWS;C:\WINDOWS\System32\Wbem;C:\WINDOWS\System32\WindowsPowerShell\v1.0\;C:\WINDOWS\System32\OpenSSH\;C:\Program Files (x86)\Intel\Intel(R) Management Engine Components\DAL;C:\Program Files\Intel\Intel(R) Management Engine Components\DAL;C:\Program Files\Git\cmd;C:\Users\Thoriso Tumelo\AppData\Local\Microsoft\WindowsApps;C:\Users\Thoriso Tumelo\AppData\Local\GitHubDesktop\bin
USERNAME=Thoriso Tumelo
OS=Windows_NT
PROCESSOR_IDENTIFIER=Intel64 Family 6 Model 158 Stepping 11, GenuineIntel
TMP=C:\Users\THORIS~1\AppData\Local\Temp
TEMP=C:\Users\THORIS~1\AppData\Local\Temp


JNI global refs:
JNI global refs: 10, weak refs: 9

JNI global refs memory usage: 843, weak refs: 841


---------------  S Y S T E M  ---------------

OS:
 Windows 10 , 64 bit Build 19041 (10.0.19041.3031)
OS uptime: 0 days 3:46 hours
Hyper-V role detected

CPU: total 4 (initial active 4) (4 cores per cpu, 1 threads per core) family 6 model 158 stepping 11 microcode 0xb4, cx8, cmov, fxsr, mmx, 3dnowpref, sse, sse2, sse3, ssse3, sse4.1, sse4.2, popcnt, lzcnt, tsc, tscinvbit, avx, avx2, aes, erms, clmul, bmi1, bmi2, adx, fma, vzeroupper, clflush, clflushopt, hv

Memory: 4k page, system-wide physical 8035M (759M free)
TotalPageFile size 10449M (AvailPageFile size 4M)
current process WorkingSet (physical memory assigned to process): 234M, peak: 250M
current process commit charge ("private bytes"): 285M, peak: 301M

vm_info: OpenJDK 64-Bit Server VM (17.0.6+0-b2043.56-10027231) for windows-amd64 JRE (17.0.6+0-b2043.56-10027231), built on Apr 28 2023 00:43:19 by "androidbuild" with MS VC++ 16.10 / 16.11 (VS2019)

END.
